2025-06-10 00:01:21,852 - webhook_logger - WARNING - ‚ö†Ô∏è No message ever received from market channel 'ticker_batch' (websocket_helper.py:246)
2025-06-10 00:01:21,856 - webhook_logger - WARNING - ‚ö†Ô∏è No message ever received from market channel 'heartbeats' (websocket_helper.py:246)
2025-06-10 00:01:21,866 - webhook_logger - INFO - üîÑ Starting sync_open_orders cycle‚Ä¶ (listener.py:767)
2025-06-10 00:01:22,154 - webhook_logger - WARNING - ‚ö†Ô∏è No message ever received from market channel 'ticker_batch' (websocket_helper.py:246)
2025-06-10 00:01:22,154 - webhook_logger - WARNING - ‚ö†Ô∏è No message ever received from market channel 'heartbeats' (websocket_helper.py:246)
2025-06-10 00:01:22,788 - webhook_logger - INFO - Connected to wss://advanced-trade-ws.coinbase.com (listener.py:98)
2025-06-10 00:01:22,831 - webhook_logger - INFO - ‚úÖ sync_open_orders ‚Üí upserted 250 rows (3 open / 250 recent) (listener.py:894)
2025-06-10 00:01:22,843 - webhook_logger - INFO - Connected to wss://advanced-trade-ws.coinbase.com (listener.py:98)
2025-06-10 00:01:22,853 - webhook_logger - INFO - Connected to wss://advanced-trade-ws-user.coinbase.com (listener.py:98)
2025-06-10 00:01:22,869 - webhook_logger - INFO - Listening on wss://advanced-trade-ws-user.coinbase.com (listener.py:110)
2025-06-10 00:01:22,876 - webhook_logger - INFO - Connected to wss://advanced-trade-ws-user.coinbase.com (listener.py:98)
2025-06-10 00:01:22,876 - webhook_logger - INFO - Already subscribed to all requested user channels. Skipping subscription. (websocket_helper.py:358)
2025-06-10 00:01:22,876 - webhook_logger - INFO - Listening on wss://advanced-trade-ws-user.coinbase.com (listener.py:110)
2025-06-10 00:01:23,016 - webhook_logger - INFO - ‚úÖ First message received from user channel: subscriptions (websocket_helper.py:219)
2025-06-10 00:01:23,027 - webhook_logger - INFO - ‚úÖ First message received from user channel: user (websocket_helper.py:219)
2025-06-10 00:01:29,857 - webhook_logger - INFO - üì• Snapshot tracked: 72a1c748-b145-44c1-b8b1-0223dee50309 | DNT-USD | OPEN (websocket_market_manager.py:152)
2025-06-10 00:01:29,857 - webhook_logger - INFO - üì• Snapshot tracked: 9c28a9d3-9323-4d4e-8eef-5e6710261a6d | INDEX-USD | OPEN (websocket_market_manager.py:152)
2025-06-10 00:01:29,858 - webhook_logger - INFO - üì• Snapshot tracked: 64e9c7bf-d249-4aba-a983-552da1138297 | LQTY-USD | OPEN (websocket_market_manager.py:152)
2025-06-10 00:01:32,354 - webhook_logger - INFO - ‚ö° Subscribing to Market Channels... (listener.py:107)
2025-06-10 00:01:32,355 - webhook_logger - INFO - ÔøΩ Subscribing to Market Channels: ['ticker_batch', 'heartbeats'] (websocket_helper.py:320)
2025-06-10 00:01:32,356 - webhook_logger - INFO - Listening on wss://advanced-trade-ws.coinbase.com (listener.py:110)
2025-06-10 00:01:32,357 - webhook_logger - INFO - ‚ö° Subscribing to Market Channels... (listener.py:107)
2025-06-10 00:01:32,358 - webhook_logger - INFO - ÔøΩ Subscribing to Market Channels: ['ticker_batch', 'heartbeats'] (websocket_helper.py:320)
2025-06-10 00:01:32,359 - webhook_logger - INFO - Listening on wss://advanced-trade-ws.coinbase.com (listener.py:110)
2025-06-10 00:01:32,361 - webhook_logger - INFO - ‚úÖ First message received from user channel: heartbeats (websocket_helper.py:219)
2025-06-10 00:01:35,321 - webhook_logger - INFO - ‚ö†Ô∏è‚ö†Ô∏è‚ö†Ô∏è  update_market_data took 13.46s    ‚ö†Ô∏è‚ö†Ô∏è‚ö†Ô∏è (listener.py:363)
2025-06-10 00:01:35,321 - webhook_logger - INFO - ‚è± update_market_data (shared_data_manager) took 0.00s (listener.py:386)
2025-06-10 00:01:35,322 - webhook_logger - INFO - ‚úÖ monitor_untracked_assets is <class 'method'> (websocket_helper.py:634)
2025-06-10 00:01:35,322 - webhook_logger - INFO - üß™ About to await monitor_untracked_assets (websocket_helper.py:635)
2025-06-10 00:01:35,323 - webhook_logger - INFO - üì± Starting monitor_untracked_assets (websocket_helper.py:656)
2025-06-10 00:01:35,325 - webhook_logger - INFO - üîé INDEX-USD: Entry=1.17, Now=1.2, Qty=0.002, PnL%=2.56% (websocket_helper.py:703)
2025-06-10 00:01:35,325 - webhook_logger - INFO - üí∞ TP trigger for INDEX-USD: 2.56% (websocket_helper.py:706)
2025-06-10 00:04:43,385 - webhook_logger - WARNING - ‚ö†Ô∏è No message ever received from market channel 'ticker_batch' (websocket_helper.py:246)
2025-06-10 00:04:43,385 - webhook_logger - WARNING - ‚ö†Ô∏è No message ever received from market channel 'heartbeats' (websocket_helper.py:246)
2025-06-10 00:04:43,395 - webhook_logger - INFO - üîÑ Starting sync_open_orders cycle‚Ä¶ (listener.py:767)
2025-06-10 00:04:43,699 - webhook_logger - WARNING - ‚ö†Ô∏è No message ever received from market channel 'ticker_batch' (websocket_helper.py:246)
2025-06-10 00:04:43,699 - webhook_logger - WARNING - ‚ö†Ô∏è No message ever received from market channel 'heartbeats' (websocket_helper.py:246)
2025-06-10 00:04:44,208 - webhook_logger - INFO - ‚úÖ sync_open_orders ‚Üí upserted 250 rows (3 open / 250 recent) (listener.py:894)
2025-06-10 00:04:44,345 - webhook_logger - INFO - Connected to wss://advanced-trade-ws.coinbase.com (listener.py:98)
2025-06-10 00:04:44,350 - webhook_logger - INFO - Connected to wss://advanced-trade-ws-user.coinbase.com (listener.py:98)
2025-06-10 00:04:44,365 - webhook_logger - INFO - Listening on wss://advanced-trade-ws-user.coinbase.com (listener.py:110)
2025-06-10 00:04:44,380 - webhook_logger - INFO - Connected to wss://advanced-trade-ws.coinbase.com (listener.py:98)
2025-06-10 00:04:44,503 - webhook_logger - INFO - Connected to wss://advanced-trade-ws-user.coinbase.com (listener.py:98)
2025-06-10 00:04:44,503 - webhook_logger - INFO - Already subscribed to all requested user channels. Skipping subscription. (websocket_helper.py:358)
2025-06-10 00:04:44,504 - webhook_logger - INFO - Listening on wss://advanced-trade-ws-user.coinbase.com (listener.py:110)
2025-06-10 00:04:44,528 - webhook_logger - INFO - ‚úÖ First message received from user channel: user (websocket_helper.py:219)
2025-06-10 00:04:52,070 - webhook_logger - INFO - üì• Snapshot tracked: 72a1c748-b145-44c1-b8b1-0223dee50309 | DNT-USD | OPEN (websocket_market_manager.py:152)
2025-06-10 00:04:52,071 - webhook_logger - INFO - üì• Snapshot tracked: 9c28a9d3-9323-4d4e-8eef-5e6710261a6d | INDEX-USD | OPEN (websocket_market_manager.py:152)
2025-06-10 00:04:52,071 - webhook_logger - INFO - üì• Snapshot tracked: 64e9c7bf-d249-4aba-a983-552da1138297 | LQTY-USD | OPEN (websocket_market_manager.py:152)
2025-06-10 00:04:55,010 - webhook_logger - INFO - ‚úÖ First message received from user channel: subscriptions (websocket_helper.py:219)
2025-06-10 00:04:55,029 - webhook_logger - INFO - ‚ö° Subscribing to Market Channels... (listener.py:107)
2025-06-10 00:04:55,029 - webhook_logger - INFO - ÔøΩ Subscribing to Market Channels: ['ticker_batch', 'heartbeats'] (websocket_helper.py:320)
2025-06-10 00:04:55,031 - webhook_logger - INFO - Listening on wss://advanced-trade-ws.coinbase.com (listener.py:110)
2025-06-10 00:04:55,033 - webhook_logger - INFO - ‚ö° Subscribing to Market Channels... (listener.py:107)
2025-06-10 00:04:55,034 - webhook_logger - INFO - ÔøΩ Subscribing to Market Channels: ['ticker_batch', 'heartbeats'] (websocket_helper.py:320)
2025-06-10 00:04:55,035 - webhook_logger - INFO - Listening on wss://advanced-trade-ws.coinbase.com (listener.py:110)
2025-06-10 00:04:55,038 - webhook_logger - INFO - ‚úÖ First message received from user channel: heartbeats (websocket_helper.py:219)
2025-06-10 00:04:55,200 - webhook_logger - INFO - ‚úÖ First message received from market channel: ticker_batch (websocket_helper.py:276)
2025-06-10 00:05:36,328 - webhook_logger - INFO - ‚ö†Ô∏è‚ö†Ô∏è‚ö†Ô∏è  update_market_data took 52.93s    ‚ö†Ô∏è‚ö†Ô∏è‚ö†Ô∏è (listener.py:363)
2025-06-10 00:05:36,329 - webhook_logger - INFO - ‚è± update_market_data (shared_data_manager) took 0.00s (listener.py:386)
2025-06-10 00:05:36,329 - webhook_logger - INFO - ‚úÖ monitor_untracked_assets is <class 'method'> (websocket_helper.py:634)
2025-06-10 00:05:36,329 - webhook_logger - INFO - üß™ About to await monitor_untracked_assets (websocket_helper.py:635)
2025-06-10 00:05:36,341 - webhook_logger - INFO - üì± Starting monitor_untracked_assets (websocket_helper.py:656)
2025-06-10 00:05:36,344 - webhook_logger - INFO - üîé INDEX-USD: Entry=1.17, Now=1.2, Qty=0.002, PnL%=2.56% (websocket_helper.py:703)
2025-06-10 00:05:36,344 - webhook_logger - INFO - üí∞ TP trigger for INDEX-USD: 2.56% (websocket_helper.py:706)
2025-06-10 00:06:17,663 - webhook_logger - WARNING - ‚ö†Ô∏è No message ever received from market channel 'ticker_batch' (websocket_helper.py:246)
2025-06-10 00:06:17,663 - webhook_logger - WARNING - ‚ö†Ô∏è No message ever received from market channel 'heartbeats' (websocket_helper.py:246)
2025-06-10 00:06:17,675 - webhook_logger - INFO - üîÑ Starting sync_open_orders cycle‚Ä¶ (listener.py:767)
2025-06-10 00:06:17,994 - webhook_logger - WARNING - ‚ö†Ô∏è No message ever received from market channel 'ticker_batch' (websocket_helper.py:246)
2025-06-10 00:06:17,994 - webhook_logger - WARNING - ‚ö†Ô∏è No message ever received from market channel 'heartbeats' (websocket_helper.py:246)
2025-06-10 00:06:18,536 - webhook_logger - INFO - Connected to wss://advanced-trade-ws.coinbase.com (listener.py:98)
2025-06-10 00:06:18,539 - webhook_logger - INFO - Connected to wss://advanced-trade-ws-user.coinbase.com (listener.py:98)
2025-06-10 00:06:18,555 - webhook_logger - INFO - Listening on wss://advanced-trade-ws-user.coinbase.com (listener.py:110)
2025-06-10 00:06:18,567 - webhook_logger - INFO - ‚úÖ sync_open_orders ‚Üí upserted 250 rows (3 open / 250 recent) (listener.py:894)
2025-06-10 00:06:18,642 - webhook_logger - INFO - Connected to wss://advanced-trade-ws-user.coinbase.com (listener.py:98)
2025-06-10 00:06:18,642 - webhook_logger - INFO - Already subscribed to all requested user channels. Skipping subscription. (websocket_helper.py:358)
2025-06-10 00:06:18,642 - webhook_logger - INFO - Listening on wss://advanced-trade-ws-user.coinbase.com (listener.py:110)
2025-06-10 00:06:18,675 - webhook_logger - INFO - Connected to wss://advanced-trade-ws.coinbase.com (listener.py:98)
2025-06-10 00:06:18,748 - webhook_logger - INFO - ‚úÖ First message received from user channel: user (websocket_helper.py:219)
2025-06-10 00:06:23,223 - webhook_logger - INFO - üì• Snapshot tracked: 72a1c748-b145-44c1-b8b1-0223dee50309 | DNT-USD | OPEN (websocket_market_manager.py:152)
2025-06-10 00:06:23,224 - webhook_logger - INFO - üì• Snapshot tracked: 9c28a9d3-9323-4d4e-8eef-5e6710261a6d | INDEX-USD | OPEN (websocket_market_manager.py:152)
2025-06-10 00:06:23,224 - webhook_logger - INFO - üì• Snapshot tracked: 64e9c7bf-d249-4aba-a983-552da1138297 | LQTY-USD | OPEN (websocket_market_manager.py:152)
2025-06-10 00:06:25,485 - webhook_logger - INFO - ‚úÖ First message received from user channel: subscriptions (websocket_helper.py:219)
2025-06-10 00:06:25,506 - webhook_logger - INFO - ‚ö° Subscribing to Market Channels... (listener.py:107)
2025-06-10 00:06:25,506 - webhook_logger - INFO - ÔøΩ Subscribing to Market Channels: ['ticker_batch', 'heartbeats'] (websocket_helper.py:320)
2025-06-10 00:06:25,508 - webhook_logger - INFO - Listening on wss://advanced-trade-ws.coinbase.com (listener.py:110)
2025-06-10 00:06:25,508 - webhook_logger - INFO - ‚ö° Subscribing to Market Channels... (listener.py:107)
2025-06-10 00:06:25,509 - webhook_logger - INFO - ÔøΩ Subscribing to Market Channels: ['ticker_batch', 'heartbeats'] (websocket_helper.py:320)
2025-06-10 00:06:25,510 - webhook_logger - INFO - Listening on wss://advanced-trade-ws.coinbase.com (listener.py:110)
2025-06-10 00:06:25,512 - webhook_logger - INFO - ‚úÖ First message received from user channel: heartbeats (websocket_helper.py:219)
2025-06-10 00:06:28,472 - webhook_logger - INFO - ‚ö†Ô∏è‚ö†Ô∏è‚ö†Ô∏è  update_market_data took 10.80s    ‚ö†Ô∏è‚ö†Ô∏è‚ö†Ô∏è (listener.py:363)
2025-06-10 00:06:28,472 - webhook_logger - INFO - ‚è± update_market_data (shared_data_manager) took 0.00s (listener.py:386)
2025-06-10 00:06:28,473 - webhook_logger - INFO - ‚úÖ monitor_untracked_assets is <class 'method'> (websocket_helper.py:634)
2025-06-10 00:06:28,473 - webhook_logger - INFO - üß™ About to await monitor_untracked_assets (websocket_helper.py:635)
2025-06-10 00:06:28,476 - webhook_logger - INFO - üì± Starting monitor_untracked_assets (websocket_helper.py:656)
2025-06-10 00:06:28,477 - webhook_logger - INFO - üîé INDEX-USD: Entry=1.17, Now=1.2, Qty=0.002, PnL%=2.56% (websocket_helper.py:703)
2025-06-10 00:06:28,477 - webhook_logger - INFO - üí∞ TP trigger for INDEX-USD: 2.56% (websocket_helper.py:706)
2025-06-10 00:06:38,912 - webhook_logger - INFO - ‚úÖ First message received from market channel: ticker_batch (websocket_helper.py:276)
2025-06-10 00:07:05,355 - webhook_logger - INFO - ‚ùå Order validation failed for INDEX-USD: ‚ö†Ô∏è INDEX-USD has insufficient balance to sell. (webhook_validate_orders.py:494)
2025-06-10 00:07:05,359 - webhook_logger - ERROR - ‚ùå TP order for INDEX-USD: {'is_valid': False, 'error': 'Insufficient balance to sell INDEX.', 'code': '414', 'message': 'Order validation failed for INDEX-USD', 'details': {'Order Id': None, 'source': 'websocket', 'asset': 'INDEX', 'trigger': {'trigger': 'TP', 'trigger_note': 'price=1.2'}, 'trading_pair': 'INDEX-USD', 'side': 'sell', 'base_balance': Decimal('38.778'), 'base_bal_value': Decimal('0.00'), 'base_avail_to_trade': Decimal('0.002'), 'available_to_trade_crypto': Decimal('0.002'), 'usd_avail_balance': Decimal('72.00'), 'usd_balance': Decimal('72.00'), 'condition': '‚ö†Ô∏è INDEX-USD has insufficient balance to sell.', 'quote_decimal': 2, 'base_decimal': 3, 'order_amount_fiat': Decimal('50.00'), 'order_amount_crypto': Decimal('0'), 'sell_amount': Decimal('0.002'), 'maker_fee': Decimal('0.0015'), 'taker_fee': Decimal('0.0025'), 'Open Orders': Empty DataFrame
Columns: []
Index: [], '24h Quote Volume': Decimal('38031')}} (websocket_helper.py:737)
2025-06-10 00:07:05,359 - webhook_logger - INFO - üîé MASK-USD: Entry=1.65, Now=1.65, Qty=30.69, PnL%=-0.00% (websocket_helper.py:703)
2025-06-10 00:07:05,360 - webhook_logger - INFO - üõë SL trigger for MASK-USD: -0.00% (websocket_helper.py:709)
2025-06-10 00:07:12,288 - webhook_logger - INFO - ‚úÖ monitor_untracked_assets completed (websocket_helper.py:718)
2025-06-10 00:07:12,289 - webhook_logger - WARNING - ‚ö†Ô∏è monitor_untracked_assets timed out ‚Äî skipping. (websocket_helper.py:643)
2025-06-10 00:07:12,290 - webhook_logger - INFO - ‚úÖ monitor_untracked_assets completed (websocket_helper.py:645)
2025-06-10 00:07:12,290 - webhook_logger - INFO - ‚è± monitor_and_update_active_orders took 43.82s (listener.py:393)
2025-06-10 00:07:12,290 - webhook_logger - ERROR - üö® refresh_market_data loop exited unexpectedly! (listener.py:409)
NoneType: None
2025-06-10 00:07:12,660 - webhook_logger - WARNING - WebSocket closed unexpectedly: sent 1011 (internal error) keepalive ping timeout; no close frame received. Reconnecting... (listener.py:127)
2025-06-10 00:07:12,661 - webhook_logger - WARNING - WebSocket closed unexpectedly: sent 1011 (internal error) keepalive ping timeout; no close frame received. Reconnecting... (listener.py:127)
2025-06-10 00:07:12,662 - webhook_logger - WARNING - WebSocket closed unexpectedly: sent 1011 (internal error) keepalive ping timeout; no close frame received. Reconnecting... (listener.py:127)
2025-06-10 00:07:24,844 - webhook_logger - INFO - ‚ö†Ô∏è‚ö†Ô∏è‚ö†Ô∏è  update_market_data took 12.55s    ‚ö†Ô∏è‚ö†Ô∏è‚ö†Ô∏è (listener.py:363)
2025-06-10 00:07:24,845 - webhook_logger - INFO - ‚è± update_market_data (shared_data_manager) took 0.00s (listener.py:386)
2025-06-10 00:07:24,845 - webhook_logger - INFO - ‚úÖ monitor_untracked_assets is <class 'method'> (websocket_helper.py:634)
2025-06-10 00:07:24,845 - webhook_logger - INFO - üß™ About to await monitor_untracked_assets (websocket_helper.py:635)
2025-06-10 00:07:24,847 - webhook_logger - INFO - üì± Starting monitor_untracked_assets (websocket_helper.py:656)
2025-06-10 00:07:24,849 - webhook_logger - INFO - üîé INDEX-USD: Entry=1.17, Now=1.2, Qty=0.002, PnL%=2.56% (websocket_helper.py:703)
2025-06-10 00:07:24,849 - webhook_logger - INFO - üí∞ TP trigger for INDEX-USD: 2.56% (websocket_helper.py:706)
2025-06-10 00:13:07,533 - webhook_logger - WARNING - ‚ö†Ô∏è No message ever received from market channel 'ticker_batch' (websocket_helper.py:246)
2025-06-10 00:13:07,534 - webhook_logger - WARNING - ‚ö†Ô∏è No message ever received from market channel 'heartbeats' (websocket_helper.py:246)
2025-06-10 00:13:07,543 - webhook_logger - INFO - üîÑ Starting sync_open_orders cycle‚Ä¶ (listener.py:767)
2025-06-10 00:13:07,874 - webhook_logger - WARNING - ‚ö†Ô∏è No message ever received from market channel 'ticker_batch' (websocket_helper.py:246)
2025-06-10 00:13:07,875 - webhook_logger - WARNING - ‚ö†Ô∏è No message ever received from market channel 'heartbeats' (websocket_helper.py:246)
2025-06-10 00:13:20,960 - webhook_logger - ERROR - Unexpected WebSocket error, check NGROK connection:  (listener.py:131)
Traceback (most recent call last):
  File "/Users/Manny/opt/anaconda3/envs/TradeBot/lib/python3.10/site-packages/websockets/legacy/client.py", line 654, in __await_impl__
    _transport, protocol = await self._create_connection()
  File "/Users/Manny/opt/anaconda3/envs/TradeBot/lib/python3.10/asyncio/base_events.py", line 1060, in create_connection
    sock = await self._connect_sock(
  File "/Users/Manny/opt/anaconda3/envs/TradeBot/lib/python3.10/asyncio/base_events.py", line 969, in _connect_sock
    await self.sock_connect(sock, address)
  File "/Users/Manny/opt/anaconda3/envs/TradeBot/lib/python3.10/asyncio/selector_events.py", line 501, in sock_connect
    return await fut
asyncio.exceptions.CancelledError

During handling of the above exception, another exception occurred:

Traceback (most recent call last):
  File "/Users/Manny/Python_Projects/BotTrader/webhook/listener.py", line 97, in connect_websocket
    async with websockets.connect(ws_url, max_size = 2 ** 24 ) as ws:   # 16 MB
  File "/Users/Manny/opt/anaconda3/envs/TradeBot/lib/python3.10/site-packages/websockets/legacy/client.py", line 635, in __aenter__
    return await self
  File "/Users/Manny/opt/anaconda3/envs/TradeBot/lib/python3.10/site-packages/websockets/legacy/client.py", line 652, in __await_impl__
    async with asyncio_timeout(self.open_timeout):
  File "/Users/Manny/opt/anaconda3/envs/TradeBot/lib/python3.10/site-packages/websockets/asyncio/async_timeout.py", line 181, in __aexit__
    self._do_exit(exc_type)
  File "/Users/Manny/opt/anaconda3/envs/TradeBot/lib/python3.10/site-packages/websockets/asyncio/async_timeout.py", line 268, in _do_exit
    raise asyncio.TimeoutError
asyncio.exceptions.TimeoutError
2025-06-10 00:13:20,963 - webhook_logger - ERROR - Unexpected WebSocket error, check NGROK connection:  (listener.py:131)
Traceback (most recent call last):
  File "/Users/Manny/opt/anaconda3/envs/TradeBot/lib/python3.10/site-packages/websockets/legacy/client.py", line 654, in __await_impl__
    _transport, protocol = await self._create_connection()
  File "/Users/Manny/opt/anaconda3/envs/TradeBot/lib/python3.10/asyncio/base_events.py", line 1060, in create_connection
    sock = await self._connect_sock(
  File "/Users/Manny/opt/anaconda3/envs/TradeBot/lib/python3.10/asyncio/base_events.py", line 969, in _connect_sock
    await self.sock_connect(sock, address)
  File "/Users/Manny/opt/anaconda3/envs/TradeBot/lib/python3.10/asyncio/selector_events.py", line 501, in sock_connect
    return await fut
asyncio.exceptions.CancelledError

During handling of the above exception, another exception occurred:

Traceback (most recent call last):
  File "/Users/Manny/Python_Projects/BotTrader/webhook/listener.py", line 97, in connect_websocket
    async with websockets.connect(ws_url, max_size = 2 ** 24 ) as ws:   # 16 MB
  File "/Users/Manny/opt/anaconda3/envs/TradeBot/lib/python3.10/site-packages/websockets/legacy/client.py", line 635, in __aenter__
    return await self
  File "/Users/Manny/opt/anaconda3/envs/TradeBot/lib/python3.10/site-packages/websockets/legacy/client.py", line 652, in __await_impl__
    async with asyncio_timeout(self.open_timeout):
  File "/Users/Manny/opt/anaconda3/envs/TradeBot/lib/python3.10/site-packages/websockets/asyncio/async_timeout.py", line 181, in __aexit__
    self._do_exit(exc_type)
  File "/Users/Manny/opt/anaconda3/envs/TradeBot/lib/python3.10/site-packages/websockets/asyncio/async_timeout.py", line 268, in _do_exit
    raise asyncio.TimeoutError
asyncio.exceptions.TimeoutError
2025-06-10 00:13:20,965 - webhook_logger - ERROR - Unexpected WebSocket error, check NGROK connection:  (listener.py:131)
Traceback (most recent call last):
  File "/Users/Manny/opt/anaconda3/envs/TradeBot/lib/python3.10/site-packages/websockets/legacy/client.py", line 654, in __await_impl__
    _transport, protocol = await self._create_connection()
  File "/Users/Manny/opt/anaconda3/envs/TradeBot/lib/python3.10/asyncio/base_events.py", line 1060, in create_connection
    sock = await self._connect_sock(
  File "/Users/Manny/opt/anaconda3/envs/TradeBot/lib/python3.10/asyncio/base_events.py", line 969, in _connect_sock
    await self.sock_connect(sock, address)
  File "/Users/Manny/opt/anaconda3/envs/TradeBot/lib/python3.10/asyncio/selector_events.py", line 501, in sock_connect
    return await fut
asyncio.exceptions.CancelledError

During handling of the above exception, another exception occurred:

Traceback (most recent call last):
  File "/Users/Manny/Python_Projects/BotTrader/webhook/listener.py", line 97, in connect_websocket
    async with websockets.connect(ws_url, max_size = 2 ** 24 ) as ws:   # 16 MB
  File "/Users/Manny/opt/anaconda3/envs/TradeBot/lib/python3.10/site-packages/websockets/legacy/client.py", line 635, in __aenter__
    return await self
  File "/Users/Manny/opt/anaconda3/envs/TradeBot/lib/python3.10/site-packages/websockets/legacy/client.py", line 652, in __await_impl__
    async with asyncio_timeout(self.open_timeout):
  File "/Users/Manny/opt/anaconda3/envs/TradeBot/lib/python3.10/site-packages/websockets/asyncio/async_timeout.py", line 181, in __aexit__
    self._do_exit(exc_type)
  File "/Users/Manny/opt/anaconda3/envs/TradeBot/lib/python3.10/site-packages/websockets/asyncio/async_timeout.py", line 268, in _do_exit
    raise asyncio.TimeoutError
asyncio.exceptions.TimeoutError
2025-06-10 00:13:20,966 - webhook_logger - ERROR - Unexpected WebSocket error, check NGROK connection:  (listener.py:131)
Traceback (most recent call last):
  File "/Users/Manny/opt/anaconda3/envs/TradeBot/lib/python3.10/site-packages/websockets/legacy/client.py", line 654, in __await_impl__
    _transport, protocol = await self._create_connection()
  File "/Users/Manny/opt/anaconda3/envs/TradeBot/lib/python3.10/asyncio/base_events.py", line 1060, in create_connection
    sock = await self._connect_sock(
  File "/Users/Manny/opt/anaconda3/envs/TradeBot/lib/python3.10/asyncio/base_events.py", line 969, in _connect_sock
    await self.sock_connect(sock, address)
  File "/Users/Manny/opt/anaconda3/envs/TradeBot/lib/python3.10/asyncio/selector_events.py", line 501, in sock_connect
    return await fut
asyncio.exceptions.CancelledError

During handling of the above exception, another exception occurred:

Traceback (most recent call last):
  File "/Users/Manny/Python_Projects/BotTrader/webhook/listener.py", line 97, in connect_websocket
    async with websockets.connect(ws_url, max_size = 2 ** 24 ) as ws:   # 16 MB
  File "/Users/Manny/opt/anaconda3/envs/TradeBot/lib/python3.10/site-packages/websockets/legacy/client.py", line 635, in __aenter__
    return await self
  File "/Users/Manny/opt/anaconda3/envs/TradeBot/lib/python3.10/site-packages/websockets/legacy/client.py", line 652, in __await_impl__
    async with asyncio_timeout(self.open_timeout):
  File "/Users/Manny/opt/anaconda3/envs/TradeBot/lib/python3.10/site-packages/websockets/asyncio/async_timeout.py", line 181, in __aexit__
    self._do_exit(exc_type)
  File "/Users/Manny/opt/anaconda3/envs/TradeBot/lib/python3.10/site-packages/websockets/asyncio/async_timeout.py", line 268, in _do_exit
    raise asyncio.TimeoutError
asyncio.exceptions.TimeoutError
2025-06-10 00:13:38,902 - webhook_logger - INFO - ‚úÖ sync_open_orders ‚Üí upserted 250 rows (2 open / 250 recent) (listener.py:894)
2025-06-10 00:13:39,247 - webhook_logger - INFO - Connected to wss://advanced-trade-ws.coinbase.com (listener.py:98)
2025-06-10 00:13:39,365 - webhook_logger - INFO - Connected to wss://advanced-trade-ws.coinbase.com (listener.py:98)
2025-06-10 00:13:39,369 - webhook_logger - INFO - Connected to wss://advanced-trade-ws-user.coinbase.com (listener.py:98)
2025-06-10 00:13:39,385 - webhook_logger - INFO - Listening on wss://advanced-trade-ws-user.coinbase.com (listener.py:110)
2025-06-10 00:13:39,392 - webhook_logger - INFO - Connected to wss://advanced-trade-ws-user.coinbase.com (listener.py:98)
2025-06-10 00:13:39,392 - webhook_logger - INFO - Already subscribed to all requested user channels. Skipping subscription. (websocket_helper.py:358)
2025-06-10 00:13:39,392 - webhook_logger - INFO - Listening on wss://advanced-trade-ws-user.coinbase.com (listener.py:110)
2025-06-10 00:13:39,545 - webhook_logger - INFO - ‚úÖ First message received from user channel: user (websocket_helper.py:219)
2025-06-10 00:13:48,313 - webhook_logger - INFO - üì• Snapshot tracked: 72a1c748-b145-44c1-b8b1-0223dee50309 | DNT-USD | OPEN (websocket_market_manager.py:152)
2025-06-10 00:13:48,313 - webhook_logger - INFO - üì• Snapshot tracked: 9c28a9d3-9323-4d4e-8eef-5e6710261a6d | INDEX-USD | OPEN (websocket_market_manager.py:152)
2025-06-10 00:14:14,094 - webhook_logger - INFO - ‚úÖ First message received from user channel: subscriptions (websocket_helper.py:219)
2025-06-10 00:14:14,123 - webhook_logger - INFO - ‚ö° Subscribing to Market Channels... (listener.py:107)
2025-06-10 00:14:14,124 - webhook_logger - INFO - ÔøΩ Subscribing to Market Channels: ['ticker_batch', 'heartbeats'] (websocket_helper.py:320)
2025-06-10 00:14:14,125 - webhook_logger - INFO - Listening on wss://advanced-trade-ws.coinbase.com (listener.py:110)
2025-06-10 00:14:14,127 - webhook_logger - INFO - ‚ö° Subscribing to Market Channels... (listener.py:107)
2025-06-10 00:14:14,127 - webhook_logger - INFO - ÔøΩ Subscribing to Market Channels: ['ticker_batch', 'heartbeats'] (websocket_helper.py:320)
2025-06-10 00:14:14,128 - webhook_logger - INFO - Listening on wss://advanced-trade-ws.coinbase.com (listener.py:110)
2025-06-10 00:14:14,135 - webhook_logger - WARNING - ‚ö†Ô∏è No message ever received from market channel 'ticker_batch' (websocket_helper.py:246)
2025-06-10 00:14:14,135 - webhook_logger - WARNING - ‚ö†Ô∏è No message ever received from market channel 'heartbeats' (websocket_helper.py:246)
2025-06-10 00:14:14,136 - webhook_logger - WARNING - ‚ö†Ô∏è No message ever received from market channel 'ticker_batch' (websocket_helper.py:246)
2025-06-10 00:14:14,136 - webhook_logger - WARNING - ‚ö†Ô∏è No message ever received from market channel 'heartbeats' (websocket_helper.py:246)
2025-06-10 00:14:14,138 - webhook_logger - INFO - ‚úÖ First message received from user channel: heartbeats (websocket_helper.py:219)
2025-06-10 00:14:16,953 - webhook_logger - INFO - ‚ö†Ô∏è‚ö†Ô∏è‚ö†Ô∏è  update_market_data took 69.41s    ‚ö†Ô∏è‚ö†Ô∏è‚ö†Ô∏è (listener.py:363)
2025-06-10 00:15:59,343 - webhook_logger - WARNING - ‚ö†Ô∏è No message ever received from market channel 'ticker_batch' (websocket_helper.py:246)
2025-06-10 00:15:59,343 - webhook_logger - WARNING - ‚ö†Ô∏è No message ever received from market channel 'heartbeats' (websocket_helper.py:246)
2025-06-10 00:15:59,355 - webhook_logger - INFO - üîÑ Starting sync_open_orders cycle‚Ä¶ (listener.py:767)
2025-06-10 00:15:59,660 - webhook_logger - WARNING - ‚ö†Ô∏è No message ever received from market channel 'ticker_batch' (websocket_helper.py:246)
2025-06-10 00:15:59,660 - webhook_logger - WARNING - ‚ö†Ô∏è No message ever received from market channel 'heartbeats' (websocket_helper.py:246)
2025-06-10 00:16:26,783 - webhook_logger - ERROR - Unexpected WebSocket error, check NGROK connection:  (listener.py:131)
Traceback (most recent call last):
  File "/Users/Manny/opt/anaconda3/envs/TradeBot/lib/python3.10/site-packages/websockets/legacy/client.py", line 654, in __await_impl__
    _transport, protocol = await self._create_connection()
  File "/Users/Manny/opt/anaconda3/envs/TradeBot/lib/python3.10/asyncio/base_events.py", line 1060, in create_connection
    sock = await self._connect_sock(
  File "/Users/Manny/opt/anaconda3/envs/TradeBot/lib/python3.10/asyncio/base_events.py", line 969, in _connect_sock
    await self.sock_connect(sock, address)
  File "/Users/Manny/opt/anaconda3/envs/TradeBot/lib/python3.10/asyncio/selector_events.py", line 501, in sock_connect
    return await fut
asyncio.exceptions.CancelledError

During handling of the above exception, another exception occurred:

Traceback (most recent call last):
  File "/Users/Manny/Python_Projects/BotTrader/webhook/listener.py", line 97, in connect_websocket
    async with websockets.connect(ws_url, max_size = 2 ** 24 ) as ws:   # 16 MB
  File "/Users/Manny/opt/anaconda3/envs/TradeBot/lib/python3.10/site-packages/websockets/legacy/client.py", line 635, in __aenter__
    return await self
  File "/Users/Manny/opt/anaconda3/envs/TradeBot/lib/python3.10/site-packages/websockets/legacy/client.py", line 652, in __await_impl__
    async with asyncio_timeout(self.open_timeout):
  File "/Users/Manny/opt/anaconda3/envs/TradeBot/lib/python3.10/site-packages/websockets/asyncio/async_timeout.py", line 181, in __aexit__
    self._do_exit(exc_type)
  File "/Users/Manny/opt/anaconda3/envs/TradeBot/lib/python3.10/site-packages/websockets/asyncio/async_timeout.py", line 268, in _do_exit
    raise asyncio.TimeoutError
asyncio.exceptions.TimeoutError
2025-06-10 00:16:26,787 - webhook_logger - ERROR - Unexpected WebSocket error, check NGROK connection:  (listener.py:131)
Traceback (most recent call last):
  File "/Users/Manny/opt/anaconda3/envs/TradeBot/lib/python3.10/site-packages/websockets/legacy/client.py", line 654, in __await_impl__
    _transport, protocol = await self._create_connection()
  File "/Users/Manny/opt/anaconda3/envs/TradeBot/lib/python3.10/asyncio/base_events.py", line 1060, in create_connection
    sock = await self._connect_sock(
  File "/Users/Manny/opt/anaconda3/envs/TradeBot/lib/python3.10/asyncio/base_events.py", line 969, in _connect_sock
    await self.sock_connect(sock, address)
  File "/Users/Manny/opt/anaconda3/envs/TradeBot/lib/python3.10/asyncio/selector_events.py", line 501, in sock_connect
    return await fut
asyncio.exceptions.CancelledError

During handling of the above exception, another exception occurred:

Traceback (most recent call last):
  File "/Users/Manny/Python_Projects/BotTrader/webhook/listener.py", line 97, in connect_websocket
    async with websockets.connect(ws_url, max_size = 2 ** 24 ) as ws:   # 16 MB
  File "/Users/Manny/opt/anaconda3/envs/TradeBot/lib/python3.10/site-packages/websockets/legacy/client.py", line 635, in __aenter__
    return await self
  File "/Users/Manny/opt/anaconda3/envs/TradeBot/lib/python3.10/site-packages/websockets/legacy/client.py", line 652, in __await_impl__
    async with asyncio_timeout(self.open_timeout):
  File "/Users/Manny/opt/anaconda3/envs/TradeBot/lib/python3.10/site-packages/websockets/asyncio/async_timeout.py", line 181, in __aexit__
    self._do_exit(exc_type)
  File "/Users/Manny/opt/anaconda3/envs/TradeBot/lib/python3.10/site-packages/websockets/asyncio/async_timeout.py", line 268, in _do_exit
    raise asyncio.TimeoutError
asyncio.exceptions.TimeoutError
2025-06-10 00:16:26,790 - webhook_logger - ERROR - Unexpected WebSocket error, check NGROK connection:  (listener.py:131)
Traceback (most recent call last):
  File "/Users/Manny/opt/anaconda3/envs/TradeBot/lib/python3.10/site-packages/websockets/legacy/client.py", line 654, in __await_impl__
    _transport, protocol = await self._create_connection()
  File "/Users/Manny/opt/anaconda3/envs/TradeBot/lib/python3.10/asyncio/base_events.py", line 1060, in create_connection
    sock = await self._connect_sock(
  File "/Users/Manny/opt/anaconda3/envs/TradeBot/lib/python3.10/asyncio/base_events.py", line 969, in _connect_sock
    await self.sock_connect(sock, address)
  File "/Users/Manny/opt/anaconda3/envs/TradeBot/lib/python3.10/asyncio/selector_events.py", line 501, in sock_connect
    return await fut
asyncio.exceptions.CancelledError

During handling of the above exception, another exception occurred:

Traceback (most recent call last):
  File "/Users/Manny/Python_Projects/BotTrader/webhook/listener.py", line 97, in connect_websocket
    async with websockets.connect(ws_url, max_size = 2 ** 24 ) as ws:   # 16 MB
  File "/Users/Manny/opt/anaconda3/envs/TradeBot/lib/python3.10/site-packages/websockets/legacy/client.py", line 635, in __aenter__
    return await self
  File "/Users/Manny/opt/anaconda3/envs/TradeBot/lib/python3.10/site-packages/websockets/legacy/client.py", line 652, in __await_impl__
    async with asyncio_timeout(self.open_timeout):
  File "/Users/Manny/opt/anaconda3/envs/TradeBot/lib/python3.10/site-packages/websockets/asyncio/async_timeout.py", line 181, in __aexit__
    self._do_exit(exc_type)
  File "/Users/Manny/opt/anaconda3/envs/TradeBot/lib/python3.10/site-packages/websockets/asyncio/async_timeout.py", line 268, in _do_exit
    raise asyncio.TimeoutError
asyncio.exceptions.TimeoutError
2025-06-10 00:16:26,792 - webhook_logger - ERROR - Unexpected WebSocket error, check NGROK connection:  (listener.py:131)
Traceback (most recent call last):
  File "/Users/Manny/opt/anaconda3/envs/TradeBot/lib/python3.10/site-packages/websockets/legacy/client.py", line 654, in __await_impl__
    _transport, protocol = await self._create_connection()
  File "/Users/Manny/opt/anaconda3/envs/TradeBot/lib/python3.10/asyncio/base_events.py", line 1060, in create_connection
    sock = await self._connect_sock(
  File "/Users/Manny/opt/anaconda3/envs/TradeBot/lib/python3.10/asyncio/base_events.py", line 969, in _connect_sock
    await self.sock_connect(sock, address)
  File "/Users/Manny/opt/anaconda3/envs/TradeBot/lib/python3.10/asyncio/selector_events.py", line 501, in sock_connect
    return await fut
asyncio.exceptions.CancelledError

During handling of the above exception, another exception occurred:

Traceback (most recent call last):
  File "/Users/Manny/Python_Projects/BotTrader/webhook/listener.py", line 97, in connect_websocket
    async with websockets.connect(ws_url, max_size = 2 ** 24 ) as ws:   # 16 MB
  File "/Users/Manny/opt/anaconda3/envs/TradeBot/lib/python3.10/site-packages/websockets/legacy/client.py", line 635, in __aenter__
    return await self
  File "/Users/Manny/opt/anaconda3/envs/TradeBot/lib/python3.10/site-packages/websockets/legacy/client.py", line 652, in __await_impl__
    async with asyncio_timeout(self.open_timeout):
  File "/Users/Manny/opt/anaconda3/envs/TradeBot/lib/python3.10/site-packages/websockets/asyncio/async_timeout.py", line 181, in __aexit__
    self._do_exit(exc_type)
  File "/Users/Manny/opt/anaconda3/envs/TradeBot/lib/python3.10/site-packages/websockets/asyncio/async_timeout.py", line 268, in _do_exit
    raise asyncio.TimeoutError
asyncio.exceptions.TimeoutError
2025-06-10 00:16:30,734 - webhook_logger - INFO - ‚úÖ sync_open_orders ‚Üí upserted 250 rows (2 open / 250 recent) (listener.py:894)
2025-06-10 00:16:31,287 - webhook_logger - INFO - Connected to wss://advanced-trade-ws.coinbase.com (listener.py:98)
2025-06-10 00:16:31,316 - webhook_logger - INFO - Connected to wss://advanced-trade-ws-user.coinbase.com (listener.py:98)
2025-06-10 00:16:31,331 - webhook_logger - INFO - Listening on wss://advanced-trade-ws-user.coinbase.com (listener.py:110)
2025-06-10 00:16:31,335 - webhook_logger - INFO - Connected to wss://advanced-trade-ws.coinbase.com (listener.py:98)
2025-06-10 00:16:31,397 - webhook_logger - INFO - Connected to wss://advanced-trade-ws-user.coinbase.com (listener.py:98)
2025-06-10 00:16:31,398 - webhook_logger - INFO - Already subscribed to all requested user channels. Skipping subscription. (websocket_helper.py:358)
2025-06-10 00:16:31,398 - webhook_logger - INFO - Listening on wss://advanced-trade-ws-user.coinbase.com (listener.py:110)
2025-06-10 00:16:31,493 - webhook_logger - INFO - ‚úÖ First message received from user channel: user (websocket_helper.py:219)
2025-06-10 00:16:41,251 - webhook_logger - INFO - üì• Snapshot tracked: 72a1c748-b145-44c1-b8b1-0223dee50309 | DNT-USD | OPEN (websocket_market_manager.py:152)
2025-06-10 00:16:41,251 - webhook_logger - INFO - üì• Snapshot tracked: 9c28a9d3-9323-4d4e-8eef-5e6710261a6d | INDEX-USD | OPEN (websocket_market_manager.py:152)
2025-06-10 00:16:55,798 - webhook_logger - INFO - ‚úÖ First message received from user channel: subscriptions (websocket_helper.py:219)
2025-06-10 00:16:55,832 - webhook_logger - INFO - ‚ö° Subscribing to Market Channels... (listener.py:107)
2025-06-10 00:16:55,833 - webhook_logger - INFO - ÔøΩ Subscribing to Market Channels: ['ticker_batch', 'heartbeats'] (websocket_helper.py:320)
2025-06-10 00:16:55,834 - webhook_logger - INFO - Listening on wss://advanced-trade-ws.coinbase.com (listener.py:110)
2025-06-10 00:16:55,835 - webhook_logger - INFO - ‚ö° Subscribing to Market Channels... (listener.py:107)
2025-06-10 00:16:55,835 - webhook_logger - INFO - ÔøΩ Subscribing to Market Channels: ['ticker_batch', 'heartbeats'] (websocket_helper.py:320)
2025-06-10 00:16:55,837 - webhook_logger - INFO - Listening on wss://advanced-trade-ws.coinbase.com (listener.py:110)
2025-06-10 00:16:55,843 - webhook_logger - INFO - ‚úÖ First message received from user channel: heartbeats (websocket_helper.py:219)
2025-06-10 00:16:56,013 - webhook_logger - INFO - ‚úÖ First message received from market channel: ticker_batch (websocket_helper.py:276)
2025-06-10 00:17:11,942 - webhook_logger - INFO - ‚ö†Ô∏è‚ö†Ô∏è‚ö†Ô∏è  update_market_data took 72.59s    ‚ö†Ô∏è‚ö†Ô∏è‚ö†Ô∏è (listener.py:363)
2025-06-10 00:18:05,391 - webhook_logger - WARNING - ‚ö†Ô∏è No message ever received from market channel 'ticker_batch' (websocket_helper.py:246)
2025-06-10 00:18:05,391 - webhook_logger - WARNING - ‚ö†Ô∏è No message ever received from market channel 'heartbeats' (websocket_helper.py:246)
2025-06-10 00:18:09,366 - webhook_logger - INFO - üîÑ Starting sync_open_orders cycle‚Ä¶ (listener.py:767)
2025-06-10 00:18:09,775 - webhook_logger - WARNING - ‚ö†Ô∏è No message ever received from market channel 'ticker_batch' (websocket_helper.py:246)
2025-06-10 00:18:09,775 - webhook_logger - WARNING - ‚ö†Ô∏è No message ever received from market channel 'heartbeats' (websocket_helper.py:246)
2025-06-10 00:18:15,306 - webhook_logger - INFO - Connected to wss://advanced-trade-ws-user.coinbase.com (listener.py:98)
2025-06-10 00:18:15,323 - webhook_logger - INFO - Listening on wss://advanced-trade-ws-user.coinbase.com (listener.py:110)
2025-06-10 00:18:15,326 - webhook_logger - INFO - Connected to wss://advanced-trade-ws.coinbase.com (listener.py:98)
2025-06-10 00:18:15,495 - webhook_logger - INFO - ‚úÖ First message received from user channel: user (websocket_helper.py:219)
2025-06-10 00:18:20,291 - webhook_logger - INFO - üì• Snapshot tracked: 9c28a9d3-9323-4d4e-8eef-5e6710261a6d | INDEX-USD | OPEN (websocket_market_manager.py:152)
2025-06-10 00:18:20,292 - webhook_logger - INFO - üì• Snapshot tracked: 72a1c748-b145-44c1-b8b1-0223dee50309 | DNT-USD | OPEN (websocket_market_manager.py:152)
2025-06-10 00:18:30,574 - webhook_logger - INFO - ‚úÖ First message received from user channel: subscriptions (websocket_helper.py:219)
2025-06-10 00:18:30,604 - webhook_logger - INFO - ‚ö° Subscribing to Market Channels... (listener.py:107)
2025-06-10 00:18:30,604 - webhook_logger - INFO - ÔøΩ Subscribing to Market Channels: ['ticker_batch', 'heartbeats'] (websocket_helper.py:320)
2025-06-10 00:18:30,606 - webhook_logger - INFO - Listening on wss://advanced-trade-ws.coinbase.com (listener.py:110)
2025-06-10 00:18:30,611 - webhook_logger - INFO - ‚úÖ First message received from user channel: heartbeats (websocket_helper.py:219)
2025-06-10 00:18:30,658 - webhook_logger - INFO - ‚úÖ sync_open_orders ‚Üí upserted 250 rows (2 open / 250 recent) (listener.py:894)
2025-06-10 00:18:30,681 - webhook_logger - ERROR - Unexpected WebSocket error, check NGROK connection:  (listener.py:131)
Traceback (most recent call last):
  File "/Users/Manny/opt/anaconda3/envs/TradeBot/lib/python3.10/site-packages/websockets/legacy/client.py", line 656, in __await_impl__
    await protocol.handshake(
  File "/Users/Manny/opt/anaconda3/envs/TradeBot/lib/python3.10/site-packages/websockets/legacy/client.py", line 316, in handshake
    status_code, response_headers = await self.read_http_response()
  File "/Users/Manny/opt/anaconda3/envs/TradeBot/lib/python3.10/site-packages/websockets/legacy/client.py", line 134, in read_http_response
    status_code, reason, headers = await read_response(self.reader)
  File "/Users/Manny/opt/anaconda3/envs/TradeBot/lib/python3.10/site-packages/websockets/legacy/http.py", line 120, in read_response
    status_line = await read_line(stream)
  File "/Users/Manny/opt/anaconda3/envs/TradeBot/lib/python3.10/site-packages/websockets/legacy/http.py", line 194, in read_line
    line = await stream.readline()
  File "/Users/Manny/opt/anaconda3/envs/TradeBot/lib/python3.10/asyncio/streams.py", line 524, in readline
    line = await self.readuntil(sep)
  File "/Users/Manny/opt/anaconda3/envs/TradeBot/lib/python3.10/asyncio/streams.py", line 616, in readuntil
    await self._wait_for_data('readuntil')
  File "/Users/Manny/opt/anaconda3/envs/TradeBot/lib/python3.10/asyncio/streams.py", line 501, in _wait_for_data
    await self._waiter
asyncio.exceptions.CancelledError

During handling of the above exception, another exception occurred:

Traceback (most recent call last):
  File "/Users/Manny/Python_Projects/BotTrader/webhook/listener.py", line 97, in connect_websocket
    async with websockets.connect(ws_url, max_size = 2 ** 24 ) as ws:   # 16 MB
  File "/Users/Manny/opt/anaconda3/envs/TradeBot/lib/python3.10/site-packages/websockets/legacy/client.py", line 635, in __aenter__
    return await self
  File "/Users/Manny/opt/anaconda3/envs/TradeBot/lib/python3.10/site-packages/websockets/legacy/client.py", line 652, in __await_impl__
    async with asyncio_timeout(self.open_timeout):
  File "/Users/Manny/opt/anaconda3/envs/TradeBot/lib/python3.10/site-packages/websockets/asyncio/async_timeout.py", line 181, in __aexit__
    self._do_exit(exc_type)
  File "/Users/Manny/opt/anaconda3/envs/TradeBot/lib/python3.10/site-packages/websockets/asyncio/async_timeout.py", line 268, in _do_exit
    raise asyncio.TimeoutError
asyncio.exceptions.TimeoutError
2025-06-10 00:18:30,684 - webhook_logger - ERROR - Unexpected WebSocket error, check NGROK connection:  (listener.py:131)
Traceback (most recent call last):
  File "/Users/Manny/opt/anaconda3/envs/TradeBot/lib/python3.10/site-packages/websockets/legacy/client.py", line 656, in __await_impl__
    await protocol.handshake(
  File "/Users/Manny/opt/anaconda3/envs/TradeBot/lib/python3.10/site-packages/websockets/legacy/client.py", line 316, in handshake
    status_code, response_headers = await self.read_http_response()
  File "/Users/Manny/opt/anaconda3/envs/TradeBot/lib/python3.10/site-packages/websockets/legacy/client.py", line 134, in read_http_response
    status_code, reason, headers = await read_response(self.reader)
  File "/Users/Manny/opt/anaconda3/envs/TradeBot/lib/python3.10/site-packages/websockets/legacy/http.py", line 120, in read_response
    status_line = await read_line(stream)
  File "/Users/Manny/opt/anaconda3/envs/TradeBot/lib/python3.10/site-packages/websockets/legacy/http.py", line 194, in read_line
    line = await stream.readline()
  File "/Users/Manny/opt/anaconda3/envs/TradeBot/lib/python3.10/asyncio/streams.py", line 524, in readline
    line = await self.readuntil(sep)
  File "/Users/Manny/opt/anaconda3/envs/TradeBot/lib/python3.10/asyncio/streams.py", line 616, in readuntil
    await self._wait_for_data('readuntil')
  File "/Users/Manny/opt/anaconda3/envs/TradeBot/lib/python3.10/asyncio/streams.py", line 501, in _wait_for_data
    await self._waiter
asyncio.exceptions.CancelledError

During handling of the above exception, another exception occurred:

Traceback (most recent call last):
  File "/Users/Manny/Python_Projects/BotTrader/webhook/listener.py", line 97, in connect_websocket
    async with websockets.connect(ws_url, max_size = 2 ** 24 ) as ws:   # 16 MB
  File "/Users/Manny/opt/anaconda3/envs/TradeBot/lib/python3.10/site-packages/websockets/legacy/client.py", line 635, in __aenter__
    return await self
  File "/Users/Manny/opt/anaconda3/envs/TradeBot/lib/python3.10/site-packages/websockets/legacy/client.py", line 652, in __await_impl__
    async with asyncio_timeout(self.open_timeout):
  File "/Users/Manny/opt/anaconda3/envs/TradeBot/lib/python3.10/site-packages/websockets/asyncio/async_timeout.py", line 181, in __aexit__
    self._do_exit(exc_type)
  File "/Users/Manny/opt/anaconda3/envs/TradeBot/lib/python3.10/site-packages/websockets/asyncio/async_timeout.py", line 268, in _do_exit
    raise asyncio.TimeoutError
asyncio.exceptions.TimeoutError
2025-06-10 00:18:30,796 - webhook_logger - INFO - ‚úÖ First message received from market channel: ticker_batch (websocket_helper.py:276)
2025-06-10 00:18:41,068 - webhook_logger - INFO - ‚ö†Ô∏è‚ö†Ô∏è‚ö†Ô∏è  update_market_data took 35.67s    ‚ö†Ô∏è‚ö†Ô∏è‚ö†Ô∏è (listener.py:363)
2025-06-10 00:21:20,917 - webhook_logger - WARNING - ‚ö†Ô∏è No message ever received from market channel 'ticker_batch' (websocket_helper.py:246)
2025-06-10 00:21:20,918 - webhook_logger - WARNING - ‚ö†Ô∏è No message ever received from market channel 'heartbeats' (websocket_helper.py:246)
2025-06-10 00:24:08,835 - webhook_logger - WARNING - ‚ö†Ô∏è No message ever received from market channel 'ticker_batch' (websocket_helper.py:246)
2025-06-10 00:24:08,835 - webhook_logger - WARNING - ‚ö†Ô∏è No message ever received from market channel 'heartbeats' (websocket_helper.py:246)
2025-06-10 00:24:12,233 - webhook_logger - INFO - üîÑ Starting sync_open_orders cycle‚Ä¶ (listener.py:767)
2025-06-10 00:24:12,576 - webhook_logger - WARNING - ‚ö†Ô∏è No message ever received from market channel 'ticker_batch' (websocket_helper.py:246)
2025-06-10 00:24:12,577 - webhook_logger - WARNING - ‚ö†Ô∏è No message ever received from market channel 'heartbeats' (websocket_helper.py:246)
2025-06-10 00:24:17,650 - webhook_logger - INFO - Connected to wss://advanced-trade-ws.coinbase.com (listener.py:98)
2025-06-10 00:24:17,668 - webhook_logger - INFO - Connected to wss://advanced-trade-ws-user.coinbase.com (listener.py:98)
2025-06-10 00:24:17,685 - webhook_logger - INFO - Listening on wss://advanced-trade-ws-user.coinbase.com (listener.py:110)
2025-06-10 00:24:17,689 - webhook_logger - INFO - Connected to wss://advanced-trade-ws-user.coinbase.com (listener.py:98)
2025-06-10 00:24:17,689 - webhook_logger - INFO - Already subscribed to all requested user channels. Skipping subscription. (websocket_helper.py:358)
2025-06-10 00:24:17,690 - webhook_logger - INFO - Listening on wss://advanced-trade-ws-user.coinbase.com (listener.py:110)
2025-06-10 00:24:17,694 - webhook_logger - INFO - Connected to wss://advanced-trade-ws.coinbase.com (listener.py:98)
2025-06-10 00:24:17,845 - webhook_logger - INFO - ‚úÖ First message received from user channel: subscriptions (websocket_helper.py:219)
2025-06-10 00:24:17,845 - webhook_logger - INFO - ‚úÖ First message received from user channel: user (websocket_helper.py:219)
2025-06-10 00:24:24,191 - webhook_logger - INFO - üì• Snapshot tracked: 9c28a9d3-9323-4d4e-8eef-5e6710261a6d | INDEX-USD | OPEN (websocket_market_manager.py:152)
2025-06-10 00:24:26,648 - webhook_logger - INFO - ‚ö° Subscribing to Market Channels... (listener.py:107)
2025-06-10 00:24:26,649 - webhook_logger - INFO - ÔøΩ Subscribing to Market Channels: ['ticker_batch', 'heartbeats'] (websocket_helper.py:320)
2025-06-10 00:24:26,650 - webhook_logger - INFO - Listening on wss://advanced-trade-ws.coinbase.com (listener.py:110)
2025-06-10 00:24:26,651 - webhook_logger - INFO - ‚ö° Subscribing to Market Channels... (listener.py:107)
2025-06-10 00:24:26,651 - webhook_logger - INFO - ÔøΩ Subscribing to Market Channels: ['ticker_batch', 'heartbeats'] (websocket_helper.py:320)
2025-06-10 00:24:26,652 - webhook_logger - INFO - Listening on wss://advanced-trade-ws.coinbase.com (listener.py:110)
2025-06-10 00:24:26,655 - webhook_logger - INFO - ‚úÖ First message received from user channel: heartbeats (websocket_helper.py:219)
2025-06-10 00:24:26,761 - webhook_logger - INFO - ‚úÖ sync_open_orders ‚Üí upserted 250 rows (1 open / 250 recent) (listener.py:894)
2025-06-10 00:24:55,128 - webhook_logger - INFO - ‚ö†Ô∏è‚ö†Ô∏è‚ö†Ô∏è  update_market_data took 46.28s    ‚ö†Ô∏è‚ö†Ô∏è‚ö†Ô∏è (listener.py:363)
2025-06-10 00:25:00,768 - webhook_logger - INFO - ‚è± update_market_data (shared_data_manager) took 5.64s (listener.py:386)
2025-06-10 00:25:00,784 - webhook_logger - INFO - ‚úÖ monitor_untracked_assets is <class 'method'> (websocket_helper.py:634)
2025-06-10 00:25:00,784 - webhook_logger - INFO - üß™ About to await monitor_untracked_assets (websocket_helper.py:635)
2025-06-10 00:25:00,786 - webhook_logger - INFO - üì± Starting monitor_untracked_assets (websocket_helper.py:656)
2025-06-10 00:25:00,788 - webhook_logger - INFO - üîé INDEX-USD: Entry=1.17, Now=1.2, Qty=0.002, PnL%=2.56% (websocket_helper.py:703)
2025-06-10 00:25:00,788 - webhook_logger - INFO - üí∞ TP trigger for INDEX-USD: 2.56% (websocket_helper.py:706)
2025-06-10 00:25:08,288 - webhook_logger - INFO - ‚úÖ First message received from market channel: ticker_batch (websocket_helper.py:276)
2025-06-10 00:25:10,136 - webhook_logger - INFO - ‚è∏Ô∏è Skipping TP order for INDEX-USD: open order exists (websocket_helper.py:732)
2025-06-10 00:25:10,136 - webhook_logger - INFO - üîé MASK-USD: Entry=1.65, Now=1.64, Qty=30.69, PnL%=-0.61% (websocket_helper.py:703)
2025-06-10 00:25:10,136 - webhook_logger - INFO - üõë SL trigger for MASK-USD: -0.61% (websocket_helper.py:709)
2025-06-10 00:25:52,823 - webhook_logger - INFO - üü° Adjusted SELL limit price for MASK-USD: 1.65 (Attempt 1) (webhook_order_types.py:353)
2025-06-10 00:25:56,678 - webhook_logger - WARNING - ‚ùóÔ∏è Order Rejected Limit Order: MASK-USD:{'trigger': 'SL', 'trigger_note': 'stop_loss=-0.0075%'} (webhook_order_types.py:389)
NoneType: None
2025-06-10 00:25:56,680 - webhook_logger - ERROR - ‚ùå SL order for MASK-USD: {'success': False, 'message': 'unknown', 'code': '500', 'details': {'trading_pair': 'MASK-USD', 'time_order_placed': None, 'type': 'limit', 'order_id': '', 'side': 'sell', 'filled_price': Decimal('0'), 'base_currency': 'MASK', 'quote_currency': 'USD', 'usd_balance': Decimal('172.00'), 'base_decimal': 2, 'quote_decimal': 2, 'quote_increment': Decimal('0.01'), 'highest_bid': Decimal('1.6399999999999999023003738329862244427204132080078125'), 'lowest_ask': Decimal('1.649999999999999911182158029987476766109466552734375'), 'maker': Decimal('0.0015'), 'taker': Decimal('0.0025'), 'spread': Decimal('0.01000000000000000020816681711721685132943093776702880859375'), 'open_orders': Empty DataFrame
Columns: []
Index: [], 'status': 'VALID', 'source': 'websocket', 'trigger': {'trigger': 'SL', 'trigger_note': 'stop_loss=-0.0075%'}, 'base_avail_balance': Decimal('30.69'), 'total_balance_crypto': Decimal('30.69'), 'available_to_trade_crypto': Decimal('30.69'), 'usd_avail_balance': Decimal('172.00'), 'order_amount_fiat': 0, 'order_amount_crypto': Decimal('30.69'), 'price': Decimal('0'), 'cost_basis': Decimal('0'), 'limit_price': Decimal('0'), 'average_price': None, 'adjusted_price': Decimal('1.66'), 'adjusted_size': Decimal('30.67'), 'stop_loss_price': Decimal('1.64'), 'take_profit_price': Decimal('1.70'), 'volume_24h': None}, 'error_response': {}} (websocket_helper.py:776)
2025-06-10 00:25:56,680 - webhook_logger - INFO - üîé KRL-USD: Entry=0.3416, Now=0.3421, Qty=146.5, PnL%=0.15% (websocket_helper.py:703)
2025-06-10 00:25:56,681 - webhook_logger - INFO - üõë SL trigger for KRL-USD: 0.15% (websocket_helper.py:709)
2025-06-10 00:26:11,531 - webhook_logger - INFO - ‚úÖ monitor_untracked_assets completed (websocket_helper.py:718)
2025-06-10 00:26:11,967 - webhook_logger - WARNING - ‚ö†Ô∏è monitor_untracked_assets timed out ‚Äî skipping. (websocket_helper.py:643)
2025-06-10 00:26:11,968 - webhook_logger - INFO - ‚úÖ monitor_untracked_assets completed (websocket_helper.py:645)
2025-06-10 00:26:11,968 - webhook_logger - INFO - ‚è± monitor_and_update_active_orders took 71.20s (listener.py:393)
2025-06-10 00:26:11,968 - webhook_logger - ERROR - üö® refresh_market_data loop exited unexpectedly! (listener.py:409)
NoneType: None
2025-06-10 00:26:55,027 - webhook_logger - ERROR - Unexpected WebSocket error, check NGROK connection:  (listener.py:131)
Traceback (most recent call last):
  File "/Users/Manny/opt/anaconda3/envs/TradeBot/lib/python3.10/site-packages/websockets/legacy/client.py", line 654, in __await_impl__
    _transport, protocol = await self._create_connection()
  File "/Users/Manny/opt/anaconda3/envs/TradeBot/lib/python3.10/asyncio/base_events.py", line 1060, in create_connection
    sock = await self._connect_sock(
  File "/Users/Manny/opt/anaconda3/envs/TradeBot/lib/python3.10/asyncio/base_events.py", line 969, in _connect_sock
    await self.sock_connect(sock, address)
  File "/Users/Manny/opt/anaconda3/envs/TradeBot/lib/python3.10/asyncio/selector_events.py", line 501, in sock_connect
    return await fut
asyncio.exceptions.CancelledError

During handling of the above exception, another exception occurred:

Traceback (most recent call last):
  File "/Users/Manny/Python_Projects/BotTrader/webhook/listener.py", line 97, in connect_websocket
    async with websockets.connect(ws_url, max_size = 2 ** 24 ) as ws:   # 16 MB
  File "/Users/Manny/opt/anaconda3/envs/TradeBot/lib/python3.10/site-packages/websockets/legacy/client.py", line 635, in __aenter__
    return await self
  File "/Users/Manny/opt/anaconda3/envs/TradeBot/lib/python3.10/site-packages/websockets/legacy/client.py", line 652, in __await_impl__
    async with asyncio_timeout(self.open_timeout):
  File "/Users/Manny/opt/anaconda3/envs/TradeBot/lib/python3.10/site-packages/websockets/asyncio/async_timeout.py", line 181, in __aexit__
    self._do_exit(exc_type)
  File "/Users/Manny/opt/anaconda3/envs/TradeBot/lib/python3.10/site-packages/websockets/asyncio/async_timeout.py", line 268, in _do_exit
    raise asyncio.TimeoutError
asyncio.exceptions.TimeoutError
2025-06-10 00:27:09,923 - webhook_logger - ERROR - Unexpected WebSocket error, check NGROK connection:  (listener.py:131)
Traceback (most recent call last):
  File "/Users/Manny/opt/anaconda3/envs/TradeBot/lib/python3.10/site-packages/websockets/legacy/client.py", line 656, in __await_impl__
    await protocol.handshake(
  File "/Users/Manny/opt/anaconda3/envs/TradeBot/lib/python3.10/site-packages/websockets/legacy/client.py", line 316, in handshake
    status_code, response_headers = await self.read_http_response()
  File "/Users/Manny/opt/anaconda3/envs/TradeBot/lib/python3.10/site-packages/websockets/legacy/client.py", line 134, in read_http_response
    status_code, reason, headers = await read_response(self.reader)
  File "/Users/Manny/opt/anaconda3/envs/TradeBot/lib/python3.10/site-packages/websockets/legacy/http.py", line 120, in read_response
    status_line = await read_line(stream)
  File "/Users/Manny/opt/anaconda3/envs/TradeBot/lib/python3.10/site-packages/websockets/legacy/http.py", line 194, in read_line
    line = await stream.readline()
  File "/Users/Manny/opt/anaconda3/envs/TradeBot/lib/python3.10/asyncio/streams.py", line 524, in readline
    line = await self.readuntil(sep)
  File "/Users/Manny/opt/anaconda3/envs/TradeBot/lib/python3.10/asyncio/streams.py", line 616, in readuntil
    await self._wait_for_data('readuntil')
  File "/Users/Manny/opt/anaconda3/envs/TradeBot/lib/python3.10/asyncio/streams.py", line 501, in _wait_for_data
    await self._waiter
asyncio.exceptions.CancelledError

During handling of the above exception, another exception occurred:

Traceback (most recent call last):
  File "/Users/Manny/Python_Projects/BotTrader/webhook/listener.py", line 97, in connect_websocket
    async with websockets.connect(ws_url, max_size = 2 ** 24 ) as ws:   # 16 MB
  File "/Users/Manny/opt/anaconda3/envs/TradeBot/lib/python3.10/site-packages/websockets/legacy/client.py", line 635, in __aenter__
    return await self
  File "/Users/Manny/opt/anaconda3/envs/TradeBot/lib/python3.10/site-packages/websockets/legacy/client.py", line 652, in __await_impl__
    async with asyncio_timeout(self.open_timeout):
  File "/Users/Manny/opt/anaconda3/envs/TradeBot/lib/python3.10/site-packages/websockets/asyncio/async_timeout.py", line 181, in __aexit__
    self._do_exit(exc_type)
  File "/Users/Manny/opt/anaconda3/envs/TradeBot/lib/python3.10/site-packages/websockets/asyncio/async_timeout.py", line 268, in _do_exit
    raise asyncio.TimeoutError
asyncio.exceptions.TimeoutError
2025-06-10 00:27:09,926 - webhook_logger - ERROR - Unexpected WebSocket error, check NGROK connection:  (listener.py:131)
Traceback (most recent call last):
  File "/Users/Manny/opt/anaconda3/envs/TradeBot/lib/python3.10/site-packages/websockets/legacy/client.py", line 656, in __await_impl__
    await protocol.handshake(
  File "/Users/Manny/opt/anaconda3/envs/TradeBot/lib/python3.10/site-packages/websockets/legacy/client.py", line 316, in handshake
    status_code, response_headers = await self.read_http_response()
  File "/Users/Manny/opt/anaconda3/envs/TradeBot/lib/python3.10/site-packages/websockets/legacy/client.py", line 134, in read_http_response
    status_code, reason, headers = await read_response(self.reader)
  File "/Users/Manny/opt/anaconda3/envs/TradeBot/lib/python3.10/site-packages/websockets/legacy/http.py", line 120, in read_response
    status_line = await read_line(stream)
  File "/Users/Manny/opt/anaconda3/envs/TradeBot/lib/python3.10/site-packages/websockets/legacy/http.py", line 194, in read_line
    line = await stream.readline()
  File "/Users/Manny/opt/anaconda3/envs/TradeBot/lib/python3.10/asyncio/streams.py", line 524, in readline
    line = await self.readuntil(sep)
  File "/Users/Manny/opt/anaconda3/envs/TradeBot/lib/python3.10/asyncio/streams.py", line 616, in readuntil
    await self._wait_for_data('readuntil')
  File "/Users/Manny/opt/anaconda3/envs/TradeBot/lib/python3.10/asyncio/streams.py", line 501, in _wait_for_data
    await self._waiter
asyncio.exceptions.CancelledError

During handling of the above exception, another exception occurred:

Traceback (most recent call last):
  File "/Users/Manny/Python_Projects/BotTrader/webhook/listener.py", line 97, in connect_websocket
    async with websockets.connect(ws_url, max_size = 2 ** 24 ) as ws:   # 16 MB
  File "/Users/Manny/opt/anaconda3/envs/TradeBot/lib/python3.10/site-packages/websockets/legacy/client.py", line 635, in __aenter__
    return await self
  File "/Users/Manny/opt/anaconda3/envs/TradeBot/lib/python3.10/site-packages/websockets/legacy/client.py", line 652, in __await_impl__
    async with asyncio_timeout(self.open_timeout):
  File "/Users/Manny/opt/anaconda3/envs/TradeBot/lib/python3.10/site-packages/websockets/asyncio/async_timeout.py", line 181, in __aexit__
    self._do_exit(exc_type)
  File "/Users/Manny/opt/anaconda3/envs/TradeBot/lib/python3.10/site-packages/websockets/asyncio/async_timeout.py", line 268, in _do_exit
    raise asyncio.TimeoutError
asyncio.exceptions.TimeoutError
2025-06-10 00:27:17,602 - webhook_logger - INFO - üü° Adjusted BUY limit price for AST-USD: 0.0387 (Attempt 1) (webhook_order_types.py:353)
2025-06-10 00:27:18,239 - webhook_logger - WARNING - ‚ùóÔ∏è Order Rejected Limit Order: AST-USD:{'trigger': 'passive_buy', 'trigger_note': 'price:0.0386'} (webhook_order_types.py:389)
NoneType: None
2025-06-10 00:27:21,893 - webhook_logger - INFO - ‚ö†Ô∏è‚ö†Ô∏è‚ö†Ô∏è  update_market_data took 69.92s    ‚ö†Ô∏è‚ö†Ô∏è‚ö†Ô∏è (listener.py:363)
2025-06-10 00:27:21,894 - webhook_logger - INFO - ‚è± update_market_data (shared_data_manager) took 0.00s (listener.py:386)
2025-06-10 00:27:21,914 - webhook_logger - INFO - ‚úÖ monitor_untracked_assets is <class 'method'> (websocket_helper.py:634)
2025-06-10 00:27:21,915 - webhook_logger - INFO - üß™ About to await monitor_untracked_assets (websocket_helper.py:635)
2025-06-10 00:27:21,927 - webhook_logger - INFO - üì± Starting monitor_untracked_assets (websocket_helper.py:656)
2025-06-10 00:27:21,929 - webhook_logger - INFO - üîé INDEX-USD: Entry=1.17, Now=1.2, Qty=0.002, PnL%=2.56% (websocket_helper.py:703)
2025-06-10 00:27:21,929 - webhook_logger - INFO - üí∞ TP trigger for INDEX-USD: 2.56% (websocket_helper.py:706)
2025-06-10 00:27:22,320 - webhook_logger - INFO - ‚è∏Ô∏è Skipping TP order for INDEX-USD: open order exists (websocket_helper.py:732)
2025-06-10 00:27:22,320 - webhook_logger - INFO - üîé MASK-USD: Entry=1.65, Now=1.64, Qty=0.02, PnL%=-0.61% (websocket_helper.py:703)
2025-06-10 00:27:22,321 - webhook_logger - INFO - üõë SL trigger for MASK-USD: -0.61% (websocket_helper.py:709)
2025-06-10 00:27:22,572 - webhook_logger - INFO - üîé KRL-USD: Entry=0.3416, Now=0.3421, Qty=146.5, PnL%=0.15% (websocket_helper.py:703)
2025-06-10 00:27:22,573 - webhook_logger - INFO - üõë SL trigger for KRL-USD: 0.15% (websocket_helper.py:709)
2025-06-10 00:27:22,648 - webhook_logger - INFO - Connected to wss://advanced-trade-ws.coinbase.com (listener.py:98)
2025-06-10 00:27:22,727 - webhook_logger - INFO - Connected to wss://advanced-trade-ws.coinbase.com (listener.py:98)
2025-06-10 00:27:23,650 - webhook_logger - INFO - ‚ö° Subscribing to Market Channels... (listener.py:107)
2025-06-10 00:27:23,651 - webhook_logger - INFO - ÔøΩ Subscribing to Market Channels: ['ticker_batch', 'heartbeats'] (websocket_helper.py:320)
2025-06-10 00:27:23,652 - webhook_logger - INFO - Listening on wss://advanced-trade-ws.coinbase.com (listener.py:110)
2025-06-10 00:27:23,728 - webhook_logger - INFO - ‚ö° Subscribing to Market Channels... (listener.py:107)
2025-06-10 00:27:23,729 - webhook_logger - INFO - ÔøΩ Subscribing to Market Channels: ['ticker_batch', 'heartbeats'] (websocket_helper.py:320)
2025-06-10 00:27:23,730 - webhook_logger - INFO - Listening on wss://advanced-trade-ws.coinbase.com (listener.py:110)
2025-06-10 00:27:27,152 - webhook_logger - INFO - üü° Adjusted SELL limit price for KRL-USD: 0.3395 (Attempt 1) (webhook_order_types.py:353)
2025-06-10 00:27:27,598 - webhook_logger - WARNING - ‚ùóÔ∏è Order Rejected Limit Order: KRL-USD:{'trigger': 'SL', 'trigger_note': 'stop_loss=-0.0075%'} (webhook_order_types.py:389)
NoneType: None
2025-06-10 00:27:27,600 - webhook_logger - ERROR - ‚ùå SL order for KRL-USD: {'success': False, 'message': 'unknown', 'code': '500', 'details': {'trading_pair': 'KRL-USD', 'time_order_placed': None, 'type': 'limit', 'order_id': '', 'side': 'sell', 'filled_price': Decimal('0'), 'base_currency': 'KRL', 'quote_currency': 'USD', 'usd_balance': Decimal('172.0000'), 'base_decimal': 1, 'quote_decimal': 4, 'quote_increment': Decimal('0.0001'), 'highest_bid': Decimal('0.339100000000000012523315717771765775978565216064453125'), 'lowest_ask': Decimal('0.342100000000000015187850976872141472995281219482421875'), 'maker': Decimal('0.0015'), 'taker': Decimal('0.0025'), 'spread': Decimal('0.003000000000000000062450045135165055398829281330108642578125'), 'open_orders': Empty DataFrame
Columns: []
Index: [], 'status': 'VALID', 'source': 'websocket', 'trigger': {'trigger': 'SL', 'trigger_note': 'stop_loss=-0.0075%'}, 'base_avail_balance': Decimal('146.6'), 'total_balance_crypto': Decimal('146.6'), 'available_to_trade_crypto': Decimal('146.6'), 'usd_avail_balance': Decimal('172.0000'), 'order_amount_fiat': 0, 'order_amount_crypto': Decimal('146.6'), 'price': Decimal('0'), 'cost_basis': Decimal('0'), 'limit_price': Decimal('0'), 'average_price': None, 'adjusted_price': Decimal('0.3393'), 'adjusted_size': Decimal('146.4'), 'stop_loss_price': Decimal('0.3359'), 'take_profit_price': Decimal('0.3486'), 'volume_24h': None}, 'error_response': {}} (websocket_helper.py:776)
2025-06-10 00:27:27,600 - webhook_logger - INFO - üîé ETH-USD: Entry=1791.99, Now=2677.0, Qty=0.06703810, PnL%=49.39% (websocket_helper.py:703)
2025-06-10 00:27:27,600 - webhook_logger - INFO - üîé BTC-USD: Entry=95065.47, Now=109284.17, Qty=0.00257846, PnL%=14.96% (websocket_helper.py:703)
2025-06-10 00:27:27,601 - webhook_logger - INFO - ‚úÖ monitor_untracked_assets completed (websocket_helper.py:718)
2025-06-10 00:27:27,609 - webhook_logger - INFO - ‚úÖ monitor_untracked_assets completed (websocket_helper.py:645)
2025-06-10 00:27:27,609 - webhook_logger - INFO - ‚è± monitor_and_update_active_orders took 5.71s (listener.py:393)
2025-06-10 00:27:27,609 - webhook_logger - ERROR - üö® refresh_market_data loop exited unexpectedly! (listener.py:409)
NoneType: None
2025-06-10 00:27:27,968 - webhook_logger - INFO - üí∞ KRL-USD SELL profit 1.00 USD (websocket_market_manager.py:231)
2025-06-10 00:27:27,968 - webhook_logger - INFO - ‚úÖ Order filled: b8144497-8086-41e1-bd88-80c32fb416a2 at 0.3395 with fee 0.0745542 (websocket_market_manager.py:233)
2025-06-10 00:27:32,304 - webhook_logger - INFO - üí∞ KRL-USD SELL profit 1.00 USD (websocket_market_manager.py:231)
2025-06-10 00:27:32,305 - webhook_logger - INFO - ‚úÖ Order filled: b8144497-8086-41e1-bd88-80c32fb416a2 at 0.3395 with fee 0.0745542 (websocket_market_manager.py:233)
2025-06-10 00:27:36,174 - webhook_logger - INFO - ‚ö†Ô∏è‚ö†Ô∏è‚ö†Ô∏è  update_market_data took 8.54s    ‚ö†Ô∏è‚ö†Ô∏è‚ö†Ô∏è (listener.py:363)
2025-06-10 00:27:36,175 - webhook_logger - INFO - ‚è± update_market_data (shared_data_manager) took 0.00s (listener.py:386)
2025-06-10 00:27:36,207 - webhook_logger - INFO - ‚úÖ monitor_untracked_assets is <class 'method'> (websocket_helper.py:634)
2025-06-10 00:27:36,207 - webhook_logger - INFO - üß™ About to await monitor_untracked_assets (websocket_helper.py:635)
2025-06-10 00:27:36,208 - webhook_logger - INFO - üì± Starting monitor_untracked_assets (websocket_helper.py:656)
2025-06-10 00:27:36,210 - webhook_logger - INFO - üîé INDEX-USD: Entry=1.17, Now=1.2, Qty=0.002, PnL%=2.56% (websocket_helper.py:703)
2025-06-10 00:27:36,210 - webhook_logger - INFO - üí∞ TP trigger for INDEX-USD: 2.56% (websocket_helper.py:706)
2025-06-10 00:27:36,676 - webhook_logger - INFO - ‚è∏Ô∏è Skipping TP order for INDEX-USD: open order exists (websocket_helper.py:732)
2025-06-10 00:27:36,677 - webhook_logger - INFO - üîé MASK-USD: Entry=1.65, Now=1.64, Qty=0.02, PnL%=-0.61% (websocket_helper.py:703)
2025-06-10 00:27:36,677 - webhook_logger - INFO - üõë SL trigger for MASK-USD: -0.61% (websocket_helper.py:709)
2025-06-10 00:27:36,934 - webhook_logger - INFO - üîé KRL-USD: Entry=0.3416, Now=0.3421, Qty=146.5, PnL%=0.15% (websocket_helper.py:703)
2025-06-10 00:27:36,934 - webhook_logger - INFO - üõë SL trigger for KRL-USD: 0.15% (websocket_helper.py:709)
2025-06-10 00:27:40,352 - webhook_logger - ERROR - ‚ùå SL order for KRL-USD: {'is_valid': False, 'error': 'INSUFFICIENT_BASE', 'code': '314', 'message': 'Validation failed for KRL-USD order build incomplete', 'details': {'Order Id': None, 'Order Type': None, 'asset': 'KRL-USD', 'trading_pair': 'KRL-USD', 'side': 'sell', 'usd_balance': Decimal('171.0000'), 'base_avail_to_trade': Decimal('0.0'), 'base_balance': Decimal('0.0'), 'Order Size': Decimal('0'), 'trigger': {'trigger': 'SL', 'trigger_note': 'stop_loss=-0.0075%'}, 'condition': None}} (websocket_helper.py:776)
2025-06-10 00:27:40,352 - webhook_logger - INFO - üîé ETH-USD: Entry=1791.99, Now=2677.2, Qty=0.06703810, PnL%=49.40% (websocket_helper.py:703)
2025-06-10 00:27:40,353 - webhook_logger - INFO - üîé BTC-USD: Entry=95065.47, Now=109286.31, Qty=0.00257846, PnL%=14.96% (websocket_helper.py:703)
2025-06-10 00:27:40,353 - webhook_logger - INFO - ‚úÖ monitor_untracked_assets completed (websocket_helper.py:718)
2025-06-10 00:27:40,372 - webhook_logger - INFO - ‚úÖ monitor_untracked_assets completed (websocket_helper.py:645)
2025-06-10 00:27:40,372 - webhook_logger - INFO - ‚è± monitor_and_update_active_orders took 4.20s (listener.py:393)
2025-06-10 00:27:40,372 - webhook_logger - ERROR - üö® refresh_market_data loop exited unexpectedly! (listener.py:409)
NoneType: None
2025-06-10 00:27:48,426 - webhook_logger - INFO - üü° Adjusted BUY limit price for SKL-USD: 0.0222 (Attempt 1) (webhook_order_types.py:353)
2025-06-10 00:27:48,868 - webhook_logger - WARNING - ‚ùóÔ∏è Order Rejected Limit Order: SKL-USD:{'trigger': 'passive_buy', 'trigger_note': 'price:0.0222'} (webhook_order_types.py:389)
NoneType: None
2025-06-10 00:27:55,193 - webhook_logger - INFO - üü° Adjusted BUY limit price for PLU-USD: 0.69 (Attempt 1) (webhook_order_types.py:353)
2025-06-10 00:27:55,639 - webhook_logger - WARNING - ‚ùóÔ∏è Order Rejected Limit Order: PLU-USD:{'trigger': 'passive_buy', 'trigger_note': 'price:0.69'} (webhook_order_types.py:389)
NoneType: None
2025-06-10 00:28:00,139 - webhook_logger - INFO - üü° Adjusted BUY limit price for 00-USD: 0.0174 (Attempt 1) (webhook_order_types.py:353)
2025-06-10 00:28:00,569 - webhook_logger - WARNING - ‚ùóÔ∏è Order Rejected Limit Order: 00-USD:{'trigger': 'passive_buy', 'trigger_note': 'price:0.0174'} (webhook_order_types.py:389)
NoneType: None
2025-06-10 00:28:04,542 - webhook_logger - INFO - ‚ö†Ô∏è‚ö†Ô∏è‚ö†Ô∏è  update_market_data took 3.95s    ‚ö†Ô∏è‚ö†Ô∏è‚ö†Ô∏è (listener.py:363)
2025-06-10 00:28:04,543 - webhook_logger - INFO - ‚è± update_market_data (shared_data_manager) took 0.00s (listener.py:386)
2025-06-10 00:28:04,601 - webhook_logger - INFO - ‚úÖ monitor_untracked_assets is <class 'method'> (websocket_helper.py:634)
2025-06-10 00:28:04,602 - webhook_logger - INFO - üß™ About to await monitor_untracked_assets (websocket_helper.py:635)
2025-06-10 00:28:04,617 - webhook_logger - INFO - üì± Starting monitor_untracked_assets (websocket_helper.py:656)
2025-06-10 00:28:04,619 - webhook_logger - INFO - üîé INDEX-USD: Entry=1.17, Now=1.2, Qty=0.002, PnL%=2.56% (websocket_helper.py:703)
2025-06-10 00:28:04,619 - webhook_logger - INFO - üí∞ TP trigger for INDEX-USD: 2.56% (websocket_helper.py:706)
2025-06-10 00:28:04,886 - webhook_logger - INFO - ‚è∏Ô∏è Skipping TP order for INDEX-USD: open order exists (websocket_helper.py:732)
2025-06-10 00:28:04,886 - webhook_logger - INFO - üîé MASK-USD: Entry=1.65, Now=1.64, Qty=0.02, PnL%=-0.61% (websocket_helper.py:703)
2025-06-10 00:28:04,886 - webhook_logger - INFO - üõë SL trigger for MASK-USD: -0.61% (websocket_helper.py:709)
2025-06-10 00:28:05,145 - webhook_logger - INFO - üîé ETH-USD: Entry=1791.99, Now=2676.47, Qty=0.06703810, PnL%=49.36% (websocket_helper.py:703)
2025-06-10 00:28:05,146 - webhook_logger - INFO - üîé BTC-USD: Entry=95065.47, Now=109293.46, Qty=0.00257846, PnL%=14.97% (websocket_helper.py:703)
2025-06-10 00:28:05,146 - webhook_logger - INFO - ‚úÖ monitor_untracked_assets completed (websocket_helper.py:718)
2025-06-10 00:28:05,148 - webhook_logger - INFO - ‚úÖ monitor_untracked_assets completed (websocket_helper.py:645)
2025-06-10 00:28:05,148 - webhook_logger - INFO - ‚è± monitor_and_update_active_orders took 0.61s (listener.py:393)
2025-06-10 00:28:05,148 - webhook_logger - ERROR - üö® refresh_market_data loop exited unexpectedly! (listener.py:409)
NoneType: None
2025-06-10 00:28:09,026 - webhook_logger - WARNING - WebSocket closed unexpectedly: sent 1011 (internal error) keepalive ping timeout; no close frame received. Reconnecting... (listener.py:127)
2025-06-10 00:28:10,662 - webhook_logger - INFO - Connected to wss://advanced-trade-ws.coinbase.com (listener.py:98)
2025-06-10 00:28:11,670 - webhook_logger - INFO - ‚ö° Subscribing to Market Channels... (listener.py:107)
2025-06-10 00:28:11,670 - webhook_logger - INFO - ÔøΩ Subscribing to Market Channels: ['ticker_batch', 'heartbeats'] (websocket_helper.py:320)
2025-06-10 00:28:11,672 - webhook_logger - INFO - Listening on wss://advanced-trade-ws.coinbase.com (listener.py:110)
2025-06-10 00:28:24,696 - webhook_logger - WARNING - WebSocket closed unexpectedly: sent 1011 (internal error) keepalive ping timeout; no close frame received. Reconnecting... (listener.py:127)
2025-06-10 00:28:26,238 - webhook_logger - INFO - Connected to wss://advanced-trade-ws.coinbase.com (listener.py:98)
2025-06-10 00:28:27,241 - webhook_logger - INFO - ‚ö° Subscribing to Market Channels... (listener.py:107)
2025-06-10 00:28:27,241 - webhook_logger - INFO - ÔøΩ Subscribing to Market Channels: ['ticker_batch', 'heartbeats'] (websocket_helper.py:320)
2025-06-10 00:28:27,243 - webhook_logger - INFO - Listening on wss://advanced-trade-ws.coinbase.com (listener.py:110)
2025-06-10 00:28:34,842 - webhook_logger - INFO - ‚ö†Ô∏è‚ö†Ô∏è‚ö†Ô∏è  update_market_data took 4.24s    ‚ö†Ô∏è‚ö†Ô∏è‚ö†Ô∏è (listener.py:363)
2025-06-10 00:28:34,843 - webhook_logger - INFO - ‚è± update_market_data (shared_data_manager) took 0.00s (listener.py:386)
2025-06-10 00:28:34,903 - webhook_logger - INFO - ‚úÖ monitor_untracked_assets is <class 'method'> (websocket_helper.py:634)
2025-06-10 00:28:34,903 - webhook_logger - INFO - üß™ About to await monitor_untracked_assets (websocket_helper.py:635)
2025-06-10 00:28:34,905 - webhook_logger - INFO - üì± Starting monitor_untracked_assets (websocket_helper.py:656)
2025-06-10 00:28:34,907 - webhook_logger - INFO - üîé INDEX-USD: Entry=1.17, Now=1.2, Qty=0.002, PnL%=2.56% (websocket_helper.py:703)
2025-06-10 00:28:34,907 - webhook_logger - INFO - üí∞ TP trigger for INDEX-USD: 2.56% (websocket_helper.py:706)
2025-06-10 00:28:35,177 - webhook_logger - INFO - ‚è∏Ô∏è Skipping TP order for INDEX-USD: open order exists (websocket_helper.py:732)
2025-06-10 00:28:35,178 - webhook_logger - INFO - üîé MASK-USD: Entry=1.65, Now=1.64, Qty=0.02, PnL%=-0.61% (websocket_helper.py:703)
2025-06-10 00:28:35,178 - webhook_logger - INFO - üõë SL trigger for MASK-USD: -0.61% (websocket_helper.py:709)
2025-06-10 00:28:35,513 - webhook_logger - INFO - üîé ETH-USD: Entry=1791.99, Now=2677.2, Qty=0.06703810, PnL%=49.40% (websocket_helper.py:703)
2025-06-10 00:28:35,513 - webhook_logger - INFO - üîé BTC-USD: Entry=95065.47, Now=109316.15, Qty=0.00257846, PnL%=14.99% (websocket_helper.py:703)
2025-06-10 00:28:35,513 - webhook_logger - INFO - ‚úÖ monitor_untracked_assets completed (websocket_helper.py:718)
2025-06-10 00:28:35,518 - webhook_logger - INFO - ‚úÖ monitor_untracked_assets completed (websocket_helper.py:645)
2025-06-10 00:28:35,518 - webhook_logger - INFO - ‚è± monitor_and_update_active_orders took 0.67s (listener.py:393)
2025-06-10 00:28:35,519 - webhook_logger - ERROR - üö® refresh_market_data loop exited unexpectedly! (listener.py:409)
NoneType: None
2025-06-10 00:29:05,029 - webhook_logger - INFO - ‚ö†Ô∏è‚ö†Ô∏è‚ö†Ô∏è  update_market_data took 4.42s    ‚ö†Ô∏è‚ö†Ô∏è‚ö†Ô∏è (listener.py:363)
2025-06-10 00:29:05,029 - webhook_logger - INFO - ‚è± update_market_data (shared_data_manager) took 0.00s (listener.py:386)
2025-06-10 00:29:05,091 - webhook_logger - INFO - ‚úÖ monitor_untracked_assets is <class 'method'> (websocket_helper.py:634)
2025-06-10 00:29:05,091 - webhook_logger - INFO - üß™ About to await monitor_untracked_assets (websocket_helper.py:635)
2025-06-10 00:29:05,092 - webhook_logger - INFO - üì± Starting monitor_untracked_assets (websocket_helper.py:656)
2025-06-10 00:29:05,094 - webhook_logger - INFO - üîé INDEX-USD: Entry=1.17, Now=1.2, Qty=0.002, PnL%=2.56% (websocket_helper.py:703)
2025-06-10 00:29:05,094 - webhook_logger - INFO - üí∞ TP trigger for INDEX-USD: 2.56% (websocket_helper.py:706)
2025-06-10 00:29:05,377 - webhook_logger - INFO - ‚è∏Ô∏è Skipping TP order for INDEX-USD: open order exists (websocket_helper.py:732)
2025-06-10 00:29:05,377 - webhook_logger - INFO - üîé MASK-USD: Entry=1.65, Now=1.64, Qty=0.02, PnL%=-0.61% (websocket_helper.py:703)
2025-06-10 00:29:05,377 - webhook_logger - INFO - üõë SL trigger for MASK-USD: -0.61% (websocket_helper.py:709)
2025-06-10 00:29:05,624 - webhook_logger - INFO - üîé ETH-USD: Entry=1791.99, Now=2677.17, Qty=0.06703810, PnL%=49.40% (websocket_helper.py:703)
2025-06-10 00:29:05,624 - webhook_logger - INFO - üîé BTC-USD: Entry=95065.47, Now=109305.95, Qty=0.00257846, PnL%=14.98% (websocket_helper.py:703)
2025-06-10 00:29:05,625 - webhook_logger - INFO - ‚úÖ monitor_untracked_assets completed (websocket_helper.py:718)
2025-06-10 00:29:05,626 - webhook_logger - INFO - ‚úÖ monitor_untracked_assets completed (websocket_helper.py:645)
2025-06-10 00:29:05,627 - webhook_logger - INFO - ‚è± monitor_and_update_active_orders took 0.60s (listener.py:393)
2025-06-10 00:29:05,627 - webhook_logger - ERROR - üö® refresh_market_data loop exited unexpectedly! (listener.py:409)
NoneType: None
2025-06-10 00:29:05,835 - webhook_logger - INFO - ‚úÖ Order filled: 314243e4-c4f8-4c71-b716-9c4ecb1ae379 at 0.0387 with fee 0.075192165 (websocket_market_manager.py:233)
2025-06-10 00:29:09,982 - webhook_logger - INFO - ‚úÖ Order filled: 314243e4-c4f8-4c71-b716-9c4ecb1ae379 at 0.0387 with fee 0.075192165 (websocket_market_manager.py:233)
2025-06-10 00:29:21,492 - webhook_logger - WARNING - WebSocket closed unexpectedly: sent 1011 (internal error) keepalive ping timeout; no close frame received. Reconnecting... (listener.py:127)
2025-06-10 00:29:23,071 - webhook_logger - INFO - Connected to wss://advanced-trade-ws.coinbase.com (listener.py:98)
2025-06-10 00:29:24,073 - webhook_logger - INFO - ‚ö° Subscribing to Market Channels... (listener.py:107)
2025-06-10 00:29:24,073 - webhook_logger - INFO - ÔøΩ Subscribing to Market Channels: ['ticker_batch', 'heartbeats'] (websocket_helper.py:320)
2025-06-10 00:29:24,076 - webhook_logger - INFO - Listening on wss://advanced-trade-ws.coinbase.com (listener.py:110)
2025-06-10 00:29:29,834 - webhook_logger - INFO - ‚úÖ Order filled: a36bef6a-b0b9-4cd3-8906-c042cfb7dfb4 at 0.0222 with fee 0.07533792 (websocket_market_manager.py:233)
2025-06-10 00:29:34,279 - webhook_logger - INFO - ‚úÖ Order filled: a36bef6a-b0b9-4cd3-8906-c042cfb7dfb4 at 0.0222 with fee 0.07533792 (websocket_market_manager.py:233)
2025-06-10 00:29:34,702 - webhook_logger - WARNING - WebSocket closed unexpectedly: sent 1011 (internal error) keepalive ping timeout; no close frame received. Reconnecting... (listener.py:127)
2025-06-10 00:29:42,058 - webhook_logger - INFO - ‚ö†Ô∏è‚ö†Ô∏è‚ö†Ô∏è  update_market_data took 11.45s    ‚ö†Ô∏è‚ö†Ô∏è‚ö†Ô∏è (listener.py:363)
2025-06-10 00:29:42,059 - webhook_logger - INFO - ‚è± update_market_data (shared_data_manager) took 0.00s (listener.py:386)
2025-06-10 00:29:42,100 - webhook_logger - INFO - ‚úÖ monitor_untracked_assets is <class 'method'> (websocket_helper.py:634)
2025-06-10 00:29:42,100 - webhook_logger - INFO - üß™ About to await monitor_untracked_assets (websocket_helper.py:635)
2025-06-10 00:29:42,101 - webhook_logger - INFO - üì± Starting monitor_untracked_assets (websocket_helper.py:656)
2025-06-10 00:29:42,103 - webhook_logger - INFO - üîé INDEX-USD: Entry=1.17, Now=1.2, Qty=0.002, PnL%=2.56% (websocket_helper.py:703)
2025-06-10 00:29:42,103 - webhook_logger - INFO - üí∞ TP trigger for INDEX-USD: 2.56% (websocket_helper.py:706)
2025-06-10 00:29:42,155 - webhook_logger - INFO - Connected to wss://advanced-trade-ws.coinbase.com (listener.py:98)
2025-06-10 00:29:42,377 - webhook_logger - INFO - ‚è∏Ô∏è Skipping TP order for INDEX-USD: open order exists (websocket_helper.py:732)
2025-06-10 00:29:42,377 - webhook_logger - INFO - üîé MASK-USD: Entry=1.65, Now=1.64, Qty=0.02, PnL%=-0.61% (websocket_helper.py:703)
2025-06-10 00:29:42,377 - webhook_logger - INFO - üõë SL trigger for MASK-USD: -0.61% (websocket_helper.py:709)
2025-06-10 00:29:42,619 - webhook_logger - INFO - üîé ETH-USD: Entry=1791.99, Now=2674.07, Qty=0.06703810, PnL%=49.22% (websocket_helper.py:703)
2025-06-10 00:29:42,619 - webhook_logger - INFO - üîé AST-USD: Entry=0.0386, Now=0.0387, Qty=1295.5, PnL%=0.26% (websocket_helper.py:703)
2025-06-10 00:29:42,619 - webhook_logger - INFO - üõë SL trigger for AST-USD: 0.26% (websocket_helper.py:709)
2025-06-10 00:29:43,263 - webhook_logger - INFO - ‚ö° Subscribing to Market Channels... (listener.py:107)
2025-06-10 00:29:43,263 - webhook_logger - INFO - ÔøΩ Subscribing to Market Channels: ['ticker_batch', 'heartbeats'] (websocket_helper.py:320)
2025-06-10 00:29:43,265 - webhook_logger - INFO - Listening on wss://advanced-trade-ws.coinbase.com (listener.py:110)
2025-06-10 00:29:47,025 - webhook_logger - INFO - üü° Adjusted SELL limit price for AST-USD: 0.0388 (Attempt 1) (webhook_order_types.py:353)
2025-06-10 00:29:47,643 - webhook_logger - WARNING - ‚ùóÔ∏è Order Rejected Limit Order: AST-USD:{'trigger': 'SL', 'trigger_note': 'stop_loss=-0.0075%'} (webhook_order_types.py:389)
NoneType: None
2025-06-10 00:29:47,646 - webhook_logger - ERROR - ‚ùå SL order for AST-USD: {'success': False, 'message': 'unknown', 'code': '500', 'details': {'trading_pair': 'AST-USD', 'time_order_placed': None, 'type': 'limit', 'order_id': '', 'side': 'sell', 'filled_price': Decimal('0'), 'base_currency': 'AST', 'quote_currency': 'USD', 'usd_balance': Decimal('121.0000'), 'base_decimal': 1, 'quote_decimal': 4, 'quote_increment': Decimal('0.0001'), 'highest_bid': Decimal('0.03869999999999999829025654207725892774760723114013671875'), 'lowest_ask': Decimal('0.038800000000000001154631945610162802040576934814453125'), 'maker': Decimal('0.0015'), 'taker': Decimal('0.0025'), 'spread': Decimal('0.000100000000000000004792173602385929598312941379845142364501953125'), 'open_orders': Empty DataFrame
Columns: []
Index: [], 'status': 'VALID', 'source': 'websocket', 'trigger': {'trigger': 'SL', 'trigger_note': 'stop_loss=-0.0075%'}, 'base_avail_balance': Decimal('1295.5'), 'total_balance_crypto': Decimal('1295.5'), 'available_to_trade_crypto': Decimal('1295.5'), 'usd_avail_balance': Decimal('19.0000'), 'order_amount_fiat': 0, 'order_amount_crypto': Decimal('1295.5'), 'price': Decimal('0'), 'cost_basis': Decimal('0'), 'limit_price': Decimal('0'), 'average_price': None, 'adjusted_price': Decimal('0.0389'), 'adjusted_size': Decimal('1295.3'), 'stop_loss_price': Decimal('0.0385'), 'take_profit_price': Decimal('0.0399'), 'volume_24h': None}, 'error_response': {}} (websocket_helper.py:776)
2025-06-10 00:29:47,646 - webhook_logger - INFO - üîé BTC-USD: Entry=95065.47, Now=109245.0, Qty=0.00257846, PnL%=14.92% (websocket_helper.py:703)
2025-06-10 00:29:47,647 - webhook_logger - INFO - üîé SKL-USD: Entry=0.0211, Now=0.0223, Qty=2262.5, PnL%=5.69% (websocket_helper.py:703)
2025-06-10 00:29:47,647 - webhook_logger - INFO - üí∞ TP trigger for SKL-USD: 5.69% (websocket_helper.py:706)
2025-06-10 00:29:52,405 - webhook_logger - INFO - üü° Adjusted SELL limit price for SKL-USD: 0.0223 (Attempt 1) (webhook_order_types.py:353)
2025-06-10 00:29:52,846 - webhook_logger - WARNING - ‚ùóÔ∏è Order Rejected Limit Order: SKL-USD:{'trigger': 'TP', 'trigger_note': 'price=0.0223'} (webhook_order_types.py:389)
NoneType: None
2025-06-10 00:29:52,848 - webhook_logger - ERROR - ‚ùå TP order for SKL-USD: {'success': False, 'message': 'unknown', 'code': '500', 'details': {'trading_pair': 'SKL-USD', 'time_order_placed': None, 'type': 'limit', 'order_id': '', 'side': 'sell', 'filled_price': Decimal('0'), 'base_currency': 'SKL', 'quote_currency': 'USD', 'usd_balance': Decimal('121.0000'), 'base_decimal': 1, 'quote_decimal': 4, 'quote_increment': Decimal('0.0001'), 'highest_bid': Decimal('0.0222000000000000009825473767932635382749140262603759765625'), 'lowest_ask': Decimal('0.02230000000000000037747582837255322374403476715087890625'), 'maker': Decimal('0.0015'), 'taker': Decimal('0.0025'), 'spread': Decimal('0.000100000000000000004792173602385929598312941379845142364501953125'), 'open_orders': Empty DataFrame
Columns: []
Index: [], 'status': 'VALID', 'source': 'websocket', 'trigger': {'trigger': 'TP', 'trigger_note': 'price=0.0223'}, 'base_avail_balance': Decimal('2262.6'), 'total_balance_crypto': Decimal('2262.6'), 'available_to_trade_crypto': Decimal('2262.6'), 'usd_avail_balance': Decimal('19.0000'), 'order_amount_fiat': 0, 'order_amount_crypto': Decimal('2262.6'), 'price': Decimal('0'), 'cost_basis': Decimal('0'), 'limit_price': Decimal('0'), 'average_price': None, 'adjusted_price': Decimal('0.0224'), 'adjusted_size': Decimal('2262.4'), 'stop_loss_price': Decimal('0.0221'), 'take_profit_price': Decimal('0.0230'), 'volume_24h': None}, 'error_response': {}} (websocket_helper.py:737)
2025-06-10 00:29:52,848 - webhook_logger - INFO - ‚úÖ monitor_untracked_assets completed (websocket_helper.py:718)
2025-06-10 00:29:52,851 - webhook_logger - INFO - ‚úÖ monitor_untracked_assets completed (websocket_helper.py:645)
2025-06-10 00:29:52,852 - webhook_logger - INFO - ‚è± monitor_and_update_active_orders took 10.79s (listener.py:393)
2025-06-10 00:29:52,852 - webhook_logger - ERROR - üö® refresh_market_data loop exited unexpectedly! (listener.py:409)
NoneType: None
2025-06-10 00:30:05,051 - webhook_logger - INFO - ‚ö†Ô∏è‚ö†Ô∏è‚ö†Ô∏è  update_market_data took 4.44s    ‚ö†Ô∏è‚ö†Ô∏è‚ö†Ô∏è (listener.py:363)
2025-06-10 00:30:05,052 - webhook_logger - INFO - ‚è± update_market_data (shared_data_manager) took 0.00s (listener.py:386)
2025-06-10 00:30:05,112 - webhook_logger - INFO - ‚úÖ monitor_untracked_assets is <class 'method'> (websocket_helper.py:634)
2025-06-10 00:30:05,113 - webhook_logger - INFO - üß™ About to await monitor_untracked_assets (websocket_helper.py:635)
2025-06-10 00:30:05,114 - webhook_logger - INFO - üì± Starting monitor_untracked_assets (websocket_helper.py:656)
2025-06-10 00:30:05,116 - webhook_logger - INFO - üîé INDEX-USD: Entry=1.17, Now=1.2, Qty=0.002, PnL%=2.56% (websocket_helper.py:703)
2025-06-10 00:30:05,117 - webhook_logger - INFO - üí∞ TP trigger for INDEX-USD: 2.56% (websocket_helper.py:706)
2025-06-10 00:30:05,392 - webhook_logger - INFO - ‚è∏Ô∏è Skipping TP order for INDEX-USD: open order exists (websocket_helper.py:732)
2025-06-10 00:30:05,393 - webhook_logger - INFO - üîé MASK-USD: Entry=1.65, Now=1.65, Qty=0.02, PnL%=-0.00% (websocket_helper.py:703)
2025-06-10 00:30:05,393 - webhook_logger - INFO - üõë SL trigger for MASK-USD: -0.00% (websocket_helper.py:709)
2025-06-10 00:30:05,657 - webhook_logger - INFO - üîé ETH-USD: Entry=1791.99, Now=2675.67, Qty=0.06703810, PnL%=49.31% (websocket_helper.py:703)
2025-06-10 00:30:05,658 - webhook_logger - INFO - üîé AST-USD: Entry=0.0386, Now=0.0387, Qty=0.2, PnL%=0.26% (websocket_helper.py:703)
2025-06-10 00:30:05,658 - webhook_logger - INFO - üõë SL trigger for AST-USD: 0.26% (websocket_helper.py:709)
2025-06-10 00:30:05,926 - webhook_logger - INFO - üîé BTC-USD: Entry=95065.47, Now=109262.39, Qty=0.00257846, PnL%=14.93% (websocket_helper.py:703)
2025-06-10 00:30:05,926 - webhook_logger - INFO - üîé SKL-USD: Entry=0.0221, Now=0.0222, Qty=0.2, PnL%=0.45% (websocket_helper.py:703)
2025-06-10 00:30:05,926 - webhook_logger - INFO - üõë SL trigger for SKL-USD: 0.45% (websocket_helper.py:709)
2025-06-10 00:30:06,168 - webhook_logger - INFO - ‚úÖ monitor_untracked_assets completed (websocket_helper.py:718)
2025-06-10 00:30:06,170 - webhook_logger - INFO - ‚úÖ monitor_untracked_assets completed (websocket_helper.py:645)
2025-06-10 00:30:06,170 - webhook_logger - INFO - ‚è± monitor_and_update_active_orders took 1.12s (listener.py:393)
2025-06-10 00:30:06,170 - webhook_logger - ERROR - üö® refresh_market_data loop exited unexpectedly! (listener.py:409)
NoneType: None
2025-06-10 00:30:25,240 - webhook_logger - WARNING - WebSocket closed unexpectedly: sent 1011 (internal error) keepalive ping timeout; no close frame received. Reconnecting... (listener.py:127)
2025-06-10 00:30:26,803 - webhook_logger - INFO - Connected to wss://advanced-trade-ws.coinbase.com (listener.py:98)
2025-06-10 00:30:27,805 - webhook_logger - INFO - ‚ö° Subscribing to Market Channels... (listener.py:107)
2025-06-10 00:30:27,805 - webhook_logger - INFO - ÔøΩ Subscribing to Market Channels: ['ticker_batch', 'heartbeats'] (websocket_helper.py:320)
2025-06-10 00:30:27,806 - webhook_logger - INFO - Listening on wss://advanced-trade-ws.coinbase.com (listener.py:110)
2025-06-10 00:30:34,676 - webhook_logger - INFO - ‚ö†Ô∏è‚ö†Ô∏è‚ö†Ô∏è  update_market_data took 4.03s    ‚ö†Ô∏è‚ö†Ô∏è‚ö†Ô∏è (listener.py:363)
2025-06-10 00:30:34,677 - webhook_logger - INFO - ‚è± update_market_data (shared_data_manager) took 0.00s (listener.py:386)
2025-06-10 00:30:34,737 - webhook_logger - INFO - ‚úÖ monitor_untracked_assets is <class 'method'> (websocket_helper.py:634)
2025-06-10 00:30:34,737 - webhook_logger - INFO - üß™ About to await monitor_untracked_assets (websocket_helper.py:635)
2025-06-10 00:30:34,739 - webhook_logger - INFO - üì± Starting monitor_untracked_assets (websocket_helper.py:656)
2025-06-10 00:30:34,741 - webhook_logger - INFO - üîé INDEX-USD: Entry=1.17, Now=1.2, Qty=0.002, PnL%=2.56% (websocket_helper.py:703)
2025-06-10 00:30:34,741 - webhook_logger - INFO - üí∞ TP trigger for INDEX-USD: 2.56% (websocket_helper.py:706)
2025-06-10 00:30:34,994 - webhook_logger - INFO - ‚è∏Ô∏è Skipping TP order for INDEX-USD: open order exists (websocket_helper.py:732)
2025-06-10 00:30:34,994 - webhook_logger - INFO - üîé MASK-USD: Entry=1.65, Now=1.64, Qty=0.02, PnL%=-0.61% (websocket_helper.py:703)
2025-06-10 00:30:34,994 - webhook_logger - INFO - üõë SL trigger for MASK-USD: -0.61% (websocket_helper.py:709)
2025-06-10 00:30:35,243 - webhook_logger - INFO - üîé ETH-USD: Entry=1791.99, Now=2677.7, Qty=0.06703810, PnL%=49.43% (websocket_helper.py:703)
2025-06-10 00:30:35,243 - webhook_logger - INFO - üîé AST-USD: Entry=0.0386, Now=0.0387, Qty=0.2, PnL%=0.26% (websocket_helper.py:703)
2025-06-10 00:30:35,244 - webhook_logger - INFO - üõë SL trigger for AST-USD: 0.26% (websocket_helper.py:709)
2025-06-10 00:30:35,517 - webhook_logger - INFO - üîé BTC-USD: Entry=95065.47, Now=109286.44, Qty=0.00257846, PnL%=14.96% (websocket_helper.py:703)
2025-06-10 00:30:35,517 - webhook_logger - INFO - üîé SKL-USD: Entry=0.0221, Now=0.0222, Qty=0.2, PnL%=0.45% (websocket_helper.py:703)
2025-06-10 00:30:35,518 - webhook_logger - INFO - üõë SL trigger for SKL-USD: 0.45% (websocket_helper.py:709)
2025-06-10 00:30:35,779 - webhook_logger - INFO - ‚úÖ monitor_untracked_assets completed (websocket_helper.py:718)
2025-06-10 00:30:35,780 - webhook_logger - INFO - ‚úÖ monitor_untracked_assets completed (websocket_helper.py:645)
2025-06-10 00:30:35,781 - webhook_logger - INFO - ‚è± monitor_and_update_active_orders took 1.10s (listener.py:393)
2025-06-10 00:30:35,781 - webhook_logger - ERROR - üö® refresh_market_data loop exited unexpectedly! (listener.py:409)
NoneType: None
2025-06-10 00:30:47,884 - webhook_logger - WARNING - WebSocket closed unexpectedly: sent 1011 (internal error) keepalive ping timeout; no close frame received. Reconnecting... (listener.py:127)
2025-06-10 00:30:49,427 - webhook_logger - INFO - Connected to wss://advanced-trade-ws.coinbase.com (listener.py:98)
2025-06-10 00:30:50,428 - webhook_logger - INFO - ‚ö° Subscribing to Market Channels... (listener.py:107)
2025-06-10 00:30:50,428 - webhook_logger - INFO - ÔøΩ Subscribing to Market Channels: ['ticker_batch', 'heartbeats'] (websocket_helper.py:320)
2025-06-10 00:30:50,429 - webhook_logger - INFO - Listening on wss://advanced-trade-ws.coinbase.com (listener.py:110)
2025-06-10 00:31:04,732 - webhook_logger - INFO - ‚ö†Ô∏è‚ö†Ô∏è‚ö†Ô∏è  update_market_data took 4.08s    ‚ö†Ô∏è‚ö†Ô∏è‚ö†Ô∏è (listener.py:363)
2025-06-10 00:31:04,732 - webhook_logger - INFO - ‚è± update_market_data (shared_data_manager) took 0.00s (listener.py:386)
2025-06-10 00:31:04,796 - webhook_logger - INFO - ‚úÖ monitor_untracked_assets is <class 'method'> (websocket_helper.py:634)
2025-06-10 00:31:04,796 - webhook_logger - INFO - üß™ About to await monitor_untracked_assets (websocket_helper.py:635)
2025-06-10 00:31:04,800 - webhook_logger - INFO - üì± Starting monitor_untracked_assets (websocket_helper.py:656)
2025-06-10 00:31:04,802 - webhook_logger - INFO - üîé INDEX-USD: Entry=1.17, Now=1.2, Qty=0.002, PnL%=2.56% (websocket_helper.py:703)
2025-06-10 00:31:04,802 - webhook_logger - INFO - üí∞ TP trigger for INDEX-USD: 2.56% (websocket_helper.py:706)
2025-06-10 00:31:05,059 - webhook_logger - INFO - ‚è∏Ô∏è Skipping TP order for INDEX-USD: open order exists (websocket_helper.py:732)
2025-06-10 00:31:05,059 - webhook_logger - INFO - üîé MASK-USD: Entry=1.65, Now=1.64, Qty=0.02, PnL%=-0.61% (websocket_helper.py:703)
2025-06-10 00:31:05,059 - webhook_logger - INFO - üõë SL trigger for MASK-USD: -0.61% (websocket_helper.py:709)
2025-06-10 00:31:05,312 - webhook_logger - INFO - üîé ETH-USD: Entry=1791.99, Now=2681.57, Qty=0.06703810, PnL%=49.64% (websocket_helper.py:703)
2025-06-10 00:31:05,312 - webhook_logger - INFO - üîé AST-USD: Entry=0.0386, Now=0.0386, Qty=0.2, PnL%=0.00% (websocket_helper.py:703)
2025-06-10 00:31:05,313 - webhook_logger - INFO - üõë SL trigger for AST-USD: 0.00% (websocket_helper.py:709)
2025-06-10 00:31:05,569 - webhook_logger - INFO - üîé BTC-USD: Entry=95065.47, Now=109356.14, Qty=0.00257846, PnL%=15.03% (websocket_helper.py:703)
2025-06-10 00:31:05,569 - webhook_logger - INFO - üîé SKL-USD: Entry=0.0221, Now=0.0222, Qty=0.2, PnL%=0.45% (websocket_helper.py:703)
2025-06-10 00:31:05,570 - webhook_logger - INFO - üõë SL trigger for SKL-USD: 0.45% (websocket_helper.py:709)
2025-06-10 00:31:05,831 - webhook_logger - INFO - ‚úÖ monitor_untracked_assets completed (websocket_helper.py:718)
2025-06-10 00:31:05,833 - webhook_logger - INFO - ‚úÖ monitor_untracked_assets completed (websocket_helper.py:645)
2025-06-10 00:31:05,834 - webhook_logger - INFO - ‚è± monitor_and_update_active_orders took 1.10s (listener.py:393)
2025-06-10 00:31:05,834 - webhook_logger - ERROR - üö® refresh_market_data loop exited unexpectedly! (listener.py:409)
NoneType: None
2025-06-10 00:31:26,814 - webhook_logger - WARNING - WebSocket closed unexpectedly: sent 1011 (internal error) keepalive ping timeout; no close frame received. Reconnecting... (listener.py:127)
2025-06-10 00:31:28,397 - webhook_logger - INFO - Connected to wss://advanced-trade-ws.coinbase.com (listener.py:98)
2025-06-10 00:31:29,400 - webhook_logger - INFO - ‚ö° Subscribing to Market Channels... (listener.py:107)
2025-06-10 00:31:29,400 - webhook_logger - INFO - ÔøΩ Subscribing to Market Channels: ['ticker_batch', 'heartbeats'] (websocket_helper.py:320)
2025-06-10 00:31:29,402 - webhook_logger - INFO - Listening on wss://advanced-trade-ws.coinbase.com (listener.py:110)
2025-06-10 00:31:34,699 - webhook_logger - INFO - ‚ö†Ô∏è‚ö†Ô∏è‚ö†Ô∏è  update_market_data took 4.05s    ‚ö†Ô∏è‚ö†Ô∏è‚ö†Ô∏è (listener.py:363)
2025-06-10 00:31:34,699 - webhook_logger - INFO - ‚è± update_market_data (shared_data_manager) took 0.00s (listener.py:386)
2025-06-10 00:31:34,760 - webhook_logger - INFO - ‚úÖ monitor_untracked_assets is <class 'method'> (websocket_helper.py:634)
2025-06-10 00:31:34,760 - webhook_logger - INFO - üß™ About to await monitor_untracked_assets (websocket_helper.py:635)
2025-06-10 00:31:34,762 - webhook_logger - INFO - üì± Starting monitor_untracked_assets (websocket_helper.py:656)
2025-06-10 00:31:34,767 - webhook_logger - INFO - üîé INDEX-USD: Entry=1.17, Now=1.2, Qty=0.002, PnL%=2.56% (websocket_helper.py:703)
2025-06-10 00:31:34,772 - webhook_logger - INFO - üí∞ TP trigger for INDEX-USD: 2.56% (websocket_helper.py:706)
2025-06-10 00:31:35,046 - webhook_logger - INFO - ‚è∏Ô∏è Skipping TP order for INDEX-USD: open order exists (websocket_helper.py:732)
2025-06-10 00:31:35,047 - webhook_logger - INFO - üîé MASK-USD: Entry=1.65, Now=1.64, Qty=0.02, PnL%=-0.61% (websocket_helper.py:703)
2025-06-10 00:31:35,047 - webhook_logger - INFO - üõë SL trigger for MASK-USD: -0.61% (websocket_helper.py:709)
2025-06-10 00:31:35,425 - webhook_logger - INFO - üîé ETH-USD: Entry=1791.99, Now=2681.24, Qty=0.06703810, PnL%=49.62% (websocket_helper.py:703)
2025-06-10 00:31:35,425 - webhook_logger - INFO - üîé AST-USD: Entry=0.0386, Now=0.0386, Qty=0.2, PnL%=0.00% (websocket_helper.py:703)
2025-06-10 00:31:35,425 - webhook_logger - INFO - üõë SL trigger for AST-USD: 0.00% (websocket_helper.py:709)
2025-06-10 00:31:35,676 - webhook_logger - INFO - üîé BTC-USD: Entry=95065.47, Now=109350.05, Qty=0.00257846, PnL%=15.03% (websocket_helper.py:703)
2025-06-10 00:31:35,677 - webhook_logger - INFO - üîé SKL-USD: Entry=0.0221, Now=0.0222, Qty=0.2, PnL%=0.45% (websocket_helper.py:703)
2025-06-10 00:31:35,677 - webhook_logger - INFO - üõë SL trigger for SKL-USD: 0.45% (websocket_helper.py:709)
2025-06-10 00:31:35,930 - webhook_logger - INFO - ‚úÖ monitor_untracked_assets completed (websocket_helper.py:718)
2025-06-10 00:31:35,931 - webhook_logger - INFO - ‚úÖ monitor_untracked_assets completed (websocket_helper.py:645)
2025-06-10 00:31:35,931 - webhook_logger - INFO - ‚è± monitor_and_update_active_orders took 1.23s (listener.py:393)
2025-06-10 00:31:35,931 - webhook_logger - ERROR - üö® refresh_market_data loop exited unexpectedly! (listener.py:409)
NoneType: None
2025-06-10 00:31:49,439 - webhook_logger - WARNING - WebSocket closed unexpectedly: sent 1011 (internal error) keepalive ping timeout; no close frame received. Reconnecting... (listener.py:127)
2025-06-10 00:31:50,993 - webhook_logger - INFO - Connected to wss://advanced-trade-ws.coinbase.com (listener.py:98)
2025-06-10 00:31:52,073 - webhook_logger - INFO - ‚ö° Subscribing to Market Channels... (listener.py:107)
2025-06-10 00:31:52,073 - webhook_logger - INFO - ÔøΩ Subscribing to Market Channels: ['ticker_batch', 'heartbeats'] (websocket_helper.py:320)
2025-06-10 00:31:52,074 - webhook_logger - INFO - Listening on wss://advanced-trade-ws.coinbase.com (listener.py:110)
2025-06-10 00:32:05,056 - webhook_logger - INFO - ‚ö†Ô∏è‚ö†Ô∏è‚ö†Ô∏è  update_market_data took 4.40s    ‚ö†Ô∏è‚ö†Ô∏è‚ö†Ô∏è (listener.py:363)
2025-06-10 00:32:05,056 - webhook_logger - INFO - ‚è± update_market_data (shared_data_manager) took 0.00s (listener.py:386)
2025-06-10 00:32:05,121 - webhook_logger - INFO - ‚úÖ monitor_untracked_assets is <class 'method'> (websocket_helper.py:634)
2025-06-10 00:32:05,121 - webhook_logger - INFO - üß™ About to await monitor_untracked_assets (websocket_helper.py:635)
2025-06-10 00:32:05,124 - webhook_logger - INFO - üì± Starting monitor_untracked_assets (websocket_helper.py:656)
2025-06-10 00:32:05,126 - webhook_logger - INFO - üîé INDEX-USD: Entry=1.17, Now=1.2, Qty=0.002, PnL%=2.56% (websocket_helper.py:703)
2025-06-10 00:32:05,126 - webhook_logger - INFO - üí∞ TP trigger for INDEX-USD: 2.56% (websocket_helper.py:706)
2025-06-10 00:32:05,419 - webhook_logger - INFO - ‚è∏Ô∏è Skipping TP order for INDEX-USD: open order exists (websocket_helper.py:732)
2025-06-10 00:32:05,419 - webhook_logger - INFO - üîé MASK-USD: Entry=1.65, Now=1.64, Qty=0.02, PnL%=-0.61% (websocket_helper.py:703)
2025-06-10 00:32:05,419 - webhook_logger - INFO - üõë SL trigger for MASK-USD: -0.61% (websocket_helper.py:709)
2025-06-10 00:32:05,884 - webhook_logger - INFO - üîé ETH-USD: Entry=1791.99, Now=2679.67, Qty=0.06703810, PnL%=49.54% (websocket_helper.py:703)
2025-06-10 00:32:05,884 - webhook_logger - INFO - üîé AST-USD: Entry=0.0386, Now=0.0386, Qty=0.2, PnL%=0.00% (websocket_helper.py:703)
2025-06-10 00:32:05,885 - webhook_logger - INFO - üõë SL trigger for AST-USD: 0.00% (websocket_helper.py:709)
2025-06-10 00:32:06,137 - webhook_logger - INFO - üîé BTC-USD: Entry=95065.47, Now=109309.95, Qty=0.00257846, PnL%=14.98% (websocket_helper.py:703)
2025-06-10 00:32:06,138 - webhook_logger - INFO - üîé SKL-USD: Entry=0.0221, Now=0.0222, Qty=0.2, PnL%=0.45% (websocket_helper.py:703)
2025-06-10 00:32:06,138 - webhook_logger - INFO - üõë SL trigger for SKL-USD: 0.45% (websocket_helper.py:709)
2025-06-10 00:32:06,399 - webhook_logger - INFO - ‚úÖ monitor_untracked_assets completed (websocket_helper.py:718)
2025-06-10 00:32:06,401 - webhook_logger - INFO - ‚úÖ monitor_untracked_assets completed (websocket_helper.py:645)
2025-06-10 00:32:06,401 - webhook_logger - INFO - ‚è± monitor_and_update_active_orders took 1.34s (listener.py:393)
2025-06-10 00:32:06,401 - webhook_logger - ERROR - üö® refresh_market_data loop exited unexpectedly! (listener.py:409)
NoneType: None
2025-06-10 00:32:28,554 - webhook_logger - WARNING - WebSocket closed unexpectedly: sent 1011 (internal error) keepalive ping timeout; no close frame received. Reconnecting... (listener.py:127)
2025-06-10 00:32:30,148 - webhook_logger - INFO - Connected to wss://advanced-trade-ws.coinbase.com (listener.py:98)
2025-06-10 00:32:31,503 - webhook_logger - INFO - ‚ö° Subscribing to Market Channels... (listener.py:107)
2025-06-10 00:32:31,503 - webhook_logger - INFO - ÔøΩ Subscribing to Market Channels: ['ticker_batch', 'heartbeats'] (websocket_helper.py:320)
2025-06-10 00:32:31,505 - webhook_logger - INFO - Listening on wss://advanced-trade-ws.coinbase.com (listener.py:110)
2025-06-10 00:32:35,728 - webhook_logger - INFO - ‚ö†Ô∏è‚ö†Ô∏è‚ö†Ô∏è  update_market_data took 5.07s    ‚ö†Ô∏è‚ö†Ô∏è‚ö†Ô∏è (listener.py:363)
2025-06-10 00:32:35,729 - webhook_logger - INFO - ‚è± update_market_data (shared_data_manager) took 0.00s (listener.py:386)
2025-06-10 00:32:35,800 - webhook_logger - INFO - ‚úÖ monitor_untracked_assets is <class 'method'> (websocket_helper.py:634)
2025-06-10 00:32:35,800 - webhook_logger - INFO - üß™ About to await monitor_untracked_assets (websocket_helper.py:635)
2025-06-10 00:32:35,806 - webhook_logger - INFO - üì± Starting monitor_untracked_assets (websocket_helper.py:656)
2025-06-10 00:32:35,808 - webhook_logger - INFO - üîé INDEX-USD: Entry=1.17, Now=1.2, Qty=0.002, PnL%=2.56% (websocket_helper.py:703)
2025-06-10 00:32:35,808 - webhook_logger - INFO - üí∞ TP trigger for INDEX-USD: 2.56% (websocket_helper.py:706)
2025-06-10 00:32:36,080 - webhook_logger - INFO - ‚è∏Ô∏è Skipping TP order for INDEX-USD: open order exists (websocket_helper.py:732)
2025-06-10 00:32:36,080 - webhook_logger - INFO - üîé MASK-USD: Entry=1.65, Now=1.64, Qty=0.02, PnL%=-0.61% (websocket_helper.py:703)
2025-06-10 00:32:36,081 - webhook_logger - INFO - üõë SL trigger for MASK-USD: -0.61% (websocket_helper.py:709)
2025-06-10 00:32:36,331 - webhook_logger - INFO - üîé ETH-USD: Entry=1791.99, Now=2679.35, Qty=0.06703810, PnL%=49.52% (websocket_helper.py:703)
2025-06-10 00:32:36,331 - webhook_logger - INFO - üîé AST-USD: Entry=0.0386, Now=0.0386, Qty=0.2, PnL%=0.00% (websocket_helper.py:703)
2025-06-10 00:32:36,332 - webhook_logger - INFO - üõë SL trigger for AST-USD: 0.00% (websocket_helper.py:709)
2025-06-10 00:32:36,623 - webhook_logger - INFO - üîé BTC-USD: Entry=95065.47, Now=109301.04, Qty=0.00257846, PnL%=14.97% (websocket_helper.py:703)
2025-06-10 00:32:36,624 - webhook_logger - INFO - üîé SKL-USD: Entry=0.0221, Now=0.0222, Qty=0.2, PnL%=0.45% (websocket_helper.py:703)
2025-06-10 00:32:36,625 - webhook_logger - INFO - üõë SL trigger for SKL-USD: 0.45% (websocket_helper.py:709)
2025-06-10 00:32:36,889 - webhook_logger - INFO - ‚úÖ monitor_untracked_assets completed (websocket_helper.py:718)
2025-06-10 00:32:36,891 - webhook_logger - INFO - ‚úÖ monitor_untracked_assets completed (websocket_helper.py:645)
2025-06-10 00:32:36,891 - webhook_logger - INFO - ‚è± monitor_and_update_active_orders took 1.16s (listener.py:393)
2025-06-10 00:32:36,891 - webhook_logger - ERROR - üö® refresh_market_data loop exited unexpectedly! (listener.py:409)
NoneType: None
2025-06-10 00:32:51,570 - webhook_logger - WARNING - WebSocket closed unexpectedly: sent 1011 (internal error) keepalive ping timeout; no close frame received. Reconnecting... (listener.py:127)
2025-06-10 00:32:53,231 - webhook_logger - INFO - Connected to wss://advanced-trade-ws.coinbase.com (listener.py:98)
2025-06-10 00:32:54,232 - webhook_logger - INFO - ‚ö° Subscribing to Market Channels... (listener.py:107)
2025-06-10 00:32:54,233 - webhook_logger - INFO - ÔøΩ Subscribing to Market Channels: ['ticker_batch', 'heartbeats'] (websocket_helper.py:320)
2025-06-10 00:32:54,235 - webhook_logger - INFO - Listening on wss://advanced-trade-ws.coinbase.com (listener.py:110)
2025-06-10 00:33:05,517 - webhook_logger - INFO - ‚ö†Ô∏è‚ö†Ô∏è‚ö†Ô∏è  update_market_data took 4.85s    ‚ö†Ô∏è‚ö†Ô∏è‚ö†Ô∏è (listener.py:363)
2025-06-10 00:33:05,518 - webhook_logger - INFO - ‚è± update_market_data (shared_data_manager) took 0.00s (listener.py:386)
2025-06-10 00:33:05,581 - webhook_logger - INFO - ‚úÖ monitor_untracked_assets is <class 'method'> (websocket_helper.py:634)
2025-06-10 00:33:05,581 - webhook_logger - INFO - üß™ About to await monitor_untracked_assets (websocket_helper.py:635)
2025-06-10 00:33:05,582 - webhook_logger - INFO - üì± Starting monitor_untracked_assets (websocket_helper.py:656)
2025-06-10 00:33:05,585 - webhook_logger - INFO - üîé INDEX-USD: Entry=1.17, Now=1.2, Qty=0.002, PnL%=2.56% (websocket_helper.py:703)
2025-06-10 00:33:05,585 - webhook_logger - INFO - üí∞ TP trigger for INDEX-USD: 2.56% (websocket_helper.py:706)
2025-06-10 00:33:05,907 - webhook_logger - INFO - ‚è∏Ô∏è Skipping TP order for INDEX-USD: open order exists (websocket_helper.py:732)
2025-06-10 00:33:05,907 - webhook_logger - INFO - üîé MASK-USD: Entry=1.65, Now=1.65, Qty=0.02, PnL%=-0.00% (websocket_helper.py:703)
2025-06-10 00:33:05,908 - webhook_logger - INFO - üõë SL trigger for MASK-USD: -0.00% (websocket_helper.py:709)
2025-06-10 00:33:06,150 - webhook_logger - INFO - üîé ETH-USD: Entry=1791.99, Now=2677.73, Qty=0.06703810, PnL%=49.43% (websocket_helper.py:703)
2025-06-10 00:33:06,150 - webhook_logger - INFO - üîé AST-USD: Entry=0.0386, Now=0.0386, Qty=0.2, PnL%=0.00% (websocket_helper.py:703)
2025-06-10 00:33:06,150 - webhook_logger - INFO - üõë SL trigger for AST-USD: 0.00% (websocket_helper.py:709)
2025-06-10 00:33:06,417 - webhook_logger - INFO - üîé BTC-USD: Entry=95065.47, Now=109245.93, Qty=0.00257846, PnL%=14.92% (websocket_helper.py:703)
2025-06-10 00:33:06,417 - webhook_logger - INFO - üîé SKL-USD: Entry=0.0221, Now=0.0222, Qty=0.2, PnL%=0.45% (websocket_helper.py:703)
2025-06-10 00:33:06,418 - webhook_logger - INFO - üõë SL trigger for SKL-USD: 0.45% (websocket_helper.py:709)
2025-06-10 00:33:06,692 - webhook_logger - INFO - ‚úÖ monitor_untracked_assets completed (websocket_helper.py:718)
2025-06-10 00:33:06,693 - webhook_logger - INFO - ‚úÖ monitor_untracked_assets completed (websocket_helper.py:645)
2025-06-10 00:33:06,694 - webhook_logger - INFO - ‚è± monitor_and_update_active_orders took 1.18s (listener.py:393)
2025-06-10 00:33:06,694 - webhook_logger - ERROR - üö® refresh_market_data loop exited unexpectedly! (listener.py:409)
NoneType: None
2025-06-10 00:33:30,162 - webhook_logger - WARNING - WebSocket closed unexpectedly: sent 1011 (internal error) keepalive ping timeout; no close frame received. Reconnecting... (listener.py:127)
2025-06-10 00:33:35,821 - webhook_logger - INFO - ‚ö†Ô∏è‚ö†Ô∏è‚ö†Ô∏è  update_market_data took 5.15s    ‚ö†Ô∏è‚ö†Ô∏è‚ö†Ô∏è (listener.py:363)
2025-06-10 00:33:35,821 - webhook_logger - INFO - ‚è± update_market_data (shared_data_manager) took 0.00s (listener.py:386)
2025-06-10 00:33:35,902 - webhook_logger - INFO - ‚úÖ monitor_untracked_assets is <class 'method'> (websocket_helper.py:634)
2025-06-10 00:33:35,903 - webhook_logger - INFO - üß™ About to await monitor_untracked_assets (websocket_helper.py:635)
2025-06-10 00:33:35,904 - webhook_logger - INFO - üì± Starting monitor_untracked_assets (websocket_helper.py:656)
2025-06-10 00:33:35,907 - webhook_logger - INFO - üîé INDEX-USD: Entry=1.17, Now=1.2, Qty=0.002, PnL%=2.56% (websocket_helper.py:703)
2025-06-10 00:33:35,907 - webhook_logger - INFO - üí∞ TP trigger for INDEX-USD: 2.56% (websocket_helper.py:706)
2025-06-10 00:33:35,964 - webhook_logger - INFO - Connected to wss://advanced-trade-ws.coinbase.com (listener.py:98)
2025-06-10 00:33:36,183 - webhook_logger - INFO - ‚è∏Ô∏è Skipping TP order for INDEX-USD: open order exists (websocket_helper.py:732)
2025-06-10 00:33:36,184 - webhook_logger - INFO - üîé MASK-USD: Entry=1.65, Now=1.65, Qty=0.02, PnL%=-0.00% (websocket_helper.py:703)
2025-06-10 00:33:36,184 - webhook_logger - INFO - üõë SL trigger for MASK-USD: -0.00% (websocket_helper.py:709)
2025-06-10 00:33:36,435 - webhook_logger - INFO - üîé ETH-USD: Entry=1791.99, Now=2675.57, Qty=0.06703810, PnL%=49.31% (websocket_helper.py:703)
2025-06-10 00:33:36,435 - webhook_logger - INFO - üîé AST-USD: Entry=0.0386, Now=0.0386, Qty=0.2, PnL%=0.00% (websocket_helper.py:703)
2025-06-10 00:33:36,436 - webhook_logger - INFO - üõë SL trigger for AST-USD: 0.00% (websocket_helper.py:709)
2025-06-10 00:33:36,707 - webhook_logger - INFO - üîé BTC-USD: Entry=95065.47, Now=109198.49, Qty=0.00257846, PnL%=14.87% (websocket_helper.py:703)
2025-06-10 00:33:36,707 - webhook_logger - INFO - üîé SKL-USD: Entry=0.0221, Now=0.0222, Qty=0.2, PnL%=0.45% (websocket_helper.py:703)
2025-06-10 00:33:36,708 - webhook_logger - INFO - üõë SL trigger for SKL-USD: 0.45% (websocket_helper.py:709)
2025-06-10 00:33:36,973 - webhook_logger - INFO - ‚úÖ monitor_untracked_assets completed (websocket_helper.py:718)
2025-06-10 00:33:36,979 - webhook_logger - INFO - ‚úÖ monitor_untracked_assets completed (websocket_helper.py:645)
2025-06-10 00:33:36,980 - webhook_logger - INFO - ‚è± monitor_and_update_active_orders took 1.16s (listener.py:393)
2025-06-10 00:33:36,980 - webhook_logger - ERROR - üö® refresh_market_data loop exited unexpectedly! (listener.py:409)
NoneType: None
2025-06-10 00:33:36,981 - webhook_logger - INFO - ‚ö° Subscribing to Market Channels... (listener.py:107)
2025-06-10 00:33:36,982 - webhook_logger - INFO - ÔøΩ Subscribing to Market Channels: ['ticker_batch', 'heartbeats'] (websocket_helper.py:320)
2025-06-10 00:33:36,983 - webhook_logger - INFO - Listening on wss://advanced-trade-ws.coinbase.com (listener.py:110)
2025-06-10 00:33:56,050 - webhook_logger - WARNING - WebSocket closed unexpectedly: sent 1011 (internal error) keepalive ping timeout; no close frame received. Reconnecting... (listener.py:127)
2025-06-10 00:33:57,596 - webhook_logger - INFO - Connected to wss://advanced-trade-ws.coinbase.com (listener.py:98)
2025-06-10 00:33:58,599 - webhook_logger - INFO - ‚ö° Subscribing to Market Channels... (listener.py:107)
2025-06-10 00:33:58,600 - webhook_logger - INFO - ÔøΩ Subscribing to Market Channels: ['ticker_batch', 'heartbeats'] (websocket_helper.py:320)
2025-06-10 00:33:58,602 - webhook_logger - INFO - Listening on wss://advanced-trade-ws.coinbase.com (listener.py:110)
2025-06-10 00:34:05,768 - webhook_logger - INFO - ‚ö†Ô∏è‚ö†Ô∏è‚ö†Ô∏è  update_market_data took 5.09s    ‚ö†Ô∏è‚ö†Ô∏è‚ö†Ô∏è (listener.py:363)
2025-06-10 00:34:05,769 - webhook_logger - INFO - ‚è± update_market_data (shared_data_manager) took 0.00s (listener.py:386)
2025-06-10 00:34:05,864 - webhook_logger - INFO - ‚úÖ monitor_untracked_assets is <class 'method'> (websocket_helper.py:634)
2025-06-10 00:34:05,864 - webhook_logger - INFO - üß™ About to await monitor_untracked_assets (websocket_helper.py:635)
2025-06-10 00:34:05,865 - webhook_logger - INFO - üì± Starting monitor_untracked_assets (websocket_helper.py:656)
2025-06-10 00:34:05,867 - webhook_logger - INFO - üîé INDEX-USD: Entry=1.17, Now=1.2, Qty=0.002, PnL%=2.56% (websocket_helper.py:703)
2025-06-10 00:34:05,867 - webhook_logger - INFO - üí∞ TP trigger for INDEX-USD: 2.56% (websocket_helper.py:706)
2025-06-10 00:34:06,131 - webhook_logger - INFO - ‚è∏Ô∏è Skipping TP order for INDEX-USD: open order exists (websocket_helper.py:732)
2025-06-10 00:34:06,132 - webhook_logger - INFO - üîé MASK-USD: Entry=1.65, Now=1.65, Qty=0.02, PnL%=-0.00% (websocket_helper.py:703)
2025-06-10 00:34:06,132 - webhook_logger - INFO - üõë SL trigger for MASK-USD: -0.00% (websocket_helper.py:709)
2025-06-10 00:34:06,391 - webhook_logger - INFO - üîé ETH-USD: Entry=1791.99, Now=2675.47, Qty=0.06703810, PnL%=49.30% (websocket_helper.py:703)
2025-06-10 00:34:06,391 - webhook_logger - INFO - üîé AST-USD: Entry=0.0386, Now=0.0386, Qty=0.2, PnL%=0.00% (websocket_helper.py:703)
2025-06-10 00:34:06,391 - webhook_logger - INFO - üõë SL trigger for AST-USD: 0.00% (websocket_helper.py:709)
2025-06-10 00:34:06,641 - webhook_logger - INFO - üîé BTC-USD: Entry=95065.47, Now=109187.0, Qty=0.00257846, PnL%=14.85% (websocket_helper.py:703)
2025-06-10 00:34:06,642 - webhook_logger - INFO - üîé SKL-USD: Entry=0.0221, Now=0.0222, Qty=0.2, PnL%=0.45% (websocket_helper.py:703)
2025-06-10 00:34:06,642 - webhook_logger - INFO - üõë SL trigger for SKL-USD: 0.45% (websocket_helper.py:709)
2025-06-10 00:34:06,914 - webhook_logger - INFO - ‚úÖ monitor_untracked_assets completed (websocket_helper.py:718)
2025-06-10 00:34:06,915 - webhook_logger - INFO - ‚úÖ monitor_untracked_assets completed (websocket_helper.py:645)
2025-06-10 00:34:06,916 - webhook_logger - INFO - ‚è± monitor_and_update_active_orders took 1.15s (listener.py:393)
2025-06-10 00:34:06,916 - webhook_logger - ERROR - üö® refresh_market_data loop exited unexpectedly! (listener.py:409)
NoneType: None
2025-06-10 00:34:35,120 - webhook_logger - INFO - ‚ö†Ô∏è‚ö†Ô∏è‚ö†Ô∏è  update_market_data took 4.44s    ‚ö†Ô∏è‚ö†Ô∏è‚ö†Ô∏è (listener.py:363)
2025-06-10 00:34:35,121 - webhook_logger - INFO - ‚è± update_market_data (shared_data_manager) took 0.00s (listener.py:386)
2025-06-10 00:34:35,189 - webhook_logger - INFO - ‚úÖ monitor_untracked_assets is <class 'method'> (websocket_helper.py:634)
2025-06-10 00:34:35,189 - webhook_logger - INFO - üß™ About to await monitor_untracked_assets (websocket_helper.py:635)
2025-06-10 00:34:35,191 - webhook_logger - INFO - üì± Starting monitor_untracked_assets (websocket_helper.py:656)
2025-06-10 00:34:35,194 - webhook_logger - INFO - üîé INDEX-USD: Entry=1.17, Now=1.2, Qty=0.002, PnL%=2.56% (websocket_helper.py:703)
2025-06-10 00:34:35,194 - webhook_logger - INFO - üí∞ TP trigger for INDEX-USD: 2.56% (websocket_helper.py:706)
2025-06-10 00:34:35,467 - webhook_logger - INFO - ‚è∏Ô∏è Skipping TP order for INDEX-USD: open order exists (websocket_helper.py:732)
2025-06-10 00:34:35,468 - webhook_logger - INFO - üîé MASK-USD: Entry=1.65, Now=1.65, Qty=0.02, PnL%=-0.00% (websocket_helper.py:703)
2025-06-10 00:34:35,468 - webhook_logger - INFO - üõë SL trigger for MASK-USD: -0.00% (websocket_helper.py:709)
2025-06-10 00:34:35,710 - webhook_logger - INFO - üîé ETH-USD: Entry=1791.99, Now=2674.91, Qty=0.06703810, PnL%=49.27% (websocket_helper.py:703)
2025-06-10 00:34:35,711 - webhook_logger - INFO - üîé AST-USD: Entry=0.0386, Now=0.0386, Qty=0.2, PnL%=0.00% (websocket_helper.py:703)
2025-06-10 00:34:35,711 - webhook_logger - INFO - üõë SL trigger for AST-USD: 0.00% (websocket_helper.py:709)
2025-06-10 00:34:36,020 - webhook_logger - INFO - üîé BTC-USD: Entry=95065.47, Now=109165.2, Qty=0.00257846, PnL%=14.83% (websocket_helper.py:703)
2025-06-10 00:34:36,020 - webhook_logger - INFO - üîé SKL-USD: Entry=0.0221, Now=0.0222, Qty=0.2, PnL%=0.45% (websocket_helper.py:703)
2025-06-10 00:34:36,021 - webhook_logger - INFO - üõë SL trigger for SKL-USD: 0.45% (websocket_helper.py:709)
2025-06-10 00:34:36,268 - webhook_logger - INFO - ‚úÖ monitor_untracked_assets completed (websocket_helper.py:718)
2025-06-10 00:34:36,269 - webhook_logger - INFO - ‚úÖ monitor_untracked_assets completed (websocket_helper.py:645)
2025-06-10 00:34:36,269 - webhook_logger - INFO - ‚è± monitor_and_update_active_orders took 1.15s (listener.py:393)
2025-06-10 00:34:36,270 - webhook_logger - ERROR - üö® refresh_market_data loop exited unexpectedly! (listener.py:409)
NoneType: None
2025-06-10 00:34:38,558 - webhook_logger - WARNING - WebSocket closed unexpectedly: sent 1011 (internal error) keepalive ping timeout; no close frame received. Reconnecting... (listener.py:127)
2025-06-10 00:34:40,176 - webhook_logger - INFO - Connected to wss://advanced-trade-ws.coinbase.com (listener.py:98)
2025-06-10 00:34:41,178 - webhook_logger - INFO - ‚ö° Subscribing to Market Channels... (listener.py:107)
2025-06-10 00:34:41,178 - webhook_logger - INFO - ÔøΩ Subscribing to Market Channels: ['ticker_batch', 'heartbeats'] (websocket_helper.py:320)
2025-06-10 00:34:41,180 - webhook_logger - INFO - Listening on wss://advanced-trade-ws.coinbase.com (listener.py:110)
2025-06-10 00:34:57,616 - webhook_logger - WARNING - WebSocket closed unexpectedly: sent 1011 (internal error) keepalive ping timeout; no close frame received. Reconnecting... (listener.py:127)
2025-06-10 00:34:59,198 - webhook_logger - INFO - Connected to wss://advanced-trade-ws.coinbase.com (listener.py:98)
2025-06-10 00:35:00,199 - webhook_logger - INFO - ‚ö° Subscribing to Market Channels... (listener.py:107)
2025-06-10 00:35:00,200 - webhook_logger - INFO - ÔøΩ Subscribing to Market Channels: ['ticker_batch', 'heartbeats'] (websocket_helper.py:320)
2025-06-10 00:35:00,201 - webhook_logger - INFO - Listening on wss://advanced-trade-ws.coinbase.com (listener.py:110)
2025-06-10 00:35:05,501 - webhook_logger - INFO - ‚ö†Ô∏è‚ö†Ô∏è‚ö†Ô∏è  update_market_data took 4.82s    ‚ö†Ô∏è‚ö†Ô∏è‚ö†Ô∏è (listener.py:363)
2025-06-10 00:35:05,501 - webhook_logger - INFO - ‚è± update_market_data (shared_data_manager) took 0.00s (listener.py:386)
2025-06-10 00:35:05,569 - webhook_logger - INFO - ‚úÖ monitor_untracked_assets is <class 'method'> (websocket_helper.py:634)
2025-06-10 00:35:05,569 - webhook_logger - INFO - üß™ About to await monitor_untracked_assets (websocket_helper.py:635)
2025-06-10 00:35:05,574 - webhook_logger - INFO - üì± Starting monitor_untracked_assets (websocket_helper.py:656)
2025-06-10 00:35:05,576 - webhook_logger - INFO - üîé INDEX-USD: Entry=1.17, Now=1.2, Qty=0.002, PnL%=2.56% (websocket_helper.py:703)
2025-06-10 00:35:05,576 - webhook_logger - INFO - üí∞ TP trigger for INDEX-USD: 2.56% (websocket_helper.py:706)
2025-06-10 00:35:05,891 - webhook_logger - INFO - ‚è∏Ô∏è Skipping TP order for INDEX-USD: open order exists (websocket_helper.py:732)
2025-06-10 00:35:05,891 - webhook_logger - INFO - üîé MASK-USD: Entry=1.65, Now=1.64, Qty=0.02, PnL%=-0.61% (websocket_helper.py:703)
2025-06-10 00:35:05,892 - webhook_logger - INFO - üõë SL trigger for MASK-USD: -0.61% (websocket_helper.py:709)
2025-06-10 00:35:16,278 - webhook_logger - INFO - üîé ETH-USD: Entry=1791.99, Now=2677.09, Qty=0.06703810, PnL%=49.39% (websocket_helper.py:703)
2025-06-10 00:35:16,278 - webhook_logger - INFO - üîé AST-USD: Entry=0.0386, Now=0.0386, Qty=0.2, PnL%=0.00% (websocket_helper.py:703)
2025-06-10 00:35:16,279 - webhook_logger - INFO - üõë SL trigger for AST-USD: 0.00% (websocket_helper.py:709)
2025-06-10 00:35:17,494 - webhook_logger - INFO - üîé BTC-USD: Entry=95065.47, Now=109225.01, Qty=0.00257846, PnL%=14.89% (websocket_helper.py:703)
2025-06-10 00:35:17,494 - webhook_logger - INFO - üîé SKL-USD: Entry=0.0221, Now=0.0222, Qty=0.2, PnL%=0.45% (websocket_helper.py:703)
2025-06-10 00:35:17,495 - webhook_logger - INFO - üõë SL trigger for SKL-USD: 0.45% (websocket_helper.py:709)
2025-06-10 00:35:17,735 - webhook_logger - INFO - ‚úÖ monitor_untracked_assets completed (websocket_helper.py:718)
2025-06-10 00:35:17,736 - webhook_logger - INFO - ‚úÖ monitor_untracked_assets completed (websocket_helper.py:645)
2025-06-10 00:35:17,736 - webhook_logger - INFO - ‚è± monitor_and_update_active_orders took 12.23s (listener.py:393)
2025-06-10 00:35:17,736 - webhook_logger - ERROR - üö® refresh_market_data loop exited unexpectedly! (listener.py:409)
NoneType: None
2025-06-10 00:35:35,484 - webhook_logger - INFO - ‚ö†Ô∏è‚ö†Ô∏è‚ö†Ô∏è  update_market_data took 4.80s    ‚ö†Ô∏è‚ö†Ô∏è‚ö†Ô∏è (listener.py:363)
2025-06-10 00:35:35,484 - webhook_logger - INFO - ‚è± update_market_data (shared_data_manager) took 0.00s (listener.py:386)
2025-06-10 00:35:35,547 - webhook_logger - INFO - ‚úÖ monitor_untracked_assets is <class 'method'> (websocket_helper.py:634)
2025-06-10 00:35:35,547 - webhook_logger - INFO - üß™ About to await monitor_untracked_assets (websocket_helper.py:635)
2025-06-10 00:35:35,548 - webhook_logger - INFO - üì± Starting monitor_untracked_assets (websocket_helper.py:656)
2025-06-10 00:35:35,550 - webhook_logger - INFO - üîé INDEX-USD: Entry=1.17, Now=1.2, Qty=0.002, PnL%=2.56% (websocket_helper.py:703)
2025-06-10 00:35:35,550 - webhook_logger - INFO - üí∞ TP trigger for INDEX-USD: 2.56% (websocket_helper.py:706)
2025-06-10 00:35:35,889 - webhook_logger - INFO - ‚è∏Ô∏è Skipping TP order for INDEX-USD: open order exists (websocket_helper.py:732)
2025-06-10 00:35:35,889 - webhook_logger - INFO - üîé MASK-USD: Entry=1.65, Now=1.64, Qty=0.02, PnL%=-0.61% (websocket_helper.py:703)
2025-06-10 00:35:35,889 - webhook_logger - INFO - üõë SL trigger for MASK-USD: -0.61% (websocket_helper.py:709)
2025-06-10 00:35:36,123 - webhook_logger - INFO - üîé ETH-USD: Entry=1791.99, Now=2678.36, Qty=0.06703810, PnL%=49.46% (websocket_helper.py:703)
2025-06-10 00:35:36,123 - webhook_logger - INFO - üîé AST-USD: Entry=0.0386, Now=0.0386, Qty=0.2, PnL%=0.00% (websocket_helper.py:703)
2025-06-10 00:35:36,123 - webhook_logger - INFO - üõë SL trigger for AST-USD: 0.00% (websocket_helper.py:709)
2025-06-10 00:35:36,374 - webhook_logger - INFO - üîé BTC-USD: Entry=95065.47, Now=109238.0, Qty=0.00257846, PnL%=14.91% (websocket_helper.py:703)
2025-06-10 00:35:36,374 - webhook_logger - INFO - üîé SKL-USD: Entry=0.0221, Now=0.0222, Qty=0.2, PnL%=0.45% (websocket_helper.py:703)
2025-06-10 00:35:36,375 - webhook_logger - INFO - üõë SL trigger for SKL-USD: 0.45% (websocket_helper.py:709)
2025-06-10 00:35:36,624 - webhook_logger - INFO - ‚úÖ monitor_untracked_assets completed (websocket_helper.py:718)
2025-06-10 00:35:36,624 - webhook_logger - INFO - ‚úÖ monitor_untracked_assets completed (websocket_helper.py:645)
2025-06-10 00:35:36,625 - webhook_logger - INFO - ‚è± monitor_and_update_active_orders took 1.14s (listener.py:393)
2025-06-10 00:35:36,625 - webhook_logger - ERROR - üö® refresh_market_data loop exited unexpectedly! (listener.py:409)
NoneType: None
2025-06-10 00:35:40,191 - webhook_logger - WARNING - WebSocket closed unexpectedly: sent 1011 (internal error) keepalive ping timeout; no close frame received. Reconnecting... (listener.py:127)
2025-06-10 00:35:41,759 - webhook_logger - INFO - Connected to wss://advanced-trade-ws.coinbase.com (listener.py:98)
2025-06-10 00:35:42,761 - webhook_logger - INFO - ‚ö° Subscribing to Market Channels... (listener.py:107)
2025-06-10 00:35:42,761 - webhook_logger - INFO - ÔøΩ Subscribing to Market Channels: ['ticker_batch', 'heartbeats'] (websocket_helper.py:320)
2025-06-10 00:35:42,762 - webhook_logger - INFO - Listening on wss://advanced-trade-ws.coinbase.com (listener.py:110)
2025-06-10 00:35:59,210 - webhook_logger - WARNING - WebSocket closed unexpectedly: sent 1011 (internal error) keepalive ping timeout; no close frame received. Reconnecting... (listener.py:127)
2025-06-10 00:36:01,016 - webhook_logger - INFO - Connected to wss://advanced-trade-ws.coinbase.com (listener.py:98)
2025-06-10 00:36:05,327 - webhook_logger - INFO - ‚ö†Ô∏è‚ö†Ô∏è‚ö†Ô∏è  update_market_data took 4.64s    ‚ö†Ô∏è‚ö†Ô∏è‚ö†Ô∏è (listener.py:363)
2025-06-10 00:36:05,327 - webhook_logger - INFO - ‚è± update_market_data (shared_data_manager) took 0.00s (listener.py:386)
2025-06-10 00:36:05,395 - webhook_logger - INFO - ‚úÖ monitor_untracked_assets is <class 'method'> (websocket_helper.py:634)
2025-06-10 00:36:05,395 - webhook_logger - INFO - üß™ About to await monitor_untracked_assets (websocket_helper.py:635)
2025-06-10 00:36:05,397 - webhook_logger - INFO - üì± Starting monitor_untracked_assets (websocket_helper.py:656)
2025-06-10 00:36:05,399 - webhook_logger - INFO - üîé INDEX-USD: Entry=1.17, Now=1.2, Qty=0.002, PnL%=2.56% (websocket_helper.py:703)
2025-06-10 00:36:05,399 - webhook_logger - INFO - üí∞ TP trigger for INDEX-USD: 2.56% (websocket_helper.py:706)
2025-06-10 00:36:05,468 - webhook_logger - INFO - ‚ö° Subscribing to Market Channels... (listener.py:107)
2025-06-10 00:36:05,468 - webhook_logger - INFO - ÔøΩ Subscribing to Market Channels: ['ticker_batch', 'heartbeats'] (websocket_helper.py:320)
2025-06-10 00:36:05,469 - webhook_logger - INFO - Listening on wss://advanced-trade-ws.coinbase.com (listener.py:110)
2025-06-10 00:36:05,658 - webhook_logger - INFO - ‚è∏Ô∏è Skipping TP order for INDEX-USD: open order exists (websocket_helper.py:732)
2025-06-10 00:36:05,658 - webhook_logger - INFO - üîé MASK-USD: Entry=1.65, Now=1.64, Qty=0.02, PnL%=-0.61% (websocket_helper.py:703)
2025-06-10 00:36:05,658 - webhook_logger - INFO - üõë SL trigger for MASK-USD: -0.61% (websocket_helper.py:709)
2025-06-10 00:36:05,911 - webhook_logger - INFO - üîé ETH-USD: Entry=1791.99, Now=2678.91, Qty=0.06703810, PnL%=49.49% (websocket_helper.py:703)
2025-06-10 00:36:05,911 - webhook_logger - INFO - üîé AST-USD: Entry=0.0386, Now=0.0386, Qty=0.2, PnL%=0.00% (websocket_helper.py:703)
2025-06-10 00:36:05,911 - webhook_logger - INFO - üõë SL trigger for AST-USD: 0.00% (websocket_helper.py:709)
2025-06-10 00:36:06,157 - webhook_logger - INFO - üîé BTC-USD: Entry=95065.47, Now=109248.87, Qty=0.00257846, PnL%=14.92% (websocket_helper.py:703)
2025-06-10 00:36:06,158 - webhook_logger - INFO - üîé SKL-USD: Entry=0.0221, Now=0.0222, Qty=0.2, PnL%=0.45% (websocket_helper.py:703)
2025-06-10 00:36:06,158 - webhook_logger - INFO - üõë SL trigger for SKL-USD: 0.45% (websocket_helper.py:709)
2025-06-10 00:36:06,409 - webhook_logger - INFO - ‚úÖ monitor_untracked_assets completed (websocket_helper.py:718)
2025-06-10 00:36:06,410 - webhook_logger - INFO - ‚úÖ monitor_untracked_assets completed (websocket_helper.py:645)
2025-06-10 00:36:06,410 - webhook_logger - INFO - ‚è± monitor_and_update_active_orders took 1.08s (listener.py:393)
2025-06-10 00:36:06,411 - webhook_logger - ERROR - üö® refresh_market_data loop exited unexpectedly! (listener.py:409)
NoneType: None
2025-06-10 00:36:35,065 - webhook_logger - INFO - ‚ö†Ô∏è‚ö†Ô∏è‚ö†Ô∏è  update_market_data took 4.33s    ‚ö†Ô∏è‚ö†Ô∏è‚ö†Ô∏è (listener.py:363)
2025-06-10 00:36:35,065 - webhook_logger - INFO - ‚è± update_market_data (shared_data_manager) took 0.00s (listener.py:386)
2025-06-10 00:36:35,130 - webhook_logger - INFO - ‚úÖ monitor_untracked_assets is <class 'method'> (websocket_helper.py:634)
2025-06-10 00:36:35,130 - webhook_logger - INFO - üß™ About to await monitor_untracked_assets (websocket_helper.py:635)
2025-06-10 00:36:35,132 - webhook_logger - INFO - üì± Starting monitor_untracked_assets (websocket_helper.py:656)
2025-06-10 00:36:35,133 - webhook_logger - INFO - üîé INDEX-USD: Entry=1.17, Now=1.2, Qty=0.002, PnL%=2.56% (websocket_helper.py:703)
2025-06-10 00:36:35,133 - webhook_logger - INFO - üí∞ TP trigger for INDEX-USD: 2.56% (websocket_helper.py:706)
2025-06-10 00:36:35,410 - webhook_logger - INFO - ‚è∏Ô∏è Skipping TP order for INDEX-USD: open order exists (websocket_helper.py:732)
2025-06-10 00:36:35,411 - webhook_logger - INFO - üîé MASK-USD: Entry=1.65, Now=1.64, Qty=0.02, PnL%=-0.61% (websocket_helper.py:703)
2025-06-10 00:36:35,411 - webhook_logger - INFO - üõë SL trigger for MASK-USD: -0.61% (websocket_helper.py:709)
2025-06-10 00:36:35,647 - webhook_logger - INFO - üîé ETH-USD: Entry=1791.99, Now=2682.99, Qty=0.06703810, PnL%=49.72% (websocket_helper.py:703)
2025-06-10 00:36:35,647 - webhook_logger - INFO - üîé AST-USD: Entry=0.0386, Now=0.0386, Qty=0.2, PnL%=0.00% (websocket_helper.py:703)
2025-06-10 00:36:35,648 - webhook_logger - INFO - üõë SL trigger for AST-USD: 0.00% (websocket_helper.py:709)
2025-06-10 00:36:35,952 - webhook_logger - INFO - üîé BTC-USD: Entry=95065.47, Now=109320.44, Qty=0.00257846, PnL%=14.99% (websocket_helper.py:703)
2025-06-10 00:36:35,952 - webhook_logger - INFO - üîé SKL-USD: Entry=0.0221, Now=0.0222, Qty=0.2, PnL%=0.45% (websocket_helper.py:703)
2025-06-10 00:36:35,952 - webhook_logger - INFO - üõë SL trigger for SKL-USD: 0.45% (websocket_helper.py:709)
2025-06-10 00:36:36,215 - webhook_logger - INFO - ‚úÖ monitor_untracked_assets completed (websocket_helper.py:718)
2025-06-10 00:36:36,216 - webhook_logger - INFO - ‚úÖ monitor_untracked_assets completed (websocket_helper.py:645)
2025-06-10 00:36:36,216 - webhook_logger - INFO - ‚è± monitor_and_update_active_orders took 1.15s (listener.py:393)
2025-06-10 00:36:36,216 - webhook_logger - ERROR - üö® refresh_market_data loop exited unexpectedly! (listener.py:409)
NoneType: None
2025-06-10 00:36:41,770 - webhook_logger - WARNING - WebSocket closed unexpectedly: sent 1011 (internal error) keepalive ping timeout; no close frame received. Reconnecting... (listener.py:127)
2025-06-10 00:36:43,309 - webhook_logger - INFO - Connected to wss://advanced-trade-ws.coinbase.com (listener.py:98)
2025-06-10 00:36:44,311 - webhook_logger - INFO - ‚ö° Subscribing to Market Channels... (listener.py:107)
2025-06-10 00:36:44,311 - webhook_logger - INFO - ÔøΩ Subscribing to Market Channels: ['ticker_batch', 'heartbeats'] (websocket_helper.py:320)
2025-06-10 00:36:44,312 - webhook_logger - INFO - Listening on wss://advanced-trade-ws.coinbase.com (listener.py:110)
2025-06-10 00:37:01,803 - webhook_logger - WARNING - WebSocket closed unexpectedly: sent 1011 (internal error) keepalive ping timeout; no close frame received. Reconnecting... (listener.py:127)
2025-06-10 00:37:05,721 - webhook_logger - INFO - ‚ö†Ô∏è‚ö†Ô∏è‚ö†Ô∏è  update_market_data took 4.99s    ‚ö†Ô∏è‚ö†Ô∏è‚ö†Ô∏è (listener.py:363)
2025-06-10 00:37:05,721 - webhook_logger - INFO - ‚è± update_market_data (shared_data_manager) took 0.00s (listener.py:386)
2025-06-10 00:37:05,781 - webhook_logger - INFO - ‚úÖ monitor_untracked_assets is <class 'method'> (websocket_helper.py:634)
2025-06-10 00:37:05,781 - webhook_logger - INFO - üß™ About to await monitor_untracked_assets (websocket_helper.py:635)
2025-06-10 00:37:05,782 - webhook_logger - INFO - üì± Starting monitor_untracked_assets (websocket_helper.py:656)
2025-06-10 00:37:05,784 - webhook_logger - INFO - üîé INDEX-USD: Entry=1.17, Now=1.2, Qty=0.002, PnL%=2.56% (websocket_helper.py:703)
2025-06-10 00:37:05,784 - webhook_logger - INFO - üí∞ TP trigger for INDEX-USD: 2.56% (websocket_helper.py:706)
2025-06-10 00:37:06,092 - webhook_logger - INFO - ‚è∏Ô∏è Skipping TP order for INDEX-USD: open order exists (websocket_helper.py:732)
2025-06-10 00:37:06,092 - webhook_logger - INFO - üîé MASK-USD: Entry=1.65, Now=1.64, Qty=0.02, PnL%=-0.61% (websocket_helper.py:703)
2025-06-10 00:37:06,092 - webhook_logger - INFO - üõë SL trigger for MASK-USD: -0.61% (websocket_helper.py:709)
2025-06-10 00:37:06,325 - webhook_logger - INFO - üîé ETH-USD: Entry=1791.99, Now=2682.41, Qty=0.06703810, PnL%=49.69% (websocket_helper.py:703)
2025-06-10 00:37:06,325 - webhook_logger - INFO - üîé AST-USD: Entry=0.0386, Now=0.0386, Qty=0.2, PnL%=0.00% (websocket_helper.py:703)
2025-06-10 00:37:06,325 - webhook_logger - INFO - üõë SL trigger for AST-USD: 0.00% (websocket_helper.py:709)
2025-06-10 00:37:06,396 - webhook_logger - INFO - Connected to wss://advanced-trade-ws.coinbase.com (listener.py:98)
2025-06-10 00:37:06,595 - webhook_logger - INFO - üîé BTC-USD: Entry=95065.47, Now=109337.29, Qty=0.00257846, PnL%=15.01% (websocket_helper.py:703)
2025-06-10 00:37:06,596 - webhook_logger - INFO - üîé SKL-USD: Entry=0.0221, Now=0.0222, Qty=0.2, PnL%=0.45% (websocket_helper.py:703)
2025-06-10 00:37:06,596 - webhook_logger - INFO - üõë SL trigger for SKL-USD: 0.45% (websocket_helper.py:709)
2025-06-10 00:37:06,833 - webhook_logger - INFO - ‚úÖ monitor_untracked_assets completed (websocket_helper.py:718)
2025-06-10 00:37:06,834 - webhook_logger - INFO - ‚úÖ monitor_untracked_assets completed (websocket_helper.py:645)
2025-06-10 00:37:06,834 - webhook_logger - INFO - ‚è± monitor_and_update_active_orders took 1.11s (listener.py:393)
2025-06-10 00:37:06,834 - webhook_logger - ERROR - üö® refresh_market_data loop exited unexpectedly! (listener.py:409)
NoneType: None
2025-06-10 00:37:07,397 - webhook_logger - INFO - ‚ö° Subscribing to Market Channels... (listener.py:107)
2025-06-10 00:37:07,398 - webhook_logger - INFO - ÔøΩ Subscribing to Market Channels: ['ticker_batch', 'heartbeats'] (websocket_helper.py:320)
2025-06-10 00:37:07,399 - webhook_logger - INFO - Listening on wss://advanced-trade-ws.coinbase.com (listener.py:110)
2025-06-10 00:37:08,145 - webhook_logger - INFO - üìâ Skipping passive SELL for MASK-USD ‚Äî average_close (1.6449999999999998) < current_price (1.65) (passive_order_manager.py:329)
2025-06-10 00:37:51,196 - webhook_logger - INFO - ‚ö†Ô∏è‚ö†Ô∏è‚ö†Ô∏è  update_market_data took 9.09s    ‚ö†Ô∏è‚ö†Ô∏è‚ö†Ô∏è (listener.py:363)
2025-06-10 00:37:51,197 - webhook_logger - INFO - ‚è± update_market_data (shared_data_manager) took 0.00s (listener.py:386)
2025-06-10 00:37:51,274 - webhook_logger - INFO - ‚úÖ monitor_untracked_assets is <class 'method'> (websocket_helper.py:634)
2025-06-10 00:37:51,275 - webhook_logger - INFO - üß™ About to await monitor_untracked_assets (websocket_helper.py:635)
2025-06-10 00:37:51,279 - webhook_logger - INFO - üì± Starting monitor_untracked_assets (websocket_helper.py:656)
2025-06-10 00:37:51,281 - webhook_logger - INFO - üîé INDEX-USD: Entry=1.17, Now=1.2, Qty=0.002, PnL%=2.56% (websocket_helper.py:703)
2025-06-10 00:37:51,281 - webhook_logger - INFO - üí∞ TP trigger for INDEX-USD: 2.56% (websocket_helper.py:706)
2025-06-10 00:37:51,548 - webhook_logger - INFO - ‚è∏Ô∏è Skipping TP order for INDEX-USD: open order exists (websocket_helper.py:732)
2025-06-10 00:37:51,548 - webhook_logger - INFO - üîé MASK-USD: Entry=1.65, Now=1.64, Qty=0.02, PnL%=-0.61% (websocket_helper.py:703)
2025-06-10 00:37:51,548 - webhook_logger - INFO - üõë SL trigger for MASK-USD: -0.61% (websocket_helper.py:709)
2025-06-10 00:37:51,806 - webhook_logger - INFO - üîé ETH-USD: Entry=1791.99, Now=2681.28, Qty=0.06703810, PnL%=49.63% (websocket_helper.py:703)
2025-06-10 00:37:51,807 - webhook_logger - INFO - üîé AST-USD: Entry=0.0386, Now=0.0386, Qty=0.2, PnL%=0.00% (websocket_helper.py:703)
2025-06-10 00:37:51,807 - webhook_logger - INFO - üõë SL trigger for AST-USD: 0.00% (websocket_helper.py:709)
2025-06-10 00:37:52,071 - webhook_logger - INFO - üîé BTC-USD: Entry=95065.47, Now=109330.0, Qty=0.00257846, PnL%=15.00% (websocket_helper.py:703)
2025-06-10 00:37:52,071 - webhook_logger - INFO - üîé SKL-USD: Entry=0.0221, Now=0.0222, Qty=0.2, PnL%=0.45% (websocket_helper.py:703)
2025-06-10 00:37:52,072 - webhook_logger - INFO - üõë SL trigger for SKL-USD: 0.45% (websocket_helper.py:709)
2025-06-10 00:37:52,337 - webhook_logger - INFO - ‚úÖ monitor_untracked_assets completed (websocket_helper.py:718)
2025-06-10 00:37:52,339 - webhook_logger - INFO - ‚úÖ monitor_untracked_assets completed (websocket_helper.py:645)
2025-06-10 00:37:52,339 - webhook_logger - INFO - ‚è± monitor_and_update_active_orders took 1.14s (listener.py:393)
2025-06-10 00:37:52,339 - webhook_logger - ERROR - üö® refresh_market_data loop exited unexpectedly! (listener.py:409)
NoneType: None
2025-06-10 00:38:03,445 - webhook_logger - WARNING - WebSocket closed unexpectedly: sent 1011 (internal error) keepalive ping timeout; no close frame received. Reconnecting... (listener.py:127)
2025-06-10 00:38:05,085 - webhook_logger - INFO - Connected to wss://advanced-trade-ws.coinbase.com (listener.py:98)
2025-06-10 00:38:06,086 - webhook_logger - INFO - ‚ö° Subscribing to Market Channels... (listener.py:107)
2025-06-10 00:38:06,087 - webhook_logger - INFO - ÔøΩ Subscribing to Market Channels: ['ticker_batch', 'heartbeats'] (websocket_helper.py:320)
2025-06-10 00:38:06,088 - webhook_logger - INFO - Listening on wss://advanced-trade-ws.coinbase.com (listener.py:110)
2025-06-10 00:38:11,399 - webhook_logger - WARNING - WebSocket closed unexpectedly: sent 1011 (internal error) keepalive ping timeout; no close frame received. Reconnecting... (listener.py:127)
2025-06-10 00:38:16,246 - webhook_logger - INFO - ‚ö†Ô∏è‚ö†Ô∏è‚ö†Ô∏è  update_market_data took 4.14s    ‚ö†Ô∏è‚ö†Ô∏è‚ö†Ô∏è (listener.py:363)
2025-06-10 00:38:16,249 - webhook_logger - INFO - ‚è± update_market_data (shared_data_manager) took 0.00s (listener.py:386)
2025-06-10 00:38:16,338 - webhook_logger - INFO - ‚úÖ monitor_untracked_assets is <class 'method'> (websocket_helper.py:634)
2025-06-10 00:38:16,338 - webhook_logger - INFO - üß™ About to await monitor_untracked_assets (websocket_helper.py:635)
2025-06-10 00:38:16,340 - webhook_logger - INFO - üì± Starting monitor_untracked_assets (websocket_helper.py:656)
2025-06-10 00:38:16,342 - webhook_logger - INFO - üîé INDEX-USD: Entry=1.17, Now=1.2, Qty=0.002, PnL%=2.56% (websocket_helper.py:703)
2025-06-10 00:38:16,342 - webhook_logger - INFO - üí∞ TP trigger for INDEX-USD: 2.56% (websocket_helper.py:706)
2025-06-10 00:38:16,397 - webhook_logger - INFO - Connected to wss://advanced-trade-ws.coinbase.com (listener.py:98)
2025-06-10 00:38:16,619 - webhook_logger - INFO - ‚è∏Ô∏è Skipping TP order for INDEX-USD: open order exists (websocket_helper.py:732)
2025-06-10 00:38:16,620 - webhook_logger - INFO - üîé MASK-USD: Entry=1.65, Now=1.64, Qty=0.02, PnL%=-0.61% (websocket_helper.py:703)
2025-06-10 00:38:16,620 - webhook_logger - INFO - üõë SL trigger for MASK-USD: -0.61% (websocket_helper.py:709)
2025-06-10 00:38:16,858 - webhook_logger - INFO - üîé ETH-USD: Entry=1791.99, Now=2681.54, Qty=0.06703810, PnL%=49.64% (websocket_helper.py:703)
2025-06-10 00:38:16,859 - webhook_logger - INFO - üîé AST-USD: Entry=0.0386, Now=0.0386, Qty=0.2, PnL%=0.00% (websocket_helper.py:703)
2025-06-10 00:38:16,859 - webhook_logger - INFO - üõë SL trigger for AST-USD: 0.00% (websocket_helper.py:709)
2025-06-10 00:38:17,126 - webhook_logger - INFO - üîé BTC-USD: Entry=95065.47, Now=109281.39, Qty=0.00257846, PnL%=14.95% (websocket_helper.py:703)
2025-06-10 00:38:17,127 - webhook_logger - INFO - üîé SKL-USD: Entry=0.0221, Now=0.0222, Qty=0.2, PnL%=0.45% (websocket_helper.py:703)
2025-06-10 00:38:17,128 - webhook_logger - INFO - üõë SL trigger for SKL-USD: 0.45% (websocket_helper.py:709)
2025-06-10 00:38:17,382 - webhook_logger - INFO - ‚úÖ monitor_untracked_assets completed (websocket_helper.py:718)
2025-06-10 00:38:17,383 - webhook_logger - INFO - ‚úÖ monitor_untracked_assets completed (websocket_helper.py:645)
2025-06-10 00:38:17,383 - webhook_logger - INFO - ‚è± monitor_and_update_active_orders took 1.13s (listener.py:393)
2025-06-10 00:38:17,384 - webhook_logger - ERROR - üö® refresh_market_data loop exited unexpectedly! (listener.py:409)
NoneType: None
2025-06-10 00:38:17,399 - webhook_logger - INFO - ‚ö° Subscribing to Market Channels... (listener.py:107)
2025-06-10 00:38:17,399 - webhook_logger - INFO - ÔøΩ Subscribing to Market Channels: ['ticker_batch', 'heartbeats'] (websocket_helper.py:320)
2025-06-10 00:38:17,400 - webhook_logger - INFO - Listening on wss://advanced-trade-ws.coinbase.com (listener.py:110)
2025-06-10 00:38:27,563 - webhook_logger - INFO - üìâ Skipping passive SELL for AST-USD ‚Äî average_close (0.0386) < current_price (0.0388) (passive_order_manager.py:329)
2025-06-10 00:38:38,626 - webhook_logger - INFO - üìâ Skipping passive SELL for AST-USD ‚Äî average_close (0.0386) < current_price (0.0388) (passive_order_manager.py:329)
2025-06-10 00:38:46,253 - webhook_logger - INFO - ‚ö†Ô∏è‚ö†Ô∏è‚ö†Ô∏è  update_market_data took 4.15s    ‚ö†Ô∏è‚ö†Ô∏è‚ö†Ô∏è (listener.py:363)
2025-06-10 00:38:46,254 - webhook_logger - INFO - ‚è± update_market_data (shared_data_manager) took 0.00s (listener.py:386)
2025-06-10 00:38:46,315 - webhook_logger - INFO - ‚úÖ monitor_untracked_assets is <class 'method'> (websocket_helper.py:634)
2025-06-10 00:38:46,315 - webhook_logger - INFO - üß™ About to await monitor_untracked_assets (websocket_helper.py:635)
2025-06-10 00:38:46,317 - webhook_logger - INFO - üì± Starting monitor_untracked_assets (websocket_helper.py:656)
2025-06-10 00:38:46,318 - webhook_logger - INFO - üîé INDEX-USD: Entry=1.17, Now=1.2, Qty=0.002, PnL%=2.56% (websocket_helper.py:703)
2025-06-10 00:38:46,319 - webhook_logger - INFO - üí∞ TP trigger for INDEX-USD: 2.56% (websocket_helper.py:706)
2025-06-10 00:38:46,575 - webhook_logger - INFO - ‚è∏Ô∏è Skipping TP order for INDEX-USD: open order exists (websocket_helper.py:732)
2025-06-10 00:38:46,575 - webhook_logger - INFO - üîé MASK-USD: Entry=1.65, Now=1.64, Qty=0.02, PnL%=-0.61% (websocket_helper.py:703)
2025-06-10 00:38:46,576 - webhook_logger - INFO - üõë SL trigger for MASK-USD: -0.61% (websocket_helper.py:709)
2025-06-10 00:38:46,866 - webhook_logger - INFO - üîé ETH-USD: Entry=1791.99, Now=2680.71, Qty=0.06703810, PnL%=49.59% (websocket_helper.py:703)
2025-06-10 00:38:46,867 - webhook_logger - INFO - üîé AST-USD: Entry=0.0386, Now=0.0386, Qty=0.2, PnL%=0.00% (websocket_helper.py:703)
2025-06-10 00:38:46,867 - webhook_logger - INFO - üõë SL trigger for AST-USD: 0.00% (websocket_helper.py:709)
2025-06-10 00:38:47,119 - webhook_logger - INFO - üîé BTC-USD: Entry=95065.47, Now=109236.34, Qty=0.00257846, PnL%=14.91% (websocket_helper.py:703)
2025-06-10 00:38:47,120 - webhook_logger - INFO - üîé SKL-USD: Entry=0.0221, Now=0.0222, Qty=0.2, PnL%=0.45% (websocket_helper.py:703)
2025-06-10 00:38:47,120 - webhook_logger - INFO - üõë SL trigger for SKL-USD: 0.45% (websocket_helper.py:709)
2025-06-10 00:38:47,406 - webhook_logger - INFO - ‚úÖ monitor_untracked_assets completed (websocket_helper.py:718)
2025-06-10 00:38:47,408 - webhook_logger - INFO - ‚úÖ monitor_untracked_assets completed (websocket_helper.py:645)
2025-06-10 00:38:47,408 - webhook_logger - INFO - ‚è± monitor_and_update_active_orders took 1.15s (listener.py:393)
2025-06-10 00:38:47,408 - webhook_logger - ERROR - üö® refresh_market_data loop exited unexpectedly! (listener.py:409)
NoneType: None
2025-06-10 00:42:52,116 - webhook_logger - INFO - ‚ö†Ô∏è‚ö†Ô∏è‚ö†Ô∏è  update_market_data took 5.18s    ‚ö†Ô∏è‚ö†Ô∏è‚ö†Ô∏è (listener.py:363)
2025-06-10 00:42:52,116 - webhook_logger - INFO - ‚è± update_market_data (shared_data_manager) took 0.00s (listener.py:386)
2025-06-10 00:42:52,179 - webhook_logger - INFO - ‚úÖ monitor_untracked_assets is <class 'method'> (websocket_helper.py:634)
2025-06-10 00:42:52,179 - webhook_logger - INFO - üß™ About to await monitor_untracked_assets (websocket_helper.py:635)
2025-06-10 00:42:52,181 - webhook_logger - INFO - üì± Starting monitor_untracked_assets (websocket_helper.py:656)
2025-06-10 00:42:52,182 - webhook_logger - INFO - üîé INDEX-USD: Entry=1.17, Now=1.2, Qty=0.002, PnL%=2.56% (websocket_helper.py:703)
2025-06-10 00:42:52,183 - webhook_logger - INFO - üí∞ TP trigger for INDEX-USD: 2.56% (websocket_helper.py:706)
2025-06-10 00:42:52,446 - webhook_logger - INFO - ‚è∏Ô∏è Skipping TP order for INDEX-USD: open order exists (websocket_helper.py:732)
2025-06-10 00:42:52,446 - webhook_logger - INFO - üîé MASK-USD: Entry=1.65, Now=1.64, Qty=0.02, PnL%=-0.61% (websocket_helper.py:703)
2025-06-10 00:42:52,446 - webhook_logger - INFO - üõë SL trigger for MASK-USD: -0.61% (websocket_helper.py:709)
2025-06-10 00:42:52,748 - webhook_logger - INFO - üîé ETH-USD: Entry=1791.99, Now=2682.01, Qty=0.06703810, PnL%=49.67% (websocket_helper.py:703)
2025-06-10 00:42:52,748 - webhook_logger - INFO - üîé AST-USD: Entry=0.0386, Now=0.0386, Qty=0.2, PnL%=0.00% (websocket_helper.py:703)
2025-06-10 00:42:52,748 - webhook_logger - INFO - üõë SL trigger for AST-USD: 0.00% (websocket_helper.py:709)
2025-06-10 00:42:53,010 - webhook_logger - INFO - üîé BTC-USD: Entry=95065.47, Now=109305.76, Qty=0.00257846, PnL%=14.98% (websocket_helper.py:703)
2025-06-10 00:42:53,010 - webhook_logger - INFO - üîé SKL-USD: Entry=0.0221, Now=0.0222, Qty=0.2, PnL%=0.45% (websocket_helper.py:703)
2025-06-10 00:42:53,010 - webhook_logger - INFO - üõë SL trigger for SKL-USD: 0.45% (websocket_helper.py:709)
2025-06-10 00:42:53,263 - webhook_logger - INFO - ‚úÖ monitor_untracked_assets completed (websocket_helper.py:718)
2025-06-10 00:42:53,264 - webhook_logger - INFO - ‚úÖ monitor_untracked_assets completed (websocket_helper.py:645)
2025-06-10 00:42:53,264 - webhook_logger - INFO - ‚è± monitor_and_update_active_orders took 1.15s (listener.py:393)
2025-06-10 00:42:53,264 - webhook_logger - ERROR - üö® refresh_market_data loop exited unexpectedly! (listener.py:409)
NoneType: None
2025-06-10 00:43:03,157 - webhook_logger - WARNING - WebSocket closed unexpectedly: sent 1011 (internal error) keepalive ping timeout; no close frame received. Reconnecting... (listener.py:127)
2025-06-10 00:43:04,762 - webhook_logger - INFO - Connected to wss://advanced-trade-ws.coinbase.com (listener.py:98)
2025-06-10 00:43:05,764 - webhook_logger - INFO - ‚ö° Subscribing to Market Channels... (listener.py:107)
2025-06-10 00:43:05,764 - webhook_logger - INFO - ÔøΩ Subscribing to Market Channels: ['ticker_batch', 'heartbeats'] (websocket_helper.py:320)
2025-06-10 00:43:05,765 - webhook_logger - INFO - Listening on wss://advanced-trade-ws.coinbase.com (listener.py:110)
2025-06-10 00:43:08,112 - webhook_logger - WARNING - WebSocket closed unexpectedly: sent 1011 (internal error) keepalive ping timeout; no close frame received. Reconnecting... (listener.py:127)
2025-06-10 00:43:09,657 - webhook_logger - INFO - Connected to wss://advanced-trade-ws.coinbase.com (listener.py:98)
2025-06-10 00:43:10,659 - webhook_logger - INFO - ‚ö° Subscribing to Market Channels... (listener.py:107)
2025-06-10 00:43:10,659 - webhook_logger - INFO - ÔøΩ Subscribing to Market Channels: ['ticker_batch', 'heartbeats'] (websocket_helper.py:320)
2025-06-10 00:43:10,660 - webhook_logger - INFO - Listening on wss://advanced-trade-ws.coinbase.com (listener.py:110)
2025-06-10 00:43:21,374 - webhook_logger - INFO - ‚ö†Ô∏è‚ö†Ô∏è‚ö†Ô∏è  update_market_data took 4.44s    ‚ö†Ô∏è‚ö†Ô∏è‚ö†Ô∏è (listener.py:363)
2025-06-10 00:43:21,374 - webhook_logger - INFO - ‚è± update_market_data (shared_data_manager) took 0.00s (listener.py:386)
2025-06-10 00:43:21,440 - webhook_logger - INFO - ‚úÖ monitor_untracked_assets is <class 'method'> (websocket_helper.py:634)
2025-06-10 00:43:21,440 - webhook_logger - INFO - üß™ About to await monitor_untracked_assets (websocket_helper.py:635)
2025-06-10 00:43:21,443 - webhook_logger - INFO - üì± Starting monitor_untracked_assets (websocket_helper.py:656)
2025-06-10 00:43:21,445 - webhook_logger - INFO - üîé INDEX-USD: Entry=1.17, Now=1.2, Qty=0.002, PnL%=2.56% (websocket_helper.py:703)
2025-06-10 00:43:21,445 - webhook_logger - INFO - üí∞ TP trigger for INDEX-USD: 2.56% (websocket_helper.py:706)
2025-06-10 00:43:21,709 - webhook_logger - INFO - ‚è∏Ô∏è Skipping TP order for INDEX-USD: open order exists (websocket_helper.py:732)
2025-06-10 00:43:21,710 - webhook_logger - INFO - üîé MASK-USD: Entry=1.65, Now=1.64, Qty=0.02, PnL%=-0.61% (websocket_helper.py:703)
2025-06-10 00:43:21,710 - webhook_logger - INFO - üõë SL trigger for MASK-USD: -0.61% (websocket_helper.py:709)
2025-06-10 00:43:21,948 - webhook_logger - INFO - üîé ETH-USD: Entry=1791.99, Now=2681.09, Qty=0.06703810, PnL%=49.62% (websocket_helper.py:703)
2025-06-10 00:43:21,948 - webhook_logger - INFO - üîé AST-USD: Entry=0.0386, Now=0.0385, Qty=0.2, PnL%=-0.26% (websocket_helper.py:703)
2025-06-10 00:43:21,948 - webhook_logger - INFO - üõë SL trigger for AST-USD: -0.26% (websocket_helper.py:709)
2025-06-10 00:43:22,212 - webhook_logger - INFO - üîé BTC-USD: Entry=95065.47, Now=109279.97, Qty=0.00257846, PnL%=14.95% (websocket_helper.py:703)
2025-06-10 00:43:22,213 - webhook_logger - INFO - üîé SKL-USD: Entry=0.0221, Now=0.0222, Qty=0.2, PnL%=0.45% (websocket_helper.py:703)
2025-06-10 00:43:22,213 - webhook_logger - INFO - üõë SL trigger for SKL-USD: 0.45% (websocket_helper.py:709)
2025-06-10 00:43:22,484 - webhook_logger - INFO - ‚úÖ monitor_untracked_assets completed (websocket_helper.py:718)
2025-06-10 00:43:22,485 - webhook_logger - INFO - ‚úÖ monitor_untracked_assets completed (websocket_helper.py:645)
2025-06-10 00:43:22,485 - webhook_logger - INFO - ‚è± monitor_and_update_active_orders took 1.11s (listener.py:393)
2025-06-10 00:43:22,486 - webhook_logger - ERROR - üö® refresh_market_data loop exited unexpectedly! (listener.py:409)
NoneType: None
2025-06-10 00:43:50,751 - webhook_logger - INFO - ‚ö†Ô∏è‚ö†Ô∏è‚ö†Ô∏è  update_market_data took 3.81s    ‚ö†Ô∏è‚ö†Ô∏è‚ö†Ô∏è (listener.py:363)
2025-06-10 00:43:50,752 - webhook_logger - INFO - ‚è± update_market_data (shared_data_manager) took 0.00s (listener.py:386)
2025-06-10 00:43:50,814 - webhook_logger - INFO - ‚úÖ monitor_untracked_assets is <class 'method'> (websocket_helper.py:634)
2025-06-10 00:43:50,814 - webhook_logger - INFO - üß™ About to await monitor_untracked_assets (websocket_helper.py:635)
2025-06-10 00:43:50,816 - webhook_logger - INFO - üì± Starting monitor_untracked_assets (websocket_helper.py:656)
2025-06-10 00:43:50,817 - webhook_logger - INFO - üîé INDEX-USD: Entry=1.17, Now=1.2, Qty=0.002, PnL%=2.56% (websocket_helper.py:703)
2025-06-10 00:43:50,817 - webhook_logger - INFO - üí∞ TP trigger for INDEX-USD: 2.56% (websocket_helper.py:706)
2025-06-10 00:43:51,083 - webhook_logger - INFO - ‚è∏Ô∏è Skipping TP order for INDEX-USD: open order exists (websocket_helper.py:732)
2025-06-10 00:43:51,084 - webhook_logger - INFO - üîé MASK-USD: Entry=1.65, Now=1.64, Qty=0.02, PnL%=-0.61% (websocket_helper.py:703)
2025-06-10 00:43:51,084 - webhook_logger - INFO - üõë SL trigger for MASK-USD: -0.61% (websocket_helper.py:709)
2025-06-10 00:43:51,331 - webhook_logger - INFO - üîé ETH-USD: Entry=1791.99, Now=2681.39, Qty=0.06703810, PnL%=49.63% (websocket_helper.py:703)
2025-06-10 00:43:51,331 - webhook_logger - INFO - üîé AST-USD: Entry=0.0386, Now=0.0385, Qty=0.2, PnL%=-0.26% (websocket_helper.py:703)
2025-06-10 00:43:51,331 - webhook_logger - INFO - üõë SL trigger for AST-USD: -0.26% (websocket_helper.py:709)
2025-06-10 00:43:51,610 - webhook_logger - INFO - üîé BTC-USD: Entry=95065.47, Now=109274.55, Qty=0.00257846, PnL%=14.95% (websocket_helper.py:703)
2025-06-10 00:43:51,611 - webhook_logger - INFO - üîé SKL-USD: Entry=0.0221, Now=0.0222, Qty=0.2, PnL%=0.45% (websocket_helper.py:703)
2025-06-10 00:43:51,611 - webhook_logger - INFO - üõë SL trigger for SKL-USD: 0.45% (websocket_helper.py:709)
2025-06-10 00:43:51,891 - webhook_logger - INFO - ‚úÖ monitor_untracked_assets completed (websocket_helper.py:718)
2025-06-10 00:43:51,893 - webhook_logger - INFO - ‚úÖ monitor_untracked_assets completed (websocket_helper.py:645)
2025-06-10 00:43:51,894 - webhook_logger - INFO - ‚è± monitor_and_update_active_orders took 1.14s (listener.py:393)
2025-06-10 00:43:51,894 - webhook_logger - ERROR - üö® refresh_market_data loop exited unexpectedly! (listener.py:409)
NoneType: None
2025-06-10 00:44:04,829 - webhook_logger - WARNING - WebSocket closed unexpectedly: sent 1011 (internal error) keepalive ping timeout; no close frame received. Reconnecting... (listener.py:127)
2025-06-10 00:44:06,480 - webhook_logger - INFO - Connected to wss://advanced-trade-ws.coinbase.com (listener.py:98)
2025-06-10 00:44:07,482 - webhook_logger - INFO - ‚ö° Subscribing to Market Channels... (listener.py:107)
2025-06-10 00:44:07,482 - webhook_logger - INFO - ÔøΩ Subscribing to Market Channels: ['ticker_batch', 'heartbeats'] (websocket_helper.py:320)
2025-06-10 00:44:07,483 - webhook_logger - INFO - Listening on wss://advanced-trade-ws.coinbase.com (listener.py:110)
2025-06-10 00:44:10,921 - webhook_logger - WARNING - WebSocket closed unexpectedly: sent 1011 (internal error) keepalive ping timeout; no close frame received. Reconnecting... (listener.py:127)
2025-06-10 00:44:12,534 - webhook_logger - INFO - Connected to wss://advanced-trade-ws.coinbase.com (listener.py:98)
2025-06-10 00:44:13,536 - webhook_logger - INFO - ‚ö° Subscribing to Market Channels... (listener.py:107)
2025-06-10 00:44:13,537 - webhook_logger - INFO - ÔøΩ Subscribing to Market Channels: ['ticker_batch', 'heartbeats'] (websocket_helper.py:320)
2025-06-10 00:44:13,538 - webhook_logger - INFO - Listening on wss://advanced-trade-ws.coinbase.com (listener.py:110)
2025-06-10 00:44:21,837 - webhook_logger - INFO - ‚ö†Ô∏è‚ö†Ô∏è‚ö†Ô∏è  update_market_data took 4.90s    ‚ö†Ô∏è‚ö†Ô∏è‚ö†Ô∏è (listener.py:363)
2025-06-10 00:44:21,838 - webhook_logger - INFO - ‚è± update_market_data (shared_data_manager) took 0.00s (listener.py:386)
2025-06-10 00:44:21,903 - webhook_logger - INFO - ‚úÖ monitor_untracked_assets is <class 'method'> (websocket_helper.py:634)
2025-06-10 00:44:21,903 - webhook_logger - INFO - üß™ About to await monitor_untracked_assets (websocket_helper.py:635)
2025-06-10 00:44:21,904 - webhook_logger - INFO - üì± Starting monitor_untracked_assets (websocket_helper.py:656)
2025-06-10 00:44:21,906 - webhook_logger - INFO - üîé INDEX-USD: Entry=1.17, Now=1.2, Qty=0.002, PnL%=2.56% (websocket_helper.py:703)
2025-06-10 00:44:21,906 - webhook_logger - INFO - üí∞ TP trigger for INDEX-USD: 2.56% (websocket_helper.py:706)
2025-06-10 00:44:22,180 - webhook_logger - INFO - ‚è∏Ô∏è Skipping TP order for INDEX-USD: open order exists (websocket_helper.py:732)
2025-06-10 00:44:22,180 - webhook_logger - INFO - üîé MASK-USD: Entry=1.65, Now=1.64, Qty=0.02, PnL%=-0.61% (websocket_helper.py:703)
2025-06-10 00:44:22,181 - webhook_logger - INFO - üõë SL trigger for MASK-USD: -0.61% (websocket_helper.py:709)
2025-06-10 00:44:22,457 - webhook_logger - INFO - üîé ETH-USD: Entry=1791.99, Now=2681.66, Qty=0.06703810, PnL%=49.65% (websocket_helper.py:703)
2025-06-10 00:44:22,457 - webhook_logger - INFO - üîé AST-USD: Entry=0.0386, Now=0.0385, Qty=0.2, PnL%=-0.26% (websocket_helper.py:703)
2025-06-10 00:44:22,458 - webhook_logger - INFO - üõë SL trigger for AST-USD: -0.26% (websocket_helper.py:709)
2025-06-10 00:44:22,753 - webhook_logger - INFO - üîé BTC-USD: Entry=95065.47, Now=109275.86, Qty=0.00257846, PnL%=14.95% (websocket_helper.py:703)
2025-06-10 00:44:22,755 - webhook_logger - INFO - üîé SKL-USD: Entry=0.0221, Now=0.0222, Qty=0.2, PnL%=0.45% (websocket_helper.py:703)
2025-06-10 00:44:22,755 - webhook_logger - INFO - üõë SL trigger for SKL-USD: 0.45% (websocket_helper.py:709)
2025-06-10 00:44:23,026 - webhook_logger - INFO - ‚úÖ monitor_untracked_assets completed (websocket_helper.py:718)
2025-06-10 00:44:23,027 - webhook_logger - INFO - ‚úÖ monitor_untracked_assets completed (websocket_helper.py:645)
2025-06-10 00:44:23,027 - webhook_logger - INFO - ‚è± monitor_and_update_active_orders took 1.19s (listener.py:393)
2025-06-10 00:44:23,028 - webhook_logger - ERROR - üö® refresh_market_data loop exited unexpectedly! (listener.py:409)
NoneType: None
2025-06-10 00:44:32,976 - webhook_logger - INFO - üìâ Skipping passive SELL for MASK-USD ‚Äî average_close (1.64) < current_price (1.65) (passive_order_manager.py:329)
2025-06-10 00:44:42,648 - webhook_logger - INFO - üìâ Skipping passive SELL for MASK-USD ‚Äî average_close (1.64) < current_price (1.65) (passive_order_manager.py:329)
2025-06-10 00:44:52,152 - webhook_logger - INFO - ‚ö†Ô∏è‚ö†Ô∏è‚ö†Ô∏è  update_market_data took 5.21s    ‚ö†Ô∏è‚ö†Ô∏è‚ö†Ô∏è (listener.py:363)
2025-06-10 00:44:52,152 - webhook_logger - INFO - ‚è± update_market_data (shared_data_manager) took 0.00s (listener.py:386)
2025-06-10 00:44:52,217 - webhook_logger - INFO - ‚úÖ monitor_untracked_assets is <class 'method'> (websocket_helper.py:634)
2025-06-10 00:44:52,218 - webhook_logger - INFO - üß™ About to await monitor_untracked_assets (websocket_helper.py:635)
2025-06-10 00:44:52,220 - webhook_logger - INFO - üì± Starting monitor_untracked_assets (websocket_helper.py:656)
2025-06-10 00:44:52,221 - webhook_logger - INFO - üîé INDEX-USD: Entry=1.17, Now=1.2, Qty=0.002, PnL%=2.56% (websocket_helper.py:703)
2025-06-10 00:44:52,222 - webhook_logger - INFO - üí∞ TP trigger for INDEX-USD: 2.56% (websocket_helper.py:706)
2025-06-10 00:44:52,504 - webhook_logger - INFO - ‚è∏Ô∏è Skipping TP order for INDEX-USD: open order exists (websocket_helper.py:732)
2025-06-10 00:44:52,505 - webhook_logger - INFO - üîé MASK-USD: Entry=1.65, Now=1.64, Qty=0.02, PnL%=-0.61% (websocket_helper.py:703)
2025-06-10 00:44:52,505 - webhook_logger - INFO - üõë SL trigger for MASK-USD: -0.61% (websocket_helper.py:709)
2025-06-10 00:44:52,820 - webhook_logger - INFO - üîé ETH-USD: Entry=1791.99, Now=2681.48, Qty=0.06703810, PnL%=49.64% (websocket_helper.py:703)
2025-06-10 00:44:52,821 - webhook_logger - INFO - üîé AST-USD: Entry=0.0386, Now=0.0385, Qty=0.2, PnL%=-0.26% (websocket_helper.py:703)
2025-06-10 00:44:52,821 - webhook_logger - INFO - üõë SL trigger for AST-USD: -0.26% (websocket_helper.py:709)
2025-06-10 00:44:53,068 - webhook_logger - INFO - üîé BTC-USD: Entry=95065.47, Now=109303.01, Qty=0.00257846, PnL%=14.98% (websocket_helper.py:703)
2025-06-10 00:44:53,068 - webhook_logger - INFO - üîé SKL-USD: Entry=0.0221, Now=0.0222, Qty=0.2, PnL%=0.45% (websocket_helper.py:703)
2025-06-10 00:44:53,068 - webhook_logger - INFO - üõë SL trigger for SKL-USD: 0.45% (websocket_helper.py:709)
2025-06-10 00:44:53,311 - webhook_logger - INFO - ‚úÖ monitor_untracked_assets completed (websocket_helper.py:718)
2025-06-10 00:44:53,312 - webhook_logger - INFO - ‚úÖ monitor_untracked_assets completed (websocket_helper.py:645)
2025-06-10 00:44:53,312 - webhook_logger - INFO - ‚è± monitor_and_update_active_orders took 1.16s (listener.py:393)
2025-06-10 00:44:53,312 - webhook_logger - ERROR - üö® refresh_market_data loop exited unexpectedly! (listener.py:409)
NoneType: None
2025-06-10 00:45:06,803 - webhook_logger - WARNING - WebSocket closed unexpectedly: sent 1011 (internal error) keepalive ping timeout; no close frame received. Reconnecting... (listener.py:127)
2025-06-10 00:45:08,361 - webhook_logger - INFO - Connected to wss://advanced-trade-ws.coinbase.com (listener.py:98)
2025-06-10 00:45:09,363 - webhook_logger - INFO - ‚ö° Subscribing to Market Channels... (listener.py:107)
2025-06-10 00:45:09,364 - webhook_logger - INFO - ÔøΩ Subscribing to Market Channels: ['ticker_batch', 'heartbeats'] (websocket_helper.py:320)
2025-06-10 00:45:09,365 - webhook_logger - INFO - Listening on wss://advanced-trade-ws.coinbase.com (listener.py:110)
2025-06-10 00:45:12,554 - webhook_logger - WARNING - WebSocket closed unexpectedly: sent 1011 (internal error) keepalive ping timeout; no close frame received. Reconnecting... (listener.py:127)
2025-06-10 00:45:13,202 - webhook_logger - INFO - üìâ Skipping passive SELL for MASK-USD ‚Äî average_close (1.64) < current_price (1.65) (passive_order_manager.py:329)
2025-06-10 00:45:14,118 - webhook_logger - INFO - Connected to wss://advanced-trade-ws.coinbase.com (listener.py:98)
2025-06-10 00:45:15,120 - webhook_logger - INFO - ‚ö° Subscribing to Market Channels... (listener.py:107)
2025-06-10 00:45:15,120 - webhook_logger - INFO - ÔøΩ Subscribing to Market Channels: ['ticker_batch', 'heartbeats'] (websocket_helper.py:320)
2025-06-10 00:45:15,122 - webhook_logger - INFO - Listening on wss://advanced-trade-ws.coinbase.com (listener.py:110)
2025-06-10 00:45:21,483 - webhook_logger - INFO - ‚ö†Ô∏è‚ö†Ô∏è‚ö†Ô∏è  update_market_data took 4.54s    ‚ö†Ô∏è‚ö†Ô∏è‚ö†Ô∏è (listener.py:363)
2025-06-10 00:45:21,484 - webhook_logger - INFO - ‚è± update_market_data (shared_data_manager) took 0.00s (listener.py:386)
2025-06-10 00:45:21,553 - webhook_logger - INFO - ‚úÖ monitor_untracked_assets is <class 'method'> (websocket_helper.py:634)
2025-06-10 00:45:21,553 - webhook_logger - INFO - üß™ About to await monitor_untracked_assets (websocket_helper.py:635)
2025-06-10 00:45:21,555 - webhook_logger - INFO - üì± Starting monitor_untracked_assets (websocket_helper.py:656)
2025-06-10 00:45:21,556 - webhook_logger - INFO - üîé INDEX-USD: Entry=1.17, Now=1.2, Qty=0.002, PnL%=2.56% (websocket_helper.py:703)
2025-06-10 00:45:21,557 - webhook_logger - INFO - üí∞ TP trigger for INDEX-USD: 2.56% (websocket_helper.py:706)
2025-06-10 00:45:21,825 - webhook_logger - INFO - ‚è∏Ô∏è Skipping TP order for INDEX-USD: open order exists (websocket_helper.py:732)
2025-06-10 00:45:21,825 - webhook_logger - INFO - üîé MASK-USD: Entry=1.65, Now=1.64, Qty=0.02, PnL%=-0.61% (websocket_helper.py:703)
2025-06-10 00:45:21,825 - webhook_logger - INFO - üõë SL trigger for MASK-USD: -0.61% (websocket_helper.py:709)
2025-06-10 00:45:22,053 - webhook_logger - INFO - üîé ETH-USD: Entry=1791.99, Now=2680.86, Qty=0.06703810, PnL%=49.60% (websocket_helper.py:703)
2025-06-10 00:45:22,053 - webhook_logger - INFO - üîé AST-USD: Entry=0.0386, Now=0.0385, Qty=0.2, PnL%=-0.26% (websocket_helper.py:703)
2025-06-10 00:45:22,053 - webhook_logger - INFO - üõë SL trigger for AST-USD: -0.26% (websocket_helper.py:709)
2025-06-10 00:45:22,387 - webhook_logger - INFO - üîé BTC-USD: Entry=95065.47, Now=109286.43, Qty=0.00257846, PnL%=14.96% (websocket_helper.py:703)
2025-06-10 00:45:22,388 - webhook_logger - INFO - üîé SKL-USD: Entry=0.0221, Now=0.0222, Qty=0.2, PnL%=0.45% (websocket_helper.py:703)
2025-06-10 00:45:22,388 - webhook_logger - INFO - üõë SL trigger for SKL-USD: 0.45% (websocket_helper.py:709)
2025-06-10 00:45:22,712 - webhook_logger - INFO - ‚úÖ monitor_untracked_assets completed (websocket_helper.py:718)
2025-06-10 00:45:22,720 - webhook_logger - INFO - ‚úÖ monitor_untracked_assets completed (websocket_helper.py:645)
2025-06-10 00:45:22,721 - webhook_logger - INFO - ‚è± monitor_and_update_active_orders took 1.24s (listener.py:393)
2025-06-10 00:45:22,721 - webhook_logger - ERROR - üö® refresh_market_data loop exited unexpectedly! (listener.py:409)
NoneType: None
2025-06-10 00:45:51,176 - webhook_logger - INFO - ‚ö†Ô∏è‚ö†Ô∏è‚ö†Ô∏è  update_market_data took 4.23s    ‚ö†Ô∏è‚ö†Ô∏è‚ö†Ô∏è (listener.py:363)
2025-06-10 00:45:51,177 - webhook_logger - INFO - ‚è± update_market_data (shared_data_manager) took 0.00s (listener.py:386)
2025-06-10 00:45:51,240 - webhook_logger - INFO - ‚úÖ monitor_untracked_assets is <class 'method'> (websocket_helper.py:634)
2025-06-10 00:45:51,240 - webhook_logger - INFO - üß™ About to await monitor_untracked_assets (websocket_helper.py:635)
2025-06-10 00:45:51,242 - webhook_logger - INFO - üì± Starting monitor_untracked_assets (websocket_helper.py:656)
2025-06-10 00:45:51,244 - webhook_logger - INFO - üîé INDEX-USD: Entry=1.17, Now=1.2, Qty=0.002, PnL%=2.56% (websocket_helper.py:703)
2025-06-10 00:45:51,244 - webhook_logger - INFO - üí∞ TP trigger for INDEX-USD: 2.56% (websocket_helper.py:706)
2025-06-10 00:45:51,512 - webhook_logger - INFO - ‚è∏Ô∏è Skipping TP order for INDEX-USD: open order exists (websocket_helper.py:732)
2025-06-10 00:45:51,512 - webhook_logger - INFO - üîé MASK-USD: Entry=1.65, Now=1.64, Qty=0.02, PnL%=-0.61% (websocket_helper.py:703)
2025-06-10 00:45:51,513 - webhook_logger - INFO - üõë SL trigger for MASK-USD: -0.61% (websocket_helper.py:709)
2025-06-10 00:45:51,762 - webhook_logger - INFO - üîé ETH-USD: Entry=1791.99, Now=2679.9, Qty=0.06703810, PnL%=49.55% (websocket_helper.py:703)
2025-06-10 00:45:51,763 - webhook_logger - INFO - üîé AST-USD: Entry=0.0386, Now=0.0385, Qty=0.2, PnL%=-0.26% (websocket_helper.py:703)
2025-06-10 00:45:51,764 - webhook_logger - INFO - üõë SL trigger for AST-USD: -0.26% (websocket_helper.py:709)
2025-06-10 00:45:52,077 - webhook_logger - INFO - üîé BTC-USD: Entry=95065.47, Now=109287.43, Qty=0.00257846, PnL%=14.96% (websocket_helper.py:703)
2025-06-10 00:45:52,078 - webhook_logger - INFO - üîé SKL-USD: Entry=0.0221, Now=0.0222, Qty=0.2, PnL%=0.45% (websocket_helper.py:703)
2025-06-10 00:45:52,079 - webhook_logger - INFO - üõë SL trigger for SKL-USD: 0.45% (websocket_helper.py:709)
2025-06-10 00:45:52,355 - webhook_logger - INFO - ‚úÖ monitor_untracked_assets completed (websocket_helper.py:718)
2025-06-10 00:45:52,357 - webhook_logger - INFO - ‚úÖ monitor_untracked_assets completed (websocket_helper.py:645)
2025-06-10 00:45:52,358 - webhook_logger - INFO - ‚è± monitor_and_update_active_orders took 1.18s (listener.py:393)
2025-06-10 00:45:52,358 - webhook_logger - ERROR - üö® refresh_market_data loop exited unexpectedly! (listener.py:409)
NoneType: None
2025-06-10 00:46:11,316 - webhook_logger - WARNING - WebSocket closed unexpectedly: sent 1011 (internal error) keepalive ping timeout; no close frame received. Reconnecting... (listener.py:127)
2025-06-10 00:46:12,918 - webhook_logger - INFO - Connected to wss://advanced-trade-ws.coinbase.com (listener.py:98)
2025-06-10 00:46:13,920 - webhook_logger - INFO - ‚ö° Subscribing to Market Channels... (listener.py:107)
2025-06-10 00:46:13,921 - webhook_logger - INFO - ÔøΩ Subscribing to Market Channels: ['ticker_batch', 'heartbeats'] (websocket_helper.py:320)
2025-06-10 00:46:13,922 - webhook_logger - INFO - Listening on wss://advanced-trade-ws.coinbase.com (listener.py:110)
2025-06-10 00:46:14,256 - webhook_logger - WARNING - WebSocket closed unexpectedly: sent 1011 (internal error) keepalive ping timeout; no close frame received. Reconnecting... (listener.py:127)
2025-06-10 00:46:15,842 - webhook_logger - INFO - Connected to wss://advanced-trade-ws.coinbase.com (listener.py:98)
2025-06-10 00:46:16,844 - webhook_logger - INFO - ‚ö° Subscribing to Market Channels... (listener.py:107)
2025-06-10 00:46:16,845 - webhook_logger - INFO - ÔøΩ Subscribing to Market Channels: ['ticker_batch', 'heartbeats'] (websocket_helper.py:320)
2025-06-10 00:46:16,847 - webhook_logger - INFO - Listening on wss://advanced-trade-ws.coinbase.com (listener.py:110)
2025-06-10 00:46:21,900 - webhook_logger - INFO - ‚ö†Ô∏è‚ö†Ô∏è‚ö†Ô∏è  update_market_data took 4.95s    ‚ö†Ô∏è‚ö†Ô∏è‚ö†Ô∏è (listener.py:363)
2025-06-10 00:46:21,900 - webhook_logger - INFO - ‚è± update_market_data (shared_data_manager) took 0.00s (listener.py:386)
2025-06-10 00:46:21,971 - webhook_logger - INFO - ‚úÖ monitor_untracked_assets is <class 'method'> (websocket_helper.py:634)
2025-06-10 00:46:21,972 - webhook_logger - INFO - üß™ About to await monitor_untracked_assets (websocket_helper.py:635)
2025-06-10 00:46:21,973 - webhook_logger - INFO - üì± Starting monitor_untracked_assets (websocket_helper.py:656)
2025-06-10 00:46:21,975 - webhook_logger - INFO - üîé INDEX-USD: Entry=1.17, Now=1.2, Qty=0.002, PnL%=2.56% (websocket_helper.py:703)
2025-06-10 00:46:21,975 - webhook_logger - INFO - üí∞ TP trigger for INDEX-USD: 2.56% (websocket_helper.py:706)
2025-06-10 00:46:22,259 - webhook_logger - INFO - ‚è∏Ô∏è Skipping TP order for INDEX-USD: open order exists (websocket_helper.py:732)
2025-06-10 00:46:22,260 - webhook_logger - INFO - üîé MASK-USD: Entry=1.65, Now=1.64, Qty=0.02, PnL%=-0.61% (websocket_helper.py:703)
2025-06-10 00:46:22,260 - webhook_logger - INFO - üõë SL trigger for MASK-USD: -0.61% (websocket_helper.py:709)
2025-06-10 00:46:22,542 - webhook_logger - INFO - üîé ETH-USD: Entry=1791.99, Now=2680.27, Qty=0.06703810, PnL%=49.57% (websocket_helper.py:703)
2025-06-10 00:46:22,542 - webhook_logger - INFO - üîé AST-USD: Entry=0.0386, Now=0.0385, Qty=0.2, PnL%=-0.26% (websocket_helper.py:703)
2025-06-10 00:46:22,542 - webhook_logger - INFO - üõë SL trigger for AST-USD: -0.26% (websocket_helper.py:709)
2025-06-10 00:46:22,835 - webhook_logger - INFO - üîé BTC-USD: Entry=95065.47, Now=109294.74, Qty=0.00257846, PnL%=14.97% (websocket_helper.py:703)
2025-06-10 00:46:22,836 - webhook_logger - INFO - üîé SKL-USD: Entry=0.0221, Now=0.0222, Qty=0.2, PnL%=0.45% (websocket_helper.py:703)
2025-06-10 00:46:22,836 - webhook_logger - INFO - üõë SL trigger for SKL-USD: 0.45% (websocket_helper.py:709)
2025-06-10 00:46:23,118 - webhook_logger - INFO - ‚úÖ monitor_untracked_assets completed (websocket_helper.py:718)
2025-06-10 00:46:23,120 - webhook_logger - INFO - ‚úÖ monitor_untracked_assets completed (websocket_helper.py:645)
2025-06-10 00:46:23,121 - webhook_logger - INFO - ‚è± monitor_and_update_active_orders took 1.22s (listener.py:393)
2025-06-10 00:46:23,121 - webhook_logger - ERROR - üö® refresh_market_data loop exited unexpectedly! (listener.py:409)
NoneType: None
2025-06-10 00:46:51,607 - webhook_logger - INFO - ‚ö†Ô∏è‚ö†Ô∏è‚ö†Ô∏è  update_market_data took 4.63s    ‚ö†Ô∏è‚ö†Ô∏è‚ö†Ô∏è (listener.py:363)
2025-06-10 00:46:51,607 - webhook_logger - INFO - ‚è± update_market_data (shared_data_manager) took 0.00s (listener.py:386)
2025-06-10 00:46:51,667 - webhook_logger - INFO - ‚úÖ monitor_untracked_assets is <class 'method'> (websocket_helper.py:634)
2025-06-10 00:46:51,667 - webhook_logger - INFO - üß™ About to await monitor_untracked_assets (websocket_helper.py:635)
2025-06-10 00:46:51,669 - webhook_logger - INFO - üì± Starting monitor_untracked_assets (websocket_helper.py:656)
2025-06-10 00:46:51,670 - webhook_logger - INFO - üîé INDEX-USD: Entry=1.17, Now=1.2, Qty=0.002, PnL%=2.56% (websocket_helper.py:703)
2025-06-10 00:46:51,671 - webhook_logger - INFO - üí∞ TP trigger for INDEX-USD: 2.56% (websocket_helper.py:706)
2025-06-10 00:46:51,949 - webhook_logger - INFO - ‚è∏Ô∏è Skipping TP order for INDEX-USD: open order exists (websocket_helper.py:732)
2025-06-10 00:46:51,949 - webhook_logger - INFO - üîé MASK-USD: Entry=1.65, Now=1.64, Qty=0.02, PnL%=-0.61% (websocket_helper.py:703)
2025-06-10 00:46:51,949 - webhook_logger - INFO - üõë SL trigger for MASK-USD: -0.61% (websocket_helper.py:709)
2025-06-10 00:46:52,280 - webhook_logger - INFO - üîé ETH-USD: Entry=1791.99, Now=2678.09, Qty=0.06703810, PnL%=49.45% (websocket_helper.py:703)
2025-06-10 00:46:52,280 - webhook_logger - INFO - üîé AST-USD: Entry=0.0386, Now=0.0387, Qty=0.2, PnL%=0.26% (websocket_helper.py:703)
2025-06-10 00:46:52,280 - webhook_logger - INFO - üõë SL trigger for AST-USD: 0.26% (websocket_helper.py:709)
2025-06-10 00:46:52,649 - webhook_logger - INFO - üîé BTC-USD: Entry=95065.47, Now=109246.96, Qty=0.00257846, PnL%=14.92% (websocket_helper.py:703)
2025-06-10 00:46:52,649 - webhook_logger - INFO - üîé SKL-USD: Entry=0.0221, Now=0.0222, Qty=0.2, PnL%=0.45% (websocket_helper.py:703)
2025-06-10 00:46:52,649 - webhook_logger - INFO - üõë SL trigger for SKL-USD: 0.45% (websocket_helper.py:709)
2025-06-10 00:46:52,938 - webhook_logger - INFO - ‚úÖ monitor_untracked_assets completed (websocket_helper.py:718)
2025-06-10 00:46:52,939 - webhook_logger - INFO - ‚úÖ monitor_untracked_assets completed (websocket_helper.py:645)
2025-06-10 00:46:52,939 - webhook_logger - INFO - ‚è± monitor_and_update_active_orders took 1.33s (listener.py:393)
2025-06-10 00:46:52,939 - webhook_logger - ERROR - üö® refresh_market_data loop exited unexpectedly! (listener.py:409)
NoneType: None
2025-06-10 00:46:59,313 - webhook_logger - INFO - üìâ Skipping passive SELL for MASK-USD ‚Äî average_close (1.64) < current_price (1.65) (passive_order_manager.py:329)
2025-06-10 00:47:12,953 - webhook_logger - WARNING - WebSocket closed unexpectedly: sent 1011 (internal error) keepalive ping timeout; no close frame received. Reconnecting... (listener.py:127)
2025-06-10 00:47:14,496 - webhook_logger - INFO - Connected to wss://advanced-trade-ws.coinbase.com (listener.py:98)
2025-06-10 00:47:15,498 - webhook_logger - INFO - ‚ö° Subscribing to Market Channels... (listener.py:107)
2025-06-10 00:47:15,498 - webhook_logger - INFO - ÔøΩ Subscribing to Market Channels: ['ticker_batch', 'heartbeats'] (websocket_helper.py:320)
2025-06-10 00:47:15,499 - webhook_logger - INFO - Listening on wss://advanced-trade-ws.coinbase.com (listener.py:110)
2025-06-10 00:47:15,861 - webhook_logger - WARNING - WebSocket closed unexpectedly: sent 1011 (internal error) keepalive ping timeout; no close frame received. Reconnecting... (listener.py:127)
2025-06-10 00:47:17,686 - webhook_logger - INFO - Connected to wss://advanced-trade-ws.coinbase.com (listener.py:98)
2025-06-10 00:47:21,090 - webhook_logger - INFO - ‚ö†Ô∏è‚ö†Ô∏è‚ö†Ô∏è  update_market_data took 4.11s    ‚ö†Ô∏è‚ö†Ô∏è‚ö†Ô∏è (listener.py:363)
2025-06-10 00:47:21,091 - webhook_logger - INFO - ‚è± update_market_data (shared_data_manager) took 0.00s (listener.py:386)
2025-06-10 00:47:21,154 - webhook_logger - INFO - ‚úÖ monitor_untracked_assets is <class 'method'> (websocket_helper.py:634)
2025-06-10 00:47:21,154 - webhook_logger - INFO - üß™ About to await monitor_untracked_assets (websocket_helper.py:635)
2025-06-10 00:47:21,156 - webhook_logger - INFO - üì± Starting monitor_untracked_assets (websocket_helper.py:656)
2025-06-10 00:47:21,157 - webhook_logger - INFO - üîé INDEX-USD: Entry=1.17, Now=1.2, Qty=0.002, PnL%=2.56% (websocket_helper.py:703)
2025-06-10 00:47:21,157 - webhook_logger - INFO - üí∞ TP trigger for INDEX-USD: 2.56% (websocket_helper.py:706)
2025-06-10 00:47:21,213 - webhook_logger - INFO - ‚ö° Subscribing to Market Channels... (listener.py:107)
2025-06-10 00:47:21,213 - webhook_logger - INFO - ÔøΩ Subscribing to Market Channels: ['ticker_batch', 'heartbeats'] (websocket_helper.py:320)
2025-06-10 00:47:21,214 - webhook_logger - INFO - Listening on wss://advanced-trade-ws.coinbase.com (listener.py:110)
2025-06-10 00:47:21,517 - webhook_logger - INFO - ‚è∏Ô∏è Skipping TP order for INDEX-USD: open order exists (websocket_helper.py:732)
2025-06-10 00:47:21,517 - webhook_logger - INFO - üîé MASK-USD: Entry=1.65, Now=1.64, Qty=0.02, PnL%=-0.61% (websocket_helper.py:703)
2025-06-10 00:47:21,517 - webhook_logger - INFO - üõë SL trigger for MASK-USD: -0.61% (websocket_helper.py:709)
2025-06-10 00:47:21,770 - webhook_logger - INFO - üîé ETH-USD: Entry=1791.99, Now=2679.76, Qty=0.06703810, PnL%=49.54% (websocket_helper.py:703)
2025-06-10 00:47:21,770 - webhook_logger - INFO - üîé AST-USD: Entry=0.0386, Now=0.0387, Qty=0.2, PnL%=0.26% (websocket_helper.py:703)
2025-06-10 00:47:21,770 - webhook_logger - INFO - üõë SL trigger for AST-USD: 0.26% (websocket_helper.py:709)
2025-06-10 00:47:22,034 - webhook_logger - INFO - üîé BTC-USD: Entry=95065.47, Now=109274.17, Qty=0.00257846, PnL%=14.95% (websocket_helper.py:703)
2025-06-10 00:47:22,034 - webhook_logger - INFO - üîé SKL-USD: Entry=0.0221, Now=0.0222, Qty=0.2, PnL%=0.45% (websocket_helper.py:703)
2025-06-10 00:47:22,035 - webhook_logger - INFO - üõë SL trigger for SKL-USD: 0.45% (websocket_helper.py:709)
2025-06-10 00:47:22,306 - webhook_logger - INFO - ‚úÖ monitor_untracked_assets completed (websocket_helper.py:718)
2025-06-10 00:47:22,310 - webhook_logger - INFO - ‚úÖ monitor_untracked_assets completed (websocket_helper.py:645)
2025-06-10 00:47:22,310 - webhook_logger - INFO - ‚è± monitor_and_update_active_orders took 1.22s (listener.py:393)
2025-06-10 00:47:22,311 - webhook_logger - ERROR - üö® refresh_market_data loop exited unexpectedly! (listener.py:409)
NoneType: None
2025-06-10 00:47:31,860 - webhook_logger - INFO - ‚úÖ Order filled: 5fbc67b9-9fc8-4588-837e-203a3aa8636c at 0.69 with fee 0.0772317 (websocket_market_manager.py:233)
2025-06-10 00:47:36,452 - webhook_logger - INFO - ‚úÖ Order filled: 5fbc67b9-9fc8-4588-837e-203a3aa8636c at 0.69 with fee 0.0772317 (websocket_market_manager.py:233)
2025-06-10 00:47:52,440 - webhook_logger - INFO - ‚ö†Ô∏è‚ö†Ô∏è‚ö†Ô∏è  update_market_data took 5.46s    ‚ö†Ô∏è‚ö†Ô∏è‚ö†Ô∏è (listener.py:363)
2025-06-10 00:47:52,441 - webhook_logger - INFO - ‚è± update_market_data (shared_data_manager) took 0.00s (listener.py:386)
2025-06-10 00:47:52,504 - webhook_logger - INFO - ‚úÖ monitor_untracked_assets is <class 'method'> (websocket_helper.py:634)
2025-06-10 00:47:52,504 - webhook_logger - INFO - üß™ About to await monitor_untracked_assets (websocket_helper.py:635)
2025-06-10 00:47:52,507 - webhook_logger - INFO - üì± Starting monitor_untracked_assets (websocket_helper.py:656)
2025-06-10 00:47:52,508 - webhook_logger - INFO - üîé INDEX-USD: Entry=1.17, Now=1.2, Qty=0.002, PnL%=2.56% (websocket_helper.py:703)
2025-06-10 00:47:52,508 - webhook_logger - INFO - üí∞ TP trigger for INDEX-USD: 2.56% (websocket_helper.py:706)
2025-06-10 00:47:52,778 - webhook_logger - INFO - ‚è∏Ô∏è Skipping TP order for INDEX-USD: open order exists (websocket_helper.py:732)
2025-06-10 00:47:52,778 - webhook_logger - INFO - üîé MASK-USD: Entry=1.65, Now=1.64, Qty=0.02, PnL%=-0.61% (websocket_helper.py:703)
2025-06-10 00:47:52,778 - webhook_logger - INFO - üõë SL trigger for MASK-USD: -0.61% (websocket_helper.py:709)
2025-06-10 00:47:53,022 - webhook_logger - INFO - üîé ETH-USD: Entry=1791.99, Now=2679.53, Qty=0.06703810, PnL%=49.53% (websocket_helper.py:703)
2025-06-10 00:47:53,022 - webhook_logger - INFO - üîé AST-USD: Entry=0.0386, Now=0.0387, Qty=0.2, PnL%=0.26% (websocket_helper.py:703)
2025-06-10 00:47:53,023 - webhook_logger - INFO - üõë SL trigger for AST-USD: 0.26% (websocket_helper.py:709)
2025-06-10 00:47:53,611 - webhook_logger - INFO - üîé PLU-USD: Entry=0.68, Now=0.69, Qty=74.64, PnL%=1.47% (websocket_helper.py:703)
2025-06-10 00:47:53,611 - webhook_logger - INFO - üîé BTC-USD: Entry=95065.47, Now=109279.95, Qty=0.00257846, PnL%=14.95% (websocket_helper.py:703)
2025-06-10 00:47:53,612 - webhook_logger - INFO - üîé SKL-USD: Entry=0.0221, Now=0.0223, Qty=0.2, PnL%=0.90% (websocket_helper.py:703)
2025-06-10 00:47:53,612 - webhook_logger - INFO - ‚úÖ monitor_untracked_assets completed (websocket_helper.py:718)
2025-06-10 00:47:53,641 - webhook_logger - INFO - ‚úÖ monitor_untracked_assets completed (websocket_helper.py:645)
2025-06-10 00:47:53,641 - webhook_logger - INFO - ‚è± monitor_and_update_active_orders took 1.20s (listener.py:393)
2025-06-10 00:47:53,642 - webhook_logger - ERROR - üö® refresh_market_data loop exited unexpectedly! (listener.py:409)
NoneType: None
2025-06-10 00:48:16,911 - webhook_logger - WARNING - WebSocket closed unexpectedly: sent 1011 (internal error) keepalive ping timeout; no close frame received. Reconnecting... (listener.py:127)
2025-06-10 00:48:21,516 - webhook_logger - INFO - ‚ö†Ô∏è‚ö†Ô∏è‚ö†Ô∏è  update_market_data took 4.53s    ‚ö†Ô∏è‚ö†Ô∏è‚ö†Ô∏è (listener.py:363)
2025-06-10 00:48:21,517 - webhook_logger - INFO - ‚è± update_market_data (shared_data_manager) took 0.00s (listener.py:386)
2025-06-10 00:48:21,569 - webhook_logger - INFO - ‚úÖ monitor_untracked_assets is <class 'method'> (websocket_helper.py:634)
2025-06-10 00:48:21,569 - webhook_logger - INFO - üß™ About to await monitor_untracked_assets (websocket_helper.py:635)
2025-06-10 00:48:21,570 - webhook_logger - INFO - üì± Starting monitor_untracked_assets (websocket_helper.py:656)
2025-06-10 00:48:21,572 - webhook_logger - INFO - üîé INDEX-USD: Entry=1.17, Now=1.2, Qty=0.002, PnL%=2.56% (websocket_helper.py:703)
2025-06-10 00:48:21,573 - webhook_logger - INFO - üí∞ TP trigger for INDEX-USD: 2.56% (websocket_helper.py:706)
2025-06-10 00:48:21,623 - webhook_logger - INFO - Connected to wss://advanced-trade-ws.coinbase.com (listener.py:98)
2025-06-10 00:48:21,629 - webhook_logger - WARNING - WebSocket closed unexpectedly: sent 1011 (internal error) keepalive ping timeout; no close frame received. Reconnecting... (listener.py:127)
2025-06-10 00:48:21,842 - webhook_logger - INFO - ‚è∏Ô∏è Skipping TP order for INDEX-USD: open order exists (websocket_helper.py:732)
2025-06-10 00:48:21,843 - webhook_logger - INFO - üîé MASK-USD: Entry=1.65, Now=1.64, Qty=0.02, PnL%=-0.61% (websocket_helper.py:703)
2025-06-10 00:48:21,844 - webhook_logger - INFO - üõë SL trigger for MASK-USD: -0.61% (websocket_helper.py:709)
2025-06-10 00:48:22,092 - webhook_logger - INFO - üîé ETH-USD: Entry=1791.99, Now=2681.41, Qty=0.06703810, PnL%=49.63% (websocket_helper.py:703)
2025-06-10 00:48:22,093 - webhook_logger - INFO - üîé AST-USD: Entry=0.0386, Now=0.0387, Qty=0.2, PnL%=0.26% (websocket_helper.py:703)
2025-06-10 00:48:22,093 - webhook_logger - INFO - üõë SL trigger for AST-USD: 0.26% (websocket_helper.py:709)
2025-06-10 00:48:22,379 - webhook_logger - INFO - üîé PLU-USD: Entry=0.68, Now=0.69, Qty=74.64, PnL%=1.47% (websocket_helper.py:703)
2025-06-10 00:48:22,379 - webhook_logger - INFO - üîé BTC-USD: Entry=95065.47, Now=109312.63, Qty=0.00257846, PnL%=14.99% (websocket_helper.py:703)
2025-06-10 00:48:22,379 - webhook_logger - INFO - üîé SKL-USD: Entry=0.0221, Now=0.0222, Qty=0.2, PnL%=0.45% (websocket_helper.py:703)
2025-06-10 00:48:22,380 - webhook_logger - INFO - üõë SL trigger for SKL-USD: 0.45% (websocket_helper.py:709)
2025-06-10 00:48:22,631 - webhook_logger - INFO - ‚ö° Subscribing to Market Channels... (listener.py:107)
2025-06-10 00:48:22,631 - webhook_logger - INFO - ÔøΩ Subscribing to Market Channels: ['ticker_batch', 'heartbeats'] (websocket_helper.py:320)
2025-06-10 00:48:22,632 - webhook_logger - INFO - Listening on wss://advanced-trade-ws.coinbase.com (listener.py:110)
2025-06-10 00:48:22,654 - webhook_logger - INFO - ‚úÖ monitor_untracked_assets completed (websocket_helper.py:718)
2025-06-10 00:48:22,657 - webhook_logger - INFO - ‚úÖ monitor_untracked_assets completed (websocket_helper.py:645)
2025-06-10 00:48:22,657 - webhook_logger - INFO - ‚è± monitor_and_update_active_orders took 1.14s (listener.py:393)
2025-06-10 00:48:22,657 - webhook_logger - ERROR - üö® refresh_market_data loop exited unexpectedly! (listener.py:409)
NoneType: None
2025-06-10 00:48:23,341 - webhook_logger - INFO - Connected to wss://advanced-trade-ws.coinbase.com (listener.py:98)
2025-06-10 00:48:24,344 - webhook_logger - INFO - ‚ö° Subscribing to Market Channels... (listener.py:107)
2025-06-10 00:48:24,344 - webhook_logger - INFO - ÔøΩ Subscribing to Market Channels: ['ticker_batch', 'heartbeats'] (websocket_helper.py:320)
2025-06-10 00:48:24,345 - webhook_logger - INFO - Listening on wss://advanced-trade-ws.coinbase.com (listener.py:110)
2025-06-10 00:48:28,780 - webhook_logger - INFO - üìâ Skipping passive SELL for SKL-USD ‚Äî average_close (0.0222) < current_price (0.0223) (passive_order_manager.py:329)
2025-06-10 00:48:46,056 - webhook_logger - INFO - üìâ Skipping passive SELL for SKL-USD ‚Äî average_close (0.0222) < current_price (0.0223) (passive_order_manager.py:329)
