2025-05-25 08:02:39,582 - webhook_logger - WARNING - ‚ö†Ô∏è No message ever received from market channel 'ticker_batch' (websocket_helper.py:238)
2025-05-25 08:02:39,585 - webhook_logger - WARNING - ‚ö†Ô∏è No message ever received from market channel 'heartbeats' (websocket_helper.py:238)
2025-05-25 08:02:39,594 - webhook_logger - INFO - üîÑ Starting sync_open_orders cycle‚Ä¶ (listener.py:728)
2025-05-25 08:02:43,589 - webhook_logger - INFO - Connected to wss://advanced-trade-ws.coinbase.com (listener.py:96)
2025-05-25 08:02:43,594 - webhook_logger - INFO - Connected to wss://advanced-trade-ws-user.coinbase.com (listener.py:96)
2025-05-25 08:02:43,665 - webhook_logger - INFO - Listening on wss://advanced-trade-ws-user.coinbase.com (listener.py:107)
2025-05-25 08:02:43,694 - webhook_logger - INFO - ‚úÖ sync_open_orders ‚Üí upserted 250 rows (0 open / 250 recent) (listener.py:854)
2025-05-25 08:02:43,797 - webhook_logger - INFO - ‚úÖ First message received from market channel: subscriptions (websocket_helper.py:268)
2025-05-25 08:02:43,797 - webhook_logger - INFO - üíô Confirmed Market Subscriptions:  (websocket_helper.py:292)
2025-05-25 08:02:43,822 - webhook_logger - INFO - ‚úÖ First message received from user channel: user (websocket_helper.py:211)
2025-05-25 08:02:43,822 - webhook_logger - INFO - üíô Confirmed Market Subscriptions:  (websocket_helper.py:292)
2025-05-25 08:02:44,591 - webhook_logger - INFO - ‚ö° Subscribing to Market Channels... (listener.py:104)
2025-05-25 08:02:44,591 - webhook_logger - INFO - ÔøΩ Subscribing to Market Channels: ['ticker_batch', 'heartbeats'] (websocket_helper.py:307)
2025-05-25 08:02:44,593 - webhook_logger - INFO - Listening on wss://advanced-trade-ws.coinbase.com (listener.py:107)
2025-05-25 08:02:44,698 - webhook_logger - INFO - ‚úÖ First message received from market channel: heartbeats (websocket_helper.py:268)
2025-05-25 08:02:44,819 - webhook_logger - INFO - ‚úÖ First message received from market channel: ticker_batch (websocket_helper.py:268)
2025-05-25 08:06:02,360 - webhook_logger - WARNING - ‚ö†Ô∏è No message ever received from market channel 'ticker_batch' (websocket_helper.py:238)
2025-05-25 08:06:02,361 - webhook_logger - WARNING - ‚ö†Ô∏è No message ever received from market channel 'heartbeats' (websocket_helper.py:238)
2025-05-25 08:06:02,369 - webhook_logger - INFO - üîÑ Starting sync_open_orders cycle‚Ä¶ (listener.py:728)
2025-05-25 08:06:06,771 - webhook_logger - INFO - Connected to wss://advanced-trade-ws-user.coinbase.com (listener.py:96)
2025-05-25 08:06:06,833 - webhook_logger - INFO - Listening on wss://advanced-trade-ws-user.coinbase.com (listener.py:107)
2025-05-25 08:06:06,836 - webhook_logger - INFO - Connected to wss://advanced-trade-ws.coinbase.com (listener.py:96)
2025-05-25 08:06:07,146 - webhook_logger - INFO - ‚úÖ First message received from user channel: user (websocket_helper.py:211)
2025-05-25 08:06:07,147 - webhook_logger - INFO - ‚úÖ First message received from market channel: subscriptions (websocket_helper.py:268)
2025-05-25 08:06:07,147 - webhook_logger - INFO - üíô Confirmed Market Subscriptions:  (websocket_helper.py:292)
2025-05-25 08:06:07,147 - webhook_logger - INFO - üíô Confirmed Market Subscriptions:  (websocket_helper.py:292)
2025-05-25 08:06:07,528 - webhook_logger - INFO - ‚úÖ sync_open_orders ‚Üí upserted 250 rows (2 open / 250 recent) (listener.py:854)
2025-05-25 08:06:07,777 - webhook_logger - INFO - ‚úÖ First message received from market channel: heartbeats (websocket_helper.py:268)
2025-05-25 08:06:07,837 - webhook_logger - INFO - ‚ö° Subscribing to Market Channels... (listener.py:104)
2025-05-25 08:06:07,838 - webhook_logger - INFO - ÔøΩ Subscribing to Market Channels: ['ticker_batch', 'heartbeats'] (websocket_helper.py:307)
2025-05-25 08:06:07,839 - webhook_logger - INFO - Listening on wss://advanced-trade-ws.coinbase.com (listener.py:107)
2025-05-25 08:06:08,017 - webhook_logger - INFO - ‚úÖ First message received from market channel: ticker_batch (websocket_helper.py:268)
2025-05-25 08:06:26,920 - webhook_logger - INFO - ‚úÖ Successfully placed tp_sl order for RAD/USD (webhook_order_manager.py:521)
2025-05-25 08:06:26,921 - webhook_logger - INFO - ‚úÖ Passive BUY RAD/USD @ 0.71 (passive_order_manager.py:168)
2025-05-25 08:06:27,357 - webhook_logger - WARNING - ‚ö†Ô∏è Passive SELL failed: Validation failed for RAD/USD (passive_order_manager.py:172)
2025-05-25 08:07:49,804 - webhook_logger - INFO - ‚ùé 44d9d585-e1f8-4948-80f6-30e9dd46decf CANCELLED ‚Üí deleted from DB (websocket_market_manager.py:163)
2025-05-25 08:07:49,812 - webhook_logger - INFO - ‚ùé 44d9d585-e1f8-4948-80f6-30e9dd46decf CANCELLED ‚Üí deleted from DB (websocket_market_manager.py:163)
2025-05-25 08:08:39,138 - webhook_logger - INFO - ‚úÖ Successfully placed tp_sl order for BNT/USD (webhook_order_manager.py:521)
2025-05-25 08:08:39,139 - webhook_logger - INFO - ‚úÖ Passive BUY BNT/USD @ 0.6799 (passive_order_manager.py:168)
2025-05-25 08:08:39,842 - webhook_logger - WARNING - ‚ö†Ô∏è Passive SELL failed: Validation failed for BNT/USD (passive_order_manager.py:172)
2025-05-25 08:09:02,107 - webhook_logger - INFO - ‚úÖ Successfully placed tp_sl order for SHDW/USD (webhook_order_manager.py:521)
2025-05-25 08:09:02,108 - webhook_logger - INFO - ‚úÖ Passive BUY SHDW/USD @ 0.118 (passive_order_manager.py:168)
2025-05-25 08:09:02,487 - webhook_logger - WARNING - ‚ö†Ô∏è Passive SELL failed: Validation failed for SHDW/USD (passive_order_manager.py:172)
2025-05-25 08:09:38,291 - webhook_logger - INFO - ‚úÖ Successfully placed tp_sl order for WCFG/USD (webhook_order_manager.py:521)
2025-05-25 08:09:38,291 - webhook_logger - INFO - ‚úÖ Passive BUY WCFG/USD @ 0.240 (passive_order_manager.py:168)
2025-05-25 08:09:38,911 - webhook_logger - WARNING - ‚ö†Ô∏è Passive SELL failed: Validation failed for WCFG/USD (passive_order_manager.py:172)
2025-05-25 08:10:00,209 - webhook_logger - ERROR - Error in handle_order_fill: 'OrderData' object has no attribute 'order_amount' OrderData(trading_pair='SHDW/USD', time_order_placed=None, type='limit', order_id='2bd3035f-a76c-4120-b30f-f99e54bf510a', side='buy', filled_price=Decimal('0'), base_currency='SHDW', quote_currency='USD', usd_balance=Decimal('0'), base_decimal=2, quote_decimal=3, quote_increment=Decimal('0.01'), highest_bid=Decimal('0'), lowest_ask=Decimal('0'), maker=Decimal('0'), taker=Decimal('0'), spread=Decimal('0'), open_orders=Empty DataFrame
Columns: []
Index: [], status='OPEN', source='UNKNOWN', trigger='None', base_avail_balance=Decimal('0'), total_balance_crypto=None, available_to_trade_crypto=Decimal('0'), usd_avail_balance=Decimal('0'), order_amount_fiat=Decimal('0'), order_amount_crypto=Decimal('0'), price=Decimal('0.119'), cost_basis=None, limit_price=Decimal('0'), average_price=None, adjusted_price=None, adjusted_size=None, stop_loss_price=None, take_profit_price=None, volume_24h=None) (listener.py:443)
Traceback (most recent call last):
  File "/Users/Manny/Python_Projects/BotTrader/webhook/listener.py", line 415, in handle_order_fill
    if websocket_order_data.order_amount:
AttributeError: 'OrderData' object has no attribute 'order_amount'
2025-05-25 08:10:19,939 - webhook_logger - INFO - ‚úÖ Successfully placed tp_sl order for RARI/USD (webhook_order_manager.py:521)
2025-05-25 08:10:19,939 - webhook_logger - INFO - ‚úÖ Passive BUY RARI/USD @ 1.13 (passive_order_manager.py:168)
2025-05-25 08:10:20,330 - webhook_logger - WARNING - ‚ö†Ô∏è Passive SELL failed: Validation failed for RARI/USD (passive_order_manager.py:172)
2025-05-25 08:10:25,061 - webhook_logger - WARNING - ‚ö†Ô∏è Passive BUY failed: Order placement failed (passive_order_manager.py:172)
2025-05-25 08:10:26,365 - webhook_logger - INFO - ‚ùå Order validation failed for MOG/USD: ‚ö†Ô∏è MOG/USD has insufficient balance to sell. (webhook_validate_orders.py:474)
2025-05-25 08:10:26,366 - webhook_logger - INFO - ‚ö†Ô∏è Insufficient balance for MOG/USD sell order. Balance: 0 (webhook_validate_orders.py:567)
2025-05-25 08:10:26,367 - webhook_logger - WARNING - ‚ö†Ô∏è Passive SELL failed: Order validation failed for MOG/USD (passive_order_manager.py:172)
2025-05-25 08:10:32,452 - webhook_logger - WARNING - WebSocket closed unexpectedly: sent 1011 (internal error) keepalive ping timeout; no close frame received. Reconnecting... (listener.py:136)
2025-05-25 08:10:34,133 - webhook_logger - INFO - Connected to wss://advanced-trade-ws.coinbase.com (listener.py:96)
2025-05-25 08:10:35,135 - webhook_logger - INFO - ‚ö° Subscribing to Market Channels... (listener.py:104)
2025-05-25 08:10:35,135 - webhook_logger - INFO - ÔøΩ Subscribing to Market Channels: ['ticker_batch', 'heartbeats'] (websocket_helper.py:307)
2025-05-25 08:10:35,137 - webhook_logger - INFO - Listening on wss://advanced-trade-ws.coinbase.com (listener.py:107)
2025-05-25 08:10:38,096 - webhook_logger - WARNING - ‚ö†Ô∏è Passive BUY failed: Order placement failed (passive_order_manager.py:172)
2025-05-25 08:10:39,409 - webhook_logger - INFO - ‚ùå Order validation failed for INV/USD: ‚ö†Ô∏è INV/USD has insufficient balance to sell. (webhook_validate_orders.py:474)
2025-05-25 08:10:39,411 - webhook_logger - INFO - ‚ö†Ô∏è Insufficient balance for INV/USD sell order. Balance: 0.0000 (webhook_validate_orders.py:567)
2025-05-25 08:10:39,411 - webhook_logger - WARNING - ‚ö†Ô∏è Passive SELL failed: Order validation failed for INV/USD (passive_order_manager.py:172)
2025-05-25 08:11:19,135 - webhook_logger - WARNING - ‚ö†Ô∏è No message ever received from market channel 'ticker_batch' (websocket_helper.py:238)
2025-05-25 08:11:19,135 - webhook_logger - WARNING - ‚ö†Ô∏è No message ever received from market channel 'heartbeats' (websocket_helper.py:238)
2025-05-25 08:11:19,143 - webhook_logger - INFO - üîÑ Starting sync_open_orders cycle‚Ä¶ (listener.py:728)
2025-05-25 08:11:23,677 - webhook_logger - INFO - Connected to wss://advanced-trade-ws.coinbase.com (listener.py:96)
2025-05-25 08:11:23,680 - webhook_logger - INFO - Connected to wss://advanced-trade-ws-user.coinbase.com (listener.py:96)
2025-05-25 08:11:24,831 - webhook_logger - INFO - Listening on wss://advanced-trade-ws-user.coinbase.com (listener.py:107)
2025-05-25 08:11:25,133 - webhook_logger - INFO - ‚ö° Subscribing to Market Channels... (listener.py:104)
2025-05-25 08:11:25,133 - webhook_logger - INFO - ÔøΩ Subscribing to Market Channels: ['ticker_batch', 'heartbeats'] (websocket_helper.py:307)
2025-05-25 08:11:25,134 - webhook_logger - INFO - Listening on wss://advanced-trade-ws.coinbase.com (listener.py:107)
2025-05-25 08:11:25,142 - webhook_logger - INFO - ‚úÖ First message received from user channel: user (websocket_helper.py:211)
2025-05-25 08:11:25,142 - webhook_logger - INFO - ‚úÖ First message received from market channel: subscriptions (websocket_helper.py:268)
2025-05-25 08:11:25,142 - webhook_logger - INFO - üíô Confirmed Market Subscriptions:  (websocket_helper.py:292)
2025-05-25 08:11:25,142 - webhook_logger - INFO - üíô Confirmed Market Subscriptions:  (websocket_helper.py:292)
2025-05-25 08:11:25,147 - webhook_logger - INFO - ‚úÖ sync_open_orders ‚Üí upserted 250 rows (6 open / 250 recent) (listener.py:854)
2025-05-25 08:11:25,211 - webhook_logger - INFO - ‚úÖ First message received from market channel: heartbeats (websocket_helper.py:268)
2025-05-25 08:11:25,499 - webhook_logger - ERROR - Error in handle_order_fill: 'OrderData' object has no attribute 'order_amount' OrderData(trading_pair='SHDW/USD', time_order_placed=None, type='limit', order_id='2bd3035f-a76c-4120-b30f-f99e54bf510a', side='buy', filled_price=Decimal('0'), base_currency='SHDW', quote_currency='USD', usd_balance=Decimal('0'), base_decimal=2, quote_decimal=3, quote_increment=Decimal('0.01'), highest_bid=Decimal('0'), lowest_ask=Decimal('0'), maker=Decimal('0'), taker=Decimal('0'), spread=Decimal('0'), open_orders=Empty DataFrame
Columns: []
Index: [], status='OPEN', source='UNKNOWN', trigger='None', base_avail_balance=Decimal('0'), total_balance_crypto=None, available_to_trade_crypto=Decimal('0'), usd_avail_balance=Decimal('0'), order_amount_fiat=Decimal('0'), order_amount_crypto=Decimal('0'), price=Decimal('0.119'), cost_basis=None, limit_price=Decimal('0'), average_price=None, adjusted_price=None, adjusted_size=None, stop_loss_price=None, take_profit_price=None, volume_24h=None) (listener.py:443)
Traceback (most recent call last):
  File "/Users/Manny/Python_Projects/BotTrader/webhook/listener.py", line 415, in handle_order_fill
    if websocket_order_data.order_amount:
AttributeError: 'OrderData' object has no attribute 'order_amount'
2025-05-25 08:11:25,517 - webhook_logger - INFO - ‚úÖ First message received from market channel: ticker_batch (websocket_helper.py:268)
2025-05-25 08:13:12,326 - webhook_logger - INFO - üí∞ WCFG-USD SELL profit -0.07 USD (websocket_market_manager.py:208)
2025-05-25 08:13:12,327 - webhook_logger - INFO - ‚úÖ Order filled: 1e2ab9a3-b78b-4cef-9220-91b40b206f82 at 0.235 with fee 0.12188275 (websocket_market_manager.py:210)
2025-05-25 08:13:12,338 - webhook_logger - ERROR - Error in handle_order_fill: 'OrderData' object has no attribute 'order_amount' OrderData(trading_pair='WCFG/USD', time_order_placed=None, type='', order_id=None, side='', filled_price=Decimal('0'), base_currency='WCFG', quote_currency='USD', usd_balance=Decimal('0'), base_decimal=2, quote_decimal=3, quote_increment=Decimal('0.01'), highest_bid=Decimal('0'), lowest_ask=Decimal('0'), maker=Decimal('0'), taker=Decimal('0'), spread=Decimal('0'), open_orders=Empty DataFrame
Columns: []
Index: [], status='FILLED', source='UNKNOWN', trigger='None', base_avail_balance=Decimal('0'), total_balance_crypto=None, available_to_trade_crypto=Decimal('0'), usd_avail_balance=Decimal('0'), order_amount_fiat=Decimal('0'), order_amount_crypto=Decimal('0'), price=Decimal('0'), cost_basis=None, limit_price=Decimal('0'), average_price=None, adjusted_price=None, adjusted_size=None, stop_loss_price=None, take_profit_price=None, volume_24h=None) (listener.py:443)
Traceback (most recent call last):
  File "/Users/Manny/Python_Projects/BotTrader/webhook/listener.py", line 415, in handle_order_fill
    if websocket_order_data.order_amount:
AttributeError: 'OrderData' object has no attribute 'order_amount'
2025-05-25 08:13:12,358 - webhook_logger - INFO - üí∞ WCFG-USD SELL profit -0.07 USD (websocket_market_manager.py:208)
2025-05-25 08:13:12,358 - webhook_logger - INFO - ‚úÖ Order filled: 1e2ab9a3-b78b-4cef-9220-91b40b206f82 at 0.235 with fee 0.12188275 (websocket_market_manager.py:210)
2025-05-25 08:13:12,369 - webhook_logger - ERROR - Error in handle_order_fill: 'OrderData' object has no attribute 'order_amount' OrderData(trading_pair='WCFG/USD', time_order_placed=None, type='', order_id=None, side='', filled_price=Decimal('0'), base_currency='WCFG', quote_currency='USD', usd_balance=Decimal('0'), base_decimal=2, quote_decimal=3, quote_increment=Decimal('0.01'), highest_bid=Decimal('0'), lowest_ask=Decimal('0'), maker=Decimal('0'), taker=Decimal('0'), spread=Decimal('0'), open_orders=Empty DataFrame
Columns: []
Index: [], status='FILLED', source='UNKNOWN', trigger='None', base_avail_balance=Decimal('0'), total_balance_crypto=None, available_to_trade_crypto=Decimal('0'), usd_avail_balance=Decimal('0'), order_amount_fiat=Decimal('0'), order_amount_crypto=Decimal('0'), price=Decimal('0'), cost_basis=None, limit_price=Decimal('0'), average_price=None, adjusted_price=None, adjusted_size=None, stop_loss_price=None, take_profit_price=None, volume_24h=None) (listener.py:443)
Traceback (most recent call last):
  File "/Users/Manny/Python_Projects/BotTrader/webhook/listener.py", line 415, in handle_order_fill
    if websocket_order_data.order_amount:
AttributeError: 'OrderData' object has no attribute 'order_amount'
2025-05-25 08:13:17,580 - webhook_logger - INFO - Connected to wss://advanced-trade-ws.coinbase.com (listener.py:96)
2025-05-25 08:13:17,831 - webhook_logger - ERROR - Error in handle_order_fill: 'OrderData' object has no attribute 'order_amount' OrderData(trading_pair='SHDW/USD', time_order_placed=None, type='limit', order_id='2bd3035f-a76c-4120-b30f-f99e54bf510a', side='buy', filled_price=Decimal('0'), base_currency='SHDW', quote_currency='USD', usd_balance=Decimal('0'), base_decimal=2, quote_decimal=3, quote_increment=Decimal('0.01'), highest_bid=Decimal('0'), lowest_ask=Decimal('0'), maker=Decimal('0'), taker=Decimal('0'), spread=Decimal('0'), open_orders=Empty DataFrame
Columns: []
Index: [], status='OPEN', source='UNKNOWN', trigger='None', base_avail_balance=Decimal('0'), total_balance_crypto=None, available_to_trade_crypto=Decimal('0'), usd_avail_balance=Decimal('0'), order_amount_fiat=Decimal('0'), order_amount_crypto=Decimal('0'), price=Decimal('0.119'), cost_basis=None, limit_price=Decimal('0'), average_price=None, adjusted_price=None, adjusted_size=None, stop_loss_price=None, take_profit_price=None, volume_24h=None) (listener.py:443)
Traceback (most recent call last):
  File "/Users/Manny/Python_Projects/BotTrader/webhook/listener.py", line 415, in handle_order_fill
    if websocket_order_data.order_amount:
AttributeError: 'OrderData' object has no attribute 'order_amount'
2025-05-25 08:13:18,583 - webhook_logger - INFO - ‚ö° Subscribing to Market Channels... (listener.py:104)
2025-05-25 08:13:18,583 - webhook_logger - INFO - ÔøΩ Subscribing to Market Channels: ['ticker_batch', 'heartbeats'] (websocket_helper.py:307)
2025-05-25 08:13:18,584 - webhook_logger - INFO - Listening on wss://advanced-trade-ws.coinbase.com (listener.py:107)
2025-05-25 08:13:34,355 - webhook_logger - INFO - ‚úÖ Successfully placed tp_sl order for FARM/USD (webhook_order_manager.py:521)
2025-05-25 08:13:34,355 - webhook_logger - INFO - ‚úÖ Passive BUY FARM/USD @ 29.86 (passive_order_manager.py:168)
2025-05-25 08:13:35,218 - webhook_logger - WARNING - ‚ö†Ô∏è Passive SELL failed: Validation failed for FARM/USD (passive_order_manager.py:172)
2025-05-25 08:13:59,054 - webhook_logger - WARNING - ‚ö†Ô∏è No message ever received from market channel 'ticker_batch' (websocket_helper.py:238)
2025-05-25 08:13:59,055 - webhook_logger - WARNING - ‚ö†Ô∏è No message ever received from market channel 'heartbeats' (websocket_helper.py:238)
2025-05-25 08:13:59,066 - webhook_logger - INFO - üîÑ Starting sync_open_orders cycle‚Ä¶ (listener.py:728)
2025-05-25 08:14:02,517 - webhook_logger - INFO - Connected to wss://advanced-trade-ws.coinbase.com (listener.py:96)
2025-05-25 08:14:03,342 - webhook_logger - INFO - Connected to wss://advanced-trade-ws-user.coinbase.com (listener.py:96)
2025-05-25 08:14:03,419 - webhook_logger - INFO - Listening on wss://advanced-trade-ws-user.coinbase.com (listener.py:107)
2025-05-25 08:14:04,578 - webhook_logger - INFO - ‚ö° Subscribing to Market Channels... (listener.py:104)
2025-05-25 08:14:04,578 - webhook_logger - INFO - ÔøΩ Subscribing to Market Channels: ['ticker_batch', 'heartbeats'] (websocket_helper.py:307)
2025-05-25 08:14:04,579 - webhook_logger - INFO - Listening on wss://advanced-trade-ws.coinbase.com (listener.py:107)
2025-05-25 08:14:04,584 - webhook_logger - INFO - ‚úÖ First message received from market channel: subscriptions (websocket_helper.py:268)
2025-05-25 08:14:04,584 - webhook_logger - INFO - üíô Confirmed Market Subscriptions:  (websocket_helper.py:292)
2025-05-25 08:14:04,584 - webhook_logger - INFO - ‚úÖ First message received from user channel: user (websocket_helper.py:211)
2025-05-25 08:14:04,585 - webhook_logger - INFO - üíô Confirmed Market Subscriptions:  (websocket_helper.py:292)
2025-05-25 08:14:04,585 - webhook_logger - INFO - ‚úÖ First message received from market channel: heartbeats (websocket_helper.py:268)
2025-05-25 08:14:04,589 - webhook_logger - INFO - ‚úÖ sync_open_orders ‚Üí upserted 250 rows (6 open / 250 recent) (listener.py:854)
2025-05-25 08:14:04,917 - webhook_logger - INFO - ‚úÖ First message received from market channel: ticker_batch (websocket_helper.py:268)
2025-05-25 08:15:31,966 - webhook_logger - INFO - Connected to wss://advanced-trade-ws.coinbase.com (listener.py:96)
2025-05-25 08:15:33,393 - webhook_logger - INFO - ‚ö° Subscribing to Market Channels... (listener.py:104)
2025-05-25 08:15:33,393 - webhook_logger - INFO - ÔøΩ Subscribing to Market Channels: ['ticker_batch', 'heartbeats'] (websocket_helper.py:307)
2025-05-25 08:15:33,394 - webhook_logger - INFO - Listening on wss://advanced-trade-ws.coinbase.com (listener.py:107)
2025-05-25 08:15:34,081 - webhook_logger - INFO - ‚úÖ Successfully placed tp_sl order for FOX/USD (webhook_order_manager.py:521)
2025-05-25 08:15:34,082 - webhook_logger - INFO - ‚úÖ Passive BUY FOX/USD @ 0.0284 (passive_order_manager.py:168)
2025-05-25 08:15:34,469 - webhook_logger - WARNING - ‚ö†Ô∏è Passive SELL failed: Validation failed for FOX/USD (passive_order_manager.py:172)
2025-05-25 08:15:59,088 - webhook_logger - WARNING - ‚ö†Ô∏è Passive BUY failed: Validation failed for RARI/USD (passive_order_manager.py:172)
2025-05-25 08:15:59,487 - webhook_logger - WARNING - ‚ö†Ô∏è Passive SELL failed: Validation failed for RARI/USD (passive_order_manager.py:172)
2025-05-25 08:16:17,355 - webhook_logger - WARNING - ‚ö†Ô∏è Passive BUY failed: Order placement failed (passive_order_manager.py:172)
2025-05-25 08:16:19,062 - webhook_logger - INFO - ‚ùå Order validation failed for TIME/USD: ‚ö†Ô∏è TIME/USD has insufficient balance to sell. (webhook_validate_orders.py:474)
2025-05-25 08:16:19,064 - webhook_logger - INFO - ‚ö†Ô∏è Insufficient balance for TIME/USD sell order. Balance: 0.000 (webhook_validate_orders.py:567)
2025-05-25 08:16:19,064 - webhook_logger - WARNING - ‚ö†Ô∏è Passive SELL failed: Order validation failed for TIME/USD (passive_order_manager.py:172)
2025-05-25 08:16:53,774 - webhook_logger - INFO - ‚úÖ Successfully placed tp_sl order for HONEY/USD (webhook_order_manager.py:521)
2025-05-25 08:16:53,774 - webhook_logger - INFO - ‚úÖ Passive BUY HONEY/USD @ 0.0258 (passive_order_manager.py:168)
2025-05-25 08:16:54,254 - webhook_logger - WARNING - ‚ö†Ô∏è Passive SELL failed: Validation failed for HONEY/USD (passive_order_manager.py:172)
2025-05-25 08:17:24,905 - webhook_logger - WARNING - ‚ö†Ô∏è Passive BUY failed: Order placement failed (passive_order_manager.py:172)
2025-05-25 08:17:27,873 - webhook_logger - INFO - ‚ùå Order validation failed for TIME/USD: ‚ö†Ô∏è TIME/USD has insufficient balance to sell. (webhook_validate_orders.py:474)
2025-05-25 08:17:27,874 - webhook_logger - INFO - ‚ö†Ô∏è Insufficient balance for TIME/USD sell order. Balance: 0.000 (webhook_validate_orders.py:567)
2025-05-25 08:17:27,875 - webhook_logger - WARNING - ‚ö†Ô∏è Passive SELL failed: Order validation failed for TIME/USD (passive_order_manager.py:172)
2025-05-25 08:18:26,058 - webhook_logger - WARNING - WebSocket closed unexpectedly: sent 1011 (internal error) keepalive ping timeout; no close frame received. Reconnecting... (listener.py:136)
2025-05-25 08:18:32,086 - webhook_logger - INFO - Connected to wss://advanced-trade-ws.coinbase.com (listener.py:96)
2025-05-25 08:18:33,088 - webhook_logger - INFO - ‚ö° Subscribing to Market Channels... (listener.py:104)
2025-05-25 08:18:33,089 - webhook_logger - INFO - ÔøΩ Subscribing to Market Channels: ['ticker_batch', 'heartbeats'] (websocket_helper.py:307)
2025-05-25 08:18:33,090 - webhook_logger - INFO - Listening on wss://advanced-trade-ws.coinbase.com (listener.py:107)
2025-05-25 08:18:57,296 - webhook_logger - INFO - ‚úÖ Successfully placed tp_sl order for IDEX/USD (webhook_order_manager.py:521)
2025-05-25 08:18:57,296 - webhook_logger - INFO - ‚úÖ Passive BUY IDEX/USD @ 0.0240 (passive_order_manager.py:168)
2025-05-25 08:18:58,003 - webhook_logger - WARNING - ‚ö†Ô∏è Passive SELL failed: Validation failed for IDEX/USD (passive_order_manager.py:172)
2025-05-25 08:19:16,983 - webhook_logger - WARNING - ‚ö†Ô∏è Passive BUY failed: Validation failed for HONEY/USD (passive_order_manager.py:172)
2025-05-25 08:19:17,384 - webhook_logger - WARNING - ‚ö†Ô∏è Passive SELL failed: Validation failed for HONEY/USD (passive_order_manager.py:172)
2025-05-25 08:19:25,286 - webhook_logger - WARNING - WebSocket closed unexpectedly: sent 1011 (internal error) keepalive ping timeout; no close frame received. Reconnecting... (listener.py:136)
2025-05-25 08:19:28,008 - webhook_logger - INFO - Connected to wss://advanced-trade-ws.coinbase.com (listener.py:96)
2025-05-25 08:19:29,011 - webhook_logger - INFO - ‚ö° Subscribing to Market Channels... (listener.py:104)
2025-05-25 08:19:29,011 - webhook_logger - INFO - ÔøΩ Subscribing to Market Channels: ['ticker_batch', 'heartbeats'] (websocket_helper.py:307)
2025-05-25 08:19:29,012 - webhook_logger - INFO - Listening on wss://advanced-trade-ws.coinbase.com (listener.py:107)
2025-05-25 08:25:25,900 - webhook_logger - INFO - ‚úÖ Successfully placed tp_sl order for KARRAT/USD (webhook_order_manager.py:521)
2025-05-25 08:25:25,900 - webhook_logger - INFO - ‚úÖ Passive BUY KARRAT/USD @ 0.0597 (passive_order_manager.py:168)
2025-05-25 08:25:26,321 - webhook_logger - WARNING - ‚ö†Ô∏è Passive SELL failed: Validation failed for KARRAT/USD (passive_order_manager.py:172)
2025-05-25 08:25:26,329 - webhook_logger - WARNING - WebSocket closed unexpectedly: sent 1011 (internal error) keepalive ping timeout; no close frame received. Reconnecting... (listener.py:136)
2025-05-25 08:25:32,190 - webhook_logger - INFO - Connected to wss://advanced-trade-ws-user.coinbase.com (listener.py:96)
2025-05-25 08:25:32,191 - webhook_logger - INFO - Already subscribed to all requested user channels. Skipping subscription. (websocket_helper.py:344)
2025-05-25 08:25:32,191 - webhook_logger - INFO - Listening on wss://advanced-trade-ws-user.coinbase.com (listener.py:107)
2025-05-25 08:40:01,457 - webhook_logger - WARNING - ‚ö†Ô∏è No message ever received from market channel 'ticker_batch' (websocket_helper.py:238)
2025-05-25 08:40:01,457 - webhook_logger - WARNING - ‚ö†Ô∏è No message ever received from market channel 'heartbeats' (websocket_helper.py:238)
2025-05-25 08:40:01,467 - webhook_logger - INFO - üîÑ Starting sync_open_orders cycle‚Ä¶ (listener.py:728)
2025-05-25 08:40:05,911 - webhook_logger - INFO - Connected to wss://advanced-trade-ws-user.coinbase.com (listener.py:96)
2025-05-25 08:40:05,987 - webhook_logger - INFO - Listening on wss://advanced-trade-ws-user.coinbase.com (listener.py:107)
2025-05-25 08:40:05,989 - webhook_logger - INFO - Connected to wss://advanced-trade-ws.coinbase.com (listener.py:96)
2025-05-25 08:40:08,130 - webhook_logger - INFO - ‚ö° Subscribing to Market Channels... (listener.py:104)
2025-05-25 08:40:08,130 - webhook_logger - INFO - ÔøΩ Subscribing to Market Channels: ['ticker_batch', 'heartbeats'] (websocket_helper.py:307)
2025-05-25 08:40:08,131 - webhook_logger - INFO - Listening on wss://advanced-trade-ws.coinbase.com (listener.py:107)
2025-05-25 08:58:20,086 - webhook_logger - WARNING - ‚ö†Ô∏è No message ever received from market channel 'ticker_batch' (websocket_helper.py:238)
2025-05-25 08:58:20,086 - webhook_logger - WARNING - ‚ö†Ô∏è No message ever received from market channel 'heartbeats' (websocket_helper.py:238)
2025-05-25 08:58:20,096 - webhook_logger - INFO - üîÑ Starting sync_open_orders cycle‚Ä¶ (listener.py:728)
2025-05-25 08:58:24,787 - webhook_logger - INFO - Connected to wss://advanced-trade-ws-user.coinbase.com (listener.py:96)
2025-05-25 08:58:24,857 - webhook_logger - INFO - Listening on wss://advanced-trade-ws-user.coinbase.com (listener.py:107)
2025-05-25 08:58:24,860 - webhook_logger - INFO - Connected to wss://advanced-trade-ws.coinbase.com (listener.py:96)
2025-05-25 09:01:39,315 - webhook_logger - INFO - ‚ö° Subscribing to Market Channels... (listener.py:104)
2025-05-25 09:01:39,315 - webhook_logger - INFO - ÔøΩ Subscribing to Market Channels: ['ticker_batch', 'heartbeats'] (websocket_helper.py:307)
2025-05-25 09:01:39,316 - webhook_logger - INFO - Listening on wss://advanced-trade-ws.coinbase.com (listener.py:107)
2025-05-25 09:15:22,560 - webhook_logger - INFO - ‚úÖ First message received from user channel: user (websocket_helper.py:211)
2025-05-25 09:15:33,783 - webhook_logger - INFO - ‚úÖ First message received from market channel: subscriptions (websocket_helper.py:268)
2025-05-25 09:15:33,783 - webhook_logger - INFO - üíô Confirmed Market Subscriptions:  (websocket_helper.py:292)
2025-05-25 09:15:33,784 - webhook_logger - INFO - üíô Confirmed Market Subscriptions:  (websocket_helper.py:292)
2025-05-25 09:15:33,784 - webhook_logger - INFO - ‚úÖ First message received from market channel: heartbeats (websocket_helper.py:268)
2025-05-25 09:15:33,805 - webhook_logger - WARNING - ‚ö†Ô∏è No message ever received from market channel 'ticker_batch' (websocket_helper.py:238)
2025-05-25 09:15:33,858 - webhook_logger - INFO - ‚úÖ First message received from market channel: ticker_batch (websocket_helper.py:268)
2025-05-25 09:15:33,861 - webhook_logger - INFO - ‚úÖ sync_open_orders ‚Üí upserted 250 rows (8 open / 250 recent) (listener.py:854)
2025-05-25 09:15:34,625 - webhook_logger - INFO - ‚ùé fd07e56c-0b3c-4f2d-8d2d-4f48a5101a8b CANCELLED ‚Üí deleted from DB (websocket_market_manager.py:163)
2025-05-25 09:15:38,554 - webhook_logger - INFO - ‚ùé fd07e56c-0b3c-4f2d-8d2d-4f48a5101a8b CANCELLED ‚Üí deleted from DB (websocket_market_manager.py:163)
2025-05-25 09:15:38,572 - webhook_logger - INFO - ‚ùé fd07e56c-0b3c-4f2d-8d2d-4f48a5101a8b CANCELLED ‚Üí deleted from DB (websocket_market_manager.py:163)
2025-05-25 09:15:39,692 - webhook_logger - INFO - ‚ùé f921f1be-4414-4471-8d34-15cc6aa59f3c CANCELLED ‚Üí deleted from DB (websocket_market_manager.py:163)
2025-05-25 09:15:39,708 - webhook_logger - INFO - ‚ùé f921f1be-4414-4471-8d34-15cc6aa59f3c CANCELLED ‚Üí deleted from DB (websocket_market_manager.py:163)
2025-05-25 09:15:39,730 - webhook_logger - INFO - ‚ùé f921f1be-4414-4471-8d34-15cc6aa59f3c CANCELLED ‚Üí deleted from DB (websocket_market_manager.py:163)
2025-05-25 09:15:39,755 - webhook_logger - INFO - ‚ùé 2bd3035f-a76c-4120-b30f-f99e54bf510a CANCELLED ‚Üí deleted from DB (websocket_market_manager.py:163)
2025-05-25 09:15:40,014 - webhook_logger - INFO - ‚ùé 2bd3035f-a76c-4120-b30f-f99e54bf510a CANCELLED ‚Üí deleted from DB (websocket_market_manager.py:163)
2025-05-25 09:15:59,418 - webhook_logger - WARNING - ‚ö†Ô∏è Passive BUY failed: Order placement failed (passive_order_manager.py:172)
2025-05-25 09:16:01,119 - webhook_logger - INFO - ‚ùå Order validation failed for KEYCAT/USD: ‚ö†Ô∏è KEYCAT/USD has insufficient balance to sell. (webhook_validate_orders.py:474)
2025-05-25 09:16:01,121 - webhook_logger - INFO - ‚ö†Ô∏è Insufficient balance for KEYCAT/USD sell order. Balance: 0 (webhook_validate_orders.py:567)
2025-05-25 09:16:01,121 - webhook_logger - WARNING - ‚ö†Ô∏è Passive SELL failed: Order validation failed for KEYCAT/USD (passive_order_manager.py:172)
2025-05-25 09:17:23,064 - webhook_logger - INFO - Connected to wss://advanced-trade-ws.coinbase.com (listener.py:96)
2025-05-25 09:17:24,066 - webhook_logger - INFO - ‚ö° Subscribing to Market Channels... (listener.py:104)
2025-05-25 09:17:24,066 - webhook_logger - INFO - ÔøΩ Subscribing to Market Channels: ['ticker_batch', 'heartbeats'] (websocket_helper.py:307)
2025-05-25 09:17:24,068 - webhook_logger - INFO - Listening on wss://advanced-trade-ws.coinbase.com (listener.py:107)
2025-05-25 09:17:36,567 - webhook_logger - WARNING - ‚ö†Ô∏è Passive BUY failed: Order placement failed (passive_order_manager.py:172)
2025-05-25 09:17:38,089 - webhook_logger - INFO - ‚ùå Order validation failed for MATH/USD: ‚ö†Ô∏è MATH/USD has insufficient balance to sell. (webhook_validate_orders.py:474)
2025-05-25 09:17:38,089 - webhook_logger - WARNING - ‚ö†Ô∏è Passive SELL failed: Order validation failed for MATH/USD (passive_order_manager.py:172)
2025-05-25 09:19:29,063 - webhook_logger - WARNING - ‚ö†Ô∏è Passive BUY failed: Order placement failed (passive_order_manager.py:172)
2025-05-25 09:19:30,476 - webhook_logger - INFO - ‚ùå Order validation failed for 00/USD: ‚ö†Ô∏è 00/USD has insufficient balance to sell. (webhook_validate_orders.py:474)
2025-05-25 09:19:30,477 - webhook_logger - WARNING - ‚ö†Ô∏è Passive SELL failed: Order validation failed for 00/USD (passive_order_manager.py:172)
2025-05-25 09:19:50,534 - webhook_logger - WARNING - ‚ö†Ô∏è Passive BUY failed: Order placement failed (passive_order_manager.py:172)
2025-05-25 09:19:51,849 - webhook_logger - INFO - ‚ùå Order validation failed for GST/USD: ‚ö†Ô∏è GST/USD has insufficient balance to sell. (webhook_validate_orders.py:474)
2025-05-25 09:19:51,850 - webhook_logger - INFO - ‚ö†Ô∏è Insufficient balance for GST/USD sell order. Balance: 0.00 (webhook_validate_orders.py:567)
2025-05-25 09:19:51,850 - webhook_logger - WARNING - ‚ö†Ô∏è Passive SELL failed: Order validation failed for GST/USD (passive_order_manager.py:172)
2025-05-25 09:20:00,001 - webhook_logger - WARNING - ‚ö†Ô∏è Passive BUY failed: Order placement failed (passive_order_manager.py:172)
2025-05-25 09:20:01,294 - webhook_logger - INFO - ‚ùå Order validation failed for ASM/USD: ‚ö†Ô∏è ASM/USD has insufficient balance to sell. (webhook_validate_orders.py:474)
2025-05-25 09:20:01,295 - webhook_logger - INFO - ‚ö†Ô∏è Insufficient balance for ASM/USD sell order. Balance: 0 (webhook_validate_orders.py:567)
2025-05-25 09:20:01,295 - webhook_logger - WARNING - ‚ö†Ô∏è Passive SELL failed: Order validation failed for ASM/USD (passive_order_manager.py:172)
2025-05-25 09:20:09,144 - webhook_logger - WARNING - ‚ö†Ô∏è Passive BUY failed: Order placement failed (passive_order_manager.py:172)
2025-05-25 09:20:10,568 - webhook_logger - INFO - ‚ùå Order validation failed for ASM/USD: ‚ö†Ô∏è ASM/USD has insufficient balance to sell. (webhook_validate_orders.py:474)
2025-05-25 09:20:10,569 - webhook_logger - INFO - ‚ö†Ô∏è Insufficient balance for ASM/USD sell order. Balance: 0 (webhook_validate_orders.py:567)
2025-05-25 09:20:10,569 - webhook_logger - WARNING - ‚ö†Ô∏è Passive SELL failed: Order validation failed for ASM/USD (passive_order_manager.py:172)
2025-05-25 09:20:55,158 - webhook_logger - WARNING - ‚ö†Ô∏è No message ever received from market channel 'ticker_batch' (websocket_helper.py:238)
2025-05-25 09:20:55,158 - webhook_logger - WARNING - ‚ö†Ô∏è No message ever received from market channel 'heartbeats' (websocket_helper.py:238)
2025-05-25 09:20:55,166 - webhook_logger - INFO - üîÑ Starting sync_open_orders cycle‚Ä¶ (listener.py:728)
2025-05-25 09:20:59,555 - webhook_logger - INFO - Connected to wss://advanced-trade-ws-user.coinbase.com (listener.py:96)
2025-05-25 09:20:59,558 - webhook_logger - INFO - Connected to wss://advanced-trade-ws.coinbase.com (listener.py:96)
2025-05-25 09:21:01,178 - webhook_logger - INFO - Listening on wss://advanced-trade-ws-user.coinbase.com (listener.py:107)
2025-05-25 09:21:01,633 - webhook_logger - INFO - ‚ö° Subscribing to Market Channels... (listener.py:104)
2025-05-25 09:21:01,633 - webhook_logger - INFO - ÔøΩ Subscribing to Market Channels: ['ticker_batch', 'heartbeats'] (websocket_helper.py:307)
2025-05-25 09:21:01,634 - webhook_logger - INFO - Listening on wss://advanced-trade-ws.coinbase.com (listener.py:107)
2025-05-25 09:21:02,383 - webhook_logger - INFO - ‚úÖ First message received from user channel: user (websocket_helper.py:211)
2025-05-25 09:21:02,384 - webhook_logger - INFO - ‚úÖ First message received from market channel: subscriptions (websocket_helper.py:268)
2025-05-25 09:21:02,384 - webhook_logger - INFO - üíô Confirmed Market Subscriptions:  (websocket_helper.py:292)
2025-05-25 09:21:02,385 - webhook_logger - INFO - üíô Confirmed Market Subscriptions:  (websocket_helper.py:292)
2025-05-25 09:21:02,388 - webhook_logger - INFO - ‚úÖ First message received from market channel: ticker_batch (websocket_helper.py:268)
2025-05-25 09:21:02,787 - webhook_logger - INFO - ‚úÖ sync_open_orders ‚Üí upserted 250 rows (7 open / 250 recent) (listener.py:854)
2025-05-25 09:21:02,866 - webhook_logger - INFO - ‚ùé ef946546-d1fb-49ca-9540-1c0a8a52ef70 CANCELLED ‚Üí deleted from DB (websocket_market_manager.py:163)
2025-05-25 09:21:02,866 - webhook_logger - INFO - ‚úÖ First message received from market channel: heartbeats (websocket_helper.py:268)
2025-05-25 09:21:02,887 - webhook_logger - INFO - ‚ùé ef946546-d1fb-49ca-9540-1c0a8a52ef70 CANCELLED ‚Üí deleted from DB (websocket_market_manager.py:163)
2025-05-25 09:21:13,376 - webhook_logger - WARNING - ‚ö†Ô∏è Passive BUY failed: Order placement failed (passive_order_manager.py:172)
2025-05-25 09:21:15,137 - webhook_logger - INFO - ‚ùå Order validation failed for GHST/USD: ‚ö†Ô∏è GHST/USD has insufficient balance to sell. (webhook_validate_orders.py:474)
2025-05-25 09:21:15,138 - webhook_logger - INFO - ‚ö†Ô∏è Insufficient balance for GHST/USD sell order. Balance: 0.00 (webhook_validate_orders.py:567)
2025-05-25 09:21:15,138 - webhook_logger - WARNING - ‚ö†Ô∏è Passive SELL failed: Order validation failed for GHST/USD (passive_order_manager.py:172)
2025-05-25 09:22:26,291 - webhook_logger - INFO - Connected to wss://advanced-trade-ws.coinbase.com (listener.py:96)
2025-05-25 09:22:27,293 - webhook_logger - INFO - ‚ö° Subscribing to Market Channels... (listener.py:104)
2025-05-25 09:22:27,293 - webhook_logger - INFO - ÔøΩ Subscribing to Market Channels: ['ticker_batch', 'heartbeats'] (websocket_helper.py:307)
2025-05-25 09:22:27,294 - webhook_logger - INFO - Listening on wss://advanced-trade-ws.coinbase.com (listener.py:107)
2025-05-25 09:22:45,886 - webhook_logger - WARNING - ‚ö†Ô∏è Passive BUY failed: Validation failed for IDEX/USD (passive_order_manager.py:172)
2025-05-25 09:23:01,725 - webhook_logger - WARNING - ‚ö†Ô∏è Passive BUY failed: Order placement failed (passive_order_manager.py:172)
2025-05-25 09:23:03,464 - webhook_logger - INFO - ‚ùå Order validation failed for STRK/USD: ‚ö†Ô∏è STRK/USD has insufficient balance to sell. (webhook_validate_orders.py:474)
2025-05-25 09:23:03,465 - webhook_logger - WARNING - ‚ö†Ô∏è Passive SELL failed: Order validation failed for STRK/USD (passive_order_manager.py:172)
2025-05-25 09:23:14,932 - webhook_logger - WARNING - ‚ö†Ô∏è Passive BUY failed: Order placement failed (passive_order_manager.py:172)
2025-05-25 09:23:16,264 - webhook_logger - INFO - ‚ùå Order validation failed for 00/USD: ‚ö†Ô∏è 00/USD has insufficient balance to sell. (webhook_validate_orders.py:474)
2025-05-25 09:23:16,265 - webhook_logger - WARNING - ‚ö†Ô∏è Passive SELL failed: Order validation failed for 00/USD (passive_order_manager.py:172)
2025-05-25 09:23:46,204 - webhook_logger - WARNING - ‚ö†Ô∏è Passive BUY failed: Order placement failed (passive_order_manager.py:172)
2025-05-25 09:23:47,872 - webhook_logger - INFO - ‚ùå Order validation failed for RPL/USD: ‚ö†Ô∏è RPL/USD has insufficient balance to sell. (webhook_validate_orders.py:474)
2025-05-25 09:23:47,872 - webhook_logger - WARNING - ‚ö†Ô∏è Passive SELL failed: Order validation failed for RPL/USD (passive_order_manager.py:172)
2025-05-25 09:24:03,030 - webhook_logger - WARNING - ‚ö†Ô∏è Passive BUY failed: Order placement failed (passive_order_manager.py:172)
2025-05-25 09:24:07,875 - webhook_logger - INFO - ‚ùå Order validation failed for SD/USD: ‚ö†Ô∏è SD/USD has insufficient balance to sell. (webhook_validate_orders.py:474)
2025-05-25 09:24:07,876 - webhook_logger - WARNING - ‚ö†Ô∏è Passive SELL failed: Order validation failed for SD/USD (passive_order_manager.py:172)
2025-05-25 09:24:40,579 - webhook_logger - WARNING - ‚ö†Ô∏è Passive BUY failed: Order placement failed (passive_order_manager.py:172)
2025-05-25 09:24:41,608 - webhook_logger - INFO - ‚ùå Order validation failed for MINA/USD: ‚ö†Ô∏è MINA/USD has insufficient balance to sell. (webhook_validate_orders.py:474)
2025-05-25 09:24:41,609 - webhook_logger - WARNING - ‚ö†Ô∏è Passive SELL failed: Order validation failed for MINA/USD (passive_order_manager.py:172)
2025-05-25 09:24:47,183 - webhook_logger - WARNING - ‚ö†Ô∏è Passive BUY failed: Order placement failed (passive_order_manager.py:172)
2025-05-25 09:24:48,440 - webhook_logger - INFO - ‚ùå Order validation failed for BADGER/USD: ‚ö†Ô∏è BADGER/USD has insufficient balance to sell. (webhook_validate_orders.py:474)
2025-05-25 09:24:48,441 - webhook_logger - WARNING - ‚ö†Ô∏è Passive SELL failed: Order validation failed for BADGER/USD (passive_order_manager.py:172)
2025-05-25 09:25:09,175 - webhook_logger - WARNING - ‚ö†Ô∏è Passive BUY failed: Order placement failed (passive_order_manager.py:172)
2025-05-25 09:25:11,716 - webhook_logger - INFO - ‚ùå Order validation failed for ASM/USD: ‚ö†Ô∏è ASM/USD has insufficient balance to sell. (webhook_validate_orders.py:474)
2025-05-25 09:25:11,717 - webhook_logger - INFO - ‚ö†Ô∏è Insufficient balance for ASM/USD sell order. Balance: 0 (webhook_validate_orders.py:567)
2025-05-25 09:25:11,717 - webhook_logger - WARNING - ‚ö†Ô∏è Passive SELL failed: Order validation failed for ASM/USD (passive_order_manager.py:172)
2025-05-25 09:25:19,401 - webhook_logger - WARNING - ‚ö†Ô∏è Passive BUY failed: Order placement failed (passive_order_manager.py:172)
2025-05-25 09:25:20,944 - webhook_logger - INFO - ‚ùå Order validation failed for DOGINME/USD: ‚ö†Ô∏è DOGINME/USD has insufficient balance to sell. (webhook_validate_orders.py:474)
2025-05-25 09:25:20,945 - webhook_logger - INFO - ‚ö†Ô∏è Insufficient balance for DOGINME/USD sell order. Balance: 0 (webhook_validate_orders.py:567)
2025-05-25 09:25:20,945 - webhook_logger - WARNING - ‚ö†Ô∏è Passive SELL failed: Order validation failed for DOGINME/USD (passive_order_manager.py:172)
2025-05-25 09:25:38,140 - webhook_logger - WARNING - ‚ö†Ô∏è Passive BUY failed: Order placement failed (passive_order_manager.py:172)
2025-05-25 09:25:38,943 - webhook_logger - WARNING - WebSocket closed unexpectedly: sent 1011 (internal error) keepalive ping timeout; no close frame received. Reconnecting... (listener.py:136)
2025-05-25 09:25:39,884 - webhook_logger - INFO - ‚ùå Order validation failed for RAD/USD: ‚ö†Ô∏è RAD/USD has insufficient balance to sell. (webhook_validate_orders.py:474)
2025-05-25 09:25:39,885 - webhook_logger - INFO - ‚ö†Ô∏è Insufficient balance for RAD/USD sell order. Balance: 0.00 (webhook_validate_orders.py:567)
2025-05-25 09:25:39,885 - webhook_logger - WARNING - ‚ö†Ô∏è Passive SELL failed: Order validation failed for RAD/USD (passive_order_manager.py:172)
2025-05-25 09:25:41,304 - webhook_logger - INFO - Connected to wss://advanced-trade-ws.coinbase.com (listener.py:96)
2025-05-25 09:25:42,306 - webhook_logger - INFO - ‚ö° Subscribing to Market Channels... (listener.py:104)
2025-05-25 09:25:42,307 - webhook_logger - INFO - ÔøΩ Subscribing to Market Channels: ['ticker_batch', 'heartbeats'] (websocket_helper.py:307)
2025-05-25 09:25:42,308 - webhook_logger - INFO - Listening on wss://advanced-trade-ws.coinbase.com (listener.py:107)
2025-05-25 09:26:07,593 - webhook_logger - WARNING - ‚ö†Ô∏è Passive BUY failed: Order placement failed (passive_order_manager.py:172)
2025-05-25 09:26:09,069 - webhook_logger - INFO - ‚ùå Order validation failed for BTRST/USD: ‚ö†Ô∏è BTRST/USD has insufficient balance to sell. (webhook_validate_orders.py:474)
2025-05-25 09:26:09,070 - webhook_logger - INFO - ‚ö†Ô∏è Insufficient balance for BTRST/USD sell order. Balance: 0.00 (webhook_validate_orders.py:567)
2025-05-25 09:26:09,070 - webhook_logger - WARNING - ‚ö†Ô∏è Passive SELL failed: Order validation failed for BTRST/USD (passive_order_manager.py:172)
2025-05-25 09:26:19,830 - webhook_logger - WARNING - ‚ö†Ô∏è Passive BUY failed: Order placement failed (passive_order_manager.py:172)
2025-05-25 09:26:21,424 - webhook_logger - INFO - ‚ùå Order validation failed for PLU/USD: ‚ö†Ô∏è PLU/USD has insufficient balance to sell. (webhook_validate_orders.py:474)
2025-05-25 09:26:21,425 - webhook_logger - WARNING - ‚ö†Ô∏è Passive SELL failed: Order validation failed for PLU/USD (passive_order_manager.py:172)
2025-05-25 09:26:29,109 - webhook_logger - WARNING - ‚ö†Ô∏è Passive BUY failed: Validation failed for IDEX/USD (passive_order_manager.py:172)
2025-05-25 09:26:32,558 - webhook_logger - WARNING - WebSocket closed unexpectedly: sent 1011 (internal error) keepalive ping timeout; no close frame received. Reconnecting... (listener.py:136)
2025-05-25 10:16:01,274 - webhook_logger - WARNING - ‚ö†Ô∏è No message ever received from market channel 'ticker_batch' (websocket_helper.py:238)
2025-05-25 10:16:01,274 - webhook_logger - WARNING - ‚ö†Ô∏è No message ever received from market channel 'heartbeats' (websocket_helper.py:238)
2025-05-25 10:16:01,282 - webhook_logger - INFO - üîÑ Starting sync_open_orders cycle‚Ä¶ (listener.py:728)
2025-05-25 10:16:05,947 - webhook_logger - INFO - Connected to wss://advanced-trade-ws.coinbase.com (listener.py:96)
2025-05-25 10:16:06,037 - webhook_logger - INFO - Connected to wss://advanced-trade-ws-user.coinbase.com (listener.py:96)
2025-05-25 10:16:06,103 - webhook_logger - INFO - Listening on wss://advanced-trade-ws-user.coinbase.com (listener.py:107)
2025-05-25 10:16:07,493 - webhook_logger - INFO - ‚ö° Subscribing to Market Channels... (listener.py:104)
2025-05-25 10:16:07,494 - webhook_logger - INFO - ÔøΩ Subscribing to Market Channels: ['ticker_batch', 'heartbeats'] (websocket_helper.py:307)
2025-05-25 10:16:07,495 - webhook_logger - INFO - Listening on wss://advanced-trade-ws.coinbase.com (listener.py:107)
2025-05-25 10:16:07,499 - webhook_logger - INFO - ‚úÖ First message received from market channel: subscriptions (websocket_helper.py:268)
2025-05-25 10:16:07,499 - webhook_logger - INFO - üíô Confirmed Market Subscriptions:  (websocket_helper.py:292)
2025-05-25 10:16:07,500 - webhook_logger - INFO - ‚úÖ First message received from user channel: user (websocket_helper.py:211)
2025-05-25 10:16:07,500 - webhook_logger - INFO - üíô Confirmed Market Subscriptions:  (websocket_helper.py:292)
2025-05-25 10:16:07,503 - webhook_logger - INFO - ‚úÖ First message received from market channel: heartbeats (websocket_helper.py:268)
2025-05-25 10:16:07,508 - webhook_logger - INFO - ‚úÖ sync_open_orders ‚Üí upserted 250 rows (6 open / 250 recent) (listener.py:854)
2025-05-25 10:16:07,651 - webhook_logger - INFO - ‚úÖ First message received from market channel: ticker_batch (websocket_helper.py:268)
2025-05-25 10:16:21,471 - webhook_logger - WARNING - ‚ö†Ô∏è Passive BUY failed: Validation failed for FARM/USD (passive_order_manager.py:172)
2025-05-25 10:16:22,483 - webhook_logger - WARNING - ‚ö†Ô∏è Passive SELL failed: Validation failed for FARM/USD (passive_order_manager.py:172)
2025-05-25 10:16:25,979 - webhook_logger - ERROR - Error in build_order_data: [<class 'decimal.InvalidOperation'>] (webhook_order_manager.py:314)
Traceback (most recent call last):
  File "/Users/Manny/Python_Projects/BotTrader/webhook/webhook_order_manager.py", line 210, in build_order_data
    usd_bal = self.shared_utils_precision.safe_decimal(
decimal.InvalidOperation: [<class 'decimal.InvalidOperation'>]
2025-05-25 10:17:26,950 - webhook_logger - INFO - Connected to wss://advanced-trade-ws.coinbase.com (listener.py:96)
2025-05-25 10:17:27,951 - webhook_logger - INFO - ‚ö° Subscribing to Market Channels... (listener.py:104)
2025-05-25 10:17:27,952 - webhook_logger - INFO - ÔøΩ Subscribing to Market Channels: ['ticker_batch', 'heartbeats'] (websocket_helper.py:307)
2025-05-25 10:17:27,953 - webhook_logger - INFO - Listening on wss://advanced-trade-ws.coinbase.com (listener.py:107)
2025-05-25 10:17:43,145 - webhook_logger - WARNING - ‚ö†Ô∏è Passive BUY failed: Order placement failed (passive_order_manager.py:172)
2025-05-25 10:17:45,560 - webhook_logger - INFO - ‚ùå Order validation failed for SD/USD: ‚ö†Ô∏è SD/USD has insufficient balance to sell. (webhook_validate_orders.py:474)
2025-05-25 10:17:45,561 - webhook_logger - WARNING - ‚ö†Ô∏è Passive SELL failed: Order validation failed for SD/USD (passive_order_manager.py:172)
2025-05-25 10:17:50,710 - webhook_logger - WARNING - ‚ö†Ô∏è Passive BUY failed: Order placement failed (passive_order_manager.py:172)
2025-05-25 10:17:52,545 - webhook_logger - INFO - ‚ùå Order validation failed for TIME/USD: ‚ö†Ô∏è TIME/USD has insufficient balance to sell. (webhook_validate_orders.py:474)
2025-05-25 10:17:52,546 - webhook_logger - INFO - ‚ö†Ô∏è Insufficient balance for TIME/USD sell order. Balance: 0.000 (webhook_validate_orders.py:567)
2025-05-25 10:17:52,546 - webhook_logger - WARNING - ‚ö†Ô∏è Passive SELL failed: Order validation failed for TIME/USD (passive_order_manager.py:172)
2025-05-25 10:17:54,541 - webhook_logger - WARNING - ‚ö†Ô∏è Passive BUY failed: Order placement failed (passive_order_manager.py:172)
2025-05-25 10:17:55,818 - webhook_logger - INFO - ‚ùå Order validation failed for OMNI/USD: ‚ö†Ô∏è OMNI/USD has insufficient balance to sell. (webhook_validate_orders.py:474)
2025-05-25 10:17:55,819 - webhook_logger - WARNING - ‚ö†Ô∏è Passive SELL failed: Order validation failed for OMNI/USD (passive_order_manager.py:172)
2025-05-25 10:18:21,673 - webhook_logger - WARNING - ‚ö†Ô∏è Passive BUY failed: Order placement failed (passive_order_manager.py:172)
2025-05-25 10:18:23,142 - webhook_logger - INFO - ‚ùå Order validation failed for HONEY/USD: ‚ö†Ô∏è HONEY/USD has insufficient balance to sell. (webhook_validate_orders.py:474)
2025-05-25 10:18:23,144 - webhook_logger - INFO - ‚ö†Ô∏è Insufficient balance for HONEY/USD sell order. Balance: 0.0 (webhook_validate_orders.py:567)
2025-05-25 10:18:23,144 - webhook_logger - WARNING - ‚ö†Ô∏è Passive SELL failed: Order validation failed for HONEY/USD (passive_order_manager.py:172)
2025-05-25 10:18:29,529 - webhook_logger - WARNING - ‚ö†Ô∏è Passive BUY failed: Order placement failed (passive_order_manager.py:172)
2025-05-25 10:18:31,122 - webhook_logger - INFO - ‚ùå Order validation failed for ALEO/USD: ‚ö†Ô∏è ALEO/USD has insufficient balance to sell. (webhook_validate_orders.py:474)
2025-05-25 10:18:31,124 - webhook_logger - INFO - ‚ö†Ô∏è Insufficient balance for ALEO/USD sell order. Balance: 0.00 (webhook_validate_orders.py:567)
2025-05-25 10:18:31,124 - webhook_logger - WARNING - ‚ö†Ô∏è Passive SELL failed: Order validation failed for ALEO/USD (passive_order_manager.py:172)
2025-05-25 10:18:33,259 - webhook_logger - WARNING - ‚ö†Ô∏è Passive BUY failed: Validation failed for FOX/USD (passive_order_manager.py:172)
2025-05-25 10:18:35,815 - webhook_logger - WARNING - ‚ö†Ô∏è Passive BUY failed: Order placement failed (passive_order_manager.py:172)
2025-05-25 10:18:37,744 - webhook_logger - INFO - ‚ùå Order validation failed for HOPR/USD: ‚ö†Ô∏è HOPR/USD has insufficient balance to sell. (webhook_validate_orders.py:474)
2025-05-25 10:18:37,745 - webhook_logger - WARNING - ‚ö†Ô∏è Passive SELL failed: Order validation failed for HOPR/USD (passive_order_manager.py:172)
2025-05-25 10:18:41,370 - webhook_logger - WARNING - ‚ö†Ô∏è Passive BUY failed: Order placement failed (passive_order_manager.py:172)
2025-05-25 10:18:43,273 - webhook_logger - INFO - ‚ùå Order validation failed for TNSR/USD: ‚ö†Ô∏è TNSR/USD has insufficient balance to sell. (webhook_validate_orders.py:474)
2025-05-25 10:18:43,274 - webhook_logger - WARNING - ‚ö†Ô∏è Passive SELL failed: Order validation failed for TNSR/USD (passive_order_manager.py:172)
2025-05-25 10:18:48,519 - webhook_logger - WARNING - ‚ö†Ô∏è Passive BUY failed: Order placement failed (passive_order_manager.py:172)
2025-05-25 10:18:49,863 - webhook_logger - INFO - ‚ùå Order validation failed for ARPA/USD: ‚ö†Ô∏è ARPA/USD has insufficient balance to sell. (webhook_validate_orders.py:474)
2025-05-25 10:18:49,864 - webhook_logger - WARNING - ‚ö†Ô∏è Passive SELL failed: Order validation failed for ARPA/USD (passive_order_manager.py:172)
2025-05-25 10:19:12,471 - webhook_logger - WARNING - ‚ö†Ô∏è Passive BUY failed: Order placement failed (passive_order_manager.py:172)
2025-05-25 10:19:13,746 - webhook_logger - INFO - ‚ùå Order validation failed for MINA/USD: ‚ö†Ô∏è MINA/USD has insufficient balance to sell. (webhook_validate_orders.py:474)
2025-05-25 10:19:13,747 - webhook_logger - WARNING - ‚ö†Ô∏è Passive SELL failed: Order validation failed for MINA/USD (passive_order_manager.py:172)
2025-05-25 10:19:24,041 - webhook_logger - WARNING - ‚ö†Ô∏è Passive BUY failed: Order placement failed (passive_order_manager.py:172)
2025-05-25 10:19:25,358 - webhook_logger - INFO - ‚ùå Order validation failed for SHDW/USD: ‚ö†Ô∏è SHDW/USD has insufficient balance to sell. (webhook_validate_orders.py:474)
2025-05-25 10:19:25,359 - webhook_logger - WARNING - ‚ö†Ô∏è Passive SELL failed: Order validation failed for SHDW/USD (passive_order_manager.py:172)
2025-05-25 10:19:41,984 - webhook_logger - WARNING - ‚ö†Ô∏è Passive BUY failed: Order placement failed (passive_order_manager.py:172)
2025-05-25 10:19:43,373 - webhook_logger - INFO - ‚ùå Order validation failed for C98/USD: ‚ö†Ô∏è C98/USD has insufficient balance to sell. (webhook_validate_orders.py:474)
2025-05-25 10:19:43,374 - webhook_logger - INFO - ‚ö†Ô∏è Insufficient balance for C98/USD sell order. Balance: 0.00 (webhook_validate_orders.py:567)
2025-05-25 10:19:43,374 - webhook_logger - WARNING - ‚ö†Ô∏è Passive SELL failed: Order validation failed for C98/USD (passive_order_manager.py:172)
2025-05-25 10:20:19,368 - webhook_logger - WARNING - ‚ö†Ô∏è Passive BUY failed: Order placement failed (passive_order_manager.py:172)
2025-05-25 10:20:20,899 - webhook_logger - INFO - ‚ùå Order validation failed for SKL/USD: ‚ö†Ô∏è SKL/USD has insufficient balance to sell. (webhook_validate_orders.py:474)
2025-05-25 10:20:20,900 - webhook_logger - INFO - ‚ö†Ô∏è Insufficient balance for SKL/USD sell order. Balance: 0.0 (webhook_validate_orders.py:567)
2025-05-25 10:20:20,901 - webhook_logger - WARNING - ‚ö†Ô∏è Passive SELL failed: Order validation failed for SKL/USD (passive_order_manager.py:172)
2025-05-25 10:20:42,935 - webhook_logger - WARNING - WebSocket closed unexpectedly: sent 1011 (internal error) keepalive ping timeout; no close frame received. Reconnecting... (listener.py:136)
2025-05-25 10:20:44,768 - webhook_logger - INFO - Connected to wss://advanced-trade-ws.coinbase.com (listener.py:96)
2025-05-25 10:20:45,770 - webhook_logger - INFO - ‚ö° Subscribing to Market Channels... (listener.py:104)
2025-05-25 10:20:45,771 - webhook_logger - INFO - ÔøΩ Subscribing to Market Channels: ['ticker_batch', 'heartbeats'] (websocket_helper.py:307)
2025-05-25 10:20:45,772 - webhook_logger - INFO - Listening on wss://advanced-trade-ws.coinbase.com (listener.py:107)
2025-05-25 10:21:02,591 - webhook_logger - WARNING - ‚ö†Ô∏è Passive BUY failed: Order placement failed (passive_order_manager.py:172)
2025-05-25 10:21:05,062 - webhook_logger - INFO - ‚ùå Order validation failed for TIME/USD: ‚ö†Ô∏è TIME/USD has insufficient balance to sell. (webhook_validate_orders.py:474)
2025-05-25 10:21:05,063 - webhook_logger - INFO - ‚ö†Ô∏è Insufficient balance for TIME/USD sell order. Balance: 0.000 (webhook_validate_orders.py:567)
2025-05-25 10:21:05,063 - webhook_logger - WARNING - ‚ö†Ô∏è Passive SELL failed: Order validation failed for TIME/USD (passive_order_manager.py:172)
2025-05-25 10:21:05,077 - webhook_logger - WARNING - ‚ö†Ô∏è Passive BUY failed: Order placement failed (passive_order_manager.py:172)
2025-05-25 10:21:08,828 - webhook_logger - INFO - ‚ùå Order validation failed for BADGER/USD: ‚ö†Ô∏è BADGER/USD has insufficient balance to sell. (webhook_validate_orders.py:474)
2025-05-25 10:21:08,829 - webhook_logger - WARNING - ‚ö†Ô∏è Passive SELL failed: Order validation failed for BADGER/USD (passive_order_manager.py:172)
2025-05-25 10:21:18,213 - webhook_logger - WARNING - WebSocket closed unexpectedly: sent 1011 (internal error) keepalive ping timeout; no close frame received. Reconnecting... (listener.py:136)
2025-05-25 10:21:21,652 - webhook_logger - INFO - Connected to wss://advanced-trade-ws.coinbase.com (listener.py:96)
2025-05-25 10:21:22,728 - webhook_logger - INFO - ‚ö° Subscribing to Market Channels... (listener.py:104)
2025-05-25 10:21:22,728 - webhook_logger - INFO - ÔøΩ Subscribing to Market Channels: ['ticker_batch', 'heartbeats'] (websocket_helper.py:307)
2025-05-25 10:21:22,730 - webhook_logger - INFO - Listening on wss://advanced-trade-ws.coinbase.com (listener.py:107)
2025-05-25 10:22:43,885 - webhook_logger - WARNING - ‚ö†Ô∏è Passive BUY failed: Order placement failed (passive_order_manager.py:172)
2025-05-25 10:22:45,090 - webhook_logger - INFO - ‚ùå Order validation failed for MUSE/USD: ‚ö†Ô∏è MUSE/USD has insufficient balance to sell. (webhook_validate_orders.py:474)
2025-05-25 10:22:45,091 - webhook_logger - INFO - ‚ö†Ô∏è Insufficient balance for MUSE/USD sell order. Balance: 0.000 (webhook_validate_orders.py:567)
2025-05-25 10:22:45,092 - webhook_logger - WARNING - ‚ö†Ô∏è Passive SELL failed: Order validation failed for MUSE/USD (passive_order_manager.py:172)
2025-05-25 15:03:59,169 - webhook_logger - WARNING - ‚ö†Ô∏è No message ever received from market channel 'ticker_batch' (websocket_helper.py:238)
2025-05-25 15:03:59,169 - webhook_logger - WARNING - ‚ö†Ô∏è No message ever received from market channel 'heartbeats' (websocket_helper.py:238)
2025-05-25 15:03:59,178 - webhook_logger - INFO - üîÑ Starting sync_open_orders cycle‚Ä¶ (listener.py:728)
2025-05-25 15:04:03,397 - webhook_logger - INFO - Connected to wss://advanced-trade-ws.coinbase.com (listener.py:96)
2025-05-25 15:04:03,400 - webhook_logger - INFO - Connected to wss://advanced-trade-ws-user.coinbase.com (listener.py:96)
2025-05-25 15:04:03,473 - webhook_logger - INFO - Listening on wss://advanced-trade-ws-user.coinbase.com (listener.py:107)
2025-05-25 15:04:04,741 - webhook_logger - INFO - ‚ö° Subscribing to Market Channels... (listener.py:104)
2025-05-25 15:04:04,741 - webhook_logger - INFO - ÔøΩ Subscribing to Market Channels: ['ticker_batch', 'heartbeats'] (websocket_helper.py:307)
2025-05-25 15:04:04,743 - webhook_logger - INFO - Listening on wss://advanced-trade-ws.coinbase.com (listener.py:107)
2025-05-25 15:04:04,745 - webhook_logger - INFO - ‚úÖ First message received from market channel: subscriptions (websocket_helper.py:268)
2025-05-25 15:04:04,745 - webhook_logger - INFO - üíô Confirmed Market Subscriptions:  (websocket_helper.py:292)
2025-05-25 15:04:04,745 - webhook_logger - INFO - ‚úÖ First message received from user channel: user (websocket_helper.py:211)
2025-05-25 15:04:04,746 - webhook_logger - INFO - üíô Confirmed Market Subscriptions:  (websocket_helper.py:292)
2025-05-25 15:04:04,746 - webhook_logger - INFO - ‚úÖ First message received from market channel: heartbeats (websocket_helper.py:268)
2025-05-25 15:04:04,927 - webhook_logger - INFO - ‚úÖ First message received from market channel: ticker_batch (websocket_helper.py:268)
2025-05-25 15:04:05,586 - webhook_logger - INFO - ‚úÖ sync_open_orders ‚Üí upserted 250 rows (1 open / 250 recent) (listener.py:854)
2025-05-25 15:06:16,584 - webhook_logger - WARNING - ‚ö†Ô∏è No message ever received from market channel 'ticker_batch' (websocket_helper.py:238)
2025-05-25 15:06:16,584 - webhook_logger - WARNING - ‚ö†Ô∏è No message ever received from market channel 'heartbeats' (websocket_helper.py:238)
2025-05-25 15:06:16,593 - webhook_logger - INFO - üîÑ Starting sync_open_orders cycle‚Ä¶ (listener.py:728)
2025-05-25 15:06:19,908 - webhook_logger - INFO - Connected to wss://advanced-trade-ws.coinbase.com (listener.py:96)
2025-05-25 15:06:20,954 - webhook_logger - INFO - Connected to wss://advanced-trade-ws-user.coinbase.com (listener.py:96)
2025-05-25 15:06:21,037 - webhook_logger - INFO - Listening on wss://advanced-trade-ws-user.coinbase.com (listener.py:107)
2025-05-25 15:06:21,044 - webhook_logger - INFO - ‚ö° Subscribing to Market Channels... (listener.py:104)
2025-05-25 15:06:21,045 - webhook_logger - INFO - ÔøΩ Subscribing to Market Channels: ['ticker_batch', 'heartbeats'] (websocket_helper.py:307)
2025-05-25 15:06:21,046 - webhook_logger - INFO - Listening on wss://advanced-trade-ws.coinbase.com (listener.py:107)
2025-05-25 15:06:21,070 - webhook_logger - INFO - ‚úÖ sync_open_orders ‚Üí upserted 250 rows (1 open / 250 recent) (listener.py:854)
2025-05-25 15:06:21,192 - webhook_logger - INFO - ‚úÖ First message received from market channel: subscriptions (websocket_helper.py:268)
2025-05-25 15:06:21,192 - webhook_logger - INFO - üíô Confirmed Market Subscriptions:  (websocket_helper.py:292)
2025-05-25 15:06:21,192 - webhook_logger - INFO - ‚úÖ First message received from user channel: user (websocket_helper.py:211)
2025-05-25 15:06:21,193 - webhook_logger - INFO - üíô Confirmed Market Subscriptions:  (websocket_helper.py:292)
2025-05-25 15:06:21,207 - webhook_logger - INFO - ‚úÖ First message received from market channel: ticker_batch (websocket_helper.py:268)
2025-05-25 15:06:21,686 - webhook_logger - INFO - ‚úÖ First message received from market channel: heartbeats (websocket_helper.py:268)
2025-05-25 15:07:42,672 - webhook_logger - WARNING - ‚ö†Ô∏è Passive BUY failed: Order placement failed (passive_order_manager.py:172)
2025-05-25 15:07:43,934 - webhook_logger - INFO - ‚ùå Order validation failed for SYN/USD: ‚ö†Ô∏è SYN/USD has insufficient balance to sell. (webhook_validate_orders.py:474)
2025-05-25 15:07:43,935 - webhook_logger - INFO - ‚ö†Ô∏è Insufficient balance for SYN/USD sell order. Balance: 0.00 (webhook_validate_orders.py:567)
2025-05-25 15:07:48,219 - webhook_logger - WARNING - ‚ö†Ô∏è Passive SELL failed: Order validation failed for SYN/USD (passive_order_manager.py:172)
2025-05-25 15:08:01,383 - webhook_logger - WARNING - ‚ö†Ô∏è No message ever received from market channel 'ticker_batch' (websocket_helper.py:238)
2025-05-25 15:08:01,383 - webhook_logger - WARNING - ‚ö†Ô∏è No message ever received from market channel 'heartbeats' (websocket_helper.py:238)
2025-05-25 15:08:01,394 - webhook_logger - INFO - üîÑ Starting sync_open_orders cycle‚Ä¶ (listener.py:728)
2025-05-25 15:08:04,525 - webhook_logger - INFO - Connected to wss://advanced-trade-ws.coinbase.com (listener.py:96)
2025-05-25 15:08:04,528 - webhook_logger - INFO - Connected to wss://advanced-trade-ws-user.coinbase.com (listener.py:96)
2025-05-25 15:08:05,452 - webhook_logger - INFO - Listening on wss://advanced-trade-ws-user.coinbase.com (listener.py:107)
2025-05-25 15:08:05,477 - webhook_logger - INFO - ‚úÖ sync_open_orders ‚Üí upserted 250 rows (1 open / 250 recent) (listener.py:854)
2025-05-25 15:08:05,532 - webhook_logger - INFO - ‚ö° Subscribing to Market Channels... (listener.py:104)
2025-05-25 15:08:05,532 - webhook_logger - INFO - ÔøΩ Subscribing to Market Channels: ['ticker_batch', 'heartbeats'] (websocket_helper.py:307)
2025-05-25 15:08:05,533 - webhook_logger - INFO - Listening on wss://advanced-trade-ws.coinbase.com (listener.py:107)
2025-05-25 15:08:05,668 - webhook_logger - INFO - ‚úÖ First message received from user channel: user (websocket_helper.py:211)
2025-05-25 15:08:05,669 - webhook_logger - INFO - ‚úÖ First message received from market channel: subscriptions (websocket_helper.py:268)
2025-05-25 15:08:05,669 - webhook_logger - INFO - üíô Confirmed Market Subscriptions:  (websocket_helper.py:292)
2025-05-25 15:08:05,669 - webhook_logger - INFO - üíô Confirmed Market Subscriptions:  (websocket_helper.py:292)
2025-05-25 15:08:05,707 - webhook_logger - INFO - ‚úÖ First message received from market channel: ticker_batch (websocket_helper.py:268)
2025-05-25 15:08:06,344 - webhook_logger - INFO - ‚úÖ First message received from market channel: heartbeats (websocket_helper.py:268)
2025-05-25 15:09:03,130 - webhook_logger - WARNING - ‚ö†Ô∏è No message ever received from market channel 'ticker_batch' (websocket_helper.py:238)
2025-05-25 15:09:03,130 - webhook_logger - WARNING - ‚ö†Ô∏è No message ever received from market channel 'heartbeats' (websocket_helper.py:238)
2025-05-25 15:09:03,141 - webhook_logger - INFO - üîÑ Starting sync_open_orders cycle‚Ä¶ (listener.py:728)
2025-05-25 15:09:06,882 - webhook_logger - INFO - Connected to wss://advanced-trade-ws.coinbase.com (listener.py:96)
2025-05-25 15:09:06,885 - webhook_logger - INFO - Connected to wss://advanced-trade-ws-user.coinbase.com (listener.py:96)
2025-05-25 15:09:07,735 - webhook_logger - INFO - Listening on wss://advanced-trade-ws-user.coinbase.com (listener.py:107)
2025-05-25 15:09:07,757 - webhook_logger - INFO - ‚úÖ sync_open_orders ‚Üí upserted 250 rows (1 open / 250 recent) (listener.py:854)
2025-05-25 15:09:07,884 - webhook_logger - INFO - ‚ö° Subscribing to Market Channels... (listener.py:104)
2025-05-25 15:09:07,885 - webhook_logger - INFO - ÔøΩ Subscribing to Market Channels: ['ticker_batch', 'heartbeats'] (websocket_helper.py:307)
2025-05-25 15:09:07,886 - webhook_logger - INFO - Listening on wss://advanced-trade-ws.coinbase.com (listener.py:107)
2025-05-25 15:09:08,212 - webhook_logger - INFO - ‚úÖ First message received from market channel: subscriptions (websocket_helper.py:268)
2025-05-25 15:09:08,212 - webhook_logger - INFO - üíô Confirmed Market Subscriptions:  (websocket_helper.py:292)
2025-05-25 15:09:08,258 - webhook_logger - INFO - ‚úÖ First message received from user channel: user (websocket_helper.py:211)
2025-05-25 15:09:08,259 - webhook_logger - INFO - üíô Confirmed Market Subscriptions:  (websocket_helper.py:292)
2025-05-25 15:09:08,371 - webhook_logger - INFO - ‚úÖ First message received from market channel: ticker_batch (websocket_helper.py:268)
2025-05-25 15:09:08,772 - webhook_logger - INFO - ‚úÖ First message received from market channel: heartbeats (websocket_helper.py:268)
2025-05-25 15:09:09,009 - webhook_logger - ERROR - Error in build_order_data: [<class 'decimal.InvalidOperation'>] (webhook_order_manager.py:314)
Traceback (most recent call last):
  File "/Users/Manny/Python_Projects/BotTrader/webhook/webhook_order_manager.py", line 210, in build_order_data
    usd_bal = self.shared_utils_precision.safe_decimal(
decimal.InvalidOperation: [<class 'decimal.InvalidOperation'>]
2025-05-25 19:29:13,867 - webhook_logger - WARNING - ‚ö†Ô∏è No message ever received from market channel 'ticker_batch' (websocket_helper.py:238)
2025-05-25 19:29:13,867 - webhook_logger - WARNING - ‚ö†Ô∏è No message ever received from market channel 'heartbeats' (websocket_helper.py:238)
2025-05-25 19:29:13,877 - webhook_logger - INFO - üîÑ Starting sync_open_orders cycle‚Ä¶ (listener.py:728)
2025-05-25 19:29:18,790 - webhook_logger - INFO - Connected to wss://advanced-trade-ws-user.coinbase.com (listener.py:96)
2025-05-25 19:29:18,799 - webhook_logger - INFO - Connected to wss://advanced-trade-ws.coinbase.com (listener.py:96)
2025-05-25 19:29:18,858 - webhook_logger - INFO - Listening on wss://advanced-trade-ws-user.coinbase.com (listener.py:107)
2025-05-25 19:29:18,883 - webhook_logger - INFO - ‚úÖ sync_open_orders ‚Üí upserted 250 rows (0 open / 250 recent) (listener.py:854)
2025-05-25 19:29:19,027 - webhook_logger - INFO - ‚úÖ First message received from user channel: user (websocket_helper.py:211)
2025-05-25 19:29:19,028 - webhook_logger - INFO - ‚úÖ First message received from market channel: subscriptions (websocket_helper.py:268)
2025-05-25 19:29:19,028 - webhook_logger - INFO - üíô Confirmed Market Subscriptions:  (websocket_helper.py:292)
2025-05-25 19:29:19,028 - webhook_logger - INFO - üíô Confirmed Market Subscriptions:  (websocket_helper.py:292)
2025-05-25 19:29:19,607 - webhook_logger - INFO - ‚úÖ First message received from market channel: heartbeats (websocket_helper.py:268)
2025-05-25 19:29:19,801 - webhook_logger - INFO - ‚ö° Subscribing to Market Channels... (listener.py:104)
2025-05-25 19:29:19,801 - webhook_logger - INFO - ÔøΩ Subscribing to Market Channels: ['ticker_batch', 'heartbeats'] (websocket_helper.py:307)
2025-05-25 19:29:19,803 - webhook_logger - INFO - Listening on wss://advanced-trade-ws.coinbase.com (listener.py:107)
2025-05-25 19:29:20,047 - webhook_logger - INFO - ‚úÖ First message received from market channel: ticker_batch (websocket_helper.py:268)
2025-05-25 19:34:53,029 - webhook_logger - ERROR - Unexpected WebSocket error, check NGROK connection:  (listener.py:144)
Traceback (most recent call last):
  File "/Users/Manny/opt/anaconda3/envs/TradeBot/lib/python3.10/site-packages/websockets/legacy/client.py", line 654, in __await_impl__
    _transport, protocol = await self._create_connection()
  File "/Users/Manny/opt/anaconda3/envs/TradeBot/lib/python3.10/asyncio/base_events.py", line 1036, in create_connection
    infos = await self._ensure_resolved(
  File "/Users/Manny/opt/anaconda3/envs/TradeBot/lib/python3.10/asyncio/base_events.py", line 1418, in _ensure_resolved
    return await loop.getaddrinfo(host, port, family=family, type=type,
  File "/Users/Manny/opt/anaconda3/envs/TradeBot/lib/python3.10/asyncio/base_events.py", line 863, in getaddrinfo
    return await self.run_in_executor(
asyncio.exceptions.CancelledError

During handling of the above exception, another exception occurred:

Traceback (most recent call last):
  File "/Users/Manny/Python_Projects/BotTrader/webhook/listener.py", line 95, in connect_websocket
    async with websockets.connect(ws_url, max_size=2 ** 20) as ws:
  File "/Users/Manny/opt/anaconda3/envs/TradeBot/lib/python3.10/site-packages/websockets/legacy/client.py", line 635, in __aenter__
    return await self
  File "/Users/Manny/opt/anaconda3/envs/TradeBot/lib/python3.10/site-packages/websockets/legacy/client.py", line 652, in __await_impl__
    async with asyncio_timeout(self.open_timeout):
  File "/Users/Manny/opt/anaconda3/envs/TradeBot/lib/python3.10/site-packages/websockets/asyncio/async_timeout.py", line 181, in __aexit__
    self._do_exit(exc_type)
  File "/Users/Manny/opt/anaconda3/envs/TradeBot/lib/python3.10/site-packages/websockets/asyncio/async_timeout.py", line 268, in _do_exit
    raise asyncio.TimeoutError
asyncio.exceptions.TimeoutError
2025-05-25 19:34:56,301 - webhook_logger - WARNING - WebSocket closed unexpectedly: sent 1011 (internal error) keepalive ping timeout; no close frame received. Reconnecting... (listener.py:136)
2025-05-25 19:34:57,408 - webhook_logger - INFO - Connected to wss://advanced-trade-ws.coinbase.com (listener.py:96)
2025-05-25 19:34:59,161 - webhook_logger - INFO - ‚ö° Subscribing to Market Channels... (listener.py:104)
2025-05-25 19:34:59,161 - webhook_logger - INFO - ÔøΩ Subscribing to Market Channels: ['ticker_batch', 'heartbeats'] (websocket_helper.py:307)
2025-05-25 19:34:59,162 - webhook_logger - INFO - Listening on wss://advanced-trade-ws.coinbase.com (listener.py:107)
2025-05-25 19:35:49,522 - webhook_logger - WARNING - ‚ö†Ô∏è Passive BUY failed: Order placement failed (passive_order_manager.py:172)
2025-05-25 19:35:52,233 - webhook_logger - ERROR - Unexpected WebSocket error, check NGROK connection:  (listener.py:144)
Traceback (most recent call last):
  File "/Users/Manny/opt/anaconda3/envs/TradeBot/lib/python3.10/site-packages/websockets/legacy/client.py", line 656, in __await_impl__
    await protocol.handshake(
  File "/Users/Manny/opt/anaconda3/envs/TradeBot/lib/python3.10/site-packages/websockets/legacy/client.py", line 316, in handshake
    status_code, response_headers = await self.read_http_response()
  File "/Users/Manny/opt/anaconda3/envs/TradeBot/lib/python3.10/site-packages/websockets/legacy/client.py", line 134, in read_http_response
    status_code, reason, headers = await read_response(self.reader)
  File "/Users/Manny/opt/anaconda3/envs/TradeBot/lib/python3.10/site-packages/websockets/legacy/http.py", line 120, in read_response
    status_line = await read_line(stream)
  File "/Users/Manny/opt/anaconda3/envs/TradeBot/lib/python3.10/site-packages/websockets/legacy/http.py", line 194, in read_line
    line = await stream.readline()
  File "/Users/Manny/opt/anaconda3/envs/TradeBot/lib/python3.10/asyncio/streams.py", line 524, in readline
    line = await self.readuntil(sep)
  File "/Users/Manny/opt/anaconda3/envs/TradeBot/lib/python3.10/asyncio/streams.py", line 616, in readuntil
    await self._wait_for_data('readuntil')
  File "/Users/Manny/opt/anaconda3/envs/TradeBot/lib/python3.10/asyncio/streams.py", line 501, in _wait_for_data
    await self._waiter
asyncio.exceptions.CancelledError

During handling of the above exception, another exception occurred:

Traceback (most recent call last):
  File "/Users/Manny/Python_Projects/BotTrader/webhook/listener.py", line 95, in connect_websocket
    async with websockets.connect(ws_url, max_size=2 ** 20) as ws:
  File "/Users/Manny/opt/anaconda3/envs/TradeBot/lib/python3.10/site-packages/websockets/legacy/client.py", line 635, in __aenter__
    return await self
  File "/Users/Manny/opt/anaconda3/envs/TradeBot/lib/python3.10/site-packages/websockets/legacy/client.py", line 652, in __await_impl__
    async with asyncio_timeout(self.open_timeout):
  File "/Users/Manny/opt/anaconda3/envs/TradeBot/lib/python3.10/site-packages/websockets/asyncio/async_timeout.py", line 181, in __aexit__
    self._do_exit(exc_type)
  File "/Users/Manny/opt/anaconda3/envs/TradeBot/lib/python3.10/site-packages/websockets/asyncio/async_timeout.py", line 268, in _do_exit
    raise asyncio.TimeoutError
asyncio.exceptions.TimeoutError
2025-05-25 19:35:58,481 - webhook_logger - INFO - Connected to wss://advanced-trade-ws-user.coinbase.com (listener.py:96)
2025-05-25 19:35:58,482 - webhook_logger - INFO - Already subscribed to all requested user channels. Skipping subscription. (websocket_helper.py:344)
2025-05-25 19:35:58,482 - webhook_logger - INFO - Listening on wss://advanced-trade-ws-user.coinbase.com (listener.py:107)
2025-05-25 19:35:59,778 - webhook_logger - INFO - ‚ùå Order validation failed for RARI/USD: ‚ö†Ô∏è RARI/USD has insufficient balance to sell. (webhook_validate_orders.py:474)
2025-05-25 19:36:03,396 - webhook_logger - WARNING - ‚ö†Ô∏è Passive SELL failed: Order validation failed for RARI/USD (passive_order_manager.py:172)
2025-05-25 19:36:03,853 - webhook_logger - WARNING - WebSocket closed unexpectedly: sent 1011 (internal error) keepalive ping timeout; no close frame received. Reconnecting... (listener.py:136)
2025-05-25 19:41:02,715 - webhook_logger - WARNING - ‚ö†Ô∏è Passive BUY failed: Order placement failed (passive_order_manager.py:172)
2025-05-25 19:41:05,510 - webhook_logger - INFO - Connected to wss://advanced-trade-ws.coinbase.com (listener.py:96)
2025-05-25 19:41:06,558 - webhook_logger - INFO - ‚ö° Subscribing to Market Channels... (listener.py:104)
2025-05-25 19:41:06,559 - webhook_logger - INFO - ÔøΩ Subscribing to Market Channels: ['ticker_batch', 'heartbeats'] (websocket_helper.py:307)
2025-05-25 19:41:06,560 - webhook_logger - INFO - Listening on wss://advanced-trade-ws.coinbase.com (listener.py:107)
2025-05-25 19:41:12,038 - webhook_logger - INFO - ‚ùå Order validation failed for MINA/USD: ‚ö†Ô∏è MINA/USD has insufficient balance to sell. (webhook_validate_orders.py:474)
2025-05-25 19:41:15,646 - webhook_logger - WARNING - ‚ö†Ô∏è Passive SELL failed: Order validation failed for MINA/USD (passive_order_manager.py:172)
2025-05-25 20:53:22,501 - webhook_logger - ERROR - ‚ùå build_order_data failed for MASK/USD: 'NoneType' object is not callable (passive_order_manager.py:176)
Traceback (most recent call last):
  File "/Users/Manny/Python_Projects/BotTrader/webhook/webhook_order_manager.py", line 435, in handle_order
    return await self.attempt_order_placement(order_data, order_type)
AttributeError: 'NoneType' object has no attribute 'attempt_order_placement'

During handling of the above exception, another exception occurred:

Traceback (most recent call last):
  File "/Users/Manny/Python_Projects/BotTrader/webhook/webhook_order_manager.py", line 366, in place_order
    return await self.handle_order(order_data, order_book_details)
  File "/Users/Manny/Python_Projects/BotTrader/webhook/webhook_order_manager.py", line 435, in handle_order
    return await self.attempt_order_placement(order_data, order_type)
TypeError: 'NoneType' object is not callable

During handling of the above exception, another exception occurred:

Traceback (most recent call last):
  File "/Users/Manny/Python_Projects/BotTrader/MarketDataManager/passive_order_manager.py", line 165, in place_passive_orders
    ok, res = await self.tom.place_order(quote_od)
  File "/Users/Manny/Python_Projects/BotTrader/webhook/webhook_order_manager.py", line 366, in place_order
    return await self.handle_order(order_data, order_book_details)
TypeError: 'NoneType' object is not callable
2025-05-25 20:53:23,171 - webhook_logger - INFO - üîÑ Starting sync_open_orders cycle‚Ä¶ (listener.py:728)
2025-05-25 20:53:26,087 - webhook_logger - WARNING - ‚ö†Ô∏è WebSocket connection task was cancelled. (listener.py:141)
2025-05-25 20:53:26,091 - webhook_logger - WARNING - ‚ö†Ô∏è WebSocket connection task was cancelled. (listener.py:141)
2025-05-25 20:53:26,097 - webhook_logger - WARNING - ‚ö†Ô∏è WebSocket connection task was cancelled. (listener.py:141)
2025-05-25 20:53:45,593 - webhook_logger - WARNING - ‚ö†Ô∏è No message ever received from market channel 'ticker_batch' (websocket_helper.py:238)
2025-05-25 20:53:45,593 - webhook_logger - WARNING - ‚ö†Ô∏è No message ever received from market channel 'heartbeats' (websocket_helper.py:238)
2025-05-25 20:53:45,605 - webhook_logger - INFO - üîÑ Starting sync_open_orders cycle‚Ä¶ (listener.py:728)
2025-05-25 20:53:51,510 - webhook_logger - INFO - Connected to wss://advanced-trade-ws.coinbase.com (listener.py:96)
2025-05-25 20:53:51,512 - webhook_logger - INFO - Connected to wss://advanced-trade-ws-user.coinbase.com (listener.py:96)
2025-05-25 20:53:51,587 - webhook_logger - INFO - Listening on wss://advanced-trade-ws-user.coinbase.com (listener.py:107)
2025-05-25 20:53:51,675 - webhook_logger - INFO - ‚úÖ sync_open_orders ‚Üí upserted 250 rows (0 open / 250 recent) (listener.py:854)
2025-05-25 20:53:51,778 - webhook_logger - INFO - ‚úÖ First message received from market channel: subscriptions (websocket_helper.py:268)
2025-05-25 20:53:51,778 - webhook_logger - INFO - üíô Confirmed Market Subscriptions:  (websocket_helper.py:292)
2025-05-25 20:53:51,778 - webhook_logger - INFO - ‚úÖ First message received from user channel: user (websocket_helper.py:211)
2025-05-25 20:53:51,778 - webhook_logger - INFO - üíô Confirmed Market Subscriptions:  (websocket_helper.py:292)
2025-05-25 20:53:52,091 - webhook_logger - INFO - ‚úÖ First message received from market channel: heartbeats (websocket_helper.py:268)
2025-05-25 20:53:52,511 - webhook_logger - INFO - ‚ö° Subscribing to Market Channels... (listener.py:104)
2025-05-25 20:53:52,511 - webhook_logger - INFO - ÔøΩ Subscribing to Market Channels: ['ticker_batch', 'heartbeats'] (websocket_helper.py:307)
2025-05-25 20:53:52,512 - webhook_logger - INFO - Listening on wss://advanced-trade-ws.coinbase.com (listener.py:107)
2025-05-25 20:53:52,686 - webhook_logger - INFO - ‚úÖ First message received from market channel: ticker_batch (websocket_helper.py:268)
2025-05-25 21:02:39,214 - webhook_logger - ERROR - 'NoneType' object is not callable (webhook_order_manager.py:369)
Traceback (most recent call last):
  File "/Users/Manny/Python_Projects/BotTrader/webhook/webhook_order_manager.py", line 435, in handle_order
    return await self.attempt_order_placement(order_data, order_type)
AttributeError: 'NoneType' object has no attribute 'attempt_order_placement'

During handling of the above exception, another exception occurred:

Traceback (most recent call last):
  File "/Users/Manny/Python_Projects/BotTrader/webhook/webhook_order_manager.py", line 366, in place_order
    return await self.handle_order(order_data, order_book_details)
  File "/Users/Manny/Python_Projects/BotTrader/webhook/webhook_order_manager.py", line 435, in handle_order
    return await self.attempt_order_placement(order_data, order_type)
TypeError: 'NoneType' object is not callable
2025-05-25 21:02:42,555 - webhook_logger - WARNING - ‚ö†Ô∏è Passive BUY failed: 500 (passive_order_manager.py:172)
2025-05-25 21:02:43,521 - webhook_logger - ERROR - Unexpected WebSocket error, check NGROK connection:  (listener.py:144)
Traceback (most recent call last):
  File "/Users/Manny/opt/anaconda3/envs/TradeBot/lib/python3.10/site-packages/websockets/legacy/client.py", line 654, in __await_impl__
    _transport, protocol = await self._create_connection()
  File "/Users/Manny/opt/anaconda3/envs/TradeBot/lib/python3.10/asyncio/base_events.py", line 1036, in create_connection
    infos = await self._ensure_resolved(
  File "/Users/Manny/opt/anaconda3/envs/TradeBot/lib/python3.10/asyncio/base_events.py", line 1418, in _ensure_resolved
    return await loop.getaddrinfo(host, port, family=family, type=type,
  File "/Users/Manny/opt/anaconda3/envs/TradeBot/lib/python3.10/asyncio/base_events.py", line 863, in getaddrinfo
    return await self.run_in_executor(
asyncio.exceptions.CancelledError

During handling of the above exception, another exception occurred:

Traceback (most recent call last):
  File "/Users/Manny/Python_Projects/BotTrader/webhook/listener.py", line 95, in connect_websocket
    async with websockets.connect(ws_url, max_size=2 ** 20) as ws:
  File "/Users/Manny/opt/anaconda3/envs/TradeBot/lib/python3.10/site-packages/websockets/legacy/client.py", line 635, in __aenter__
    return await self
  File "/Users/Manny/opt/anaconda3/envs/TradeBot/lib/python3.10/site-packages/websockets/legacy/client.py", line 652, in __await_impl__
    async with asyncio_timeout(self.open_timeout):
  File "/Users/Manny/opt/anaconda3/envs/TradeBot/lib/python3.10/site-packages/websockets/asyncio/async_timeout.py", line 181, in __aexit__
    self._do_exit(exc_type)
  File "/Users/Manny/opt/anaconda3/envs/TradeBot/lib/python3.10/site-packages/websockets/asyncio/async_timeout.py", line 268, in _do_exit
    raise asyncio.TimeoutError
asyncio.exceptions.TimeoutError
2025-05-25 21:02:44,923 - webhook_logger - WARNING - WebSocket closed unexpectedly: sent 1011 (internal error) keepalive ping timeout; no close frame received. Reconnecting... (listener.py:136)
2025-05-25 21:02:47,767 - webhook_logger - INFO - Connected to wss://advanced-trade-ws.coinbase.com (listener.py:96)
2025-05-25 21:02:48,365 - webhook_logger - INFO - Connected to wss://advanced-trade-ws-user.coinbase.com (listener.py:96)
2025-05-25 21:02:48,365 - webhook_logger - INFO - Already subscribed to all requested user channels. Skipping subscription. (websocket_helper.py:344)
2025-05-25 21:02:48,366 - webhook_logger - INFO - Listening on wss://advanced-trade-ws-user.coinbase.com (listener.py:107)
2025-05-25 21:02:48,982 - webhook_logger - INFO - ‚ö° Subscribing to Market Channels... (listener.py:104)
2025-05-25 21:02:48,983 - webhook_logger - INFO - ÔøΩ Subscribing to Market Channels: ['ticker_batch', 'heartbeats'] (websocket_helper.py:307)
2025-05-25 21:02:48,984 - webhook_logger - INFO - Listening on wss://advanced-trade-ws.coinbase.com (listener.py:107)
2025-05-25 21:02:55,599 - webhook_logger - INFO - ‚ùå Order validation failed for BADGER/USD: ‚ö†Ô∏è BADGER/USD has insufficient balance to sell. (webhook_validate_orders.py:474)
2025-05-25 21:04:03,755 - webhook_logger - WARNING - ‚ö†Ô∏è Passive SELL failed: Order validation failed for BADGER/USD (passive_order_manager.py:172)
2025-05-25 21:06:57,416 - webhook_logger - ERROR - 'NoneType' object is not callable (webhook_order_manager.py:369)
Traceback (most recent call last):
  File "/Users/Manny/Python_Projects/BotTrader/webhook/webhook_order_manager.py", line 435, in handle_order
    return await self.attempt_order_placement(order_data, order_type)
AttributeError: 'NoneType' object has no attribute 'attempt_order_placement'

During handling of the above exception, another exception occurred:

Traceback (most recent call last):
  File "/Users/Manny/Python_Projects/BotTrader/webhook/webhook_order_manager.py", line 366, in place_order
    return await self.handle_order(order_data, order_book_details)
  File "/Users/Manny/Python_Projects/BotTrader/webhook/webhook_order_manager.py", line 435, in handle_order
    return await self.attempt_order_placement(order_data, order_type)
TypeError: 'NoneType' object is not callable
2025-05-25 21:07:25,464 - webhook_logger - WARNING - ‚ö†Ô∏è Passive BUY failed: 500 (passive_order_manager.py:172)
2025-05-25 21:07:27,261 - webhook_logger - WARNING - WebSocket closed unexpectedly: sent 1011 (internal error) keepalive ping timeout; no close frame received. Reconnecting... (listener.py:136)
2025-05-25 21:07:35,625 - webhook_logger - INFO - Connected to wss://advanced-trade-ws-user.coinbase.com (listener.py:96)
2025-05-25 21:07:35,625 - webhook_logger - INFO - Already subscribed to all requested user channels. Skipping subscription. (websocket_helper.py:344)
2025-05-25 21:07:35,625 - webhook_logger - INFO - Listening on wss://advanced-trade-ws-user.coinbase.com (listener.py:107)
2025-05-25 21:07:44,156 - webhook_logger - INFO - ‚ùå Order validation failed for PLU/USD: ‚ö†Ô∏è PLU/USD has insufficient balance to sell. (webhook_validate_orders.py:474)
2025-05-25 21:08:27,451 - webhook_logger - WARNING - ‚ö†Ô∏è Passive SELL failed: Order validation failed for PLU/USD (passive_order_manager.py:172)
2025-05-25 21:11:55,351 - webhook_logger - ERROR - 'NoneType' object is not callable (webhook_order_manager.py:369)
Traceback (most recent call last):
  File "/Users/Manny/Python_Projects/BotTrader/webhook/webhook_order_manager.py", line 435, in handle_order
    return await self.attempt_order_placement(order_data, order_type)
AttributeError: 'NoneType' object has no attribute 'attempt_order_placement'

During handling of the above exception, another exception occurred:

Traceback (most recent call last):
  File "/Users/Manny/Python_Projects/BotTrader/webhook/webhook_order_manager.py", line 366, in place_order
    return await self.handle_order(order_data, order_book_details)
  File "/Users/Manny/Python_Projects/BotTrader/webhook/webhook_order_manager.py", line 435, in handle_order
    return await self.attempt_order_placement(order_data, order_type)
TypeError: 'NoneType' object is not callable
2025-05-25 21:12:05,548 - webhook_logger - WARNING - ‚ö†Ô∏è Passive BUY failed: 500 (passive_order_manager.py:172)
2025-05-25 21:12:09,017 - webhook_logger - WARNING - WebSocket closed unexpectedly: sent 1011 (internal error) keepalive ping timeout; no close frame received. Reconnecting... (listener.py:136)
2025-05-25 21:12:24,394 - webhook_logger - WARNING - ‚ö†Ô∏è Passive SELL failed: Validation failed for RAD/USD (passive_order_manager.py:172)
2025-05-25 21:12:28,256 - webhook_logger - INFO - Connected to wss://advanced-trade-ws-user.coinbase.com (listener.py:96)
2025-05-25 21:12:28,256 - webhook_logger - INFO - Already subscribed to all requested user channels. Skipping subscription. (websocket_helper.py:344)
2025-05-25 21:12:28,256 - webhook_logger - INFO - Listening on wss://advanced-trade-ws-user.coinbase.com (listener.py:107)
2025-05-25 22:44:34,329 - webhook_logger - WARNING - ‚ö†Ô∏è No message ever received from market channel 'ticker_batch' (websocket_helper.py:238)
2025-05-25 22:44:34,330 - webhook_logger - WARNING - ‚ö†Ô∏è No message ever received from market channel 'heartbeats' (websocket_helper.py:238)
2025-05-25 22:44:34,341 - webhook_logger - INFO - üîÑ Starting sync_open_orders cycle‚Ä¶ (listener.py:728)
2025-05-25 22:44:44,128 - webhook_logger - INFO - Connected to wss://advanced-trade-ws-user.coinbase.com (listener.py:96)
2025-05-25 22:44:44,189 - webhook_logger - INFO - Listening on wss://advanced-trade-ws-user.coinbase.com (listener.py:107)
2025-05-25 22:44:44,191 - webhook_logger - INFO - Connected to wss://advanced-trade-ws.coinbase.com (listener.py:96)
2025-05-25 22:44:44,247 - webhook_logger - INFO - ‚úÖ sync_open_orders ‚Üí upserted 250 rows (0 open / 250 recent) (listener.py:854)
2025-05-25 22:44:44,347 - webhook_logger - INFO - ‚úÖ First message received from user channel: user (websocket_helper.py:211)
2025-05-25 22:44:44,348 - webhook_logger - INFO - ‚úÖ First message received from market channel: subscriptions (websocket_helper.py:268)
2025-05-25 22:44:44,348 - webhook_logger - INFO - üíô Confirmed Market Subscriptions:  (websocket_helper.py:292)
2025-05-25 22:44:44,348 - webhook_logger - INFO - üíô Confirmed Market Subscriptions:  (websocket_helper.py:292)
2025-05-25 22:44:45,086 - webhook_logger - INFO - ‚úÖ First message received from market channel: heartbeats (websocket_helper.py:268)
2025-05-25 22:44:45,193 - webhook_logger - INFO - ‚ö° Subscribing to Market Channels... (listener.py:104)
2025-05-25 22:44:45,194 - webhook_logger - INFO - ÔøΩ Subscribing to Market Channels: ['ticker_batch', 'heartbeats'] (websocket_helper.py:307)
2025-05-25 22:44:45,195 - webhook_logger - INFO - Listening on wss://advanced-trade-ws.coinbase.com (listener.py:107)
2025-05-25 22:44:45,428 - webhook_logger - INFO - ‚úÖ First message received from market channel: ticker_batch (websocket_helper.py:268)
2025-05-25 22:46:54,699 - webhook_logger - WARNING - ‚ö†Ô∏è No message ever received from market channel 'ticker_batch' (websocket_helper.py:238)
2025-05-25 22:46:54,699 - webhook_logger - WARNING - ‚ö†Ô∏è No message ever received from market channel 'heartbeats' (websocket_helper.py:238)
2025-05-25 22:46:54,708 - webhook_logger - INFO - üîÑ Starting sync_open_orders cycle‚Ä¶ (listener.py:728)
2025-05-25 22:46:58,953 - webhook_logger - INFO - Connected to wss://advanced-trade-ws-user.coinbase.com (listener.py:96)
2025-05-25 22:46:59,019 - webhook_logger - INFO - Listening on wss://advanced-trade-ws-user.coinbase.com (listener.py:107)
2025-05-25 22:46:59,022 - webhook_logger - INFO - Connected to wss://advanced-trade-ws.coinbase.com (listener.py:96)
2025-05-25 22:46:59,059 - webhook_logger - INFO - ‚úÖ sync_open_orders ‚Üí upserted 250 rows (0 open / 250 recent) (listener.py:854)
2025-05-25 22:46:59,182 - webhook_logger - INFO - ‚úÖ First message received from user channel: user (websocket_helper.py:211)
2025-05-25 22:46:59,182 - webhook_logger - INFO - ‚úÖ First message received from market channel: subscriptions (websocket_helper.py:268)
2025-05-25 22:46:59,182 - webhook_logger - INFO - üíô Confirmed Market Subscriptions:  (websocket_helper.py:292)
2025-05-25 22:46:59,182 - webhook_logger - INFO - üíô Confirmed Market Subscriptions:  (websocket_helper.py:292)
2025-05-25 22:47:00,023 - webhook_logger - INFO - ‚ö° Subscribing to Market Channels... (listener.py:104)
2025-05-25 22:47:00,023 - webhook_logger - INFO - ÔøΩ Subscribing to Market Channels: ['ticker_batch', 'heartbeats'] (websocket_helper.py:307)
2025-05-25 22:47:00,025 - webhook_logger - INFO - Listening on wss://advanced-trade-ws.coinbase.com (listener.py:107)
2025-05-25 22:47:00,055 - webhook_logger - INFO - ‚úÖ First message received from market channel: heartbeats (websocket_helper.py:268)
2025-05-25 22:47:00,199 - webhook_logger - INFO - ‚úÖ First message received from market channel: ticker_batch (websocket_helper.py:268)
2025-05-25 22:52:14,797 - webhook_logger - WARNING - ‚ö†Ô∏è No message ever received from market channel 'ticker_batch' (websocket_helper.py:238)
2025-05-25 22:52:14,797 - webhook_logger - WARNING - ‚ö†Ô∏è No message ever received from market channel 'heartbeats' (websocket_helper.py:238)
2025-05-25 22:52:14,810 - webhook_logger - INFO - üîÑ Starting sync_open_orders cycle‚Ä¶ (listener.py:728)
2025-05-25 22:52:19,049 - webhook_logger - INFO - Connected to wss://advanced-trade-ws.coinbase.com (listener.py:96)
2025-05-25 22:52:19,059 - webhook_logger - INFO - Connected to wss://advanced-trade-ws-user.coinbase.com (listener.py:96)
2025-05-25 22:52:19,125 - webhook_logger - INFO - Listening on wss://advanced-trade-ws-user.coinbase.com (listener.py:107)
2025-05-25 22:52:19,152 - webhook_logger - INFO - ‚úÖ sync_open_orders ‚Üí upserted 250 rows (0 open / 250 recent) (listener.py:854)
2025-05-25 22:52:19,290 - webhook_logger - INFO - ‚úÖ First message received from user channel: user (websocket_helper.py:211)
2025-05-25 22:52:19,290 - webhook_logger - INFO - ‚úÖ First message received from market channel: subscriptions (websocket_helper.py:268)
2025-05-25 22:52:19,290 - webhook_logger - INFO - üíô Confirmed Market Subscriptions:  (websocket_helper.py:292)
2025-05-25 22:52:19,291 - webhook_logger - INFO - üíô Confirmed Market Subscriptions:  (websocket_helper.py:292)
2025-05-25 22:52:20,027 - webhook_logger - INFO - ‚úÖ First message received from market channel: heartbeats (websocket_helper.py:268)
2025-05-25 22:52:20,051 - webhook_logger - INFO - ‚ö° Subscribing to Market Channels... (listener.py:104)
2025-05-25 22:52:20,051 - webhook_logger - INFO - ÔøΩ Subscribing to Market Channels: ['ticker_batch', 'heartbeats'] (websocket_helper.py:307)
2025-05-25 22:52:20,052 - webhook_logger - INFO - Listening on wss://advanced-trade-ws.coinbase.com (listener.py:107)
2025-05-25 22:52:20,283 - webhook_logger - INFO - ‚úÖ First message received from market channel: ticker_batch (websocket_helper.py:268)
2025-05-25 22:56:50,288 - webhook_logger - WARNING - ‚ö†Ô∏è No message ever received from market channel 'ticker_batch' (websocket_helper.py:238)
2025-05-25 22:56:50,289 - webhook_logger - WARNING - ‚ö†Ô∏è No message ever received from market channel 'heartbeats' (websocket_helper.py:238)
2025-05-25 22:56:50,299 - webhook_logger - INFO - üîÑ Starting sync_open_orders cycle‚Ä¶ (listener.py:728)
2025-05-25 22:56:54,568 - webhook_logger - INFO - Connected to wss://advanced-trade-ws.coinbase.com (listener.py:96)
2025-05-25 22:56:54,572 - webhook_logger - INFO - Connected to wss://advanced-trade-ws-user.coinbase.com (listener.py:96)
2025-05-25 22:56:54,636 - webhook_logger - INFO - Listening on wss://advanced-trade-ws-user.coinbase.com (listener.py:107)
2025-05-25 22:56:54,848 - webhook_logger - INFO - ‚úÖ First message received from market channel: subscriptions (websocket_helper.py:268)
2025-05-25 22:56:54,848 - webhook_logger - INFO - üíô Confirmed Market Subscriptions:  (websocket_helper.py:292)
2025-05-25 22:56:54,848 - webhook_logger - INFO - ‚úÖ First message received from user channel: user (websocket_helper.py:211)
2025-05-25 22:56:54,849 - webhook_logger - INFO - üíô Confirmed Market Subscriptions:  (websocket_helper.py:292)
2025-05-25 22:56:54,896 - webhook_logger - INFO - ‚úÖ sync_open_orders ‚Üí upserted 250 rows (0 open / 250 recent) (listener.py:854)
2025-05-25 22:56:55,132 - webhook_logger - INFO - ‚úÖ First message received from market channel: heartbeats (websocket_helper.py:268)
2025-05-25 22:56:55,570 - webhook_logger - INFO - ‚ö° Subscribing to Market Channels... (listener.py:104)
2025-05-25 22:56:55,570 - webhook_logger - INFO - ÔøΩ Subscribing to Market Channels: ['ticker_batch', 'heartbeats'] (websocket_helper.py:307)
2025-05-25 22:56:55,571 - webhook_logger - INFO - Listening on wss://advanced-trade-ws.coinbase.com (listener.py:107)
2025-05-25 22:56:55,733 - webhook_logger - INFO - ‚úÖ First message received from market channel: ticker_batch (websocket_helper.py:268)
2025-05-25 23:01:20,363 - webhook_logger - ERROR - ‚ùå build_order_data failed for STRK/USD: 'NoneType' object is not callable (passive_order_manager.py:176)
Traceback (most recent call last):
  File "/Users/Manny/Python_Projects/BotTrader/webhook/webhook_order_manager.py", line 364, in place_order
    return await self.handle_order(order_data, order_book_details)
AttributeError: 'NoneType' object has no attribute 'handle_order'

During handling of the above exception, another exception occurred:

Traceback (most recent call last):
  File "/Users/Manny/Python_Projects/BotTrader/MarketDataManager/passive_order_manager.py", line 165, in place_passive_orders
    ok, res = await self.tom.place_order(quote_od)
  File "/Users/Manny/Python_Projects/BotTrader/webhook/webhook_order_manager.py", line 364, in place_order
    return await self.handle_order(order_data, order_book_details)
TypeError: 'NoneType' object is not callable
2025-05-25 23:01:20,455 - webhook_logger - WARNING - WebSocket closed unexpectedly: sent 1011 (internal error) keepalive ping timeout; no close frame received. Reconnecting... (listener.py:136)
2025-05-25 23:01:22,792 - webhook_logger - INFO - Connected to wss://advanced-trade-ws.coinbase.com (listener.py:96)
2025-05-25 23:01:23,878 - webhook_logger - INFO - Connected to wss://advanced-trade-ws-user.coinbase.com (listener.py:96)
2025-05-25 23:01:23,878 - webhook_logger - INFO - Already subscribed to all requested user channels. Skipping subscription. (websocket_helper.py:344)
2025-05-25 23:01:23,879 - webhook_logger - INFO - Listening on wss://advanced-trade-ws-user.coinbase.com (listener.py:107)
2025-05-25 23:01:24,112 - webhook_logger - INFO - ‚ö° Subscribing to Market Channels... (listener.py:104)
2025-05-25 23:01:24,112 - webhook_logger - INFO - ÔøΩ Subscribing to Market Channels: ['ticker_batch', 'heartbeats'] (websocket_helper.py:307)
2025-05-25 23:01:24,113 - webhook_logger - INFO - Listening on wss://advanced-trade-ws.coinbase.com (listener.py:107)
2025-05-25 23:03:52,995 - webhook_logger - ERROR - ‚ùå build_order_data failed for LRDS/USD: 'NoneType' object is not callable (passive_order_manager.py:176)
Traceback (most recent call last):
  File "/Users/Manny/Python_Projects/BotTrader/webhook/webhook_order_manager.py", line 433, in handle_order
    return await self.attempt_order_placement(order_data, order_type)
AttributeError: 'NoneType' object has no attribute 'attempt_order_placement'

During handling of the above exception, another exception occurred:

Traceback (most recent call last):
  File "/Users/Manny/Python_Projects/BotTrader/webhook/webhook_order_manager.py", line 364, in place_order
    return await self.handle_order(order_data, order_book_details)
  File "/Users/Manny/Python_Projects/BotTrader/webhook/webhook_order_manager.py", line 433, in handle_order
    return await self.attempt_order_placement(order_data, order_type)
TypeError: 'NoneType' object is not callable

During handling of the above exception, another exception occurred:

Traceback (most recent call last):
  File "/Users/Manny/Python_Projects/BotTrader/MarketDataManager/passive_order_manager.py", line 165, in place_passive_orders
    ok, res = await self.tom.place_order(quote_od)
  File "/Users/Manny/Python_Projects/BotTrader/webhook/webhook_order_manager.py", line 364, in place_order
    return await self.handle_order(order_data, order_book_details)
TypeError: 'NoneType' object is not callable
2025-05-25 23:05:15,843 - webhook_logger - WARNING - ‚ö†Ô∏è No message ever received from market channel 'ticker_batch' (websocket_helper.py:238)
2025-05-25 23:05:15,843 - webhook_logger - WARNING - ‚ö†Ô∏è No message ever received from market channel 'heartbeats' (websocket_helper.py:238)
2025-05-25 23:05:15,852 - webhook_logger - INFO - üîÑ Starting sync_open_orders cycle‚Ä¶ (listener.py:728)
2025-05-25 23:05:20,118 - webhook_logger - INFO - Connected to wss://advanced-trade-ws-user.coinbase.com (listener.py:96)
2025-05-25 23:05:20,186 - webhook_logger - INFO - Listening on wss://advanced-trade-ws-user.coinbase.com (listener.py:107)
2025-05-25 23:05:20,192 - webhook_logger - INFO - Connected to wss://advanced-trade-ws.coinbase.com (listener.py:96)
2025-05-25 23:05:20,218 - webhook_logger - INFO - ‚úÖ sync_open_orders ‚Üí upserted 250 rows (0 open / 250 recent) (listener.py:854)
2025-05-25 23:05:20,365 - webhook_logger - INFO - ‚úÖ First message received from user channel: user (websocket_helper.py:211)
2025-05-25 23:05:20,365 - webhook_logger - INFO - ‚úÖ First message received from market channel: subscriptions (websocket_helper.py:268)
2025-05-25 23:05:20,365 - webhook_logger - INFO - üíô Confirmed Market Subscriptions:  (websocket_helper.py:292)
2025-05-25 23:05:20,366 - webhook_logger - INFO - üíô Confirmed Market Subscriptions:  (websocket_helper.py:292)
2025-05-25 23:05:21,044 - webhook_logger - INFO - ‚úÖ First message received from market channel: heartbeats (websocket_helper.py:268)
2025-05-25 23:05:21,193 - webhook_logger - INFO - ‚ö° Subscribing to Market Channels... (listener.py:104)
2025-05-25 23:05:21,194 - webhook_logger - INFO - ÔøΩ Subscribing to Market Channels: ['ticker_batch', 'heartbeats'] (websocket_helper.py:307)
2025-05-25 23:05:21,195 - webhook_logger - INFO - Listening on wss://advanced-trade-ws.coinbase.com (listener.py:107)
2025-05-25 23:05:21,368 - webhook_logger - INFO - ‚úÖ First message received from market channel: ticker_batch (websocket_helper.py:268)
2025-05-25 23:07:19,904 - webhook_logger - WARNING - ‚ö†Ô∏è Passive BUY failed: Order placement failed (passive_order_manager.py:172)
NoneType: None
2025-05-25 23:08:50,907 - webhook_logger - INFO - ‚ùå Order validation failed for ARPA/USD: ‚ö†Ô∏è ARPA/USD has insufficient balance to sell. (webhook_validate_orders.py:477)
2025-05-25 23:09:48,600 - webhook_logger - WARNING - ‚ö†Ô∏è Passive SELL failed: Order validation failed for ARPA/USD (passive_order_manager.py:172)
NoneType: None
2025-05-25 23:09:50,382 - webhook_logger - ERROR - Unexpected WebSocket error, check NGROK connection:  (listener.py:144)
Traceback (most recent call last):
  File "/Users/Manny/opt/anaconda3/envs/TradeBot/lib/python3.10/site-packages/websockets/legacy/client.py", line 654, in __await_impl__
    _transport, protocol = await self._create_connection()
  File "/Users/Manny/opt/anaconda3/envs/TradeBot/lib/python3.10/asyncio/base_events.py", line 1060, in create_connection
    sock = await self._connect_sock(
  File "/Users/Manny/opt/anaconda3/envs/TradeBot/lib/python3.10/asyncio/base_events.py", line 969, in _connect_sock
    await self.sock_connect(sock, address)
  File "/Users/Manny/opt/anaconda3/envs/TradeBot/lib/python3.10/asyncio/selector_events.py", line 501, in sock_connect
    return await fut
asyncio.exceptions.CancelledError

During handling of the above exception, another exception occurred:

Traceback (most recent call last):
  File "/Users/Manny/Python_Projects/BotTrader/webhook/listener.py", line 95, in connect_websocket
    async with websockets.connect(ws_url, max_size=2 ** 20) as ws:
  File "/Users/Manny/opt/anaconda3/envs/TradeBot/lib/python3.10/site-packages/websockets/legacy/client.py", line 635, in __aenter__
    return await self
  File "/Users/Manny/opt/anaconda3/envs/TradeBot/lib/python3.10/site-packages/websockets/legacy/client.py", line 652, in __await_impl__
    async with asyncio_timeout(self.open_timeout):
  File "/Users/Manny/opt/anaconda3/envs/TradeBot/lib/python3.10/site-packages/websockets/asyncio/async_timeout.py", line 181, in __aexit__
    self._do_exit(exc_type)
  File "/Users/Manny/opt/anaconda3/envs/TradeBot/lib/python3.10/site-packages/websockets/asyncio/async_timeout.py", line 268, in _do_exit
    raise asyncio.TimeoutError
asyncio.exceptions.TimeoutError
2025-05-25 23:09:52,523 - webhook_logger - WARNING - WebSocket closed unexpectedly: sent 1011 (internal error) keepalive ping timeout; no close frame received. Reconnecting... (listener.py:136)
2025-05-25 23:09:53,455 - webhook_logger - INFO - Connected to wss://advanced-trade-ws.coinbase.com (listener.py:96)
2025-05-25 23:10:01,746 - webhook_logger - INFO - ‚ö° Subscribing to Market Channels... (listener.py:104)
2025-05-25 23:10:01,746 - webhook_logger - INFO - ÔøΩ Subscribing to Market Channels: ['ticker_batch', 'heartbeats'] (websocket_helper.py:307)
2025-05-25 23:10:01,748 - webhook_logger - INFO - Listening on wss://advanced-trade-ws.coinbase.com (listener.py:107)
2025-05-25 23:10:02,738 - webhook_logger - INFO - Connected to wss://advanced-trade-ws-user.coinbase.com (listener.py:96)
2025-05-25 23:10:02,739 - webhook_logger - INFO - Already subscribed to all requested user channels. Skipping subscription. (websocket_helper.py:344)
2025-05-25 23:10:02,739 - webhook_logger - INFO - Listening on wss://advanced-trade-ws-user.coinbase.com (listener.py:107)
2025-05-25 23:16:01,661 - webhook_logger - ERROR - ‚ùå build_order_data failed for DNT/USD: 'NoneType' object is not callable (passive_order_manager.py:176)
Traceback (most recent call last):
  File "/Users/Manny/Python_Projects/BotTrader/webhook/webhook_order_manager.py", line 433, in handle_order
    return await self.attempt_order_placement(order_data, order_type)
AttributeError: 'NoneType' object has no attribute 'attempt_order_placement'

During handling of the above exception, another exception occurred:

Traceback (most recent call last):
  File "/Users/Manny/Python_Projects/BotTrader/webhook/webhook_order_manager.py", line 364, in place_order
    return await self.handle_order(order_data, order_book_details)
  File "/Users/Manny/Python_Projects/BotTrader/webhook/webhook_order_manager.py", line 433, in handle_order
    return await self.attempt_order_placement(order_data, order_type)
TypeError: 'NoneType' object is not callable

During handling of the above exception, another exception occurred:

Traceback (most recent call last):
  File "/Users/Manny/Python_Projects/BotTrader/MarketDataManager/passive_order_manager.py", line 165, in place_passive_orders
    ok, res = await self.tom.place_order(quote_od)
  File "/Users/Manny/Python_Projects/BotTrader/webhook/webhook_order_manager.py", line 364, in place_order
    return await self.handle_order(order_data, order_book_details)
TypeError: 'NoneType' object is not callable
2025-05-25 23:16:38,885 - webhook_logger - WARNING - WebSocket closed unexpectedly: sent 1011 (internal error) keepalive ping timeout; no close frame received. Reconnecting... (listener.py:136)
2025-05-25 23:16:47,925 - webhook_logger - INFO - Connected to wss://advanced-trade-ws-user.coinbase.com (listener.py:96)
2025-05-25 23:16:47,925 - webhook_logger - INFO - Already subscribed to all requested user channels. Skipping subscription. (websocket_helper.py:344)
2025-05-25 23:16:47,925 - webhook_logger - INFO - Listening on wss://advanced-trade-ws-user.coinbase.com (listener.py:107)
2025-05-25 23:18:47,449 - webhook_logger - WARNING - ‚ö†Ô∏è Passive BUY failed: Order placement failed (passive_order_manager.py:172)
NoneType: None
2025-05-25 23:18:49,461 - webhook_logger - INFO - ‚ùå Order validation failed for 00/USD: ‚ö†Ô∏è 00/USD has insufficient balance to sell. (webhook_validate_orders.py:477)
2025-05-25 23:18:51,202 - webhook_logger - WARNING - ‚ö†Ô∏è Passive SELL failed: Order validation failed for 00/USD (passive_order_manager.py:172)
NoneType: None
2025-05-25 23:35:43,742 - webhook_logger - WARNING - ‚ö†Ô∏è No message ever received from market channel 'ticker_batch' (websocket_helper.py:238)
2025-05-25 23:35:43,743 - webhook_logger - WARNING - ‚ö†Ô∏è No message ever received from market channel 'heartbeats' (websocket_helper.py:238)
2025-05-25 23:35:43,751 - webhook_logger - INFO - üîÑ Starting sync_open_orders cycle‚Ä¶ (listener.py:728)
2025-05-25 23:35:49,023 - webhook_logger - INFO - Connected to wss://advanced-trade-ws-user.coinbase.com (listener.py:96)
2025-05-25 23:35:49,035 - webhook_logger - INFO - Connected to wss://advanced-trade-ws.coinbase.com (listener.py:96)
2025-05-25 23:35:49,097 - webhook_logger - INFO - Listening on wss://advanced-trade-ws-user.coinbase.com (listener.py:107)
2025-05-25 23:35:49,124 - webhook_logger - INFO - ‚úÖ sync_open_orders ‚Üí upserted 250 rows (0 open / 250 recent) (listener.py:854)
2025-05-25 23:35:49,273 - webhook_logger - INFO - ‚úÖ First message received from market channel: subscriptions (websocket_helper.py:268)
2025-05-25 23:35:49,273 - webhook_logger - INFO - üíô Confirmed Market Subscriptions:  (websocket_helper.py:292)
2025-05-25 23:35:49,274 - webhook_logger - INFO - ‚úÖ First message received from user channel: user (websocket_helper.py:211)
2025-05-25 23:35:49,274 - webhook_logger - INFO - üíô Confirmed Market Subscriptions:  (websocket_helper.py:292)
2025-05-25 23:35:50,037 - webhook_logger - INFO - ‚ö° Subscribing to Market Channels... (listener.py:104)
2025-05-25 23:35:50,037 - webhook_logger - INFO - ÔøΩ Subscribing to Market Channels: ['ticker_batch', 'heartbeats'] (websocket_helper.py:307)
2025-05-25 23:35:50,038 - webhook_logger - INFO - Listening on wss://advanced-trade-ws.coinbase.com (listener.py:107)
2025-05-25 23:35:50,043 - webhook_logger - INFO - ‚úÖ First message received from market channel: heartbeats (websocket_helper.py:268)
2025-05-25 23:35:50,209 - webhook_logger - INFO - ‚úÖ First message received from market channel: ticker_batch (websocket_helper.py:268)
2025-05-25 23:36:57,621 - webhook_logger - WARNING - ‚ö†Ô∏è No message ever received from market channel 'ticker_batch' (websocket_helper.py:238)
2025-05-25 23:36:57,621 - webhook_logger - WARNING - ‚ö†Ô∏è No message ever received from market channel 'heartbeats' (websocket_helper.py:238)
2025-05-25 23:36:57,632 - webhook_logger - INFO - üîÑ Starting sync_open_orders cycle‚Ä¶ (listener.py:728)
2025-05-25 23:37:01,959 - webhook_logger - INFO - Connected to wss://advanced-trade-ws.coinbase.com (listener.py:96)
2025-05-25 23:37:01,967 - webhook_logger - INFO - Connected to wss://advanced-trade-ws-user.coinbase.com (listener.py:96)
2025-05-25 23:37:02,024 - webhook_logger - INFO - Listening on wss://advanced-trade-ws-user.coinbase.com (listener.py:107)
2025-05-25 23:37:02,049 - webhook_logger - INFO - ‚úÖ sync_open_orders ‚Üí upserted 250 rows (0 open / 250 recent) (listener.py:854)
2025-05-25 23:37:02,211 - webhook_logger - INFO - ‚úÖ First message received from market channel: subscriptions (websocket_helper.py:268)
2025-05-25 23:37:02,212 - webhook_logger - INFO - üíô Confirmed Market Subscriptions:  (websocket_helper.py:292)
2025-05-25 23:37:02,212 - webhook_logger - INFO - ‚úÖ First message received from user channel: user (websocket_helper.py:211)
2025-05-25 23:37:02,212 - webhook_logger - INFO - üíô Confirmed Market Subscriptions:  (websocket_helper.py:292)
2025-05-25 23:37:02,956 - webhook_logger - INFO - ‚úÖ First message received from market channel: heartbeats (websocket_helper.py:268)
2025-05-25 23:37:02,960 - webhook_logger - INFO - ‚ö° Subscribing to Market Channels... (listener.py:104)
2025-05-25 23:37:02,960 - webhook_logger - INFO - ÔøΩ Subscribing to Market Channels: ['ticker_batch', 'heartbeats'] (websocket_helper.py:307)
2025-05-25 23:37:02,962 - webhook_logger - INFO - Listening on wss://advanced-trade-ws.coinbase.com (listener.py:107)
2025-05-25 23:37:03,118 - webhook_logger - INFO - ‚úÖ First message received from market channel: ticker_batch (websocket_helper.py:268)
2025-05-25 23:38:01,261 - webhook_logger - WARNING - WebSocket closed unexpectedly: sent 1011 (internal error) keepalive ping timeout; no close frame received. Reconnecting... (listener.py:136)
2025-05-25 23:38:05,383 - webhook_logger - INFO - ‚úÖ Successfully placed tp_sl order for BLZ/USD (webhook_order_manager.py:531)
2025-05-25 23:38:06,240 - webhook_logger - INFO - ‚úÖ Passive BUY BLZ/USD @ 0.0419 (passive_order_manager.py:168)
2025-05-25 23:38:08,523 - webhook_logger - WARNING - ‚ö†Ô∏è Passive SELL failed: Validation failed for BLZ/USD (passive_order_manager.py:172)
NoneType: None
2025-05-25 23:38:10,128 - webhook_logger - INFO - Connected to wss://advanced-trade-ws-user.coinbase.com (listener.py:96)
2025-05-25 23:38:10,128 - webhook_logger - INFO - Already subscribed to all requested user channels. Skipping subscription. (websocket_helper.py:344)
2025-05-25 23:38:10,129 - webhook_logger - INFO - Listening on wss://advanced-trade-ws-user.coinbase.com (listener.py:107)
2025-05-25 23:39:10,393 - webhook_logger - INFO - Connected to wss://advanced-trade-ws.coinbase.com (listener.py:96)
2025-05-25 23:39:11,396 - webhook_logger - INFO - ‚ö° Subscribing to Market Channels... (listener.py:104)
2025-05-25 23:39:11,396 - webhook_logger - INFO - ÔøΩ Subscribing to Market Channels: ['ticker_batch', 'heartbeats'] (websocket_helper.py:307)
2025-05-25 23:39:11,398 - webhook_logger - INFO - Listening on wss://advanced-trade-ws.coinbase.com (listener.py:107)
2025-05-25 23:39:38,004 - webhook_logger - INFO - ‚úÖ Successfully placed tp_sl order for INDEX/USD (webhook_order_manager.py:531)
2025-05-25 23:39:38,004 - webhook_logger - INFO - ‚úÖ Passive BUY INDEX/USD @ 1.35 (passive_order_manager.py:168)
2025-05-25 23:39:38,412 - webhook_logger - WARNING - ‚ö†Ô∏è Passive SELL failed: Validation failed for INDEX/USD (passive_order_manager.py:172)
NoneType: None
2025-05-25 23:39:45,125 - webhook_logger - INFO - ‚úÖ Successfully placed tp_sl order for BADGER/USD (webhook_order_manager.py:531)
2025-05-25 23:39:45,125 - webhook_logger - INFO - ‚úÖ Passive BUY BADGER/USD @ 1.19 (passive_order_manager.py:168)
2025-05-25 23:39:45,534 - webhook_logger - WARNING - ‚ö†Ô∏è Passive SELL failed: Validation failed for BADGER/USD (passive_order_manager.py:172)
NoneType: None
2025-05-25 23:39:51,081 - webhook_logger - INFO - ‚úÖ Successfully placed tp_sl order for DNT/USD (webhook_order_manager.py:531)
2025-05-25 23:39:51,082 - webhook_logger - INFO - ‚úÖ Passive BUY DNT/USD @ 0.0305 (passive_order_manager.py:168)
2025-05-25 23:39:51,501 - webhook_logger - WARNING - ‚ö†Ô∏è Passive SELL failed: Validation failed for DNT/USD (passive_order_manager.py:172)
NoneType: None
2025-05-25 23:40:39,704 - webhook_logger - WARNING - ‚ö†Ô∏è Passive BUY failed: Order placement failed (passive_order_manager.py:172)
NoneType: None
2025-05-25 23:40:41,137 - webhook_logger - INFO - ‚ùå Order validation failed for GTC/USD: ‚ö†Ô∏è GTC/USD has insufficient balance to sell. (webhook_validate_orders.py:477)
2025-05-25 23:40:41,138 - webhook_logger - INFO - ‚ö†Ô∏è Insufficient balance for GTC/USD sell order. Balance: 0.00 (webhook_validate_orders.py:570)
2025-05-25 23:40:41,138 - webhook_logger - WARNING - ‚ö†Ô∏è Passive SELL failed: Order validation failed for GTC/USD (passive_order_manager.py:172)
NoneType: None
2025-05-25 23:41:09,534 - webhook_logger - INFO - ‚úÖ Successfully placed tp_sl order for RAD/USD (webhook_order_manager.py:531)
2025-05-25 23:41:09,534 - webhook_logger - INFO - ‚úÖ Passive BUY RAD/USD @ 0.74 (passive_order_manager.py:168)
2025-05-25 23:41:09,938 - webhook_logger - WARNING - ‚ö†Ô∏è Passive SELL failed: Validation failed for RAD/USD (passive_order_manager.py:172)
NoneType: None
2025-05-25 23:41:16,312 - webhook_logger - INFO - ‚úÖ Successfully placed tp_sl order for RARI/USD (webhook_order_manager.py:531)
2025-05-25 23:41:16,313 - webhook_logger - INFO - ‚úÖ Passive BUY RARI/USD @ 1.16 (passive_order_manager.py:168)
2025-05-25 23:41:16,874 - webhook_logger - WARNING - ‚ö†Ô∏è Passive SELL failed: Validation failed for RARI/USD (passive_order_manager.py:172)
NoneType: None
2025-05-25 23:41:48,347 - webhook_logger - INFO - ‚úÖ Successfully placed tp_sl order for FX/USD (webhook_order_manager.py:531)
2025-05-25 23:41:48,347 - webhook_logger - INFO - ‚úÖ Passive BUY FX/USD @ 0.1884 (passive_order_manager.py:168)
2025-05-25 23:41:48,820 - webhook_logger - WARNING - ‚ö†Ô∏è Passive SELL failed: Validation failed for FX/USD (passive_order_manager.py:172)
NoneType: None
2025-05-25 23:42:01,468 - webhook_logger - INFO - ‚úÖ Successfully placed tp_sl order for BICO/USD (webhook_order_manager.py:531)
2025-05-25 23:42:01,468 - webhook_logger - INFO - ‚úÖ Passive BUY BICO/USD @ 0.1150 (passive_order_manager.py:168)
2025-05-25 23:42:02,096 - webhook_logger - WARNING - ‚ö†Ô∏è Passive SELL failed: Validation failed for BICO/USD (passive_order_manager.py:172)
NoneType: None
2025-05-25 23:42:28,863 - webhook_logger - WARNING - WebSocket closed unexpectedly: sent 1011 (internal error) keepalive ping timeout; no close frame received. Reconnecting... (listener.py:136)
2025-05-25 23:42:31,901 - webhook_logger - INFO - Connected to wss://advanced-trade-ws.coinbase.com (listener.py:96)
2025-05-25 23:42:33,049 - webhook_logger - INFO - ‚ö° Subscribing to Market Channels... (listener.py:104)
2025-05-25 23:42:33,049 - webhook_logger - INFO - ÔøΩ Subscribing to Market Channels: ['ticker_batch', 'heartbeats'] (websocket_helper.py:307)
2025-05-25 23:42:33,050 - webhook_logger - INFO - Listening on wss://advanced-trade-ws.coinbase.com (listener.py:107)
2025-05-25 23:43:55,846 - webhook_logger - INFO - ‚úÖ Successfully placed tp_sl order for BADGER/USD (webhook_order_manager.py:531)
2025-05-25 23:43:55,846 - webhook_logger - INFO - ‚úÖ Passive BUY BADGER/USD @ 1.19 (passive_order_manager.py:168)
2025-05-25 23:43:56,784 - webhook_logger - WARNING - ‚ö†Ô∏è Passive SELL failed: Validation failed for BADGER/USD (passive_order_manager.py:172)
NoneType: None
2025-05-25 23:44:05,804 - webhook_logger - WARNING - WebSocket closed unexpectedly: sent 1011 (internal error) keepalive ping timeout; no close frame received. Reconnecting... (listener.py:136)
2025-05-25 23:44:06,864 - webhook_logger - INFO - ‚úÖ Successfully placed tp_sl order for RARI/USD (webhook_order_manager.py:531)
2025-05-25 23:44:06,864 - webhook_logger - INFO - ‚úÖ Passive BUY RARI/USD @ 1.16 (passive_order_manager.py:168)
2025-05-25 23:44:07,263 - webhook_logger - WARNING - ‚ö†Ô∏è Passive SELL failed: Validation failed for RARI/USD (passive_order_manager.py:172)
NoneType: None
2025-05-25 23:44:10,407 - webhook_logger - INFO - Connected to wss://advanced-trade-ws.coinbase.com (listener.py:96)
2025-05-25 23:44:11,408 - webhook_logger - INFO - ‚ö° Subscribing to Market Channels... (listener.py:104)
2025-05-25 23:44:11,408 - webhook_logger - INFO - ÔøΩ Subscribing to Market Channels: ['ticker_batch', 'heartbeats'] (websocket_helper.py:307)
2025-05-25 23:44:11,409 - webhook_logger - INFO - Listening on wss://advanced-trade-ws.coinbase.com (listener.py:107)
2025-05-25 23:44:38,393 - webhook_logger - WARNING - ‚ö†Ô∏è Passive BUY failed: Order placement failed (passive_order_manager.py:172)
NoneType: None
2025-05-25 23:44:39,910 - webhook_logger - INFO - ‚ùå Order validation failed for TIME/USD: ‚ö†Ô∏è TIME/USD has insufficient balance to sell. (webhook_validate_orders.py:477)
2025-05-25 23:44:39,911 - webhook_logger - INFO - ‚ö†Ô∏è Insufficient balance for TIME/USD sell order. Balance: 0.000 (webhook_validate_orders.py:570)
2025-05-25 23:44:39,911 - webhook_logger - WARNING - ‚ö†Ô∏è Passive SELL failed: Order validation failed for TIME/USD (passive_order_manager.py:172)
NoneType: None
2025-05-25 23:44:49,571 - webhook_logger - INFO - ‚úÖ Successfully placed tp_sl order for AVT/USD (webhook_order_manager.py:531)
2025-05-25 23:44:49,571 - webhook_logger - INFO - ‚úÖ Passive BUY AVT/USD @ 1.69 (passive_order_manager.py:168)
2025-05-25 23:44:49,974 - webhook_logger - WARNING - ‚ö†Ô∏è Passive SELL failed: Validation failed for AVT/USD (passive_order_manager.py:172)
NoneType: None
2025-05-25 23:45:24,477 - webhook_logger - INFO - ‚úÖ Successfully placed tp_sl order for RARI/USD (webhook_order_manager.py:531)
2025-05-25 23:45:24,477 - webhook_logger - INFO - ‚úÖ Passive BUY RARI/USD @ 1.16 (passive_order_manager.py:168)
2025-05-25 23:45:25,083 - webhook_logger - WARNING - ‚ö†Ô∏è Passive SELL failed: Validation failed for RARI/USD (passive_order_manager.py:172)
NoneType: None
2025-05-25 23:45:39,999 - webhook_logger - WARNING - ‚ö†Ô∏è Passive BUY failed: Validation failed for DNT/USD (passive_order_manager.py:172)
NoneType: None
2025-05-25 23:45:40,717 - webhook_logger - WARNING - ‚ö†Ô∏è Passive SELL failed: Validation failed for DNT/USD (passive_order_manager.py:172)
NoneType: None
2025-05-25 23:46:00,543 - webhook_logger - INFO - ‚úÖ Successfully placed tp_sl order for OMNI/USD (webhook_order_manager.py:531)
2025-05-25 23:46:00,543 - webhook_logger - INFO - ‚úÖ Passive BUY OMNI/USD @ 2.855 (passive_order_manager.py:168)
2025-05-25 23:46:01,647 - webhook_logger - WARNING - ‚ö†Ô∏è Passive SELL failed: Validation failed for OMNI/USD (passive_order_manager.py:172)
NoneType: None
2025-05-25 23:46:22,150 - webhook_logger - INFO - ‚úÖ Successfully placed tp_sl order for WCFG/USD (webhook_order_manager.py:531)
2025-05-25 23:46:22,150 - webhook_logger - INFO - ‚úÖ Passive BUY WCFG/USD @ 0.242 (passive_order_manager.py:168)
2025-05-25 23:46:23,407 - webhook_logger - WARNING - ‚ö†Ô∏è Passive SELL failed: Validation failed for WCFG/USD (passive_order_manager.py:172)
NoneType: None
2025-05-25 23:46:28,773 - webhook_logger - INFO - ‚úÖ Successfully placed tp_sl order for ZETACHAIN/USD (webhook_order_manager.py:531)
2025-05-25 23:46:28,773 - webhook_logger - INFO - ‚úÖ Passive BUY ZETACHAIN/USD @ 0.2543 (passive_order_manager.py:168)
2025-05-25 23:46:29,726 - webhook_logger - WARNING - ‚ö†Ô∏è Passive SELL failed: Validation failed for ZETACHAIN/USD (passive_order_manager.py:172)
NoneType: None
2025-05-25 23:46:36,289 - webhook_logger - INFO - ‚úÖ Successfully placed tp_sl order for INDEX/USD (webhook_order_manager.py:531)
2025-05-25 23:46:36,289 - webhook_logger - INFO - ‚úÖ Passive BUY INDEX/USD @ 1.35 (passive_order_manager.py:168)
2025-05-25 23:46:36,436 - webhook_logger - INFO - ‚úÖ Successfully placed tp_sl order for RAD/USD (webhook_order_manager.py:531)
2025-05-25 23:46:36,436 - webhook_logger - INFO - ‚úÖ Passive BUY RAD/USD @ 0.74 (passive_order_manager.py:168)
2025-05-25 23:46:37,172 - webhook_logger - WARNING - ‚ö†Ô∏è Passive SELL failed: Validation failed for INDEX/USD (passive_order_manager.py:172)
NoneType: None
2025-05-25 23:46:37,561 - webhook_logger - WARNING - ‚ö†Ô∏è Passive SELL failed: Validation failed for RAD/USD (passive_order_manager.py:172)
NoneType: None
2025-05-25 23:46:39,296 - webhook_logger - INFO - ‚úÖ Successfully placed tp_sl order for BADGER/USD (webhook_order_manager.py:531)
2025-05-25 23:46:39,297 - webhook_logger - INFO - ‚úÖ Passive BUY BADGER/USD @ 1.19 (passive_order_manager.py:168)
2025-05-25 23:46:39,923 - webhook_logger - WARNING - ‚ö†Ô∏è Passive SELL failed: Validation failed for BADGER/USD (passive_order_manager.py:172)
NoneType: None
2025-05-25 23:46:54,658 - webhook_logger - INFO - ‚úÖ Successfully placed tp_sl order for SYN/USD (webhook_order_manager.py:531)
2025-05-25 23:46:54,658 - webhook_logger - INFO - ‚úÖ Passive BUY SYN/USD @ 0.231 (passive_order_manager.py:168)
2025-05-25 23:46:55,182 - webhook_logger - WARNING - ‚ö†Ô∏è Passive SELL failed: Validation failed for SYN/USD (passive_order_manager.py:172)
NoneType: None
2025-05-25 23:46:55,897 - webhook_logger - WARNING - ‚ö†Ô∏è Passive BUY failed: Insufficient balance in source account (passive_order_manager.py:172)
NoneType: None
2025-05-25 23:46:58,731 - webhook_logger - INFO - ‚ùå Order validation failed for GHST/USD: ‚ö†Ô∏è GHST/USD has insufficient balance to sell. (webhook_validate_orders.py:477)
2025-05-25 23:46:58,732 - webhook_logger - INFO - ‚ö†Ô∏è Insufficient balance for GHST/USD sell order. Balance: 0.00 (webhook_validate_orders.py:570)
2025-05-25 23:46:58,732 - webhook_logger - WARNING - ‚ö†Ô∏è Passive SELL failed: Order validation failed for GHST/USD (passive_order_manager.py:172)
NoneType: None
2025-05-25 23:46:59,730 - webhook_logger - WARNING - ‚ö†Ô∏è Passive BUY failed: Validation failed for SYN/USD (passive_order_manager.py:172)
NoneType: None
2025-05-25 23:47:01,198 - webhook_logger - WARNING - ‚ö†Ô∏è Passive SELL failed: Validation failed for SYN/USD (passive_order_manager.py:172)
NoneType: None
2025-05-25 23:47:06,212 - webhook_logger - WARNING - WebSocket closed unexpectedly: sent 1011 (internal error) keepalive ping timeout; no close frame received. Reconnecting... (listener.py:136)
2025-05-25 23:47:15,415 - webhook_logger - INFO - Connected to wss://advanced-trade-ws.coinbase.com (listener.py:96)
2025-05-25 23:47:16,597 - webhook_logger - INFO - ‚ö° Subscribing to Market Channels... (listener.py:104)
2025-05-25 23:47:16,598 - webhook_logger - INFO - ÔøΩ Subscribing to Market Channels: ['ticker_batch', 'heartbeats'] (websocket_helper.py:307)
2025-05-25 23:47:16,599 - webhook_logger - INFO - Listening on wss://advanced-trade-ws.coinbase.com (listener.py:107)
2025-05-25 23:48:54,475 - webhook_logger - WARNING - WebSocket closed unexpectedly: sent 1011 (internal error) keepalive ping timeout; no close frame received. Reconnecting... (listener.py:136)
2025-05-25 23:49:12,822 - webhook_logger - INFO - Connected to wss://advanced-trade-ws.coinbase.com (listener.py:96)
2025-05-25 23:49:13,824 - webhook_logger - INFO - ‚ö° Subscribing to Market Channels... (listener.py:104)
2025-05-25 23:49:13,826 - webhook_logger - INFO - ÔøΩ Subscribing to Market Channels: ['ticker_batch', 'heartbeats'] (websocket_helper.py:307)
2025-05-25 23:49:13,829 - webhook_logger - INFO - Listening on wss://advanced-trade-ws.coinbase.com (listener.py:107)
2025-05-25 23:49:15,688 - webhook_logger - INFO - ‚úÖ Successfully placed tp_sl order for SKL/USD (webhook_order_manager.py:531)
2025-05-25 23:49:15,688 - webhook_logger - INFO - ‚úÖ Passive BUY SKL/USD @ 0.0242 (passive_order_manager.py:168)
2025-05-25 23:49:16,636 - webhook_logger - WARNING - ‚ö†Ô∏è Passive SELL failed: Validation failed for SKL/USD (passive_order_manager.py:172)
NoneType: None
2025-05-25 23:49:23,151 - webhook_logger - INFO - ‚úÖ Successfully placed tp_sl order for MOBILE/USD (webhook_order_manager.py:531)
2025-05-25 23:49:23,152 - webhook_logger - INFO - ‚úÖ Passive BUY MOBILE/USD @ 0.000527 (passive_order_manager.py:168)
2025-05-25 23:49:23,550 - webhook_logger - WARNING - ‚ö†Ô∏è Passive SELL failed: Validation failed for MOBILE/USD (passive_order_manager.py:172)
NoneType: None
2025-05-25 23:49:35,593 - webhook_logger - INFO - ‚úÖ Successfully placed tp_sl order for MOG/USD (webhook_order_manager.py:531)
2025-05-25 23:49:35,594 - webhook_logger - INFO - ‚úÖ Passive BUY MOG/USD @ 0.00000118 (passive_order_manager.py:168)
2025-05-25 23:49:36,220 - webhook_logger - WARNING - ‚ö†Ô∏è Passive SELL failed: Validation failed for MOG/USD (passive_order_manager.py:172)
NoneType: None
2025-05-25 23:49:39,222 - webhook_logger - WARNING - ‚ö†Ô∏è Passive BUY failed: Insufficient balance in source account (passive_order_manager.py:172)
NoneType: None
2025-05-25 23:49:41,365 - webhook_logger - INFO - ‚ùå Order validation failed for 00/USD: ‚ö†Ô∏è 00/USD has insufficient balance to sell. (webhook_validate_orders.py:477)
2025-05-25 23:49:41,367 - webhook_logger - WARNING - ‚ö†Ô∏è Passive SELL failed: Order validation failed for 00/USD (passive_order_manager.py:172)
NoneType: None
2025-05-25 23:49:43,470 - webhook_logger - WARNING - ‚ö†Ô∏è Passive BUY failed: Order placement failed (passive_order_manager.py:172)
NoneType: None
2025-05-25 23:49:45,036 - webhook_logger - INFO - ‚ùå Order validation failed for CLANKER/USD: ‚ö†Ô∏è CLANKER/USD has insufficient balance to sell. (webhook_validate_orders.py:477)
2025-05-25 23:49:45,038 - webhook_logger - INFO - ‚ö†Ô∏è Insufficient balance for CLANKER/USD sell order. Balance: 0.0000 (webhook_validate_orders.py:570)
2025-05-25 23:49:45,038 - webhook_logger - WARNING - ‚ö†Ô∏è Passive SELL failed: Order validation failed for CLANKER/USD (passive_order_manager.py:172)
NoneType: None
