2025-06-09 09:01:37,838 - webhook_logger - WARNING - ‚ö†Ô∏è No message ever received from market channel 'ticker_batch' (websocket_helper.py:246)
2025-06-09 09:01:37,840 - webhook_logger - WARNING - ‚ö†Ô∏è No message ever received from market channel 'heartbeats' (websocket_helper.py:246)
2025-06-09 09:01:37,858 - webhook_logger - INFO - üîÑ Starting sync_open_orders cycle‚Ä¶ (listener.py:775)
2025-06-09 09:01:38,193 - webhook_logger - WARNING - ‚ö†Ô∏è No message ever received from market channel 'ticker_batch' (websocket_helper.py:246)
2025-06-09 09:01:38,193 - webhook_logger - WARNING - ‚ö†Ô∏è No message ever received from market channel 'heartbeats' (websocket_helper.py:246)
2025-06-09 09:01:40,411 - webhook_logger - INFO - ‚úÖ sync_open_orders ‚Üí upserted 250 rows (0 open / 250 recent) (listener.py:902)
2025-06-09 09:01:40,663 - webhook_logger - INFO - Connected to wss://advanced-trade-ws-user.coinbase.com (listener.py:98)
2025-06-09 09:01:40,666 - webhook_logger - ERROR - User subscription error: 'symbol' (websocket_helper.py:388)
Traceback (most recent call last):
  File "/Users/Manny/Python_Projects/BotTrader/webhook/websocket_helper.py", line 372, in subscribe_user
    self.product_ids = market_data.get('usd_pairs_cache')['symbol'].str.replace('/', '-', regex=False).tolist()
  File "/Users/Manny/opt/anaconda3/envs/TradeBot/lib/python3.10/site-packages/pandas/core/frame.py", line 4102, in __getitem__
    indexer = self.columns.get_loc(key)
  File "/Users/Manny/opt/anaconda3/envs/TradeBot/lib/python3.10/site-packages/pandas/core/indexes/range.py", line 417, in get_loc
    raise KeyError(key)
KeyError: 'symbol'
2025-06-09 09:01:40,672 - webhook_logger - INFO - Listening on wss://advanced-trade-ws-user.coinbase.com (listener.py:110)
2025-06-09 09:01:40,679 - webhook_logger - INFO - Connected to wss://advanced-trade-ws.coinbase.com (listener.py:98)
2025-06-09 09:01:40,688 - webhook_logger - INFO - Connected to wss://advanced-trade-ws.coinbase.com (listener.py:98)
2025-06-09 09:01:40,754 - webhook_logger - INFO - Connected to wss://advanced-trade-ws-user.coinbase.com (listener.py:98)
2025-06-09 09:01:40,756 - webhook_logger - ERROR - User subscription error: 'symbol' (websocket_helper.py:388)
Traceback (most recent call last):
  File "/Users/Manny/Python_Projects/BotTrader/webhook/websocket_helper.py", line 372, in subscribe_user
    self.product_ids = market_data.get('usd_pairs_cache')['symbol'].str.replace('/', '-', regex=False).tolist()
  File "/Users/Manny/opt/anaconda3/envs/TradeBot/lib/python3.10/site-packages/pandas/core/frame.py", line 4102, in __getitem__
    indexer = self.columns.get_loc(key)
  File "/Users/Manny/opt/anaconda3/envs/TradeBot/lib/python3.10/site-packages/pandas/core/indexes/range.py", line 417, in get_loc
    raise KeyError(key)
KeyError: 'symbol'
2025-06-09 09:01:40,757 - webhook_logger - INFO - Listening on wss://advanced-trade-ws-user.coinbase.com (listener.py:110)
2025-06-09 09:01:41,570 - webhook_logger - INFO - ‚ö†Ô∏è‚ö†Ô∏è‚ö†Ô∏è  update_market_data took 3.71s    ‚ö†Ô∏è‚ö†Ô∏è‚ö†Ô∏è (listener.py:364)
2025-06-09 09:01:41,570 - webhook_logger - INFO - ‚è± update_market_data (shared_data_manager) took 0.00s (listener.py:387)
2025-06-09 09:01:41,570 - webhook_logger - INFO - ‚úÖ monitor_untracked_assets is <class 'method'> (websocket_helper.py:634)
2025-06-09 09:01:41,571 - webhook_logger - INFO - üß™ About to await monitor_untracked_assets (websocket_helper.py:635)
2025-06-09 09:01:41,572 - webhook_logger - INFO - üì± Starting monitor_untracked_assets (websocket_helper.py:656)
2025-06-09 09:01:41,573 - webhook_logger - INFO - üîé INDEX/USD: Entry=1.17, Now=1.21, Qty=43.1049, PnL%=3.42% (websocket_helper.py:701)
2025-06-09 09:01:41,574 - webhook_logger - INFO - üí∞ TP trigger for INDEX/USD: 3.42% (websocket_helper.py:704)
2025-06-09 09:01:41,680 - webhook_logger - INFO - ‚ö° Subscribing to Market Channels... (listener.py:107)
2025-06-09 09:01:41,680 - webhook_logger - INFO - ÔøΩ Subscribing to Market Channels: ['ticker_batch', 'heartbeats'] (websocket_helper.py:320)
2025-06-09 09:01:41,681 - webhook_logger - WARNING - ‚ö†Ô∏è No valid product IDs found. Subscription aborted. (websocket_helper.py:323)
2025-06-09 09:01:41,681 - webhook_logger - INFO - Listening on wss://advanced-trade-ws.coinbase.com (listener.py:110)
2025-06-09 09:01:41,690 - webhook_logger - INFO - ‚ö° Subscribing to Market Channels... (listener.py:107)
2025-06-09 09:01:41,691 - webhook_logger - INFO - ÔøΩ Subscribing to Market Channels: ['ticker_batch', 'heartbeats'] (websocket_helper.py:320)
2025-06-09 09:01:41,691 - webhook_logger - WARNING - ‚ö†Ô∏è No valid product IDs found. Subscription aborted. (websocket_helper.py:323)
2025-06-09 09:01:41,691 - webhook_logger - INFO - Listening on wss://advanced-trade-ws.coinbase.com (listener.py:110)
2025-06-09 09:24:00,319 - webhook_logger - WARNING - ‚ö†Ô∏è No message ever received from market channel 'ticker_batch' (websocket_helper.py:246)
2025-06-09 09:24:00,319 - webhook_logger - WARNING - ‚ö†Ô∏è No message ever received from market channel 'heartbeats' (websocket_helper.py:246)
2025-06-09 09:24:17,690 - webhook_logger - INFO - üîÑ Starting sync_open_orders cycle‚Ä¶ (listener.py:775)
2025-06-09 09:24:17,694 - webhook_logger - ERROR - Unexpected WebSocket error, check NGROK connection:  (listener.py:131)
Traceback (most recent call last):
  File "/Users/Manny/opt/anaconda3/envs/TradeBot/lib/python3.10/site-packages/websockets/legacy/client.py", line 654, in __await_impl__
    _transport, protocol = await self._create_connection()
  File "/Users/Manny/opt/anaconda3/envs/TradeBot/lib/python3.10/asyncio/base_events.py", line 1036, in create_connection
    infos = await self._ensure_resolved(
  File "/Users/Manny/opt/anaconda3/envs/TradeBot/lib/python3.10/asyncio/base_events.py", line 1418, in _ensure_resolved
    return await loop.getaddrinfo(host, port, family=family, type=type,
  File "/Users/Manny/opt/anaconda3/envs/TradeBot/lib/python3.10/asyncio/base_events.py", line 863, in getaddrinfo
    return await self.run_in_executor(
asyncio.exceptions.CancelledError

During handling of the above exception, another exception occurred:

Traceback (most recent call last):
  File "/Users/Manny/Python_Projects/BotTrader/webhook/listener.py", line 97, in connect_websocket
    async with websockets.connect(ws_url, max_size = 2 ** 24 ) as ws:   # 16 MB
  File "/Users/Manny/opt/anaconda3/envs/TradeBot/lib/python3.10/site-packages/websockets/legacy/client.py", line 635, in __aenter__
    return await self
  File "/Users/Manny/opt/anaconda3/envs/TradeBot/lib/python3.10/site-packages/websockets/legacy/client.py", line 652, in __await_impl__
    async with asyncio_timeout(self.open_timeout):
  File "/Users/Manny/opt/anaconda3/envs/TradeBot/lib/python3.10/site-packages/websockets/asyncio/async_timeout.py", line 181, in __aexit__
    self._do_exit(exc_type)
  File "/Users/Manny/opt/anaconda3/envs/TradeBot/lib/python3.10/site-packages/websockets/asyncio/async_timeout.py", line 268, in _do_exit
    raise asyncio.TimeoutError
asyncio.exceptions.TimeoutError
2025-06-09 09:24:17,696 - webhook_logger - ERROR - Unexpected WebSocket error, check NGROK connection:  (listener.py:131)
Traceback (most recent call last):
  File "/Users/Manny/opt/anaconda3/envs/TradeBot/lib/python3.10/site-packages/websockets/legacy/client.py", line 654, in __await_impl__
    _transport, protocol = await self._create_connection()
  File "/Users/Manny/opt/anaconda3/envs/TradeBot/lib/python3.10/asyncio/base_events.py", line 1036, in create_connection
    infos = await self._ensure_resolved(
  File "/Users/Manny/opt/anaconda3/envs/TradeBot/lib/python3.10/asyncio/base_events.py", line 1418, in _ensure_resolved
    return await loop.getaddrinfo(host, port, family=family, type=type,
  File "/Users/Manny/opt/anaconda3/envs/TradeBot/lib/python3.10/asyncio/base_events.py", line 863, in getaddrinfo
    return await self.run_in_executor(
asyncio.exceptions.CancelledError

During handling of the above exception, another exception occurred:

Traceback (most recent call last):
  File "/Users/Manny/Python_Projects/BotTrader/webhook/listener.py", line 97, in connect_websocket
    async with websockets.connect(ws_url, max_size = 2 ** 24 ) as ws:   # 16 MB
  File "/Users/Manny/opt/anaconda3/envs/TradeBot/lib/python3.10/site-packages/websockets/legacy/client.py", line 635, in __aenter__
    return await self
  File "/Users/Manny/opt/anaconda3/envs/TradeBot/lib/python3.10/site-packages/websockets/legacy/client.py", line 652, in __await_impl__
    async with asyncio_timeout(self.open_timeout):
  File "/Users/Manny/opt/anaconda3/envs/TradeBot/lib/python3.10/site-packages/websockets/asyncio/async_timeout.py", line 181, in __aexit__
    self._do_exit(exc_type)
  File "/Users/Manny/opt/anaconda3/envs/TradeBot/lib/python3.10/site-packages/websockets/asyncio/async_timeout.py", line 268, in _do_exit
    raise asyncio.TimeoutError
asyncio.exceptions.TimeoutError
2025-06-09 09:24:18,369 - webhook_logger - WARNING - ‚ö†Ô∏è No message ever received from market channel 'ticker_batch' (websocket_helper.py:246)
2025-06-09 09:24:18,370 - webhook_logger - WARNING - ‚ö†Ô∏è No message ever received from market channel 'heartbeats' (websocket_helper.py:246)
2025-06-09 09:24:24,901 - webhook_logger - INFO - Connected to wss://advanced-trade-ws.coinbase.com (listener.py:98)
2025-06-09 09:24:24,908 - webhook_logger - INFO - Connected to wss://advanced-trade-ws-user.coinbase.com (listener.py:98)
2025-06-09 09:24:24,911 - webhook_logger - ERROR - User subscription error: 'symbol' (websocket_helper.py:388)
Traceback (most recent call last):
  File "/Users/Manny/Python_Projects/BotTrader/webhook/websocket_helper.py", line 372, in subscribe_user
    self.product_ids = market_data.get('usd_pairs_cache')['symbol'].str.replace('/', '-', regex=False).tolist()
  File "/Users/Manny/opt/anaconda3/envs/TradeBot/lib/python3.10/site-packages/pandas/core/frame.py", line 4102, in __getitem__
    indexer = self.columns.get_loc(key)
  File "/Users/Manny/opt/anaconda3/envs/TradeBot/lib/python3.10/site-packages/pandas/core/indexes/range.py", line 417, in get_loc
    raise KeyError(key)
KeyError: 'symbol'
2025-06-09 09:24:24,914 - webhook_logger - INFO - Listening on wss://advanced-trade-ws-user.coinbase.com (listener.py:110)
2025-06-09 09:24:25,052 - webhook_logger - INFO - Connected to wss://advanced-trade-ws-user.coinbase.com (listener.py:98)
2025-06-09 09:24:25,054 - webhook_logger - ERROR - User subscription error: 'symbol' (websocket_helper.py:388)
Traceback (most recent call last):
  File "/Users/Manny/Python_Projects/BotTrader/webhook/websocket_helper.py", line 372, in subscribe_user
    self.product_ids = market_data.get('usd_pairs_cache')['symbol'].str.replace('/', '-', regex=False).tolist()
  File "/Users/Manny/opt/anaconda3/envs/TradeBot/lib/python3.10/site-packages/pandas/core/frame.py", line 4102, in __getitem__
    indexer = self.columns.get_loc(key)
  File "/Users/Manny/opt/anaconda3/envs/TradeBot/lib/python3.10/site-packages/pandas/core/indexes/range.py", line 417, in get_loc
    raise KeyError(key)
KeyError: 'symbol'
2025-06-09 09:24:25,054 - webhook_logger - INFO - Listening on wss://advanced-trade-ws-user.coinbase.com (listener.py:110)
2025-06-09 09:24:25,075 - webhook_logger - INFO - Connected to wss://advanced-trade-ws.coinbase.com (listener.py:98)
2025-06-09 09:36:21,269 - webhook_logger - WARNING - ‚ö†Ô∏è No message ever received from market channel 'ticker_batch' (websocket_helper.py:246)
2025-06-09 09:36:21,269 - webhook_logger - WARNING - ‚ö†Ô∏è No message ever received from market channel 'heartbeats' (websocket_helper.py:246)
2025-06-09 09:36:22,996 - webhook_logger - INFO - üîÑ Starting sync_open_orders cycle‚Ä¶ (listener.py:775)
2025-06-09 09:36:23,615 - webhook_logger - WARNING - ‚ö†Ô∏è No message ever received from market channel 'ticker_batch' (websocket_helper.py:246)
2025-06-09 09:36:23,615 - webhook_logger - WARNING - ‚ö†Ô∏è No message ever received from market channel 'heartbeats' (websocket_helper.py:246)
2025-06-09 09:36:31,494 - webhook_logger - ERROR - Unexpected WebSocket error, check NGROK connection:  (listener.py:131)
Traceback (most recent call last):
  File "/Users/Manny/opt/anaconda3/envs/TradeBot/lib/python3.10/site-packages/websockets/legacy/client.py", line 654, in __await_impl__
    _transport, protocol = await self._create_connection()
  File "/Users/Manny/opt/anaconda3/envs/TradeBot/lib/python3.10/asyncio/base_events.py", line 1103, in create_connection
    transport, protocol = await self._create_connection_transport(
  File "/Users/Manny/opt/anaconda3/envs/TradeBot/lib/python3.10/asyncio/base_events.py", line 1133, in _create_connection_transport
    await waiter
asyncio.exceptions.CancelledError

During handling of the above exception, another exception occurred:

Traceback (most recent call last):
  File "/Users/Manny/Python_Projects/BotTrader/webhook/listener.py", line 97, in connect_websocket
    async with websockets.connect(ws_url, max_size = 2 ** 24 ) as ws:   # 16 MB
  File "/Users/Manny/opt/anaconda3/envs/TradeBot/lib/python3.10/site-packages/websockets/legacy/client.py", line 635, in __aenter__
    return await self
  File "/Users/Manny/opt/anaconda3/envs/TradeBot/lib/python3.10/site-packages/websockets/legacy/client.py", line 652, in __await_impl__
    async with asyncio_timeout(self.open_timeout):
  File "/Users/Manny/opt/anaconda3/envs/TradeBot/lib/python3.10/site-packages/websockets/asyncio/async_timeout.py", line 181, in __aexit__
    self._do_exit(exc_type)
  File "/Users/Manny/opt/anaconda3/envs/TradeBot/lib/python3.10/site-packages/websockets/asyncio/async_timeout.py", line 268, in _do_exit
    raise asyncio.TimeoutError
asyncio.exceptions.TimeoutError
2025-06-09 09:36:31,495 - webhook_logger - ERROR - Unexpected WebSocket error, check NGROK connection:  (listener.py:131)
Traceback (most recent call last):
  File "/Users/Manny/opt/anaconda3/envs/TradeBot/lib/python3.10/site-packages/websockets/legacy/client.py", line 654, in __await_impl__
    _transport, protocol = await self._create_connection()
  File "/Users/Manny/opt/anaconda3/envs/TradeBot/lib/python3.10/asyncio/base_events.py", line 1103, in create_connection
    transport, protocol = await self._create_connection_transport(
  File "/Users/Manny/opt/anaconda3/envs/TradeBot/lib/python3.10/asyncio/base_events.py", line 1133, in _create_connection_transport
    await waiter
asyncio.exceptions.CancelledError

During handling of the above exception, another exception occurred:

Traceback (most recent call last):
  File "/Users/Manny/Python_Projects/BotTrader/webhook/listener.py", line 97, in connect_websocket
    async with websockets.connect(ws_url, max_size = 2 ** 24 ) as ws:   # 16 MB
  File "/Users/Manny/opt/anaconda3/envs/TradeBot/lib/python3.10/site-packages/websockets/legacy/client.py", line 635, in __aenter__
    return await self
  File "/Users/Manny/opt/anaconda3/envs/TradeBot/lib/python3.10/site-packages/websockets/legacy/client.py", line 652, in __await_impl__
    async with asyncio_timeout(self.open_timeout):
  File "/Users/Manny/opt/anaconda3/envs/TradeBot/lib/python3.10/site-packages/websockets/asyncio/async_timeout.py", line 181, in __aexit__
    self._do_exit(exc_type)
  File "/Users/Manny/opt/anaconda3/envs/TradeBot/lib/python3.10/site-packages/websockets/asyncio/async_timeout.py", line 268, in _do_exit
    raise asyncio.TimeoutError
asyncio.exceptions.TimeoutError
2025-06-09 09:36:31,927 - webhook_logger - INFO - Connected to wss://advanced-trade-ws.coinbase.com (listener.py:98)
2025-06-09 09:36:31,943 - webhook_logger - INFO - Connected to wss://advanced-trade-ws-user.coinbase.com (listener.py:98)
2025-06-09 09:36:31,945 - webhook_logger - ERROR - User subscription error: 'symbol' (websocket_helper.py:388)
Traceback (most recent call last):
  File "/Users/Manny/Python_Projects/BotTrader/webhook/websocket_helper.py", line 372, in subscribe_user
    self.product_ids = market_data.get('usd_pairs_cache')['symbol'].str.replace('/', '-', regex=False).tolist()
  File "/Users/Manny/opt/anaconda3/envs/TradeBot/lib/python3.10/site-packages/pandas/core/frame.py", line 4102, in __getitem__
    indexer = self.columns.get_loc(key)
  File "/Users/Manny/opt/anaconda3/envs/TradeBot/lib/python3.10/site-packages/pandas/core/indexes/range.py", line 417, in get_loc
    raise KeyError(key)
KeyError: 'symbol'
2025-06-09 09:36:31,948 - webhook_logger - INFO - Listening on wss://advanced-trade-ws-user.coinbase.com (listener.py:110)
2025-06-09 12:58:35,284 - webhook_logger - WARNING - ‚ö†Ô∏è No message ever received from market channel 'ticker_batch' (websocket_helper.py:246)
2025-06-09 12:58:35,284 - webhook_logger - WARNING - ‚ö†Ô∏è No message ever received from market channel 'heartbeats' (websocket_helper.py:246)
2025-06-09 12:58:35,304 - webhook_logger - INFO - ‚ö†Ô∏è‚ö†Ô∏è‚ö†Ô∏è  update_market_data took 0.00s    ‚ö†Ô∏è‚ö†Ô∏è‚ö†Ô∏è (listener.py:363)
2025-06-09 12:58:35,304 - webhook_logger - ERROR - ‚ùå refresh_market_data inner loop error: 'AttributeError' object does not support item assignment (listener.py:398)
Traceback (most recent call last):
  File "/Users/Manny/Python_Projects/BotTrader/webhook/listener.py", line 384, in refresh_market_data
    new_market_data["last_updated"] = datetime.utcnow()
TypeError: 'AttributeError' object does not support item assignment
2025-06-09 12:58:35,304 - webhook_logger - ERROR - üö® refresh_market_data loop exited unexpectedly! (listener.py:409)
NoneType: None
2025-06-09 12:58:35,307 - webhook_logger - INFO - üîÑ Starting sync_open_orders cycle‚Ä¶ (listener.py:774)
2025-06-09 12:58:35,316 - webhook_logger - WARNING - ‚ö†Ô∏è No message ever received from market channel 'ticker_batch' (websocket_helper.py:246)
2025-06-09 12:58:35,317 - webhook_logger - WARNING - ‚ö†Ô∏è No message ever received from market channel 'heartbeats' (websocket_helper.py:246)
2025-06-09 12:58:36,021 - webhook_logger - INFO - Connected to wss://advanced-trade-ws.coinbase.com (listener.py:98)
2025-06-09 12:58:36,089 - webhook_logger - INFO - Connected to wss://advanced-trade-ws-user.coinbase.com (listener.py:98)
2025-06-09 12:58:36,091 - webhook_logger - ERROR - User subscription error: 'symbol' (websocket_helper.py:388)
Traceback (most recent call last):
  File "/Users/Manny/Python_Projects/BotTrader/webhook/websocket_helper.py", line 372, in subscribe_user
    self.product_ids = market_data.get('usd_pairs_cache')['symbol'].str.replace('/', '-', regex=False).tolist()
  File "/Users/Manny/opt/anaconda3/envs/TradeBot/lib/python3.10/site-packages/pandas/core/frame.py", line 4102, in __getitem__
    indexer = self.columns.get_loc(key)
  File "/Users/Manny/opt/anaconda3/envs/TradeBot/lib/python3.10/site-packages/pandas/core/indexes/range.py", line 417, in get_loc
    raise KeyError(key)
KeyError: 'symbol'
2025-06-09 12:58:36,098 - webhook_logger - INFO - Listening on wss://advanced-trade-ws-user.coinbase.com (listener.py:110)
2025-06-09 12:58:36,102 - webhook_logger - INFO - Connected to wss://advanced-trade-ws-user.coinbase.com (listener.py:98)
2025-06-09 12:58:36,104 - webhook_logger - ERROR - User subscription error: 'symbol' (websocket_helper.py:388)
Traceback (most recent call last):
  File "/Users/Manny/Python_Projects/BotTrader/webhook/websocket_helper.py", line 372, in subscribe_user
    self.product_ids = market_data.get('usd_pairs_cache')['symbol'].str.replace('/', '-', regex=False).tolist()
  File "/Users/Manny/opt/anaconda3/envs/TradeBot/lib/python3.10/site-packages/pandas/core/frame.py", line 4102, in __getitem__
    indexer = self.columns.get_loc(key)
  File "/Users/Manny/opt/anaconda3/envs/TradeBot/lib/python3.10/site-packages/pandas/core/indexes/range.py", line 417, in get_loc
    raise KeyError(key)
KeyError: 'symbol'
2025-06-09 12:58:36,104 - webhook_logger - INFO - Listening on wss://advanced-trade-ws-user.coinbase.com (listener.py:110)
2025-06-09 12:58:36,109 - webhook_logger - INFO - Connected to wss://advanced-trade-ws.coinbase.com (listener.py:98)
2025-06-09 12:58:37,041 - webhook_logger - INFO - ‚ö° Subscribing to Market Channels... (listener.py:107)
2025-06-09 12:58:37,042 - webhook_logger - INFO - ÔøΩ Subscribing to Market Channels: ['ticker_batch', 'heartbeats'] (websocket_helper.py:320)
2025-06-09 12:58:37,042 - webhook_logger - WARNING - ‚ö†Ô∏è No valid product IDs found. Subscription aborted. (websocket_helper.py:323)
2025-06-09 12:58:37,042 - webhook_logger - INFO - Listening on wss://advanced-trade-ws.coinbase.com (listener.py:110)
2025-06-09 12:58:37,096 - webhook_logger - INFO - ‚úÖ sync_open_orders ‚Üí upserted 250 rows (0 open / 250 recent) (listener.py:901)
2025-06-09 12:58:37,110 - webhook_logger - INFO - ‚ö° Subscribing to Market Channels... (listener.py:107)
2025-06-09 12:58:37,110 - webhook_logger - INFO - ÔøΩ Subscribing to Market Channels: ['ticker_batch', 'heartbeats'] (websocket_helper.py:320)
2025-06-09 12:58:37,110 - webhook_logger - WARNING - ‚ö†Ô∏è No valid product IDs found. Subscription aborted. (websocket_helper.py:323)
2025-06-09 12:58:37,110 - webhook_logger - INFO - Listening on wss://advanced-trade-ws.coinbase.com (listener.py:110)
2025-06-09 12:59:05,309 - webhook_logger - WARNING - ‚ö†Ô∏è WebSocket connection task was cancelled. (listener.py:124)
2025-06-09 12:59:05,310 - webhook_logger - WARNING - ‚ö†Ô∏è WebSocket connection task was cancelled. (listener.py:124)
2025-06-09 12:59:05,315 - webhook_logger - WARNING - ‚ö†Ô∏è WebSocket connection task was cancelled. (listener.py:124)
2025-06-09 12:59:05,332 - webhook_logger - WARNING - ‚ö†Ô∏è WebSocket connection task was cancelled. (listener.py:124)
2025-06-09 12:59:11,023 - webhook_logger - WARNING - ‚ö†Ô∏è No message ever received from market channel 'ticker_batch' (websocket_helper.py:246)
2025-06-09 12:59:11,024 - webhook_logger - WARNING - ‚ö†Ô∏è No message ever received from market channel 'heartbeats' (websocket_helper.py:246)
2025-06-09 12:59:11,034 - webhook_logger - INFO - ‚ö†Ô∏è‚ö†Ô∏è‚ö†Ô∏è  update_market_data took 0.00s    ‚ö†Ô∏è‚ö†Ô∏è‚ö†Ô∏è (listener.py:363)
2025-06-09 13:33:06,907 - webhook_logger - WARNING - ‚ö†Ô∏è No message ever received from market channel 'ticker_batch' (websocket_helper.py:246)
2025-06-09 13:33:06,907 - webhook_logger - WARNING - ‚ö†Ô∏è No message ever received from market channel 'heartbeats' (websocket_helper.py:246)
2025-06-09 13:33:13,317 - webhook_logger - INFO - üîÑ Starting sync_open_orders cycle‚Ä¶ (listener.py:774)
2025-06-09 13:33:15,979 - webhook_logger - WARNING - ‚ö†Ô∏è No message ever received from market channel 'ticker_batch' (websocket_helper.py:246)
2025-06-09 13:33:15,979 - webhook_logger - WARNING - ‚ö†Ô∏è No message ever received from market channel 'heartbeats' (websocket_helper.py:246)
2025-06-09 13:33:16,669 - webhook_logger - INFO - Connected to wss://advanced-trade-ws-user.coinbase.com (listener.py:98)
2025-06-09 13:33:16,671 - webhook_logger - ERROR - User subscription error: 'symbol' (websocket_helper.py:388)
Traceback (most recent call last):
  File "/Users/Manny/Python_Projects/BotTrader/webhook/websocket_helper.py", line 372, in subscribe_user
    self.product_ids = market_data.get('usd_pairs_cache')['symbol'].str.replace('/', '-', regex=False).tolist()
  File "/Users/Manny/opt/anaconda3/envs/TradeBot/lib/python3.10/site-packages/pandas/core/frame.py", line 4102, in __getitem__
    indexer = self.columns.get_loc(key)
  File "/Users/Manny/opt/anaconda3/envs/TradeBot/lib/python3.10/site-packages/pandas/core/indexes/range.py", line 417, in get_loc
    raise KeyError(key)
KeyError: 'symbol'
2025-06-09 13:33:16,673 - webhook_logger - INFO - Listening on wss://advanced-trade-ws-user.coinbase.com (listener.py:110)
2025-06-09 13:33:16,690 - webhook_logger - INFO - Connected to wss://advanced-trade-ws-user.coinbase.com (listener.py:98)
2025-06-09 13:33:16,692 - webhook_logger - ERROR - User subscription error: 'symbol' (websocket_helper.py:388)
Traceback (most recent call last):
  File "/Users/Manny/Python_Projects/BotTrader/webhook/websocket_helper.py", line 372, in subscribe_user
    self.product_ids = market_data.get('usd_pairs_cache')['symbol'].str.replace('/', '-', regex=False).tolist()
  File "/Users/Manny/opt/anaconda3/envs/TradeBot/lib/python3.10/site-packages/pandas/core/frame.py", line 4102, in __getitem__
    indexer = self.columns.get_loc(key)
  File "/Users/Manny/opt/anaconda3/envs/TradeBot/lib/python3.10/site-packages/pandas/core/indexes/range.py", line 417, in get_loc
    raise KeyError(key)
KeyError: 'symbol'
2025-06-09 13:33:16,693 - webhook_logger - INFO - Listening on wss://advanced-trade-ws-user.coinbase.com (listener.py:110)
2025-06-09 13:33:16,697 - webhook_logger - INFO - Connected to wss://advanced-trade-ws.coinbase.com (listener.py:98)
2025-06-09 13:33:16,753 - webhook_logger - INFO - Connected to wss://advanced-trade-ws.coinbase.com (listener.py:98)
2025-06-09 13:33:16,779 - webhook_logger - INFO - ‚ö†Ô∏è‚ö†Ô∏è‚ö†Ô∏è  update_market_data took 9.86s    ‚ö†Ô∏è‚ö†Ô∏è‚ö†Ô∏è (listener.py:363)
2025-06-09 13:33:16,780 - webhook_logger - ERROR - ‚ùå ‚ö†Ô∏è‚ö†Ô∏è‚ö†Ô∏è      new_market_data is empty! Skipping update.     ‚ö†Ô∏è‚ö†Ô∏è‚ö†Ô∏è‚ö†Ô∏è ‚ùå (listener.py:367)
2025-06-09 13:33:16,780 - webhook_logger - ERROR - ‚ùå ‚ö†Ô∏è‚ö†Ô∏è‚ö†Ô∏è    new_order_management is empty! Skipping update. ‚ö†Ô∏è‚ö†Ô∏è‚ö†Ô∏è‚ö†Ô∏è ‚ùå (listener.py:370)
2025-06-09 13:33:21,511 - webhook_logger - INFO - ‚è± update_market_data (shared_data_manager) took 4.73s (listener.py:386)
2025-06-09 14:51:53,949 - webhook_logger - WARNING - ‚ö†Ô∏è No message ever received from market channel 'ticker_batch' (websocket_helper.py:246)
2025-06-09 14:51:53,950 - webhook_logger - WARNING - ‚ö†Ô∏è No message ever received from market channel 'heartbeats' (websocket_helper.py:246)
2025-06-09 14:51:53,962 - webhook_logger - INFO - üîÑ Starting sync_open_orders cycle‚Ä¶ (listener.py:774)
2025-06-09 14:51:54,396 - webhook_logger - WARNING - ‚ö†Ô∏è No message ever received from market channel 'ticker_batch' (websocket_helper.py:246)
2025-06-09 14:51:54,396 - webhook_logger - WARNING - ‚ö†Ô∏è No message ever received from market channel 'heartbeats' (websocket_helper.py:246)
2025-06-09 14:51:55,045 - webhook_logger - INFO - Connected to wss://advanced-trade-ws.coinbase.com (listener.py:98)
2025-06-09 14:51:55,191 - webhook_logger - INFO - Connected to wss://advanced-trade-ws-user.coinbase.com (listener.py:98)
2025-06-09 14:51:55,193 - webhook_logger - ERROR - User subscription error: 'symbol' (websocket_helper.py:388)
Traceback (most recent call last):
  File "/Users/Manny/Python_Projects/BotTrader/webhook/websocket_helper.py", line 372, in subscribe_user
    self.product_ids = market_data.get('usd_pairs_cache')['symbol'].str.replace('/', '-', regex=False).tolist()
  File "/Users/Manny/opt/anaconda3/envs/TradeBot/lib/python3.10/site-packages/pandas/core/frame.py", line 4102, in __getitem__
    indexer = self.columns.get_loc(key)
  File "/Users/Manny/opt/anaconda3/envs/TradeBot/lib/python3.10/site-packages/pandas/core/indexes/range.py", line 417, in get_loc
    raise KeyError(key)
KeyError: 'symbol'
2025-06-09 14:51:55,196 - webhook_logger - INFO - Listening on wss://advanced-trade-ws-user.coinbase.com (listener.py:110)
2025-06-09 14:51:55,198 - webhook_logger - INFO - Connected to wss://advanced-trade-ws.coinbase.com (listener.py:98)
2025-06-09 14:51:55,201 - webhook_logger - INFO - Connected to wss://advanced-trade-ws-user.coinbase.com (listener.py:98)
2025-06-09 14:51:55,202 - webhook_logger - ERROR - User subscription error: 'symbol' (websocket_helper.py:388)
Traceback (most recent call last):
  File "/Users/Manny/Python_Projects/BotTrader/webhook/websocket_helper.py", line 372, in subscribe_user
    self.product_ids = market_data.get('usd_pairs_cache')['symbol'].str.replace('/', '-', regex=False).tolist()
  File "/Users/Manny/opt/anaconda3/envs/TradeBot/lib/python3.10/site-packages/pandas/core/frame.py", line 4102, in __getitem__
    indexer = self.columns.get_loc(key)
  File "/Users/Manny/opt/anaconda3/envs/TradeBot/lib/python3.10/site-packages/pandas/core/indexes/range.py", line 417, in get_loc
    raise KeyError(key)
KeyError: 'symbol'
2025-06-09 14:51:55,203 - webhook_logger - INFO - Listening on wss://advanced-trade-ws-user.coinbase.com (listener.py:110)
2025-06-09 14:51:55,313 - webhook_logger - INFO - ‚úÖ sync_open_orders ‚Üí upserted 250 rows (0 open / 250 recent) (listener.py:901)
2025-06-09 14:51:56,243 - webhook_logger - INFO - ‚ö†Ô∏è‚ö†Ô∏è‚ö†Ô∏è  update_market_data took 2.28s    ‚ö†Ô∏è‚ö†Ô∏è‚ö†Ô∏è (listener.py:363)
2025-06-09 14:51:56,243 - webhook_logger - INFO - ‚è± update_market_data (shared_data_manager) took 0.00s (listener.py:386)
2025-06-09 14:51:56,243 - webhook_logger - INFO - ‚úÖ monitor_untracked_assets is <class 'method'> (websocket_helper.py:634)
2025-06-09 14:51:56,243 - webhook_logger - INFO - üß™ About to await monitor_untracked_assets (websocket_helper.py:635)
2025-06-09 14:51:56,244 - webhook_logger - INFO - üì± Starting monitor_untracked_assets (websocket_helper.py:656)
2025-06-09 14:51:56,246 - webhook_logger - INFO - ‚úÖ monitor_untracked_assets completed (websocket_helper.py:716)
2025-06-09 14:51:56,248 - webhook_logger - INFO - ‚ö° Subscribing to Market Channels... (listener.py:107)
2025-06-09 14:51:56,248 - webhook_logger - INFO - ÔøΩ Subscribing to Market Channels: ['ticker_batch', 'heartbeats'] (websocket_helper.py:320)
2025-06-09 14:51:56,248 - webhook_logger - WARNING - ‚ö†Ô∏è No valid product IDs found. Subscription aborted. (websocket_helper.py:323)
2025-06-09 14:51:56,248 - webhook_logger - INFO - Listening on wss://advanced-trade-ws.coinbase.com (listener.py:110)
2025-06-09 14:51:56,249 - webhook_logger - INFO - ‚ö° Subscribing to Market Channels... (listener.py:107)
2025-06-09 14:51:56,249 - webhook_logger - INFO - ÔøΩ Subscribing to Market Channels: ['ticker_batch', 'heartbeats'] (websocket_helper.py:320)
2025-06-09 14:51:56,249 - webhook_logger - WARNING - ‚ö†Ô∏è No valid product IDs found. Subscription aborted. (websocket_helper.py:323)
2025-06-09 14:51:56,249 - webhook_logger - INFO - Listening on wss://advanced-trade-ws.coinbase.com (listener.py:110)
2025-06-09 14:51:56,250 - webhook_logger - INFO - ‚úÖ monitor_untracked_assets completed (websocket_helper.py:645)
2025-06-09 14:51:56,251 - webhook_logger - INFO - ‚è± monitor_and_update_active_orders took 0.01s (listener.py:393)
2025-06-09 14:51:56,251 - webhook_logger - ERROR - üö® refresh_market_data loop exited unexpectedly! (listener.py:409)
NoneType: None
2025-06-09 14:52:29,245 - webhook_logger - INFO - ‚ö†Ô∏è‚ö†Ô∏è‚ö†Ô∏è  update_market_data took 5.28s    ‚ö†Ô∏è‚ö†Ô∏è‚ö†Ô∏è (listener.py:363)
2025-06-09 14:52:29,245 - webhook_logger - INFO - ‚è± update_market_data (shared_data_manager) took 0.00s (listener.py:386)
2025-06-09 14:52:29,245 - webhook_logger - INFO - ‚úÖ monitor_untracked_assets is <class 'method'> (websocket_helper.py:634)
2025-06-09 14:52:29,245 - webhook_logger - INFO - üß™ About to await monitor_untracked_assets (websocket_helper.py:635)
2025-06-09 14:52:29,247 - webhook_logger - INFO - üì± Starting monitor_untracked_assets (websocket_helper.py:656)
2025-06-09 14:52:29,249 - webhook_logger - INFO - ‚úÖ monitor_untracked_assets completed (websocket_helper.py:716)
2025-06-09 14:52:29,250 - webhook_logger - INFO - ‚úÖ monitor_untracked_assets completed (websocket_helper.py:645)
2025-06-09 14:52:29,250 - webhook_logger - INFO - ‚è± monitor_and_update_active_orders took 0.01s (listener.py:393)
2025-06-09 14:52:29,251 - webhook_logger - ERROR - üö® refresh_market_data loop exited unexpectedly! (listener.py:409)
NoneType: None
2025-06-09 14:52:53,951 - webhook_logger - WARNING - ‚ö†Ô∏è No message ever received from market channel 'ticker_batch' (websocket_helper.py:246)
2025-06-09 14:52:53,951 - webhook_logger - WARNING - ‚ö†Ô∏è No message ever received from market channel 'heartbeats' (websocket_helper.py:246)
2025-06-09 14:52:54,419 - webhook_logger - WARNING - ‚ö†Ô∏è No message ever received from market channel 'ticker_batch' (websocket_helper.py:246)
2025-06-09 14:52:54,420 - webhook_logger - WARNING - ‚ö†Ô∏è No message ever received from market channel 'heartbeats' (websocket_helper.py:246)
2025-06-09 14:52:58,754 - webhook_logger - INFO - ‚ö†Ô∏è‚ö†Ô∏è‚ö†Ô∏è  update_market_data took 4.79s    ‚ö†Ô∏è‚ö†Ô∏è‚ö†Ô∏è (listener.py:363)
2025-06-09 14:52:58,754 - webhook_logger - INFO - ‚è± update_market_data (shared_data_manager) took 0.00s (listener.py:386)
2025-06-09 14:52:58,754 - webhook_logger - INFO - ‚úÖ monitor_untracked_assets is <class 'method'> (websocket_helper.py:634)
2025-06-09 14:52:58,755 - webhook_logger - INFO - üß™ About to await monitor_untracked_assets (websocket_helper.py:635)
2025-06-09 14:52:58,756 - webhook_logger - INFO - üì± Starting monitor_untracked_assets (websocket_helper.py:656)
2025-06-09 14:52:58,758 - webhook_logger - INFO - ‚úÖ monitor_untracked_assets completed (websocket_helper.py:716)
2025-06-09 14:52:58,762 - webhook_logger - INFO - ‚úÖ monitor_untracked_assets completed (websocket_helper.py:645)
2025-06-09 14:52:58,762 - webhook_logger - INFO - ‚è± monitor_and_update_active_orders took 0.01s (listener.py:393)
2025-06-09 14:52:58,762 - webhook_logger - ERROR - üö® refresh_market_data loop exited unexpectedly! (listener.py:409)
NoneType: None
2025-06-09 14:53:29,233 - webhook_logger - INFO - ‚ö†Ô∏è‚ö†Ô∏è‚ö†Ô∏è  update_market_data took 5.27s    ‚ö†Ô∏è‚ö†Ô∏è‚ö†Ô∏è (listener.py:363)
2025-06-09 14:53:29,233 - webhook_logger - INFO - ‚è± update_market_data (shared_data_manager) took 0.00s (listener.py:386)
2025-06-09 14:53:29,234 - webhook_logger - INFO - ‚úÖ monitor_untracked_assets is <class 'method'> (websocket_helper.py:634)
2025-06-09 14:53:29,234 - webhook_logger - INFO - üß™ About to await monitor_untracked_assets (websocket_helper.py:635)
2025-06-09 14:53:29,235 - webhook_logger - INFO - üì± Starting monitor_untracked_assets (websocket_helper.py:656)
2025-06-09 14:53:29,237 - webhook_logger - INFO - ‚úÖ monitor_untracked_assets completed (websocket_helper.py:716)
2025-06-09 14:53:29,238 - webhook_logger - INFO - ‚úÖ monitor_untracked_assets completed (websocket_helper.py:645)
2025-06-09 14:53:29,238 - webhook_logger - INFO - ‚è± monitor_and_update_active_orders took 0.00s (listener.py:393)
2025-06-09 14:53:29,238 - webhook_logger - ERROR - üö® refresh_market_data loop exited unexpectedly! (listener.py:409)
NoneType: None
2025-06-09 14:53:53,952 - webhook_logger - WARNING - ‚ö†Ô∏è No message ever received from market channel 'ticker_batch' (websocket_helper.py:246)
2025-06-09 14:53:53,952 - webhook_logger - WARNING - ‚ö†Ô∏è No message ever received from market channel 'heartbeats' (websocket_helper.py:246)
2025-06-09 14:53:54,424 - webhook_logger - WARNING - ‚ö†Ô∏è No message ever received from market channel 'ticker_batch' (websocket_helper.py:246)
2025-06-09 14:53:54,424 - webhook_logger - WARNING - ‚ö†Ô∏è No message ever received from market channel 'heartbeats' (websocket_helper.py:246)
2025-06-09 14:53:59,866 - webhook_logger - INFO - ‚ö†Ô∏è‚ö†Ô∏è‚ö†Ô∏è  update_market_data took 5.90s    ‚ö†Ô∏è‚ö†Ô∏è‚ö†Ô∏è (listener.py:363)
2025-06-09 14:53:59,866 - webhook_logger - INFO - ‚è± update_market_data (shared_data_manager) took 0.00s (listener.py:386)
2025-06-09 14:53:59,866 - webhook_logger - INFO - ‚úÖ monitor_untracked_assets is <class 'method'> (websocket_helper.py:634)
2025-06-09 14:53:59,866 - webhook_logger - INFO - üß™ About to await monitor_untracked_assets (websocket_helper.py:635)
2025-06-09 14:53:59,868 - webhook_logger - INFO - üì± Starting monitor_untracked_assets (websocket_helper.py:656)
2025-06-09 14:53:59,870 - webhook_logger - INFO - ‚úÖ monitor_untracked_assets completed (websocket_helper.py:716)
2025-06-09 14:53:59,876 - webhook_logger - INFO - ‚úÖ monitor_untracked_assets completed (websocket_helper.py:645)
2025-06-09 14:53:59,877 - webhook_logger - INFO - ‚è± monitor_and_update_active_orders took 0.01s (listener.py:393)
2025-06-09 14:53:59,877 - webhook_logger - ERROR - üö® refresh_market_data loop exited unexpectedly! (listener.py:409)
NoneType: None
2025-06-09 14:54:29,447 - webhook_logger - INFO - ‚ö†Ô∏è‚ö†Ô∏è‚ö†Ô∏è  update_market_data took 5.48s    ‚ö†Ô∏è‚ö†Ô∏è‚ö†Ô∏è (listener.py:363)
2025-06-09 14:54:29,448 - webhook_logger - INFO - ‚è± update_market_data (shared_data_manager) took 0.00s (listener.py:386)
2025-06-09 14:54:29,448 - webhook_logger - INFO - ‚úÖ monitor_untracked_assets is <class 'method'> (websocket_helper.py:634)
2025-06-09 14:54:29,448 - webhook_logger - INFO - üß™ About to await monitor_untracked_assets (websocket_helper.py:635)
2025-06-09 14:54:29,450 - webhook_logger - INFO - üì± Starting monitor_untracked_assets (websocket_helper.py:656)
2025-06-09 14:54:29,451 - webhook_logger - INFO - ‚úÖ monitor_untracked_assets completed (websocket_helper.py:716)
2025-06-09 14:54:29,452 - webhook_logger - INFO - ‚úÖ monitor_untracked_assets completed (websocket_helper.py:645)
2025-06-09 14:54:29,452 - webhook_logger - INFO - ‚è± monitor_and_update_active_orders took 0.00s (listener.py:393)
2025-06-09 14:54:29,452 - webhook_logger - ERROR - üö® refresh_market_data loop exited unexpectedly! (listener.py:409)
NoneType: None
2025-06-09 14:54:33,237 - webhook_logger - WARNING - ‚ö†Ô∏è WebSocket connection task was cancelled. (listener.py:124)
2025-06-09 14:54:33,239 - webhook_logger - WARNING - ‚ö†Ô∏è WebSocket connection task was cancelled. (listener.py:124)
2025-06-09 14:54:33,242 - webhook_logger - WARNING - ‚ö†Ô∏è WebSocket connection task was cancelled. (listener.py:124)
2025-06-09 14:54:33,254 - webhook_logger - WARNING - ‚ö†Ô∏è WebSocket connection task was cancelled. (listener.py:124)
2025-06-09 14:54:43,271 - webhook_logger - WARNING - ‚ö†Ô∏è No message ever received from market channel 'ticker_batch' (websocket_helper.py:246)
2025-06-09 14:54:43,272 - webhook_logger - WARNING - ‚ö†Ô∏è No message ever received from market channel 'heartbeats' (websocket_helper.py:246)
2025-06-09 14:54:43,282 - webhook_logger - INFO - üîÑ Starting sync_open_orders cycle‚Ä¶ (listener.py:774)
2025-06-09 14:54:43,667 - webhook_logger - WARNING - ‚ö†Ô∏è No message ever received from market channel 'ticker_batch' (websocket_helper.py:246)
2025-06-09 14:54:43,667 - webhook_logger - WARNING - ‚ö†Ô∏è No message ever received from market channel 'heartbeats' (websocket_helper.py:246)
2025-06-09 14:54:44,301 - webhook_logger - INFO - Connected to wss://advanced-trade-ws-user.coinbase.com (listener.py:98)
2025-06-09 14:54:44,315 - webhook_logger - INFO - Listening on wss://advanced-trade-ws-user.coinbase.com (listener.py:110)
2025-06-09 14:54:44,367 - webhook_logger - INFO - Connected to wss://advanced-trade-ws.coinbase.com (listener.py:98)
2025-06-09 14:54:44,370 - webhook_logger - INFO - Connected to wss://advanced-trade-ws.coinbase.com (listener.py:98)
2025-06-09 14:54:44,402 - webhook_logger - INFO - Connected to wss://advanced-trade-ws-user.coinbase.com (listener.py:98)
2025-06-09 14:54:44,402 - webhook_logger - INFO - Already subscribed to all requested user channels. Skipping subscription. (websocket_helper.py:358)
2025-06-09 14:54:44,403 - webhook_logger - INFO - Listening on wss://advanced-trade-ws-user.coinbase.com (listener.py:110)
2025-06-09 14:54:44,483 - webhook_logger - INFO - ‚úÖ First message received from user channel: subscriptions (websocket_helper.py:219)
2025-06-09 14:54:44,483 - webhook_logger - INFO - ‚úÖ First message received from user channel: user (websocket_helper.py:219)
2025-06-09 14:54:44,483 - webhook_logger - INFO - üì∏ Received snapshot with open orders (websocket_market_manager.py:137)
2025-06-09 14:54:44,659 - webhook_logger - INFO - ‚úÖ First message received from user channel: heartbeats (websocket_helper.py:219)
2025-06-09 14:54:48,079 - webhook_logger - INFO - ‚ö†Ô∏è‚ö†Ô∏è‚ö†Ô∏è  update_market_data took 4.80s    ‚ö†Ô∏è‚ö†Ô∏è‚ö†Ô∏è (listener.py:363)
2025-06-09 14:54:48,080 - webhook_logger - INFO - ‚è± update_market_data (shared_data_manager) took 0.00s (listener.py:386)
2025-06-09 14:54:48,080 - webhook_logger - INFO - ‚úÖ monitor_untracked_assets is <class 'method'> (websocket_helper.py:634)
2025-06-09 14:54:48,080 - webhook_logger - INFO - üß™ About to await monitor_untracked_assets (websocket_helper.py:635)
2025-06-09 14:54:48,086 - webhook_logger - INFO - üì± Starting monitor_untracked_assets (websocket_helper.py:656)
2025-06-09 14:54:48,088 - webhook_logger - INFO - ‚úÖ monitor_untracked_assets completed (websocket_helper.py:716)
2025-06-09 14:54:48,091 - webhook_logger - INFO - ‚ö° Subscribing to Market Channels... (listener.py:107)
2025-06-09 14:54:48,091 - webhook_logger - INFO - ÔøΩ Subscribing to Market Channels: ['ticker_batch', 'heartbeats'] (websocket_helper.py:320)
2025-06-09 14:54:48,092 - webhook_logger - INFO - Listening on wss://advanced-trade-ws.coinbase.com (listener.py:110)
2025-06-09 14:54:48,093 - webhook_logger - INFO - ‚ö° Subscribing to Market Channels... (listener.py:107)
2025-06-09 14:54:48,093 - webhook_logger - INFO - ÔøΩ Subscribing to Market Channels: ['ticker_batch', 'heartbeats'] (websocket_helper.py:320)
2025-06-09 14:54:48,094 - webhook_logger - INFO - Listening on wss://advanced-trade-ws.coinbase.com (listener.py:110)
2025-06-09 14:54:48,096 - webhook_logger - INFO - ‚úÖ monitor_untracked_assets completed (websocket_helper.py:645)
2025-06-09 14:54:48,096 - webhook_logger - INFO - ‚è± monitor_and_update_active_orders took 0.02s (listener.py:393)
2025-06-09 14:54:48,096 - webhook_logger - ERROR - üö® refresh_market_data loop exited unexpectedly! (listener.py:409)
NoneType: None
2025-06-09 14:54:48,139 - webhook_logger - INFO - ‚úÖ sync_open_orders ‚Üí upserted 250 rows (0 open / 250 recent) (listener.py:901)
2025-06-09 14:54:48,248 - webhook_logger - INFO - ‚úÖ First message received from market channel: ticker_batch (websocket_helper.py:276)
2025-06-09 14:54:48,499 - webhook_logger - ERROR - Error in build_order_data for  BTC market_making: conversion from NoneType to Decimal is not supported (webhook_order_manager.py:337)
Traceback (most recent call last):
  File "/Users/Manny/Python_Projects/BotTrader/webhook/webhook_order_manager.py", line 240, in build_order_data
    spread = Decimal(self.bid_ask_spread.get(trading_pair,{}).get('spread'))
TypeError: conversion from NoneType to Decimal is not supported
2025-06-09 14:54:48,673 - webhook_logger - INFO - üíô Confirmed Market Subscriptions: {'channel': 'subscriptions', 'client_id': '', 'timestamp': '2025-06-09T22:54:48.317312673Z', 'sequence_num': 1, 'events': [{'subscriptions': {'ticker_batch': ['BTC-USD']}}]} (websocket_helper.py:304)
2025-06-09 14:54:48,673 - webhook_logger - INFO - üíô Confirmed Market Subscriptions: {'channel': 'subscriptions', 'client_id': '', 'timestamp': '2025-06-09T22:54:48.317350202Z', 'sequence_num': 2, 'events': [{'subscriptions': {'heartbeats': ['heartbeats'], 'ticker_batch': ['BTC-USD']}}]} (websocket_helper.py:304)
2025-06-09 14:54:48,673 - webhook_logger - INFO - üíô Confirmed Market Subscriptions: {'channel': 'subscriptions', 'client_id': '', 'timestamp': '2025-06-09T22:54:48.318283766Z', 'sequence_num': 3, 'events': [{'subscriptions': {'heartbeats': ['heartbeats'], 'ticker_batch': ['BTC-USD']}}]} (websocket_helper.py:304)
2025-06-09 14:54:48,674 - webhook_logger - INFO - üíô Confirmed Market Subscriptions: {'channel': 'subscriptions', 'client_id': '', 'timestamp': '2025-06-09T22:54:48.318414589Z', 'sequence_num': 4, 'events': [{'subscriptions': {'heartbeats': ['heartbeats'], 'ticker_batch': ['BTC-USD']}}]} (websocket_helper.py:304)
2025-06-09 14:54:49,934 - webhook_logger - ERROR - Error in build_order_data for  BTC market_making: conversion from NoneType to Decimal is not supported (webhook_order_manager.py:337)
Traceback (most recent call last):
  File "/Users/Manny/Python_Projects/BotTrader/webhook/webhook_order_manager.py", line 240, in build_order_data
    spread = Decimal(self.bid_ask_spread.get(trading_pair,{}).get('spread'))
TypeError: conversion from NoneType to Decimal is not supported
2025-06-09 14:54:55,270 - webhook_logger - ERROR - Error in build_order_data for  BTC market_making: conversion from NoneType to Decimal is not supported (webhook_order_manager.py:337)
Traceback (most recent call last):
  File "/Users/Manny/Python_Projects/BotTrader/webhook/webhook_order_manager.py", line 240, in build_order_data
    spread = Decimal(self.bid_ask_spread.get(trading_pair,{}).get('spread'))
TypeError: conversion from NoneType to Decimal is not supported
2025-06-09 14:55:00,775 - webhook_logger - ERROR - Error in build_order_data for  BTC market_making: conversion from NoneType to Decimal is not supported (webhook_order_manager.py:337)
Traceback (most recent call last):
  File "/Users/Manny/Python_Projects/BotTrader/webhook/webhook_order_manager.py", line 240, in build_order_data
    spread = Decimal(self.bid_ask_spread.get(trading_pair,{}).get('spread'))
TypeError: conversion from NoneType to Decimal is not supported
2025-06-09 14:55:05,688 - webhook_logger - ERROR - Error in build_order_data for  BTC market_making: conversion from NoneType to Decimal is not supported (webhook_order_manager.py:337)
Traceback (most recent call last):
  File "/Users/Manny/Python_Projects/BotTrader/webhook/webhook_order_manager.py", line 240, in build_order_data
    spread = Decimal(self.bid_ask_spread.get(trading_pair,{}).get('spread'))
TypeError: conversion from NoneType to Decimal is not supported
2025-06-09 14:55:10,681 - webhook_logger - ERROR - Error in build_order_data for  BTC market_making: conversion from NoneType to Decimal is not supported (webhook_order_manager.py:337)
Traceback (most recent call last):
  File "/Users/Manny/Python_Projects/BotTrader/webhook/webhook_order_manager.py", line 240, in build_order_data
    spread = Decimal(self.bid_ask_spread.get(trading_pair,{}).get('spread'))
TypeError: conversion from NoneType to Decimal is not supported
2025-06-09 14:55:12,962 - webhook_logger - WARNING - ‚ö†Ô∏è WebSocket connection task was cancelled. (listener.py:124)
2025-06-09 14:55:51,873 - webhook_logger - WARNING - ‚ö†Ô∏è No message ever received from market channel 'ticker_batch' (websocket_helper.py:246)
2025-06-09 14:55:51,873 - webhook_logger - WARNING - ‚ö†Ô∏è No message ever received from market channel 'heartbeats' (websocket_helper.py:246)
2025-06-09 14:55:51,887 - webhook_logger - INFO - üîÑ Starting sync_open_orders cycle‚Ä¶ (listener.py:774)
2025-06-09 14:55:52,391 - webhook_logger - WARNING - ‚ö†Ô∏è No message ever received from market channel 'ticker_batch' (websocket_helper.py:246)
2025-06-09 14:55:52,391 - webhook_logger - WARNING - ‚ö†Ô∏è No message ever received from market channel 'heartbeats' (websocket_helper.py:246)
2025-06-09 14:55:52,929 - webhook_logger - INFO - Connected to wss://advanced-trade-ws.coinbase.com (listener.py:98)
2025-06-09 14:55:52,946 - webhook_logger - INFO - Connected to wss://advanced-trade-ws-user.coinbase.com (listener.py:98)
2025-06-09 14:55:52,961 - webhook_logger - INFO - Listening on wss://advanced-trade-ws-user.coinbase.com (listener.py:110)
2025-06-09 14:55:53,014 - webhook_logger - INFO - Connected to wss://advanced-trade-ws-user.coinbase.com (listener.py:98)
2025-06-09 14:55:53,014 - webhook_logger - INFO - Already subscribed to all requested user channels. Skipping subscription. (websocket_helper.py:358)
2025-06-09 14:55:53,014 - webhook_logger - INFO - Listening on wss://advanced-trade-ws-user.coinbase.com (listener.py:110)
2025-06-09 14:55:53,034 - webhook_logger - INFO - Connected to wss://advanced-trade-ws.coinbase.com (listener.py:98)
2025-06-09 14:55:53,121 - webhook_logger - INFO - ‚úÖ First message received from user channel: user (websocket_helper.py:219)
2025-06-09 14:55:53,121 - webhook_logger - INFO - üì∏ Received snapshot with open orders (websocket_market_manager.py:137)
2025-06-09 14:55:53,122 - webhook_logger - INFO - ‚úÖ First message received from user channel: subscriptions (websocket_helper.py:219)
2025-06-09 14:55:53,469 - webhook_logger - INFO - ‚úÖ sync_open_orders ‚Üí upserted 250 rows (0 open / 250 recent) (listener.py:901)
2025-06-09 14:55:53,660 - webhook_logger - INFO - ‚úÖ First message received from user channel: heartbeats (websocket_helper.py:219)
2025-06-09 14:55:53,931 - webhook_logger - INFO - ‚ö° Subscribing to Market Channels... (listener.py:107)
2025-06-09 14:55:53,931 - webhook_logger - INFO - ÔøΩ Subscribing to Market Channels: ['ticker_batch', 'heartbeats'] (websocket_helper.py:320)
2025-06-09 14:55:53,932 - webhook_logger - INFO - Listening on wss://advanced-trade-ws.coinbase.com (listener.py:110)
2025-06-09 14:55:56,968 - webhook_logger - INFO - ‚ö†Ô∏è‚ö†Ô∏è‚ö†Ô∏è  update_market_data took 5.08s    ‚ö†Ô∏è‚ö†Ô∏è‚ö†Ô∏è (listener.py:363)
2025-06-09 14:55:56,969 - webhook_logger - INFO - ‚è± update_market_data (shared_data_manager) took 0.00s (listener.py:386)
2025-06-09 14:55:56,969 - webhook_logger - INFO - ‚úÖ monitor_untracked_assets is <class 'method'> (websocket_helper.py:634)
2025-06-09 14:55:56,969 - webhook_logger - INFO - üß™ About to await monitor_untracked_assets (websocket_helper.py:635)
2025-06-09 14:55:56,971 - webhook_logger - INFO - üì± Starting monitor_untracked_assets (websocket_helper.py:656)
2025-06-09 14:55:56,973 - webhook_logger - INFO - ‚úÖ monitor_untracked_assets completed (websocket_helper.py:716)
2025-06-09 14:55:56,976 - webhook_logger - INFO - ‚ö° Subscribing to Market Channels... (listener.py:107)
2025-06-09 14:55:56,977 - webhook_logger - INFO - ÔøΩ Subscribing to Market Channels: ['ticker_batch', 'heartbeats'] (websocket_helper.py:320)
2025-06-09 14:55:56,978 - webhook_logger - INFO - Listening on wss://advanced-trade-ws.coinbase.com (listener.py:110)
2025-06-09 14:55:56,978 - webhook_logger - INFO - ‚úÖ First message received from market channel: ticker_batch (websocket_helper.py:276)
2025-06-09 14:55:56,985 - webhook_logger - INFO - ‚úÖ monitor_untracked_assets completed (websocket_helper.py:645)
2025-06-09 14:55:56,985 - webhook_logger - INFO - ‚è± monitor_and_update_active_orders took 0.02s (listener.py:393)
2025-06-09 14:55:56,985 - webhook_logger - ERROR - üö® refresh_market_data loop exited unexpectedly! (listener.py:409)
NoneType: None
2025-06-09 14:55:57,216 - webhook_logger - ERROR - Error in build_order_data for  BTC market_making: conversion from NoneType to Decimal is not supported (webhook_order_manager.py:337)
Traceback (most recent call last):
  File "/Users/Manny/Python_Projects/BotTrader/webhook/webhook_order_manager.py", line 240, in build_order_data
    spread = Decimal(self.bid_ask_spread.get(trading_pair,{}).get('spread'))
TypeError: conversion from NoneType to Decimal is not supported
2025-06-09 14:55:57,606 - webhook_logger - INFO - üíô Confirmed Market Subscriptions: {'channel': 'subscriptions', 'client_id': '', 'timestamp': '2025-06-09T22:55:54.15295361Z', 'sequence_num': 1, 'events': [{'subscriptions': {'ticker_batch': ['BTC-USD']}}]} (websocket_helper.py:304)
2025-06-09 14:55:57,606 - webhook_logger - INFO - üíô Confirmed Market Subscriptions: {'channel': 'subscriptions', 'client_id': '', 'timestamp': '2025-06-09T22:55:54.152985395Z', 'sequence_num': 2, 'events': [{'subscriptions': {'heartbeats': ['heartbeats'], 'ticker_batch': ['BTC-USD']}}]} (websocket_helper.py:304)
2025-06-09 14:55:57,610 - webhook_logger - INFO - üíô Confirmed Market Subscriptions: {'channel': 'subscriptions', 'client_id': '', 'timestamp': '2025-06-09T22:55:57.197735711Z', 'sequence_num': 7, 'events': [{'subscriptions': {'heartbeats': ['heartbeats'], 'ticker_batch': ['BTC-USD']}}]} (websocket_helper.py:304)
2025-06-09 14:55:57,611 - webhook_logger - INFO - üíô Confirmed Market Subscriptions: {'channel': 'subscriptions', 'client_id': '', 'timestamp': '2025-06-09T22:55:57.197790152Z', 'sequence_num': 8, 'events': [{'subscriptions': {'heartbeats': ['heartbeats'], 'ticker_batch': ['BTC-USD']}}]} (websocket_helper.py:304)
2025-06-09 14:55:57,835 - webhook_logger - ERROR - Error in build_order_data for  BTC market_making: conversion from NoneType to Decimal is not supported (webhook_order_manager.py:337)
Traceback (most recent call last):
  File "/Users/Manny/Python_Projects/BotTrader/webhook/webhook_order_manager.py", line 240, in build_order_data
    spread = Decimal(self.bid_ask_spread.get(trading_pair,{}).get('spread'))
TypeError: conversion from NoneType to Decimal is not supported
2025-06-09 14:56:01,663 - webhook_logger - ERROR - Error in build_order_data for  BTC market_making: conversion from NoneType to Decimal is not supported (webhook_order_manager.py:337)
Traceback (most recent call last):
  File "/Users/Manny/Python_Projects/BotTrader/webhook/webhook_order_manager.py", line 240, in build_order_data
    spread = Decimal(self.bid_ask_spread.get(trading_pair,{}).get('spread'))
TypeError: conversion from NoneType to Decimal is not supported
2025-06-09 14:56:06,937 - webhook_logger - ERROR - Error in build_order_data for  BTC market_making: conversion from NoneType to Decimal is not supported (webhook_order_manager.py:337)
Traceback (most recent call last):
  File "/Users/Manny/Python_Projects/BotTrader/webhook/webhook_order_manager.py", line 240, in build_order_data
    spread = Decimal(self.bid_ask_spread.get(trading_pair,{}).get('spread'))
TypeError: conversion from NoneType to Decimal is not supported
2025-06-09 14:56:07,384 - webhook_logger - WARNING - ‚ö†Ô∏è WebSocket connection task was cancelled. (listener.py:124)
2025-06-09 14:56:07,384 - webhook_logger - WARNING - ‚ö†Ô∏è WebSocket connection task was cancelled. (listener.py:124)
2025-06-09 14:56:07,387 - webhook_logger - WARNING - ‚ö†Ô∏è WebSocket connection task was cancelled. (listener.py:124)
2025-06-09 14:56:07,394 - webhook_logger - WARNING - ‚ö†Ô∏è WebSocket connection task was cancelled. (listener.py:124)
2025-06-09 15:00:54,794 - webhook_logger - WARNING - ‚ö†Ô∏è No message ever received from market channel 'ticker_batch' (websocket_helper.py:246)
2025-06-09 15:00:54,794 - webhook_logger - WARNING - ‚ö†Ô∏è No message ever received from market channel 'heartbeats' (websocket_helper.py:246)
2025-06-09 15:00:54,806 - webhook_logger - INFO - üîÑ Starting sync_open_orders cycle‚Ä¶ (listener.py:774)
2025-06-09 15:00:55,205 - webhook_logger - WARNING - ‚ö†Ô∏è No message ever received from market channel 'ticker_batch' (websocket_helper.py:246)
2025-06-09 15:00:55,206 - webhook_logger - WARNING - ‚ö†Ô∏è No message ever received from market channel 'heartbeats' (websocket_helper.py:246)
2025-06-09 15:00:55,754 - webhook_logger - INFO - ‚úÖ sync_open_orders ‚Üí upserted 250 rows (0 open / 250 recent) (listener.py:901)
2025-06-09 15:00:55,836 - webhook_logger - INFO - Connected to wss://advanced-trade-ws.coinbase.com (listener.py:98)
2025-06-09 15:00:55,900 - webhook_logger - INFO - Connected to wss://advanced-trade-ws-user.coinbase.com (listener.py:98)
2025-06-09 15:00:55,913 - webhook_logger - INFO - Listening on wss://advanced-trade-ws-user.coinbase.com (listener.py:110)
2025-06-09 15:00:56,044 - webhook_logger - INFO - Connected to wss://advanced-trade-ws.coinbase.com (listener.py:98)
2025-06-09 15:00:56,053 - webhook_logger - INFO - Connected to wss://advanced-trade-ws-user.coinbase.com (listener.py:98)
2025-06-09 15:00:56,053 - webhook_logger - INFO - Already subscribed to all requested user channels. Skipping subscription. (websocket_helper.py:358)
2025-06-09 15:00:56,053 - webhook_logger - INFO - Listening on wss://advanced-trade-ws-user.coinbase.com (listener.py:110)
2025-06-09 15:00:56,076 - webhook_logger - INFO - ‚úÖ First message received from user channel: subscriptions (websocket_helper.py:219)
2025-06-09 15:00:56,077 - webhook_logger - INFO - ‚úÖ First message received from user channel: user (websocket_helper.py:219)
2025-06-09 15:00:56,077 - webhook_logger - INFO - üì∏ Received snapshot with open orders (websocket_market_manager.py:137)
2025-06-09 15:00:56,701 - webhook_logger - INFO - ‚úÖ First message received from user channel: heartbeats (websocket_helper.py:219)
2025-06-09 15:00:56,838 - webhook_logger - INFO - ‚ö° Subscribing to Market Channels... (listener.py:107)
2025-06-09 15:00:56,838 - webhook_logger - INFO - ÔøΩ Subscribing to Market Channels: ['ticker_batch', 'heartbeats'] (websocket_helper.py:320)
2025-06-09 15:00:56,839 - webhook_logger - INFO - Listening on wss://advanced-trade-ws.coinbase.com (listener.py:110)
2025-06-09 15:00:56,965 - webhook_logger - INFO - ‚ö†Ô∏è‚ö†Ô∏è‚ö†Ô∏è  update_market_data took 2.16s    ‚ö†Ô∏è‚ö†Ô∏è‚ö†Ô∏è (listener.py:363)
2025-06-09 15:00:56,965 - webhook_logger - ERROR - ‚ùå ‚ö†Ô∏è‚ö†Ô∏è‚ö†Ô∏è      new_market_data is empty! Skipping update.     ‚ö†Ô∏è‚ö†Ô∏è‚ö†Ô∏è‚ö†Ô∏è ‚ùå (listener.py:367)
2025-06-09 15:00:56,965 - webhook_logger - ERROR - ‚ùå ‚ö†Ô∏è‚ö†Ô∏è‚ö†Ô∏è    new_order_management is empty! Skipping update. ‚ö†Ô∏è‚ö†Ô∏è‚ö†Ô∏è‚ö†Ô∏è ‚ùå (listener.py:370)
2025-06-09 15:00:56,966 - webhook_logger - INFO - ‚è± update_market_data (shared_data_manager) took 0.00s (listener.py:386)
2025-06-09 15:00:56,966 - webhook_logger - ERROR - Error in monitor_and_update_active_orders: 'USD' (websocket_helper.py:648)
Traceback (most recent call last):
  File "/Users/Manny/Python_Projects/BotTrader/webhook/websocket_helper.py", line 493, in monitor_and_update_active_orders
    usd_avail = order_management_snapshot.get('non_zero_balances', {})['USD']['available_to_trade_crypto']
KeyError: 'USD'
2025-06-09 15:00:56,966 - webhook_logger - INFO - ‚è± monitor_and_update_active_orders took 0.00s (listener.py:393)
2025-06-09 15:00:56,966 - webhook_logger - ERROR - üö® refresh_market_data loop exited unexpectedly! (listener.py:409)
NoneType: None
2025-06-09 15:00:57,046 - webhook_logger - INFO - ‚ö° Subscribing to Market Channels... (listener.py:107)
2025-06-09 15:00:57,046 - webhook_logger - INFO - ÔøΩ Subscribing to Market Channels: ['ticker_batch', 'heartbeats'] (websocket_helper.py:320)
2025-06-09 15:00:57,047 - webhook_logger - INFO - Listening on wss://advanced-trade-ws.coinbase.com (listener.py:110)
2025-06-09 15:00:57,047 - webhook_logger - INFO - ‚úÖ First message received from market channel: ticker_batch (websocket_helper.py:276)
2025-06-09 15:00:57,052 - webhook_logger - ERROR - Error in build_order_data for  BTC market_making: 'NoneType' object has no attribute 'get' (webhook_order_manager.py:337)
Traceback (most recent call last):
  File "/Users/Manny/Python_Projects/BotTrader/webhook/webhook_order_manager.py", line 159, in build_order_data
    cost_basis = self.spot_position.get(asset, {}).get('cost_basis', {}).get('value', 0)
AttributeError: 'NoneType' object has no attribute 'get'
2025-06-09 15:00:57,432 - webhook_logger - INFO - üíô Confirmed Market Subscriptions: {'channel': 'subscriptions', 'client_id': '', 'timestamp': '2025-06-09T23:00:57.027005419Z', 'sequence_num': 1, 'events': [{'subscriptions': {'ticker_batch': ['BTC-USD']}}]} (websocket_helper.py:304)
2025-06-09 15:00:57,432 - webhook_logger - INFO - üíô Confirmed Market Subscriptions: {'channel': 'subscriptions', 'client_id': '', 'timestamp': '2025-06-09T23:00:57.027061163Z', 'sequence_num': 2, 'events': [{'subscriptions': {'heartbeats': ['heartbeats'], 'ticker_batch': ['BTC-USD']}}]} (websocket_helper.py:304)
2025-06-09 15:00:57,432 - webhook_logger - INFO - üíô Confirmed Market Subscriptions: {'channel': 'subscriptions', 'client_id': '', 'timestamp': '2025-06-09T23:00:57.235066578Z', 'sequence_num': 3, 'events': [{'subscriptions': {'heartbeats': ['heartbeats'], 'ticker_batch': ['BTC-USD']}}]} (websocket_helper.py:304)
2025-06-09 15:00:57,432 - webhook_logger - INFO - üíô Confirmed Market Subscriptions: {'channel': 'subscriptions', 'client_id': '', 'timestamp': '2025-06-09T23:00:57.235297689Z', 'sequence_num': 4, 'events': [{'subscriptions': {'heartbeats': ['heartbeats'], 'ticker_batch': ['BTC-USD']}}]} (websocket_helper.py:304)
2025-06-09 15:01:00,200 - webhook_logger - ERROR - Error in build_order_data for  BTC market_making: 'NoneType' object has no attribute 'get' (webhook_order_manager.py:337)
Traceback (most recent call last):
  File "/Users/Manny/Python_Projects/BotTrader/webhook/webhook_order_manager.py", line 159, in build_order_data
    cost_basis = self.spot_position.get(asset, {}).get('cost_basis', {}).get('value', 0)
AttributeError: 'NoneType' object has no attribute 'get'
2025-06-09 15:01:05,204 - webhook_logger - ERROR - Error in build_order_data for  BTC market_making: 'NoneType' object has no attribute 'get' (webhook_order_manager.py:337)
Traceback (most recent call last):
  File "/Users/Manny/Python_Projects/BotTrader/webhook/webhook_order_manager.py", line 159, in build_order_data
    cost_basis = self.spot_position.get(asset, {}).get('cost_basis', {}).get('value', 0)
AttributeError: 'NoneType' object has no attribute 'get'
2025-06-09 15:01:10,413 - webhook_logger - ERROR - Error in build_order_data for  BTC market_making: 'NoneType' object has no attribute 'get' (webhook_order_manager.py:337)
Traceback (most recent call last):
  File "/Users/Manny/Python_Projects/BotTrader/webhook/webhook_order_manager.py", line 159, in build_order_data
    cost_basis = self.spot_position.get(asset, {}).get('cost_basis', {}).get('value', 0)
AttributeError: 'NoneType' object has no attribute 'get'
2025-06-09 15:01:15,488 - webhook_logger - ERROR - Error in build_order_data for  BTC market_making: 'NoneType' object has no attribute 'get' (webhook_order_manager.py:337)
Traceback (most recent call last):
  File "/Users/Manny/Python_Projects/BotTrader/webhook/webhook_order_manager.py", line 159, in build_order_data
    cost_basis = self.spot_position.get(asset, {}).get('cost_basis', {}).get('value', 0)
AttributeError: 'NoneType' object has no attribute 'get'
2025-06-09 15:01:20,503 - webhook_logger - ERROR - Error in build_order_data for  BTC market_making: 'NoneType' object has no attribute 'get' (webhook_order_manager.py:337)
Traceback (most recent call last):
  File "/Users/Manny/Python_Projects/BotTrader/webhook/webhook_order_manager.py", line 159, in build_order_data
    cost_basis = self.spot_position.get(asset, {}).get('cost_basis', {}).get('value', 0)
AttributeError: 'NoneType' object has no attribute 'get'
2025-06-09 15:01:21,962 - webhook_logger - WARNING - ‚ö†Ô∏è WebSocket connection task was cancelled. (listener.py:124)
2025-06-09 15:01:21,966 - webhook_logger - WARNING - ‚ö†Ô∏è WebSocket connection task was cancelled. (listener.py:124)
2025-06-09 15:01:21,969 - webhook_logger - WARNING - ‚ö†Ô∏è WebSocket connection task was cancelled. (listener.py:124)
2025-06-09 15:01:21,973 - webhook_logger - WARNING - ‚ö†Ô∏è WebSocket connection task was cancelled. (listener.py:124)
2025-06-09 15:03:35,266 - webhook_logger - WARNING - ‚ö†Ô∏è No message ever received from market channel 'ticker_batch' (websocket_helper.py:246)
2025-06-09 15:03:35,266 - webhook_logger - WARNING - ‚ö†Ô∏è No message ever received from market channel 'heartbeats' (websocket_helper.py:246)
2025-06-09 15:03:35,277 - webhook_logger - INFO - üîÑ Starting sync_open_orders cycle‚Ä¶ (listener.py:774)
2025-06-09 15:03:35,944 - webhook_logger - WARNING - ‚ö†Ô∏è No message ever received from market channel 'ticker_batch' (websocket_helper.py:246)
2025-06-09 15:03:35,945 - webhook_logger - WARNING - ‚ö†Ô∏è No message ever received from market channel 'heartbeats' (websocket_helper.py:246)
2025-06-09 15:03:36,616 - webhook_logger - INFO - Connected to wss://advanced-trade-ws-user.coinbase.com (listener.py:98)
2025-06-09 15:03:36,632 - webhook_logger - INFO - Listening on wss://advanced-trade-ws-user.coinbase.com (listener.py:110)
2025-06-09 15:03:36,637 - webhook_logger - INFO - Connected to wss://advanced-trade-ws.coinbase.com (listener.py:98)
2025-06-09 15:03:36,681 - webhook_logger - INFO - Connected to wss://advanced-trade-ws-user.coinbase.com (listener.py:98)
2025-06-09 15:03:36,681 - webhook_logger - INFO - Already subscribed to all requested user channels. Skipping subscription. (websocket_helper.py:358)
2025-06-09 15:03:36,682 - webhook_logger - INFO - Listening on wss://advanced-trade-ws-user.coinbase.com (listener.py:110)
2025-06-09 15:03:36,694 - webhook_logger - INFO - Connected to wss://advanced-trade-ws.coinbase.com (listener.py:98)
2025-06-09 15:03:36,788 - webhook_logger - INFO - ‚úÖ First message received from user channel: user (websocket_helper.py:219)
2025-06-09 15:03:36,789 - webhook_logger - INFO - üì∏ Received snapshot with open orders (websocket_market_manager.py:137)
2025-06-09 15:03:36,789 - webhook_logger - INFO - ‚úÖ First message received from user channel: subscriptions (websocket_helper.py:219)
2025-06-09 15:03:37,055 - webhook_logger - INFO - ‚úÖ sync_open_orders ‚Üí upserted 250 rows (0 open / 250 recent) (listener.py:901)
2025-06-09 15:03:40,183 - webhook_logger - INFO - ‚ö†Ô∏è‚ö†Ô∏è‚ö†Ô∏è  update_market_data took 4.91s    ‚ö†Ô∏è‚ö†Ô∏è‚ö†Ô∏è (listener.py:363)
2025-06-09 15:03:40,184 - webhook_logger - INFO - ‚è± update_market_data (shared_data_manager) took 0.00s (listener.py:386)
2025-06-09 15:03:40,184 - webhook_logger - INFO - ‚úÖ monitor_untracked_assets is <class 'method'> (websocket_helper.py:634)
2025-06-09 15:03:40,184 - webhook_logger - INFO - üß™ About to await monitor_untracked_assets (websocket_helper.py:635)
2025-06-09 15:03:40,186 - webhook_logger - INFO - üì± Starting monitor_untracked_assets (websocket_helper.py:656)
2025-06-09 15:03:40,189 - webhook_logger - INFO - ‚úÖ monitor_untracked_assets completed (websocket_helper.py:716)
2025-06-09 15:03:40,191 - webhook_logger - INFO - ‚ö° Subscribing to Market Channels... (listener.py:107)
2025-06-09 15:03:40,191 - webhook_logger - INFO - ÔøΩ Subscribing to Market Channels: ['ticker_batch', 'heartbeats'] (websocket_helper.py:320)
2025-06-09 15:03:40,192 - webhook_logger - INFO - Listening on wss://advanced-trade-ws.coinbase.com (listener.py:110)
2025-06-09 15:03:40,193 - webhook_logger - INFO - ‚ö° Subscribing to Market Channels... (listener.py:107)
2025-06-09 15:03:40,193 - webhook_logger - INFO - ÔøΩ Subscribing to Market Channels: ['ticker_batch', 'heartbeats'] (websocket_helper.py:320)
2025-06-09 15:03:40,194 - webhook_logger - INFO - Listening on wss://advanced-trade-ws.coinbase.com (listener.py:110)
2025-06-09 15:03:40,195 - webhook_logger - INFO - ‚úÖ monitor_untracked_assets completed (websocket_helper.py:645)
2025-06-09 15:03:40,195 - webhook_logger - INFO - ‚è± monitor_and_update_active_orders took 0.01s (listener.py:393)
2025-06-09 15:03:40,195 - webhook_logger - ERROR - üö® refresh_market_data loop exited unexpectedly! (listener.py:409)
NoneType: None
2025-06-09 15:03:40,196 - webhook_logger - INFO - ‚úÖ First message received from user channel: heartbeats (websocket_helper.py:219)
2025-06-09 15:03:40,364 - webhook_logger - INFO - ‚úÖ First message received from market channel: ticker_batch (websocket_helper.py:276)
2025-06-09 15:03:40,590 - webhook_logger - ERROR - Error in build_order_data for  BTC market_making: conversion from NoneType to Decimal is not supported (webhook_order_manager.py:337)
Traceback (most recent call last):
  File "/Users/Manny/Python_Projects/BotTrader/webhook/webhook_order_manager.py", line 240, in build_order_data
    spread = Decimal(self.bid_ask_spread.get(trading_pair,{}).get('spread'))
TypeError: conversion from NoneType to Decimal is not supported
2025-06-09 15:03:40,742 - webhook_logger - INFO - üíô Confirmed Market Subscriptions: {'channel': 'subscriptions', 'client_id': '', 'timestamp': '2025-06-09T23:03:40.387400992Z', 'sequence_num': 1, 'events': [{'subscriptions': {'ticker_batch': ['BTC-USD']}}]} (websocket_helper.py:304)
2025-06-09 15:03:40,742 - webhook_logger - INFO - üíô Confirmed Market Subscriptions: {'channel': 'subscriptions', 'client_id': '', 'timestamp': '2025-06-09T23:03:40.387432484Z', 'sequence_num': 2, 'events': [{'subscriptions': {'heartbeats': ['heartbeats'], 'ticker_batch': ['BTC-USD']}}]} (websocket_helper.py:304)
2025-06-09 15:03:40,743 - webhook_logger - INFO - üíô Confirmed Market Subscriptions: {'channel': 'subscriptions', 'client_id': '', 'timestamp': '2025-06-09T23:03:40.387460436Z', 'sequence_num': 3, 'events': [{'subscriptions': {'heartbeats': ['heartbeats'], 'ticker_batch': ['BTC-USD']}}]} (websocket_helper.py:304)
2025-06-09 15:03:40,743 - webhook_logger - INFO - üíô Confirmed Market Subscriptions: {'channel': 'subscriptions', 'client_id': '', 'timestamp': '2025-06-09T23:03:40.387497474Z', 'sequence_num': 4, 'events': [{'subscriptions': {'heartbeats': ['heartbeats'], 'ticker_batch': ['BTC-USD']}}]} (websocket_helper.py:304)
2025-06-09 15:03:45,165 - webhook_logger - ERROR - Error in build_order_data for  BTC market_making: conversion from NoneType to Decimal is not supported (webhook_order_manager.py:337)
Traceback (most recent call last):
  File "/Users/Manny/Python_Projects/BotTrader/webhook/webhook_order_manager.py", line 240, in build_order_data
    spread = Decimal(self.bid_ask_spread.get(trading_pair,{}).get('spread'))
TypeError: conversion from NoneType to Decimal is not supported
2025-06-09 15:03:50,334 - webhook_logger - ERROR - Error in build_order_data for  BTC market_making: conversion from NoneType to Decimal is not supported (webhook_order_manager.py:337)
Traceback (most recent call last):
  File "/Users/Manny/Python_Projects/BotTrader/webhook/webhook_order_manager.py", line 240, in build_order_data
    spread = Decimal(self.bid_ask_spread.get(trading_pair,{}).get('spread'))
TypeError: conversion from NoneType to Decimal is not supported
2025-06-09 15:03:55,392 - webhook_logger - ERROR - Error in build_order_data for  BTC market_making: conversion from NoneType to Decimal is not supported (webhook_order_manager.py:337)
Traceback (most recent call last):
  File "/Users/Manny/Python_Projects/BotTrader/webhook/webhook_order_manager.py", line 240, in build_order_data
    spread = Decimal(self.bid_ask_spread.get(trading_pair,{}).get('spread'))
TypeError: conversion from NoneType to Decimal is not supported
2025-06-09 15:04:00,478 - webhook_logger - ERROR - Error in build_order_data for  BTC market_making: conversion from NoneType to Decimal is not supported (webhook_order_manager.py:337)
Traceback (most recent call last):
  File "/Users/Manny/Python_Projects/BotTrader/webhook/webhook_order_manager.py", line 240, in build_order_data
    spread = Decimal(self.bid_ask_spread.get(trading_pair,{}).get('spread'))
TypeError: conversion from NoneType to Decimal is not supported
2025-06-09 15:04:04,622 - webhook_logger - WARNING - ‚ö†Ô∏è WebSocket connection task was cancelled. (listener.py:124)
2025-06-09 15:04:04,625 - webhook_logger - WARNING - ‚ö†Ô∏è WebSocket connection task was cancelled. (listener.py:124)
2025-06-09 15:04:04,627 - webhook_logger - WARNING - ‚ö†Ô∏è WebSocket connection task was cancelled. (listener.py:124)
2025-06-09 15:04:04,636 - webhook_logger - WARNING - ‚ö†Ô∏è WebSocket connection task was cancelled. (listener.py:124)
2025-06-09 15:10:51,902 - webhook_logger - WARNING - ‚ö†Ô∏è No message ever received from market channel 'ticker_batch' (websocket_helper.py:246)
2025-06-09 15:10:51,903 - webhook_logger - WARNING - ‚ö†Ô∏è No message ever received from market channel 'heartbeats' (websocket_helper.py:246)
2025-06-09 15:10:51,913 - webhook_logger - INFO - üîÑ Starting sync_open_orders cycle‚Ä¶ (listener.py:774)
2025-06-09 15:10:52,500 - webhook_logger - WARNING - ‚ö†Ô∏è No message ever received from market channel 'ticker_batch' (websocket_helper.py:246)
2025-06-09 15:10:52,500 - webhook_logger - WARNING - ‚ö†Ô∏è No message ever received from market channel 'heartbeats' (websocket_helper.py:246)
2025-06-09 15:10:53,140 - webhook_logger - INFO - Connected to wss://advanced-trade-ws.coinbase.com (listener.py:98)
2025-06-09 15:10:53,199 - webhook_logger - INFO - Connected to wss://advanced-trade-ws.coinbase.com (listener.py:98)
2025-06-09 15:10:53,205 - webhook_logger - INFO - Connected to wss://advanced-trade-ws-user.coinbase.com (listener.py:98)
2025-06-09 15:10:53,218 - webhook_logger - INFO - Listening on wss://advanced-trade-ws-user.coinbase.com (listener.py:110)
2025-06-09 15:10:53,233 - webhook_logger - INFO - Connected to wss://advanced-trade-ws-user.coinbase.com (listener.py:98)
2025-06-09 15:10:53,234 - webhook_logger - INFO - Already subscribed to all requested user channels. Skipping subscription. (websocket_helper.py:358)
2025-06-09 15:10:53,234 - webhook_logger - INFO - Listening on wss://advanced-trade-ws-user.coinbase.com (listener.py:110)
2025-06-09 15:10:53,397 - webhook_logger - INFO - ‚úÖ First message received from user channel: subscriptions (websocket_helper.py:219)
2025-06-09 15:10:53,397 - webhook_logger - INFO - ‚úÖ First message received from user channel: user (websocket_helper.py:219)
2025-06-09 15:10:53,398 - webhook_logger - INFO - üì∏ Received snapshot with open orders (websocket_market_manager.py:137)
2025-06-09 15:10:53,699 - webhook_logger - INFO - ‚úÖ sync_open_orders ‚Üí upserted 250 rows (0 open / 250 recent) (listener.py:901)
2025-06-09 15:10:56,978 - webhook_logger - INFO - ‚ö†Ô∏è‚ö†Ô∏è‚ö†Ô∏è  update_market_data took 5.07s    ‚ö†Ô∏è‚ö†Ô∏è‚ö†Ô∏è (listener.py:363)
2025-06-09 15:10:56,978 - webhook_logger - INFO - ‚è± update_market_data (shared_data_manager) took 0.00s (listener.py:386)
2025-06-09 15:10:56,978 - webhook_logger - INFO - ‚úÖ monitor_untracked_assets is <class 'method'> (websocket_helper.py:634)
2025-06-09 15:10:56,979 - webhook_logger - INFO - üß™ About to await monitor_untracked_assets (websocket_helper.py:635)
2025-06-09 15:10:56,980 - webhook_logger - INFO - üì± Starting monitor_untracked_assets (websocket_helper.py:656)
2025-06-09 15:10:56,982 - webhook_logger - INFO - ‚úÖ monitor_untracked_assets completed (websocket_helper.py:716)
2025-06-09 15:10:56,985 - webhook_logger - INFO - ‚ö° Subscribing to Market Channels... (listener.py:107)
2025-06-09 15:10:56,985 - webhook_logger - INFO - ÔøΩ Subscribing to Market Channels: ['ticker_batch', 'heartbeats'] (websocket_helper.py:320)
2025-06-09 15:10:56,986 - webhook_logger - INFO - Listening on wss://advanced-trade-ws.coinbase.com (listener.py:110)
2025-06-09 15:10:56,987 - webhook_logger - INFO - ‚ö° Subscribing to Market Channels... (listener.py:107)
2025-06-09 15:10:56,988 - webhook_logger - INFO - ÔøΩ Subscribing to Market Channels: ['ticker_batch', 'heartbeats'] (websocket_helper.py:320)
2025-06-09 15:10:56,988 - webhook_logger - INFO - Listening on wss://advanced-trade-ws.coinbase.com (listener.py:110)
2025-06-09 15:10:56,990 - webhook_logger - INFO - ‚úÖ monitor_untracked_assets completed (websocket_helper.py:645)
2025-06-09 15:10:56,991 - webhook_logger - INFO - ‚è± monitor_and_update_active_orders took 0.01s (listener.py:393)
2025-06-09 15:10:56,991 - webhook_logger - ERROR - üö® refresh_market_data loop exited unexpectedly! (listener.py:409)
NoneType: None
2025-06-09 15:10:56,992 - webhook_logger - INFO - ‚úÖ First message received from user channel: heartbeats (websocket_helper.py:219)
2025-06-09 15:10:57,122 - webhook_logger - INFO - ‚úÖ First message received from market channel: ticker_batch (websocket_helper.py:276)
2025-06-09 15:10:57,356 - webhook_logger - ERROR - Error in build_order_data for  BTC market_making: conversion from NoneType to Decimal is not supported (webhook_order_manager.py:337)
Traceback (most recent call last):
  File "/Users/Manny/Python_Projects/BotTrader/webhook/webhook_order_manager.py", line 238, in build_order_data
    current_ask = Decimal(self.bid_ask_spread.get(trading_pair,{}).get('ask'))
TypeError: conversion from NoneType to Decimal is not supported
2025-06-09 15:10:57,505 - webhook_logger - INFO - üíô Confirmed Market Subscriptions: {'channel': 'subscriptions', 'client_id': '', 'timestamp': '2025-06-09T23:10:57.173655948Z', 'sequence_num': 1, 'events': [{'subscriptions': {'ticker_batch': ['BTC-USD']}}]} (websocket_helper.py:304)
2025-06-09 15:10:57,505 - webhook_logger - INFO - üíô Confirmed Market Subscriptions: {'channel': 'subscriptions', 'client_id': '', 'timestamp': '2025-06-09T23:10:57.173688655Z', 'sequence_num': 2, 'events': [{'subscriptions': {'heartbeats': ['heartbeats'], 'ticker_batch': ['BTC-USD']}}]} (websocket_helper.py:304)
2025-06-09 15:10:57,506 - webhook_logger - INFO - üíô Confirmed Market Subscriptions: {'channel': 'subscriptions', 'client_id': '', 'timestamp': '2025-06-09T23:10:57.174957946Z', 'sequence_num': 3, 'events': [{'subscriptions': {'heartbeats': ['heartbeats'], 'ticker_batch': ['BTC-USD']}}]} (websocket_helper.py:304)
2025-06-09 15:10:57,506 - webhook_logger - INFO - üíô Confirmed Market Subscriptions: {'channel': 'subscriptions', 'client_id': '', 'timestamp': '2025-06-09T23:10:57.174994341Z', 'sequence_num': 4, 'events': [{'subscriptions': {'heartbeats': ['heartbeats'], 'ticker_batch': ['BTC-USD']}}]} (websocket_helper.py:304)
2025-06-09 15:10:59,287 - webhook_logger - ERROR - Error in build_order_data for  BTC market_making: conversion from NoneType to Decimal is not supported (webhook_order_manager.py:337)
Traceback (most recent call last):
  File "/Users/Manny/Python_Projects/BotTrader/webhook/webhook_order_manager.py", line 238, in build_order_data
    current_ask = Decimal(self.bid_ask_spread.get(trading_pair,{}).get('ask'))
TypeError: conversion from NoneType to Decimal is not supported
2025-06-09 15:11:04,442 - webhook_logger - ERROR - Error in build_order_data for  BTC market_making: conversion from NoneType to Decimal is not supported (webhook_order_manager.py:337)
Traceback (most recent call last):
  File "/Users/Manny/Python_Projects/BotTrader/webhook/webhook_order_manager.py", line 238, in build_order_data
    current_ask = Decimal(self.bid_ask_spread.get(trading_pair,{}).get('ask'))
TypeError: conversion from NoneType to Decimal is not supported
2025-06-09 15:12:37,457 - webhook_logger - WARNING - ‚ö†Ô∏è No message ever received from market channel 'ticker_batch' (websocket_helper.py:246)
2025-06-09 15:12:37,457 - webhook_logger - WARNING - ‚ö†Ô∏è No message ever received from market channel 'heartbeats' (websocket_helper.py:246)
2025-06-09 15:12:37,467 - webhook_logger - INFO - üîÑ Starting sync_open_orders cycle‚Ä¶ (listener.py:774)
2025-06-09 15:12:37,762 - webhook_logger - WARNING - ‚ö†Ô∏è No message ever received from market channel 'ticker_batch' (websocket_helper.py:246)
2025-06-09 15:12:37,762 - webhook_logger - WARNING - ‚ö†Ô∏è No message ever received from market channel 'heartbeats' (websocket_helper.py:246)
2025-06-09 15:12:38,469 - webhook_logger - INFO - Connected to wss://advanced-trade-ws.coinbase.com (listener.py:98)
2025-06-09 15:12:38,471 - webhook_logger - INFO - Connected to wss://advanced-trade-ws-user.coinbase.com (listener.py:98)
2025-06-09 15:12:38,485 - webhook_logger - INFO - Listening on wss://advanced-trade-ws-user.coinbase.com (listener.py:110)
2025-06-09 15:12:38,524 - webhook_logger - INFO - Connected to wss://advanced-trade-ws.coinbase.com (listener.py:98)
2025-06-09 15:12:38,530 - webhook_logger - INFO - Connected to wss://advanced-trade-ws-user.coinbase.com (listener.py:98)
2025-06-09 15:12:38,531 - webhook_logger - INFO - Already subscribed to all requested user channels. Skipping subscription. (websocket_helper.py:358)
2025-06-09 15:12:38,531 - webhook_logger - INFO - Listening on wss://advanced-trade-ws-user.coinbase.com (listener.py:110)
2025-06-09 15:12:38,615 - webhook_logger - INFO - ‚úÖ sync_open_orders ‚Üí upserted 250 rows (0 open / 250 recent) (listener.py:901)
2025-06-09 15:12:38,638 - webhook_logger - INFO - ‚úÖ First message received from user channel: subscriptions (websocket_helper.py:219)
2025-06-09 15:12:38,639 - webhook_logger - INFO - ‚úÖ First message received from user channel: user (websocket_helper.py:219)
2025-06-09 15:12:38,639 - webhook_logger - INFO - üì∏ Received snapshot with open orders (websocket_market_manager.py:137)
2025-06-09 15:12:41,890 - webhook_logger - INFO - ‚ö†Ô∏è‚ö†Ô∏è‚ö†Ô∏è  update_market_data took 4.43s    ‚ö†Ô∏è‚ö†Ô∏è‚ö†Ô∏è (listener.py:363)
2025-06-09 15:12:41,891 - webhook_logger - INFO - ‚è± update_market_data (shared_data_manager) took 0.00s (listener.py:386)
2025-06-09 15:12:41,891 - webhook_logger - INFO - ‚úÖ monitor_untracked_assets is <class 'method'> (websocket_helper.py:634)
2025-06-09 15:12:41,891 - webhook_logger - INFO - üß™ About to await monitor_untracked_assets (websocket_helper.py:635)
2025-06-09 15:12:41,893 - webhook_logger - INFO - üì± Starting monitor_untracked_assets (websocket_helper.py:656)
2025-06-09 15:12:41,895 - webhook_logger - INFO - ‚úÖ monitor_untracked_assets completed (websocket_helper.py:716)
2025-06-09 15:12:41,898 - webhook_logger - INFO - ‚ö° Subscribing to Market Channels... (listener.py:107)
2025-06-09 15:12:41,898 - webhook_logger - INFO - ÔøΩ Subscribing to Market Channels: ['ticker_batch', 'heartbeats'] (websocket_helper.py:320)
2025-06-09 15:12:41,899 - webhook_logger - INFO - Listening on wss://advanced-trade-ws.coinbase.com (listener.py:110)
2025-06-09 15:12:41,900 - webhook_logger - INFO - ‚ö° Subscribing to Market Channels... (listener.py:107)
2025-06-09 15:12:41,900 - webhook_logger - INFO - ÔøΩ Subscribing to Market Channels: ['ticker_batch', 'heartbeats'] (websocket_helper.py:320)
2025-06-09 15:12:41,901 - webhook_logger - INFO - Listening on wss://advanced-trade-ws.coinbase.com (listener.py:110)
2025-06-09 15:12:41,903 - webhook_logger - INFO - ‚úÖ monitor_untracked_assets completed (websocket_helper.py:645)
2025-06-09 15:12:41,903 - webhook_logger - INFO - ‚è± monitor_and_update_active_orders took 0.01s (listener.py:393)
2025-06-09 15:12:41,903 - webhook_logger - ERROR - üö® refresh_market_data loop exited unexpectedly! (listener.py:409)
NoneType: None
2025-06-09 15:12:41,904 - webhook_logger - INFO - ‚úÖ First message received from user channel: heartbeats (websocket_helper.py:219)
2025-06-09 15:12:42,053 - webhook_logger - INFO - ‚úÖ First message received from market channel: ticker_batch (websocket_helper.py:276)
2025-06-09 15:13:54,621 - webhook_logger - INFO - üíô Confirmed Market Subscriptions: {'channel': 'subscriptions', 'client_id': '', 'timestamp': '2025-06-09T23:12:42.095967138Z', 'sequence_num': 1, 'events': [{'subscriptions': {'ticker_batch': ['BTC-USD']}}]} (websocket_helper.py:304)
2025-06-09 15:13:54,622 - webhook_logger - INFO - üíô Confirmed Market Subscriptions: {'channel': 'subscriptions', 'client_id': '', 'timestamp': '2025-06-09T23:12:42.096000719Z', 'sequence_num': 2, 'events': [{'subscriptions': {'heartbeats': ['heartbeats'], 'ticker_batch': ['BTC-USD']}}]} (websocket_helper.py:304)
2025-06-09 15:13:54,622 - webhook_logger - INFO - üíô Confirmed Market Subscriptions: {'channel': 'subscriptions', 'client_id': '', 'timestamp': '2025-06-09T23:12:42.096759789Z', 'sequence_num': 3, 'events': [{'subscriptions': {'heartbeats': ['heartbeats'], 'ticker_batch': ['BTC-USD']}}]} (websocket_helper.py:304)
2025-06-09 15:13:54,622 - webhook_logger - INFO - üíô Confirmed Market Subscriptions: {'channel': 'subscriptions', 'client_id': '', 'timestamp': '2025-06-09T23:12:42.096792066Z', 'sequence_num': 4, 'events': [{'subscriptions': {'heartbeats': ['heartbeats'], 'ticker_batch': ['BTC-USD']}}]} (websocket_helper.py:304)
2025-06-09 15:16:32,666 - webhook_logger - WARNING - ‚ö†Ô∏è No message ever received from market channel 'ticker_batch' (websocket_helper.py:246)
2025-06-09 15:16:32,666 - webhook_logger - WARNING - ‚ö†Ô∏è No message ever received from market channel 'heartbeats' (websocket_helper.py:246)
2025-06-09 15:16:32,679 - webhook_logger - INFO - üîÑ Starting sync_open_orders cycle‚Ä¶ (listener.py:774)
2025-06-09 15:16:33,016 - webhook_logger - WARNING - ‚ö†Ô∏è No message ever received from market channel 'ticker_batch' (websocket_helper.py:246)
2025-06-09 15:16:33,017 - webhook_logger - WARNING - ‚ö†Ô∏è No message ever received from market channel 'heartbeats' (websocket_helper.py:246)
2025-06-09 15:16:33,587 - webhook_logger - INFO - Connected to wss://advanced-trade-ws.coinbase.com (listener.py:98)
2025-06-09 15:16:33,601 - webhook_logger - INFO - Connected to wss://advanced-trade-ws-user.coinbase.com (listener.py:98)
2025-06-09 15:16:33,618 - webhook_logger - INFO - Listening on wss://advanced-trade-ws-user.coinbase.com (listener.py:110)
2025-06-09 15:16:33,702 - webhook_logger - INFO - Connected to wss://advanced-trade-ws-user.coinbase.com (listener.py:98)
2025-06-09 15:16:33,703 - webhook_logger - INFO - Already subscribed to all requested user channels. Skipping subscription. (websocket_helper.py:358)
2025-06-09 15:16:33,703 - webhook_logger - INFO - Listening on wss://advanced-trade-ws-user.coinbase.com (listener.py:110)
2025-06-09 15:16:33,706 - webhook_logger - INFO - Connected to wss://advanced-trade-ws.coinbase.com (listener.py:98)
2025-06-09 15:16:33,711 - webhook_logger - INFO - ‚úÖ sync_open_orders ‚Üí upserted 250 rows (0 open / 250 recent) (listener.py:901)
2025-06-09 15:16:33,787 - webhook_logger - INFO - ‚úÖ First message received from user channel: user (websocket_helper.py:219)
2025-06-09 15:16:33,788 - webhook_logger - INFO - üì∏ Received snapshot with open orders (websocket_market_manager.py:137)
2025-06-09 15:16:33,788 - webhook_logger - INFO - ‚úÖ First message received from user channel: subscriptions (websocket_helper.py:219)
2025-06-09 15:16:37,057 - webhook_logger - INFO - ‚ö†Ô∏è‚ö†Ô∏è‚ö†Ô∏è  update_market_data took 4.38s    ‚ö†Ô∏è‚ö†Ô∏è‚ö†Ô∏è (listener.py:363)
2025-06-09 15:16:37,057 - webhook_logger - INFO - ‚è± update_market_data (shared_data_manager) took 0.00s (listener.py:386)
2025-06-09 15:16:37,057 - webhook_logger - INFO - ‚úÖ monitor_untracked_assets is <class 'method'> (websocket_helper.py:634)
2025-06-09 15:16:37,057 - webhook_logger - INFO - üß™ About to await monitor_untracked_assets (websocket_helper.py:635)
2025-06-09 15:16:37,059 - webhook_logger - INFO - üì± Starting monitor_untracked_assets (websocket_helper.py:656)
2025-06-09 15:16:37,061 - webhook_logger - INFO - ‚úÖ monitor_untracked_assets completed (websocket_helper.py:716)
2025-06-09 15:16:37,065 - webhook_logger - INFO - ‚ö° Subscribing to Market Channels... (listener.py:107)
2025-06-09 15:16:37,065 - webhook_logger - INFO - ÔøΩ Subscribing to Market Channels: ['ticker_batch', 'heartbeats'] (websocket_helper.py:320)
2025-06-09 15:16:37,066 - webhook_logger - INFO - Listening on wss://advanced-trade-ws.coinbase.com (listener.py:110)
2025-06-09 15:16:37,067 - webhook_logger - INFO - ‚ö° Subscribing to Market Channels... (listener.py:107)
2025-06-09 15:16:37,067 - webhook_logger - INFO - ÔøΩ Subscribing to Market Channels: ['ticker_batch', 'heartbeats'] (websocket_helper.py:320)
2025-06-09 15:16:37,068 - webhook_logger - INFO - Listening on wss://advanced-trade-ws.coinbase.com (listener.py:110)
2025-06-09 15:16:37,069 - webhook_logger - INFO - ‚úÖ monitor_untracked_assets completed (websocket_helper.py:645)
2025-06-09 15:16:37,070 - webhook_logger - INFO - ‚è± monitor_and_update_active_orders took 0.01s (listener.py:393)
2025-06-09 15:16:37,070 - webhook_logger - ERROR - üö® refresh_market_data loop exited unexpectedly! (listener.py:409)
NoneType: None
2025-06-09 15:16:37,071 - webhook_logger - INFO - ‚úÖ First message received from user channel: heartbeats (websocket_helper.py:219)
2025-06-09 15:16:37,218 - webhook_logger - INFO - ‚úÖ First message received from market channel: ticker_batch (websocket_helper.py:276)
2025-06-09 15:16:37,643 - webhook_logger - INFO - üíô Confirmed Market Subscriptions: {'channel': 'subscriptions', 'client_id': '', 'timestamp': '2025-06-09T23:16:37.258687854Z', 'sequence_num': 1, 'events': [{'subscriptions': {'ticker_batch': ['BTC-USD']}}]} (websocket_helper.py:304)
2025-06-09 15:16:37,643 - webhook_logger - INFO - üíô Confirmed Market Subscriptions: {'channel': 'subscriptions', 'client_id': '', 'timestamp': '2025-06-09T23:16:37.258774866Z', 'sequence_num': 2, 'events': [{'subscriptions': {'heartbeats': ['heartbeats'], 'ticker_batch': ['BTC-USD']}}]} (websocket_helper.py:304)
2025-06-09 15:16:37,644 - webhook_logger - INFO - üíô Confirmed Market Subscriptions: {'channel': 'subscriptions', 'client_id': '', 'timestamp': '2025-06-09T23:16:37.258837249Z', 'sequence_num': 3, 'events': [{'subscriptions': {'heartbeats': ['heartbeats'], 'ticker_batch': ['BTC-USD']}}]} (websocket_helper.py:304)
2025-06-09 15:16:37,644 - webhook_logger - INFO - üíô Confirmed Market Subscriptions: {'channel': 'subscriptions', 'client_id': '', 'timestamp': '2025-06-09T23:16:37.258876581Z', 'sequence_num': 4, 'events': [{'subscriptions': {'heartbeats': ['heartbeats'], 'ticker_batch': ['BTC-USD']}}]} (websocket_helper.py:304)
2025-06-09 15:20:00,808 - webhook_logger - WARNING - ‚ö†Ô∏è No message ever received from market channel 'ticker_batch' (websocket_helper.py:246)
2025-06-09 15:20:00,809 - webhook_logger - WARNING - ‚ö†Ô∏è No message ever received from market channel 'heartbeats' (websocket_helper.py:246)
2025-06-09 15:20:00,824 - webhook_logger - INFO - üîÑ Starting sync_open_orders cycle‚Ä¶ (listener.py:774)
2025-06-09 15:20:01,136 - webhook_logger - WARNING - ‚ö†Ô∏è No message ever received from market channel 'ticker_batch' (websocket_helper.py:246)
2025-06-09 15:20:01,136 - webhook_logger - WARNING - ‚ö†Ô∏è No message ever received from market channel 'heartbeats' (websocket_helper.py:246)
2025-06-09 15:20:01,649 - webhook_logger - INFO - ‚úÖ sync_open_orders ‚Üí upserted 250 rows (0 open / 250 recent) (listener.py:901)
2025-06-09 15:20:01,943 - webhook_logger - INFO - Connected to wss://advanced-trade-ws.coinbase.com (listener.py:98)
2025-06-09 15:20:01,962 - webhook_logger - INFO - Connected to wss://advanced-trade-ws-user.coinbase.com (listener.py:98)
2025-06-09 15:20:01,976 - webhook_logger - INFO - Listening on wss://advanced-trade-ws-user.coinbase.com (listener.py:110)
2025-06-09 15:20:01,981 - webhook_logger - INFO - Connected to wss://advanced-trade-ws.coinbase.com (listener.py:98)
2025-06-09 15:20:01,998 - webhook_logger - INFO - Connected to wss://advanced-trade-ws-user.coinbase.com (listener.py:98)
2025-06-09 15:20:01,999 - webhook_logger - INFO - Already subscribed to all requested user channels. Skipping subscription. (websocket_helper.py:358)
2025-06-09 15:20:01,999 - webhook_logger - INFO - Listening on wss://advanced-trade-ws-user.coinbase.com (listener.py:110)
2025-06-09 15:20:02,134 - webhook_logger - INFO - ‚úÖ First message received from user channel: subscriptions (websocket_helper.py:219)
2025-06-09 15:20:02,134 - webhook_logger - INFO - ‚úÖ First message received from user channel: user (websocket_helper.py:219)
2025-06-09 15:20:02,135 - webhook_logger - INFO - üì∏ Received snapshot with open orders (websocket_market_manager.py:137)
2025-06-09 15:20:02,292 - webhook_logger - INFO - ‚úÖ First message received from user channel: heartbeats (websocket_helper.py:219)
2025-06-09 15:20:05,246 - webhook_logger - INFO - ‚ö†Ô∏è‚ö†Ô∏è‚ö†Ô∏è  update_market_data took 4.43s    ‚ö†Ô∏è‚ö†Ô∏è‚ö†Ô∏è (listener.py:363)
2025-06-09 15:20:05,246 - webhook_logger - INFO - ‚è± update_market_data (shared_data_manager) took 0.00s (listener.py:386)
2025-06-09 15:20:05,247 - webhook_logger - INFO - ‚úÖ monitor_untracked_assets is <class 'method'> (websocket_helper.py:634)
2025-06-09 15:20:05,247 - webhook_logger - INFO - üß™ About to await monitor_untracked_assets (websocket_helper.py:635)
2025-06-09 15:20:05,248 - webhook_logger - INFO - üì± Starting monitor_untracked_assets (websocket_helper.py:656)
2025-06-09 15:20:05,250 - webhook_logger - INFO - ‚úÖ monitor_untracked_assets completed (websocket_helper.py:716)
2025-06-09 15:20:05,252 - webhook_logger - INFO - ‚ö° Subscribing to Market Channels... (listener.py:107)
2025-06-09 15:20:05,252 - webhook_logger - INFO - ÔøΩ Subscribing to Market Channels: ['ticker_batch', 'heartbeats'] (websocket_helper.py:320)
2025-06-09 15:20:05,253 - webhook_logger - INFO - Listening on wss://advanced-trade-ws.coinbase.com (listener.py:110)
2025-06-09 15:20:05,254 - webhook_logger - INFO - ‚ö° Subscribing to Market Channels... (listener.py:107)
2025-06-09 15:20:05,255 - webhook_logger - INFO - ÔøΩ Subscribing to Market Channels: ['ticker_batch', 'heartbeats'] (websocket_helper.py:320)
2025-06-09 15:20:05,256 - webhook_logger - INFO - Listening on wss://advanced-trade-ws.coinbase.com (listener.py:110)
2025-06-09 15:20:05,257 - webhook_logger - INFO - ‚úÖ monitor_untracked_assets completed (websocket_helper.py:645)
2025-06-09 15:20:05,257 - webhook_logger - INFO - ‚è± monitor_and_update_active_orders took 0.01s (listener.py:393)
2025-06-09 15:20:05,257 - webhook_logger - ERROR - üö® refresh_market_data loop exited unexpectedly! (listener.py:409)
NoneType: None
2025-06-09 15:20:05,392 - webhook_logger - INFO - ‚úÖ First message received from market channel: ticker_batch (websocket_helper.py:276)
2025-06-09 15:20:12,888 - webhook_logger - INFO - üíô Confirmed Market Subscriptions: {'channel': 'subscriptions', 'client_id': '', 'timestamp': '2025-06-09T23:20:05.440016138Z', 'sequence_num': 1, 'events': [{'subscriptions': {'ticker_batch': ['BTC-USD']}}]} (websocket_helper.py:304)
2025-06-09 15:20:12,888 - webhook_logger - INFO - üíô Confirmed Market Subscriptions: {'channel': 'subscriptions', 'client_id': '', 'timestamp': '2025-06-09T23:20:05.440072232Z', 'sequence_num': 2, 'events': [{'subscriptions': {'heartbeats': ['heartbeats'], 'ticker_batch': ['BTC-USD']}}]} (websocket_helper.py:304)
2025-06-09 15:20:12,889 - webhook_logger - INFO - üíô Confirmed Market Subscriptions: {'channel': 'subscriptions', 'client_id': '', 'timestamp': '2025-06-09T23:20:05.441255124Z', 'sequence_num': 3, 'events': [{'subscriptions': {'heartbeats': ['heartbeats'], 'ticker_batch': ['BTC-USD']}}]} (websocket_helper.py:304)
2025-06-09 15:20:12,889 - webhook_logger - INFO - üíô Confirmed Market Subscriptions: {'channel': 'subscriptions', 'client_id': '', 'timestamp': '2025-06-09T23:20:05.441301322Z', 'sequence_num': 4, 'events': [{'subscriptions': {'heartbeats': ['heartbeats'], 'ticker_batch': ['BTC-USD']}}]} (websocket_helper.py:304)
2025-06-09 15:20:35,246 - webhook_logger - INFO - ‚ö†Ô∏è‚ö†Ô∏è‚ö†Ô∏è  update_market_data took 4.42s    ‚ö†Ô∏è‚ö†Ô∏è‚ö†Ô∏è (listener.py:363)
2025-06-09 15:20:35,246 - webhook_logger - INFO - ‚è± update_market_data (shared_data_manager) took 0.00s (listener.py:386)
2025-06-09 15:20:35,246 - webhook_logger - INFO - ‚úÖ monitor_untracked_assets is <class 'method'> (websocket_helper.py:634)
2025-06-09 15:20:35,247 - webhook_logger - INFO - üß™ About to await monitor_untracked_assets (websocket_helper.py:635)
2025-06-09 15:20:35,248 - webhook_logger - INFO - üì± Starting monitor_untracked_assets (websocket_helper.py:656)
2025-06-09 15:20:35,250 - webhook_logger - INFO - ‚úÖ monitor_untracked_assets completed (websocket_helper.py:716)
2025-06-09 15:20:35,256 - webhook_logger - INFO - ‚úÖ monitor_untracked_assets completed (websocket_helper.py:645)
2025-06-09 15:20:35,256 - webhook_logger - INFO - ‚è± monitor_and_update_active_orders took 0.01s (listener.py:393)
2025-06-09 15:20:35,256 - webhook_logger - ERROR - üö® refresh_market_data loop exited unexpectedly! (listener.py:409)
NoneType: None
2025-06-09 15:21:05,808 - webhook_logger - INFO - ‚ö†Ô∏è‚ö†Ô∏è‚ö†Ô∏è  update_market_data took 4.99s    ‚ö†Ô∏è‚ö†Ô∏è‚ö†Ô∏è (listener.py:363)
2025-06-09 15:21:05,809 - webhook_logger - INFO - ‚è± update_market_data (shared_data_manager) took 0.00s (listener.py:386)
2025-06-09 15:21:05,809 - webhook_logger - INFO - ‚úÖ monitor_untracked_assets is <class 'method'> (websocket_helper.py:634)
2025-06-09 15:21:05,809 - webhook_logger - INFO - üß™ About to await monitor_untracked_assets (websocket_helper.py:635)
2025-06-09 15:21:05,810 - webhook_logger - INFO - üì± Starting monitor_untracked_assets (websocket_helper.py:656)
2025-06-09 15:21:05,813 - webhook_logger - INFO - ‚úÖ monitor_untracked_assets completed (websocket_helper.py:716)
2025-06-09 15:21:05,817 - webhook_logger - INFO - ‚úÖ monitor_untracked_assets completed (websocket_helper.py:645)
2025-06-09 15:21:05,817 - webhook_logger - INFO - ‚è± monitor_and_update_active_orders took 0.01s (listener.py:393)
2025-06-09 15:21:05,817 - webhook_logger - ERROR - üö® refresh_market_data loop exited unexpectedly! (listener.py:409)
NoneType: None
2025-06-09 15:21:35,313 - webhook_logger - INFO - ‚ö†Ô∏è‚ö†Ô∏è‚ö†Ô∏è  update_market_data took 4.49s    ‚ö†Ô∏è‚ö†Ô∏è‚ö†Ô∏è (listener.py:363)
2025-06-09 15:21:35,314 - webhook_logger - INFO - ‚è± update_market_data (shared_data_manager) took 0.00s (listener.py:386)
2025-06-09 15:21:35,314 - webhook_logger - INFO - ‚úÖ monitor_untracked_assets is <class 'method'> (websocket_helper.py:634)
2025-06-09 15:21:35,314 - webhook_logger - INFO - üß™ About to await monitor_untracked_assets (websocket_helper.py:635)
2025-06-09 15:21:35,315 - webhook_logger - INFO - üì± Starting monitor_untracked_assets (websocket_helper.py:656)
2025-06-09 15:21:35,317 - webhook_logger - INFO - ‚úÖ monitor_untracked_assets completed (websocket_helper.py:716)
2025-06-09 15:21:35,321 - webhook_logger - INFO - ‚úÖ monitor_untracked_assets completed (websocket_helper.py:645)
2025-06-09 15:21:35,321 - webhook_logger - INFO - ‚è± monitor_and_update_active_orders took 0.01s (listener.py:393)
2025-06-09 15:21:35,321 - webhook_logger - ERROR - üö® refresh_market_data loop exited unexpectedly! (listener.py:409)
NoneType: None
2025-06-09 15:22:05,192 - webhook_logger - INFO - ‚ö†Ô∏è‚ö†Ô∏è‚ö†Ô∏è  update_market_data took 4.37s    ‚ö†Ô∏è‚ö†Ô∏è‚ö†Ô∏è (listener.py:363)
2025-06-09 15:22:05,192 - webhook_logger - INFO - ‚è± update_market_data (shared_data_manager) took 0.00s (listener.py:386)
2025-06-09 15:22:05,193 - webhook_logger - INFO - ‚úÖ monitor_untracked_assets is <class 'method'> (websocket_helper.py:634)
2025-06-09 15:22:05,193 - webhook_logger - INFO - üß™ About to await monitor_untracked_assets (websocket_helper.py:635)
2025-06-09 15:22:05,194 - webhook_logger - INFO - üì± Starting monitor_untracked_assets (websocket_helper.py:656)
2025-06-09 15:22:05,197 - webhook_logger - INFO - ‚úÖ monitor_untracked_assets completed (websocket_helper.py:716)
2025-06-09 15:22:05,206 - webhook_logger - INFO - ‚úÖ monitor_untracked_assets completed (websocket_helper.py:645)
2025-06-09 15:22:05,206 - webhook_logger - INFO - ‚è± monitor_and_update_active_orders took 0.01s (listener.py:393)
2025-06-09 15:22:05,207 - webhook_logger - ERROR - üö® refresh_market_data loop exited unexpectedly! (listener.py:409)
NoneType: None
2025-06-09 15:22:35,604 - webhook_logger - INFO - ‚ö†Ô∏è‚ö†Ô∏è‚ö†Ô∏è  update_market_data took 4.78s    ‚ö†Ô∏è‚ö†Ô∏è‚ö†Ô∏è (listener.py:363)
2025-06-09 15:22:35,605 - webhook_logger - INFO - ‚è± update_market_data (shared_data_manager) took 0.00s (listener.py:386)
2025-06-09 15:22:35,605 - webhook_logger - INFO - ‚úÖ monitor_untracked_assets is <class 'method'> (websocket_helper.py:634)
2025-06-09 15:22:35,605 - webhook_logger - INFO - üß™ About to await monitor_untracked_assets (websocket_helper.py:635)
2025-06-09 15:22:35,606 - webhook_logger - INFO - üì± Starting monitor_untracked_assets (websocket_helper.py:656)
2025-06-09 15:22:35,608 - webhook_logger - INFO - ‚úÖ monitor_untracked_assets completed (websocket_helper.py:716)
2025-06-09 15:22:35,613 - webhook_logger - INFO - ‚úÖ monitor_untracked_assets completed (websocket_helper.py:645)
2025-06-09 15:22:35,613 - webhook_logger - INFO - ‚è± monitor_and_update_active_orders took 0.01s (listener.py:393)
2025-06-09 15:22:35,613 - webhook_logger - ERROR - üö® refresh_market_data loop exited unexpectedly! (listener.py:409)
NoneType: None
2025-06-09 15:23:05,135 - webhook_logger - INFO - ‚ö†Ô∏è‚ö†Ô∏è‚ö†Ô∏è  update_market_data took 4.31s    ‚ö†Ô∏è‚ö†Ô∏è‚ö†Ô∏è (listener.py:363)
2025-06-09 15:23:05,136 - webhook_logger - INFO - ‚è± update_market_data (shared_data_manager) took 0.00s (listener.py:386)
2025-06-09 15:23:05,136 - webhook_logger - INFO - ‚úÖ monitor_untracked_assets is <class 'method'> (websocket_helper.py:634)
2025-06-09 15:23:05,136 - webhook_logger - INFO - üß™ About to await monitor_untracked_assets (websocket_helper.py:635)
2025-06-09 15:23:05,138 - webhook_logger - INFO - üì± Starting monitor_untracked_assets (websocket_helper.py:656)
2025-06-09 15:23:05,140 - webhook_logger - INFO - ‚úÖ monitor_untracked_assets completed (websocket_helper.py:716)
2025-06-09 15:23:05,148 - webhook_logger - INFO - ‚úÖ monitor_untracked_assets completed (websocket_helper.py:645)
2025-06-09 15:23:05,148 - webhook_logger - INFO - ‚è± monitor_and_update_active_orders took 0.01s (listener.py:393)
2025-06-09 15:23:05,148 - webhook_logger - ERROR - üö® refresh_market_data loop exited unexpectedly! (listener.py:409)
NoneType: None
