2025-05-02 00:00:16,959 - webhook_logger - ERROR - Error processing message: 'NoneType' object has no attribute 'get' (listener.py:133)
Traceback (most recent call last):
  File "/Users/jack/Python_Projects/BotTrader/webhook/listener.py", line 123, in connect_websocket
    handler = handlers.get(channel)
AttributeError: 'NoneType' object has no attribute 'get'
2025-05-02 00:00:17,831 - webhook_logger - ERROR - Error processing message: 'NoneType' object has no attribute 'get' (listener.py:133)
Traceback (most recent call last):
  File "/Users/jack/Python_Projects/BotTrader/webhook/listener.py", line 123, in connect_websocket
    handler = handlers.get(channel)
AttributeError: 'NoneType' object has no attribute 'get'
2025-05-02 00:00:18,544 - webhook_logger - ERROR - Error processing message: 'NoneType' object has no attribute 'get' (listener.py:133)
Traceback (most recent call last):
  File "/Users/jack/Python_Projects/BotTrader/webhook/listener.py", line 123, in connect_websocket
    handler = handlers.get(channel)
AttributeError: 'NoneType' object has no attribute 'get'
2025-05-02 00:00:19,230 - webhook_logger - ERROR - Error processing message: 'NoneType' object has no attribute 'get' (listener.py:133)
Traceback (most recent call last):
  File "/Users/jack/Python_Projects/BotTrader/webhook/listener.py", line 123, in connect_websocket
    handler = handlers.get(channel)
AttributeError: 'NoneType' object has no attribute 'get'
2025-05-02 00:00:19,978 - webhook_logger - ERROR - Error processing message: 'NoneType' object has no attribute 'get' (listener.py:133)
Traceback (most recent call last):
  File "/Users/jack/Python_Projects/BotTrader/webhook/listener.py", line 123, in connect_websocket
    handler = handlers.get(channel)
AttributeError: 'NoneType' object has no attribute 'get'
2025-05-02 00:00:20,854 - webhook_logger - ERROR - Error processing message: 'NoneType' object has no attribute 'get' (listener.py:133)
Traceback (most recent call last):
  File "/Users/jack/Python_Projects/BotTrader/webhook/listener.py", line 123, in connect_websocket
    handler = handlers.get(channel)
AttributeError: 'NoneType' object has no attribute 'get'
2025-05-02 00:00:21,697 - webhook_logger - ERROR - Error processing message: 'NoneType' object has no attribute 'get' (listener.py:133)
Traceback (most recent call last):
  File "/Users/jack/Python_Projects/BotTrader/webhook/listener.py", line 123, in connect_websocket
    handler = handlers.get(channel)
AttributeError: 'NoneType' object has no attribute 'get'
2025-05-02 00:00:22,387 - webhook_logger - ERROR - Error processing message: 'NoneType' object has no attribute 'get' (listener.py:133)
Traceback (most recent call last):
  File "/Users/jack/Python_Projects/BotTrader/webhook/listener.py", line 123, in connect_websocket
    handler = handlers.get(channel)
AttributeError: 'NoneType' object has no attribute 'get'
2025-05-02 00:00:23,022 - webhook_logger - ERROR - Error processing message: 'NoneType' object has no attribute 'get' (listener.py:133)
Traceback (most recent call last):
  File "/Users/jack/Python_Projects/BotTrader/webhook/listener.py", line 123, in connect_websocket
    handler = handlers.get(channel)
AttributeError: 'NoneType' object has no attribute 'get'
2025-05-02 00:00:23,740 - webhook_logger - ERROR - Error processing message: 'NoneType' object has no attribute 'get' (listener.py:133)
Traceback (most recent call last):
  File "/Users/jack/Python_Projects/BotTrader/webhook/listener.py", line 123, in connect_websocket
    handler = handlers.get(channel)
AttributeError: 'NoneType' object has no attribute 'get'
2025-05-02 00:00:24,380 - webhook_logger - ERROR - Error processing message: 'NoneType' object has no attribute 'get' (listener.py:133)
Traceback (most recent call last):
  File "/Users/jack/Python_Projects/BotTrader/webhook/listener.py", line 123, in connect_websocket
    handler = handlers.get(channel)
AttributeError: 'NoneType' object has no attribute 'get'
2025-05-02 00:00:25,048 - webhook_logger - ERROR - Error processing message: 'NoneType' object has no attribute 'get' (listener.py:133)
Traceback (most recent call last):
  File "/Users/jack/Python_Projects/BotTrader/webhook/listener.py", line 123, in connect_websocket
    handler = handlers.get(channel)
AttributeError: 'NoneType' object has no attribute 'get'
2025-05-02 00:00:25,614 - webhook_logger - ERROR - Error processing message: 'NoneType' object has no attribute 'get' (listener.py:133)
Traceback (most recent call last):
  File "/Users/jack/Python_Projects/BotTrader/webhook/listener.py", line 123, in connect_websocket
    handler = handlers.get(channel)
AttributeError: 'NoneType' object has no attribute 'get'
2025-05-02 00:00:29,032 - webhook_logger - ERROR - Error processing message: 'NoneType' object has no attribute 'get' (listener.py:133)
Traceback (most recent call last):
  File "/Users/jack/Python_Projects/BotTrader/webhook/listener.py", line 123, in connect_websocket
    handler = handlers.get(channel)
AttributeError: 'NoneType' object has no attribute 'get'
2025-05-02 00:00:29,033 - webhook_logger - ERROR - Error processing message: 'NoneType' object has no attribute 'get' (listener.py:133)
Traceback (most recent call last):
  File "/Users/jack/Python_Projects/BotTrader/webhook/listener.py", line 123, in connect_websocket
    handler = handlers.get(channel)
AttributeError: 'NoneType' object has no attribute 'get'
2025-05-02 00:00:29,033 - webhook_logger - ERROR - Error processing message: 'NoneType' object has no attribute 'get' (listener.py:133)
Traceback (most recent call last):
  File "/Users/jack/Python_Projects/BotTrader/webhook/listener.py", line 123, in connect_websocket
    handler = handlers.get(channel)
AttributeError: 'NoneType' object has no attribute 'get'
2025-05-02 00:00:29,033 - webhook_logger - ERROR - Error processing message: 'NoneType' object has no attribute 'get' (listener.py:133)
Traceback (most recent call last):
  File "/Users/jack/Python_Projects/BotTrader/webhook/listener.py", line 123, in connect_websocket
    handler = handlers.get(channel)
AttributeError: 'NoneType' object has no attribute 'get'
2025-05-02 00:00:29,033 - webhook_logger - ERROR - Error processing message: 'NoneType' object has no attribute 'get' (listener.py:133)
Traceback (most recent call last):
  File "/Users/jack/Python_Projects/BotTrader/webhook/listener.py", line 123, in connect_websocket
    handler = handlers.get(channel)
AttributeError: 'NoneType' object has no attribute 'get'
2025-05-02 00:00:29,033 - webhook_logger - ERROR - Error processing message: 'NoneType' object has no attribute 'get' (listener.py:133)
Traceback (most recent call last):
  File "/Users/jack/Python_Projects/BotTrader/webhook/listener.py", line 123, in connect_websocket
    handler = handlers.get(channel)
AttributeError: 'NoneType' object has no attribute 'get'
2025-05-02 00:00:29,034 - webhook_logger - ERROR - Error processing message: 'NoneType' object has no attribute 'get' (listener.py:133)
Traceback (most recent call last):
  File "/Users/jack/Python_Projects/BotTrader/webhook/listener.py", line 123, in connect_websocket
    handler = handlers.get(channel)
AttributeError: 'NoneType' object has no attribute 'get'
2025-05-02 00:00:29,034 - webhook_logger - ERROR - Error processing message: 'NoneType' object has no attribute 'get' (listener.py:133)
Traceback (most recent call last):
  File "/Users/jack/Python_Projects/BotTrader/webhook/listener.py", line 123, in connect_websocket
    handler = handlers.get(channel)
AttributeError: 'NoneType' object has no attribute 'get'
2025-05-02 00:00:29,034 - webhook_logger - ERROR - Error processing message: 'NoneType' object has no attribute 'get' (listener.py:133)
Traceback (most recent call last):
  File "/Users/jack/Python_Projects/BotTrader/webhook/listener.py", line 123, in connect_websocket
    handler = handlers.get(channel)
AttributeError: 'NoneType' object has no attribute 'get'
2025-05-02 00:00:29,034 - webhook_logger - ERROR - Error processing message: 'NoneType' object has no attribute 'get' (listener.py:133)
Traceback (most recent call last):
  File "/Users/jack/Python_Projects/BotTrader/webhook/listener.py", line 123, in connect_websocket
    handler = handlers.get(channel)
AttributeError: 'NoneType' object has no attribute 'get'
2025-05-02 00:00:29,034 - webhook_logger - ERROR - Error processing message: 'NoneType' object has no attribute 'get' (listener.py:133)
Traceback (most recent call last):
  File "/Users/jack/Python_Projects/BotTrader/webhook/listener.py", line 123, in connect_websocket
    handler = handlers.get(channel)
AttributeError: 'NoneType' object has no attribute 'get'
2025-05-02 00:00:29,034 - webhook_logger - ERROR - Error processing message: 'NoneType' object has no attribute 'get' (listener.py:133)
Traceback (most recent call last):
  File "/Users/jack/Python_Projects/BotTrader/webhook/listener.py", line 123, in connect_websocket
    handler = handlers.get(channel)
AttributeError: 'NoneType' object has no attribute 'get'
2025-05-02 00:00:29,034 - webhook_logger - ERROR - Error processing message: 'NoneType' object has no attribute 'get' (listener.py:133)
Traceback (most recent call last):
  File "/Users/jack/Python_Projects/BotTrader/webhook/listener.py", line 123, in connect_websocket
    handler = handlers.get(channel)
AttributeError: 'NoneType' object has no attribute 'get'
2025-05-02 00:00:29,035 - webhook_logger - ERROR - Error processing message: 'NoneType' object has no attribute 'get' (listener.py:133)
Traceback (most recent call last):
  File "/Users/jack/Python_Projects/BotTrader/webhook/listener.py", line 123, in connect_websocket
    handler = handlers.get(channel)
AttributeError: 'NoneType' object has no attribute 'get'
2025-05-02 00:00:29,035 - webhook_logger - ERROR - Error processing message: 'NoneType' object has no attribute 'get' (listener.py:133)
Traceback (most recent call last):
  File "/Users/jack/Python_Projects/BotTrader/webhook/listener.py", line 123, in connect_websocket
    handler = handlers.get(channel)
AttributeError: 'NoneType' object has no attribute 'get'
2025-05-02 00:00:29,035 - webhook_logger - ERROR - Error processing message: 'NoneType' object has no attribute 'get' (listener.py:133)
Traceback (most recent call last):
  File "/Users/jack/Python_Projects/BotTrader/webhook/listener.py", line 123, in connect_websocket
    handler = handlers.get(channel)
AttributeError: 'NoneType' object has no attribute 'get'
2025-05-02 00:00:29,035 - webhook_logger - ERROR - Error processing message: 'NoneType' object has no attribute 'get' (listener.py:133)
Traceback (most recent call last):
  File "/Users/jack/Python_Projects/BotTrader/webhook/listener.py", line 123, in connect_websocket
    handler = handlers.get(channel)
AttributeError: 'NoneType' object has no attribute 'get'
2025-05-02 00:00:29,035 - webhook_logger - ERROR - Error processing message: 'NoneType' object has no attribute 'get' (listener.py:133)
Traceback (most recent call last):
  File "/Users/jack/Python_Projects/BotTrader/webhook/listener.py", line 123, in connect_websocket
    handler = handlers.get(channel)
AttributeError: 'NoneType' object has no attribute 'get'
2025-05-02 00:00:29,035 - webhook_logger - ERROR - Error processing message: 'NoneType' object has no attribute 'get' (listener.py:133)
Traceback (most recent call last):
  File "/Users/jack/Python_Projects/BotTrader/webhook/listener.py", line 123, in connect_websocket
    handler = handlers.get(channel)
AttributeError: 'NoneType' object has no attribute 'get'
2025-05-02 00:00:29,040 - webhook_logger - ERROR - Unexpected WebSocket error:  (listener.py:141)
Traceback (most recent call last):
  File "/opt/anaconda3/envs/TradeBot/lib/python3.10/site-packages/websockets/legacy/client.py", line 654, in __await_impl__
    _transport, protocol = await self._create_connection()
  File "/opt/anaconda3/envs/TradeBot/lib/python3.10/asyncio/base_events.py", line 1036, in create_connection
    infos = await self._ensure_resolved(
  File "/opt/anaconda3/envs/TradeBot/lib/python3.10/asyncio/base_events.py", line 1418, in _ensure_resolved
    return await loop.getaddrinfo(host, port, family=family, type=type,
  File "/opt/anaconda3/envs/TradeBot/lib/python3.10/asyncio/base_events.py", line 863, in getaddrinfo
    return await self.run_in_executor(
asyncio.exceptions.CancelledError

During handling of the above exception, another exception occurred:

Traceback (most recent call last):
  File "/Users/jack/Python_Projects/BotTrader/webhook/listener.py", line 95, in connect_websocket
    async with websockets.connect(ws_url, max_size=2 ** 20) as ws:
  File "/opt/anaconda3/envs/TradeBot/lib/python3.10/site-packages/websockets/legacy/client.py", line 635, in __aenter__
    return await self
  File "/opt/anaconda3/envs/TradeBot/lib/python3.10/site-packages/websockets/legacy/client.py", line 652, in __await_impl__
    async with asyncio_timeout(self.open_timeout):
  File "/opt/anaconda3/envs/TradeBot/lib/python3.10/site-packages/websockets/asyncio/async_timeout.py", line 181, in __aexit__
    self._do_exit(exc_type)
  File "/opt/anaconda3/envs/TradeBot/lib/python3.10/site-packages/websockets/asyncio/async_timeout.py", line 268, in _do_exit
    raise asyncio.TimeoutError
asyncio.exceptions.TimeoutError
2025-05-02 00:00:29,046 - webhook_logger - ERROR - Error processing message: 'NoneType' object has no attribute 'get' (listener.py:133)
Traceback (most recent call last):
  File "/Users/jack/Python_Projects/BotTrader/webhook/listener.py", line 123, in connect_websocket
    handler = handlers.get(channel)
AttributeError: 'NoneType' object has no attribute 'get'
2025-05-02 00:00:29,046 - webhook_logger - ERROR - Error processing message: 'NoneType' object has no attribute 'get' (listener.py:133)
Traceback (most recent call last):
  File "/Users/jack/Python_Projects/BotTrader/webhook/listener.py", line 123, in connect_websocket
    handler = handlers.get(channel)
AttributeError: 'NoneType' object has no attribute 'get'
2025-05-02 00:00:29,047 - webhook_logger - ERROR - Error processing message: 'NoneType' object has no attribute 'get' (listener.py:133)
Traceback (most recent call last):
  File "/Users/jack/Python_Projects/BotTrader/webhook/listener.py", line 123, in connect_websocket
    handler = handlers.get(channel)
AttributeError: 'NoneType' object has no attribute 'get'
2025-05-02 00:00:29,047 - webhook_logger - ERROR - Error processing message: 'NoneType' object has no attribute 'get' (listener.py:133)
Traceback (most recent call last):
  File "/Users/jack/Python_Projects/BotTrader/webhook/listener.py", line 123, in connect_websocket
    handler = handlers.get(channel)
AttributeError: 'NoneType' object has no attribute 'get'
2025-05-02 00:00:29,047 - webhook_logger - ERROR - Error processing message: 'NoneType' object has no attribute 'get' (listener.py:133)
Traceback (most recent call last):
  File "/Users/jack/Python_Projects/BotTrader/webhook/listener.py", line 123, in connect_websocket
    handler = handlers.get(channel)
AttributeError: 'NoneType' object has no attribute 'get'
2025-05-02 00:00:29,047 - webhook_logger - ERROR - Error processing message: 'NoneType' object has no attribute 'get' (listener.py:133)
Traceback (most recent call last):
  File "/Users/jack/Python_Projects/BotTrader/webhook/listener.py", line 123, in connect_websocket
    handler = handlers.get(channel)
AttributeError: 'NoneType' object has no attribute 'get'
2025-05-02 00:00:29,047 - webhook_logger - ERROR - Error processing message: 'NoneType' object has no attribute 'get' (listener.py:133)
Traceback (most recent call last):
  File "/Users/jack/Python_Projects/BotTrader/webhook/listener.py", line 123, in connect_websocket
    handler = handlers.get(channel)
AttributeError: 'NoneType' object has no attribute 'get'
2025-05-02 00:00:29,047 - webhook_logger - ERROR - Error processing message: 'NoneType' object has no attribute 'get' (listener.py:133)
Traceback (most recent call last):
  File "/Users/jack/Python_Projects/BotTrader/webhook/listener.py", line 123, in connect_websocket
    handler = handlers.get(channel)
AttributeError: 'NoneType' object has no attribute 'get'
2025-05-02 00:00:29,047 - webhook_logger - ERROR - Error processing message: 'NoneType' object has no attribute 'get' (listener.py:133)
Traceback (most recent call last):
  File "/Users/jack/Python_Projects/BotTrader/webhook/listener.py", line 123, in connect_websocket
    handler = handlers.get(channel)
AttributeError: 'NoneType' object has no attribute 'get'
2025-05-02 00:00:29,047 - webhook_logger - ERROR - Error processing message: 'NoneType' object has no attribute 'get' (listener.py:133)
Traceback (most recent call last):
  File "/Users/jack/Python_Projects/BotTrader/webhook/listener.py", line 123, in connect_websocket
    handler = handlers.get(channel)
AttributeError: 'NoneType' object has no attribute 'get'
2025-05-02 00:00:29,048 - webhook_logger - ERROR - Error processing message: 'NoneType' object has no attribute 'get' (listener.py:133)
Traceback (most recent call last):
  File "/Users/jack/Python_Projects/BotTrader/webhook/listener.py", line 123, in connect_websocket
    handler = handlers.get(channel)
AttributeError: 'NoneType' object has no attribute 'get'
2025-05-02 00:00:29,048 - webhook_logger - ERROR - Error processing message: 'NoneType' object has no attribute 'get' (listener.py:133)
Traceback (most recent call last):
  File "/Users/jack/Python_Projects/BotTrader/webhook/listener.py", line 123, in connect_websocket
    handler = handlers.get(channel)
AttributeError: 'NoneType' object has no attribute 'get'
2025-05-02 00:00:29,048 - webhook_logger - ERROR - Error processing message: 'NoneType' object has no attribute 'get' (listener.py:133)
Traceback (most recent call last):
  File "/Users/jack/Python_Projects/BotTrader/webhook/listener.py", line 123, in connect_websocket
    handler = handlers.get(channel)
AttributeError: 'NoneType' object has no attribute 'get'
2025-05-02 00:00:29,048 - webhook_logger - ERROR - Error processing message: 'NoneType' object has no attribute 'get' (listener.py:133)
Traceback (most recent call last):
  File "/Users/jack/Python_Projects/BotTrader/webhook/listener.py", line 123, in connect_websocket
    handler = handlers.get(channel)
AttributeError: 'NoneType' object has no attribute 'get'
2025-05-02 00:00:29,048 - webhook_logger - ERROR - Error processing message: 'NoneType' object has no attribute 'get' (listener.py:133)
Traceback (most recent call last):
  File "/Users/jack/Python_Projects/BotTrader/webhook/listener.py", line 123, in connect_websocket
    handler = handlers.get(channel)
AttributeError: 'NoneType' object has no attribute 'get'
2025-05-02 00:00:29,048 - webhook_logger - ERROR - Error processing message: 'NoneType' object has no attribute 'get' (listener.py:133)
Traceback (most recent call last):
  File "/Users/jack/Python_Projects/BotTrader/webhook/listener.py", line 123, in connect_websocket
    handler = handlers.get(channel)
AttributeError: 'NoneType' object has no attribute 'get'
2025-05-02 00:00:29,048 - webhook_logger - ERROR - Error processing message: 'NoneType' object has no attribute 'get' (listener.py:133)
Traceback (most recent call last):
  File "/Users/jack/Python_Projects/BotTrader/webhook/listener.py", line 123, in connect_websocket
    handler = handlers.get(channel)
AttributeError: 'NoneType' object has no attribute 'get'
2025-05-02 00:00:29,048 - webhook_logger - ERROR - Error processing message: 'NoneType' object has no attribute 'get' (listener.py:133)
Traceback (most recent call last):
  File "/Users/jack/Python_Projects/BotTrader/webhook/listener.py", line 123, in connect_websocket
    handler = handlers.get(channel)
AttributeError: 'NoneType' object has no attribute 'get'
2025-05-02 00:00:29,049 - webhook_logger - ERROR - Error processing message: 'NoneType' object has no attribute 'get' (listener.py:133)
Traceback (most recent call last):
  File "/Users/jack/Python_Projects/BotTrader/webhook/listener.py", line 123, in connect_websocket
    handler = handlers.get(channel)
AttributeError: 'NoneType' object has no attribute 'get'
2025-05-02 00:00:29,049 - webhook_logger - ERROR - Error processing message: 'NoneType' object has no attribute 'get' (listener.py:133)
Traceback (most recent call last):
  File "/Users/jack/Python_Projects/BotTrader/webhook/listener.py", line 123, in connect_websocket
    handler = handlers.get(channel)
AttributeError: 'NoneType' object has no attribute 'get'
2025-05-02 00:00:29,049 - webhook_logger - ERROR - Error processing message: 'NoneType' object has no attribute 'get' (listener.py:133)
Traceback (most recent call last):
  File "/Users/jack/Python_Projects/BotTrader/webhook/listener.py", line 123, in connect_websocket
    handler = handlers.get(channel)
AttributeError: 'NoneType' object has no attribute 'get'
2025-05-02 00:00:29,049 - webhook_logger - ERROR - Error processing message: 'NoneType' object has no attribute 'get' (listener.py:133)
Traceback (most recent call last):
  File "/Users/jack/Python_Projects/BotTrader/webhook/listener.py", line 123, in connect_websocket
    handler = handlers.get(channel)
AttributeError: 'NoneType' object has no attribute 'get'
2025-05-02 00:00:29,049 - webhook_logger - ERROR - Error processing message: 'NoneType' object has no attribute 'get' (listener.py:133)
Traceback (most recent call last):
  File "/Users/jack/Python_Projects/BotTrader/webhook/listener.py", line 123, in connect_websocket
    handler = handlers.get(channel)
AttributeError: 'NoneType' object has no attribute 'get'
2025-05-02 00:00:29,049 - webhook_logger - ERROR - Error processing message: 'NoneType' object has no attribute 'get' (listener.py:133)
Traceback (most recent call last):
  File "/Users/jack/Python_Projects/BotTrader/webhook/listener.py", line 123, in connect_websocket
    handler = handlers.get(channel)
AttributeError: 'NoneType' object has no attribute 'get'
2025-05-02 00:00:29,049 - webhook_logger - ERROR - Error processing message: 'NoneType' object has no attribute 'get' (listener.py:133)
Traceback (most recent call last):
  File "/Users/jack/Python_Projects/BotTrader/webhook/listener.py", line 123, in connect_websocket
    handler = handlers.get(channel)
AttributeError: 'NoneType' object has no attribute 'get'
2025-05-02 00:00:29,049 - webhook_logger - ERROR - Error processing message: 'NoneType' object has no attribute 'get' (listener.py:133)
Traceback (most recent call last):
  File "/Users/jack/Python_Projects/BotTrader/webhook/listener.py", line 123, in connect_websocket
    handler = handlers.get(channel)
AttributeError: 'NoneType' object has no attribute 'get'
2025-05-02 00:00:29,050 - webhook_logger - ERROR - Error processing message: 'NoneType' object has no attribute 'get' (listener.py:133)
Traceback (most recent call last):
  File "/Users/jack/Python_Projects/BotTrader/webhook/listener.py", line 123, in connect_websocket
    handler = handlers.get(channel)
AttributeError: 'NoneType' object has no attribute 'get'
2025-05-02 00:00:29,050 - webhook_logger - ERROR - Error processing message: 'NoneType' object has no attribute 'get' (listener.py:133)
Traceback (most recent call last):
  File "/Users/jack/Python_Projects/BotTrader/webhook/listener.py", line 123, in connect_websocket
    handler = handlers.get(channel)
AttributeError: 'NoneType' object has no attribute 'get'
2025-05-02 00:00:29,050 - webhook_logger - ERROR - Error processing message: 'NoneType' object has no attribute 'get' (listener.py:133)
Traceback (most recent call last):
  File "/Users/jack/Python_Projects/BotTrader/webhook/listener.py", line 123, in connect_websocket
    handler = handlers.get(channel)
AttributeError: 'NoneType' object has no attribute 'get'
2025-05-02 00:00:29,050 - webhook_logger - ERROR - Error processing message: 'NoneType' object has no attribute 'get' (listener.py:133)
Traceback (most recent call last):
  File "/Users/jack/Python_Projects/BotTrader/webhook/listener.py", line 123, in connect_websocket
    handler = handlers.get(channel)
AttributeError: 'NoneType' object has no attribute 'get'
2025-05-02 00:00:29,050 - webhook_logger - ERROR - Error processing message: 'NoneType' object has no attribute 'get' (listener.py:133)
Traceback (most recent call last):
  File "/Users/jack/Python_Projects/BotTrader/webhook/listener.py", line 123, in connect_websocket
    handler = handlers.get(channel)
AttributeError: 'NoneType' object has no attribute 'get'
2025-05-02 00:00:29,050 - webhook_logger - ERROR - Error processing message: 'NoneType' object has no attribute 'get' (listener.py:133)
Traceback (most recent call last):
  File "/Users/jack/Python_Projects/BotTrader/webhook/listener.py", line 123, in connect_websocket
    handler = handlers.get(channel)
AttributeError: 'NoneType' object has no attribute 'get'
2025-05-02 00:00:29,053 - webhook_logger - ERROR - Error processing message: 'NoneType' object has no attribute 'get' (listener.py:133)
Traceback (most recent call last):
  File "/Users/jack/Python_Projects/BotTrader/webhook/listener.py", line 123, in connect_websocket
    handler = handlers.get(channel)
AttributeError: 'NoneType' object has no attribute 'get'
2025-05-02 00:00:29,053 - webhook_logger - ERROR - Error processing message: 'NoneType' object has no attribute 'get' (listener.py:133)
Traceback (most recent call last):
  File "/Users/jack/Python_Projects/BotTrader/webhook/listener.py", line 123, in connect_websocket
    handler = handlers.get(channel)
AttributeError: 'NoneType' object has no attribute 'get'
2025-05-02 00:00:29,053 - webhook_logger - ERROR - Error processing message: 'NoneType' object has no attribute 'get' (listener.py:133)
Traceback (most recent call last):
  File "/Users/jack/Python_Projects/BotTrader/webhook/listener.py", line 123, in connect_websocket
    handler = handlers.get(channel)
AttributeError: 'NoneType' object has no attribute 'get'
2025-05-02 00:00:29,053 - webhook_logger - ERROR - Error processing message: 'NoneType' object has no attribute 'get' (listener.py:133)
Traceback (most recent call last):
  File "/Users/jack/Python_Projects/BotTrader/webhook/listener.py", line 123, in connect_websocket
    handler = handlers.get(channel)
AttributeError: 'NoneType' object has no attribute 'get'
2025-05-02 00:00:29,053 - webhook_logger - ERROR - Error processing message: 'NoneType' object has no attribute 'get' (listener.py:133)
Traceback (most recent call last):
  File "/Users/jack/Python_Projects/BotTrader/webhook/listener.py", line 123, in connect_websocket
    handler = handlers.get(channel)
AttributeError: 'NoneType' object has no attribute 'get'
2025-05-02 00:00:29,053 - webhook_logger - ERROR - Error processing message: 'NoneType' object has no attribute 'get' (listener.py:133)
Traceback (most recent call last):
  File "/Users/jack/Python_Projects/BotTrader/webhook/listener.py", line 123, in connect_websocket
    handler = handlers.get(channel)
AttributeError: 'NoneType' object has no attribute 'get'
2025-05-02 00:00:29,054 - webhook_logger - ERROR - Error processing message: 'NoneType' object has no attribute 'get' (listener.py:133)
Traceback (most recent call last):
  File "/Users/jack/Python_Projects/BotTrader/webhook/listener.py", line 123, in connect_websocket
    handler = handlers.get(channel)
AttributeError: 'NoneType' object has no attribute 'get'
2025-05-02 00:00:29,054 - webhook_logger - ERROR - Error processing message: 'NoneType' object has no attribute 'get' (listener.py:133)
Traceback (most recent call last):
  File "/Users/jack/Python_Projects/BotTrader/webhook/listener.py", line 123, in connect_websocket
    handler = handlers.get(channel)
AttributeError: 'NoneType' object has no attribute 'get'
2025-05-02 00:00:29,054 - webhook_logger - ERROR - Error processing message: 'NoneType' object has no attribute 'get' (listener.py:133)
Traceback (most recent call last):
  File "/Users/jack/Python_Projects/BotTrader/webhook/listener.py", line 123, in connect_websocket
    handler = handlers.get(channel)
AttributeError: 'NoneType' object has no attribute 'get'
2025-05-02 00:00:29,054 - webhook_logger - ERROR - Error processing message: 'NoneType' object has no attribute 'get' (listener.py:133)
Traceback (most recent call last):
  File "/Users/jack/Python_Projects/BotTrader/webhook/listener.py", line 123, in connect_websocket
    handler = handlers.get(channel)
AttributeError: 'NoneType' object has no attribute 'get'
2025-05-02 00:00:29,054 - webhook_logger - ERROR - Error processing message: 'NoneType' object has no attribute 'get' (listener.py:133)
Traceback (most recent call last):
  File "/Users/jack/Python_Projects/BotTrader/webhook/listener.py", line 123, in connect_websocket
    handler = handlers.get(channel)
AttributeError: 'NoneType' object has no attribute 'get'
2025-05-02 00:00:29,054 - webhook_logger - ERROR - Error processing message: 'NoneType' object has no attribute 'get' (listener.py:133)
Traceback (most recent call last):
  File "/Users/jack/Python_Projects/BotTrader/webhook/listener.py", line 123, in connect_websocket
    handler = handlers.get(channel)
AttributeError: 'NoneType' object has no attribute 'get'
2025-05-02 00:00:29,054 - webhook_logger - ERROR - Error processing message: 'NoneType' object has no attribute 'get' (listener.py:133)
Traceback (most recent call last):
  File "/Users/jack/Python_Projects/BotTrader/webhook/listener.py", line 123, in connect_websocket
    handler = handlers.get(channel)
AttributeError: 'NoneType' object has no attribute 'get'
2025-05-02 00:00:29,054 - webhook_logger - ERROR - Error processing message: 'NoneType' object has no attribute 'get' (listener.py:133)
Traceback (most recent call last):
  File "/Users/jack/Python_Projects/BotTrader/webhook/listener.py", line 123, in connect_websocket
    handler = handlers.get(channel)
AttributeError: 'NoneType' object has no attribute 'get'
2025-05-02 00:00:29,055 - webhook_logger - ERROR - Error processing message: 'NoneType' object has no attribute 'get' (listener.py:133)
Traceback (most recent call last):
  File "/Users/jack/Python_Projects/BotTrader/webhook/listener.py", line 123, in connect_websocket
    handler = handlers.get(channel)
AttributeError: 'NoneType' object has no attribute 'get'
2025-05-02 00:00:29,055 - webhook_logger - ERROR - Error processing message: 'NoneType' object has no attribute 'get' (listener.py:133)
Traceback (most recent call last):
  File "/Users/jack/Python_Projects/BotTrader/webhook/listener.py", line 123, in connect_websocket
    handler = handlers.get(channel)
AttributeError: 'NoneType' object has no attribute 'get'
2025-05-02 00:00:29,055 - webhook_logger - ERROR - Error processing message: 'NoneType' object has no attribute 'get' (listener.py:133)
Traceback (most recent call last):
  File "/Users/jack/Python_Projects/BotTrader/webhook/listener.py", line 123, in connect_websocket
    handler = handlers.get(channel)
AttributeError: 'NoneType' object has no attribute 'get'
2025-05-02 00:00:29,055 - webhook_logger - ERROR - Error processing message: 'NoneType' object has no attribute 'get' (listener.py:133)
Traceback (most recent call last):
  File "/Users/jack/Python_Projects/BotTrader/webhook/listener.py", line 123, in connect_websocket
    handler = handlers.get(channel)
AttributeError: 'NoneType' object has no attribute 'get'
2025-05-02 00:00:29,055 - webhook_logger - ERROR - Error processing message: 'NoneType' object has no attribute 'get' (listener.py:133)
Traceback (most recent call last):
  File "/Users/jack/Python_Projects/BotTrader/webhook/listener.py", line 123, in connect_websocket
    handler = handlers.get(channel)
AttributeError: 'NoneType' object has no attribute 'get'
2025-05-02 00:00:29,055 - webhook_logger - ERROR - Error processing message: 'NoneType' object has no attribute 'get' (listener.py:133)
Traceback (most recent call last):
  File "/Users/jack/Python_Projects/BotTrader/webhook/listener.py", line 123, in connect_websocket
    handler = handlers.get(channel)
AttributeError: 'NoneType' object has no attribute 'get'
2025-05-02 00:00:29,055 - webhook_logger - ERROR - Error processing message: 'NoneType' object has no attribute 'get' (listener.py:133)
Traceback (most recent call last):
  File "/Users/jack/Python_Projects/BotTrader/webhook/listener.py", line 123, in connect_websocket
    handler = handlers.get(channel)
AttributeError: 'NoneType' object has no attribute 'get'
2025-05-02 00:00:29,056 - webhook_logger - ERROR - Error processing message: 'NoneType' object has no attribute 'get' (listener.py:133)
Traceback (most recent call last):
  File "/Users/jack/Python_Projects/BotTrader/webhook/listener.py", line 123, in connect_websocket
    handler = handlers.get(channel)
AttributeError: 'NoneType' object has no attribute 'get'
2025-05-02 00:00:29,056 - webhook_logger - ERROR - Error processing message: 'NoneType' object has no attribute 'get' (listener.py:133)
Traceback (most recent call last):
  File "/Users/jack/Python_Projects/BotTrader/webhook/listener.py", line 123, in connect_websocket
    handler = handlers.get(channel)
AttributeError: 'NoneType' object has no attribute 'get'
2025-05-02 00:00:29,056 - webhook_logger - ERROR - Error processing message: 'NoneType' object has no attribute 'get' (listener.py:133)
Traceback (most recent call last):
  File "/Users/jack/Python_Projects/BotTrader/webhook/listener.py", line 123, in connect_websocket
    handler = handlers.get(channel)
AttributeError: 'NoneType' object has no attribute 'get'
2025-05-02 00:00:29,056 - webhook_logger - ERROR - Error processing message: 'NoneType' object has no attribute 'get' (listener.py:133)
Traceback (most recent call last):
  File "/Users/jack/Python_Projects/BotTrader/webhook/listener.py", line 123, in connect_websocket
    handler = handlers.get(channel)
AttributeError: 'NoneType' object has no attribute 'get'
2025-05-02 00:00:29,056 - webhook_logger - ERROR - Error processing message: 'NoneType' object has no attribute 'get' (listener.py:133)
Traceback (most recent call last):
  File "/Users/jack/Python_Projects/BotTrader/webhook/listener.py", line 123, in connect_websocket
    handler = handlers.get(channel)
AttributeError: 'NoneType' object has no attribute 'get'
2025-05-02 00:00:29,056 - webhook_logger - ERROR - Error processing message: 'NoneType' object has no attribute 'get' (listener.py:133)
Traceback (most recent call last):
  File "/Users/jack/Python_Projects/BotTrader/webhook/listener.py", line 123, in connect_websocket
    handler = handlers.get(channel)
AttributeError: 'NoneType' object has no attribute 'get'
2025-05-02 00:00:29,056 - webhook_logger - ERROR - Error processing message: 'NoneType' object has no attribute 'get' (listener.py:133)
Traceback (most recent call last):
  File "/Users/jack/Python_Projects/BotTrader/webhook/listener.py", line 123, in connect_websocket
    handler = handlers.get(channel)
AttributeError: 'NoneType' object has no attribute 'get'
2025-05-02 00:00:29,056 - webhook_logger - ERROR - Error processing message: 'NoneType' object has no attribute 'get' (listener.py:133)
Traceback (most recent call last):
  File "/Users/jack/Python_Projects/BotTrader/webhook/listener.py", line 123, in connect_websocket
    handler = handlers.get(channel)
AttributeError: 'NoneType' object has no attribute 'get'
2025-05-02 00:00:29,057 - webhook_logger - ERROR - Error processing message: 'NoneType' object has no attribute 'get' (listener.py:133)
Traceback (most recent call last):
  File "/Users/jack/Python_Projects/BotTrader/webhook/listener.py", line 123, in connect_websocket
    handler = handlers.get(channel)
AttributeError: 'NoneType' object has no attribute 'get'
2025-05-02 00:00:29,057 - webhook_logger - ERROR - Error processing message: 'NoneType' object has no attribute 'get' (listener.py:133)
Traceback (most recent call last):
  File "/Users/jack/Python_Projects/BotTrader/webhook/listener.py", line 123, in connect_websocket
    handler = handlers.get(channel)
AttributeError: 'NoneType' object has no attribute 'get'
2025-05-02 00:00:29,057 - webhook_logger - ERROR - Error processing message: 'NoneType' object has no attribute 'get' (listener.py:133)
Traceback (most recent call last):
  File "/Users/jack/Python_Projects/BotTrader/webhook/listener.py", line 123, in connect_websocket
    handler = handlers.get(channel)
AttributeError: 'NoneType' object has no attribute 'get'
2025-05-02 00:00:29,059 - webhook_logger - ERROR - Error processing message: 'NoneType' object has no attribute 'get' (listener.py:133)
Traceback (most recent call last):
  File "/Users/jack/Python_Projects/BotTrader/webhook/listener.py", line 123, in connect_websocket
    handler = handlers.get(channel)
AttributeError: 'NoneType' object has no attribute 'get'
2025-05-02 00:00:29,059 - webhook_logger - ERROR - Error processing message: 'NoneType' object has no attribute 'get' (listener.py:133)
Traceback (most recent call last):
  File "/Users/jack/Python_Projects/BotTrader/webhook/listener.py", line 123, in connect_websocket
    handler = handlers.get(channel)
AttributeError: 'NoneType' object has no attribute 'get'
2025-05-02 00:00:29,059 - webhook_logger - ERROR - Error processing message: 'NoneType' object has no attribute 'get' (listener.py:133)
Traceback (most recent call last):
  File "/Users/jack/Python_Projects/BotTrader/webhook/listener.py", line 123, in connect_websocket
    handler = handlers.get(channel)
AttributeError: 'NoneType' object has no attribute 'get'
2025-05-02 00:00:29,059 - webhook_logger - ERROR - Error processing message: 'NoneType' object has no attribute 'get' (listener.py:133)
Traceback (most recent call last):
  File "/Users/jack/Python_Projects/BotTrader/webhook/listener.py", line 123, in connect_websocket
    handler = handlers.get(channel)
AttributeError: 'NoneType' object has no attribute 'get'
2025-05-02 00:00:29,060 - webhook_logger - ERROR - Error processing message: 'NoneType' object has no attribute 'get' (listener.py:133)
Traceback (most recent call last):
  File "/Users/jack/Python_Projects/BotTrader/webhook/listener.py", line 123, in connect_websocket
    handler = handlers.get(channel)
AttributeError: 'NoneType' object has no attribute 'get'
2025-05-02 00:00:29,060 - webhook_logger - ERROR - Error processing message: 'NoneType' object has no attribute 'get' (listener.py:133)
Traceback (most recent call last):
  File "/Users/jack/Python_Projects/BotTrader/webhook/listener.py", line 123, in connect_websocket
    handler = handlers.get(channel)
AttributeError: 'NoneType' object has no attribute 'get'
2025-05-02 00:00:29,060 - webhook_logger - ERROR - Error processing message: 'NoneType' object has no attribute 'get' (listener.py:133)
Traceback (most recent call last):
  File "/Users/jack/Python_Projects/BotTrader/webhook/listener.py", line 123, in connect_websocket
    handler = handlers.get(channel)
AttributeError: 'NoneType' object has no attribute 'get'
2025-05-02 00:00:29,060 - webhook_logger - ERROR - Error processing message: 'NoneType' object has no attribute 'get' (listener.py:133)
Traceback (most recent call last):
  File "/Users/jack/Python_Projects/BotTrader/webhook/listener.py", line 123, in connect_websocket
    handler = handlers.get(channel)
AttributeError: 'NoneType' object has no attribute 'get'
2025-05-02 00:00:29,060 - webhook_logger - ERROR - Error processing message: 'NoneType' object has no attribute 'get' (listener.py:133)
Traceback (most recent call last):
  File "/Users/jack/Python_Projects/BotTrader/webhook/listener.py", line 123, in connect_websocket
    handler = handlers.get(channel)
AttributeError: 'NoneType' object has no attribute 'get'
2025-05-02 00:00:29,060 - webhook_logger - ERROR - Error processing message: 'NoneType' object has no attribute 'get' (listener.py:133)
Traceback (most recent call last):
  File "/Users/jack/Python_Projects/BotTrader/webhook/listener.py", line 123, in connect_websocket
    handler = handlers.get(channel)
AttributeError: 'NoneType' object has no attribute 'get'
2025-05-02 00:00:29,061 - webhook_logger - ERROR - Error processing message: 'NoneType' object has no attribute 'get' (listener.py:133)
Traceback (most recent call last):
  File "/Users/jack/Python_Projects/BotTrader/webhook/listener.py", line 123, in connect_websocket
    handler = handlers.get(channel)
AttributeError: 'NoneType' object has no attribute 'get'
2025-05-02 00:00:29,061 - webhook_logger - ERROR - Error processing message: 'NoneType' object has no attribute 'get' (listener.py:133)
Traceback (most recent call last):
  File "/Users/jack/Python_Projects/BotTrader/webhook/listener.py", line 123, in connect_websocket
    handler = handlers.get(channel)
AttributeError: 'NoneType' object has no attribute 'get'
2025-05-02 00:00:29,061 - webhook_logger - ERROR - Error processing message: 'NoneType' object has no attribute 'get' (listener.py:133)
Traceback (most recent call last):
  File "/Users/jack/Python_Projects/BotTrader/webhook/listener.py", line 123, in connect_websocket
    handler = handlers.get(channel)
AttributeError: 'NoneType' object has no attribute 'get'
2025-05-02 00:00:29,061 - webhook_logger - ERROR - Error processing message: 'NoneType' object has no attribute 'get' (listener.py:133)
Traceback (most recent call last):
  File "/Users/jack/Python_Projects/BotTrader/webhook/listener.py", line 123, in connect_websocket
    handler = handlers.get(channel)
AttributeError: 'NoneType' object has no attribute 'get'
2025-05-02 00:00:29,061 - webhook_logger - ERROR - Error processing message: 'NoneType' object has no attribute 'get' (listener.py:133)
Traceback (most recent call last):
  File "/Users/jack/Python_Projects/BotTrader/webhook/listener.py", line 123, in connect_websocket
    handler = handlers.get(channel)
AttributeError: 'NoneType' object has no attribute 'get'
2025-05-02 00:00:29,061 - webhook_logger - ERROR - Error processing message: 'NoneType' object has no attribute 'get' (listener.py:133)
Traceback (most recent call last):
  File "/Users/jack/Python_Projects/BotTrader/webhook/listener.py", line 123, in connect_websocket
    handler = handlers.get(channel)
AttributeError: 'NoneType' object has no attribute 'get'
2025-05-02 00:00:29,061 - webhook_logger - ERROR - Error processing message: 'NoneType' object has no attribute 'get' (listener.py:133)
Traceback (most recent call last):
  File "/Users/jack/Python_Projects/BotTrader/webhook/listener.py", line 123, in connect_websocket
    handler = handlers.get(channel)
AttributeError: 'NoneType' object has no attribute 'get'
2025-05-02 00:00:29,062 - webhook_logger - ERROR - Error processing message: 'NoneType' object has no attribute 'get' (listener.py:133)
Traceback (most recent call last):
  File "/Users/jack/Python_Projects/BotTrader/webhook/listener.py", line 123, in connect_websocket
    handler = handlers.get(channel)
AttributeError: 'NoneType' object has no attribute 'get'
2025-05-02 00:00:29,062 - webhook_logger - ERROR - Error processing message: 'NoneType' object has no attribute 'get' (listener.py:133)
Traceback (most recent call last):
  File "/Users/jack/Python_Projects/BotTrader/webhook/listener.py", line 123, in connect_websocket
    handler = handlers.get(channel)
AttributeError: 'NoneType' object has no attribute 'get'
2025-05-02 00:00:29,062 - webhook_logger - ERROR - Error processing message: 'NoneType' object has no attribute 'get' (listener.py:133)
Traceback (most recent call last):
  File "/Users/jack/Python_Projects/BotTrader/webhook/listener.py", line 123, in connect_websocket
    handler = handlers.get(channel)
AttributeError: 'NoneType' object has no attribute 'get'
2025-05-02 00:00:29,062 - webhook_logger - ERROR - Error processing message: 'NoneType' object has no attribute 'get' (listener.py:133)
Traceback (most recent call last):
  File "/Users/jack/Python_Projects/BotTrader/webhook/listener.py", line 123, in connect_websocket
    handler = handlers.get(channel)
AttributeError: 'NoneType' object has no attribute 'get'
2025-05-02 00:00:29,062 - webhook_logger - ERROR - Error processing message: 'NoneType' object has no attribute 'get' (listener.py:133)
Traceback (most recent call last):
  File "/Users/jack/Python_Projects/BotTrader/webhook/listener.py", line 123, in connect_websocket
    handler = handlers.get(channel)
AttributeError: 'NoneType' object has no attribute 'get'
2025-05-02 00:00:29,062 - webhook_logger - ERROR - Error processing message: 'NoneType' object has no attribute 'get' (listener.py:133)
Traceback (most recent call last):
  File "/Users/jack/Python_Projects/BotTrader/webhook/listener.py", line 123, in connect_websocket
    handler = handlers.get(channel)
AttributeError: 'NoneType' object has no attribute 'get'
2025-05-02 00:00:29,062 - webhook_logger - ERROR - Error processing message: 'NoneType' object has no attribute 'get' (listener.py:133)
Traceback (most recent call last):
  File "/Users/jack/Python_Projects/BotTrader/webhook/listener.py", line 123, in connect_websocket
    handler = handlers.get(channel)
AttributeError: 'NoneType' object has no attribute 'get'
2025-05-02 00:00:29,063 - webhook_logger - ERROR - Error processing message: 'NoneType' object has no attribute 'get' (listener.py:133)
Traceback (most recent call last):
  File "/Users/jack/Python_Projects/BotTrader/webhook/listener.py", line 123, in connect_websocket
    handler = handlers.get(channel)
AttributeError: 'NoneType' object has no attribute 'get'
2025-05-02 00:00:29,063 - webhook_logger - ERROR - Error processing message: 'NoneType' object has no attribute 'get' (listener.py:133)
Traceback (most recent call last):
  File "/Users/jack/Python_Projects/BotTrader/webhook/listener.py", line 123, in connect_websocket
    handler = handlers.get(channel)
AttributeError: 'NoneType' object has no attribute 'get'
2025-05-02 00:00:29,063 - webhook_logger - ERROR - Error processing message: 'NoneType' object has no attribute 'get' (listener.py:133)
Traceback (most recent call last):
  File "/Users/jack/Python_Projects/BotTrader/webhook/listener.py", line 123, in connect_websocket
    handler = handlers.get(channel)
AttributeError: 'NoneType' object has no attribute 'get'
2025-05-02 00:00:29,063 - webhook_logger - ERROR - Error processing message: 'NoneType' object has no attribute 'get' (listener.py:133)
Traceback (most recent call last):
  File "/Users/jack/Python_Projects/BotTrader/webhook/listener.py", line 123, in connect_websocket
    handler = handlers.get(channel)
AttributeError: 'NoneType' object has no attribute 'get'
2025-05-02 00:00:29,063 - webhook_logger - ERROR - Error processing message: 'NoneType' object has no attribute 'get' (listener.py:133)
Traceback (most recent call last):
  File "/Users/jack/Python_Projects/BotTrader/webhook/listener.py", line 123, in connect_websocket
    handler = handlers.get(channel)
AttributeError: 'NoneType' object has no attribute 'get'
2025-05-02 00:00:31,831 - webhook_logger - ERROR - Error processing message: 'NoneType' object has no attribute 'get' (listener.py:133)
Traceback (most recent call last):
  File "/Users/jack/Python_Projects/BotTrader/webhook/listener.py", line 123, in connect_websocket
    handler = handlers.get(channel)
AttributeError: 'NoneType' object has no attribute 'get'
2025-05-02 00:00:31,907 - webhook_logger - ERROR - Error processing message: 'NoneType' object has no attribute 'get' (listener.py:133)
Traceback (most recent call last):
  File "/Users/jack/Python_Projects/BotTrader/webhook/listener.py", line 123, in connect_websocket
    handler = handlers.get(channel)
AttributeError: 'NoneType' object has no attribute 'get'
2025-05-02 00:00:31,908 - webhook_logger - ERROR - Error processing message: 'NoneType' object has no attribute 'get' (listener.py:133)
Traceback (most recent call last):
  File "/Users/jack/Python_Projects/BotTrader/webhook/listener.py", line 123, in connect_websocket
    handler = handlers.get(channel)
AttributeError: 'NoneType' object has no attribute 'get'
2025-05-02 00:00:32,643 - webhook_logger - ERROR - Error processing message: 'NoneType' object has no attribute 'get' (listener.py:133)
Traceback (most recent call last):
  File "/Users/jack/Python_Projects/BotTrader/webhook/listener.py", line 123, in connect_websocket
    handler = handlers.get(channel)
AttributeError: 'NoneType' object has no attribute 'get'
2025-05-02 00:00:33,673 - webhook_logger - ERROR - Error processing message: 'NoneType' object has no attribute 'get' (listener.py:133)
Traceback (most recent call last):
  File "/Users/jack/Python_Projects/BotTrader/webhook/listener.py", line 123, in connect_websocket
    handler = handlers.get(channel)
AttributeError: 'NoneType' object has no attribute 'get'
2025-05-02 00:00:34,320 - webhook_logger - INFO - Connected to wss://advanced-trade-ws.coinbase.com (listener.py:96)
2025-05-02 00:00:34,559 - webhook_logger - ERROR - Error processing message: 'NoneType' object has no attribute 'get' (listener.py:133)
Traceback (most recent call last):
  File "/Users/jack/Python_Projects/BotTrader/webhook/listener.py", line 123, in connect_websocket
    handler = handlers.get(channel)
AttributeError: 'NoneType' object has no attribute 'get'
2025-05-02 00:00:35,464 - webhook_logger - INFO - ⚡ Subscribing to Market Channels... (listener.py:104)
2025-05-02 00:00:35,464 - webhook_logger - INFO - � Subscribing to Market Channels: ['ticker_batch', 'heartbeats'] (websocket_helper.py:307)
2025-05-02 00:00:35,465 - webhook_logger - INFO - Listening on wss://advanced-trade-ws.coinbase.com (listener.py:107)
2025-05-02 00:00:35,478 - webhook_logger - ERROR - Error processing message: 'NoneType' object has no attribute 'get' (listener.py:133)
Traceback (most recent call last):
  File "/Users/jack/Python_Projects/BotTrader/webhook/listener.py", line 123, in connect_websocket
    handler = handlers.get(channel)
AttributeError: 'NoneType' object has no attribute 'get'
2025-05-02 00:00:37,872 - webhook_logger - ERROR - Error processing message: 'NoneType' object has no attribute 'get' (listener.py:133)
Traceback (most recent call last):
  File "/Users/jack/Python_Projects/BotTrader/webhook/listener.py", line 123, in connect_websocket
    handler = handlers.get(channel)
AttributeError: 'NoneType' object has no attribute 'get'
2025-05-02 00:00:37,893 - webhook_logger - ERROR - Error processing message: 'NoneType' object has no attribute 'get' (listener.py:133)
Traceback (most recent call last):
  File "/Users/jack/Python_Projects/BotTrader/webhook/listener.py", line 123, in connect_websocket
    handler = handlers.get(channel)
AttributeError: 'NoneType' object has no attribute 'get'
2025-05-02 00:00:38,461 - webhook_logger - ERROR - Error processing message: 'NoneType' object has no attribute 'get' (listener.py:133)
Traceback (most recent call last):
  File "/Users/jack/Python_Projects/BotTrader/webhook/listener.py", line 123, in connect_websocket
    handler = handlers.get(channel)
AttributeError: 'NoneType' object has no attribute 'get'
2025-05-02 00:00:39,546 - webhook_logger - ERROR - Error processing message: 'NoneType' object has no attribute 'get' (listener.py:133)
Traceback (most recent call last):
  File "/Users/jack/Python_Projects/BotTrader/webhook/listener.py", line 123, in connect_websocket
    handler = handlers.get(channel)
AttributeError: 'NoneType' object has no attribute 'get'
2025-05-02 00:00:40,481 - webhook_logger - ERROR - Error processing message: 'NoneType' object has no attribute 'get' (listener.py:133)
Traceback (most recent call last):
  File "/Users/jack/Python_Projects/BotTrader/webhook/listener.py", line 123, in connect_websocket
    handler = handlers.get(channel)
AttributeError: 'NoneType' object has no attribute 'get'
2025-05-02 00:00:41,464 - webhook_logger - ERROR - Error processing message: 'NoneType' object has no attribute 'get' (listener.py:133)
Traceback (most recent call last):
  File "/Users/jack/Python_Projects/BotTrader/webhook/listener.py", line 123, in connect_websocket
    handler = handlers.get(channel)
AttributeError: 'NoneType' object has no attribute 'get'
2025-05-02 00:00:42,688 - webhook_logger - ERROR - Error processing message: 'NoneType' object has no attribute 'get' (listener.py:133)
Traceback (most recent call last):
  File "/Users/jack/Python_Projects/BotTrader/webhook/listener.py", line 123, in connect_websocket
    handler = handlers.get(channel)
AttributeError: 'NoneType' object has no attribute 'get'
2025-05-02 00:00:43,469 - webhook_logger - ERROR - Error processing message: 'NoneType' object has no attribute 'get' (listener.py:133)
Traceback (most recent call last):
  File "/Users/jack/Python_Projects/BotTrader/webhook/listener.py", line 123, in connect_websocket
    handler = handlers.get(channel)
AttributeError: 'NoneType' object has no attribute 'get'
2025-05-02 00:00:45,204 - webhook_logger - ERROR - Error processing message: 'NoneType' object has no attribute 'get' (listener.py:133)
Traceback (most recent call last):
  File "/Users/jack/Python_Projects/BotTrader/webhook/listener.py", line 123, in connect_websocket
    handler = handlers.get(channel)
AttributeError: 'NoneType' object has no attribute 'get'
2025-05-02 00:00:47,482 - webhook_logger - ERROR - Error processing message: 'NoneType' object has no attribute 'get' (listener.py:133)
Traceback (most recent call last):
  File "/Users/jack/Python_Projects/BotTrader/webhook/listener.py", line 123, in connect_websocket
    handler = handlers.get(channel)
AttributeError: 'NoneType' object has no attribute 'get'
2025-05-02 00:00:47,483 - webhook_logger - ERROR - Error processing message: 'NoneType' object has no attribute 'get' (listener.py:133)
Traceback (most recent call last):
  File "/Users/jack/Python_Projects/BotTrader/webhook/listener.py", line 123, in connect_websocket
    handler = handlers.get(channel)
AttributeError: 'NoneType' object has no attribute 'get'
2025-05-02 00:00:48,856 - webhook_logger - ERROR - Error processing message: 'NoneType' object has no attribute 'get' (listener.py:133)
Traceback (most recent call last):
  File "/Users/jack/Python_Projects/BotTrader/webhook/listener.py", line 123, in connect_websocket
    handler = handlers.get(channel)
AttributeError: 'NoneType' object has no attribute 'get'
2025-05-02 00:00:48,863 - webhook_logger - ERROR - Error processing message: 'NoneType' object has no attribute 'get' (listener.py:133)
Traceback (most recent call last):
  File "/Users/jack/Python_Projects/BotTrader/webhook/listener.py", line 123, in connect_websocket
    handler = handlers.get(channel)
AttributeError: 'NoneType' object has no attribute 'get'
2025-05-02 00:00:49,728 - webhook_logger - ERROR - Error processing message: 'NoneType' object has no attribute 'get' (listener.py:133)
Traceback (most recent call last):
  File "/Users/jack/Python_Projects/BotTrader/webhook/listener.py", line 123, in connect_websocket
    handler = handlers.get(channel)
AttributeError: 'NoneType' object has no attribute 'get'
2025-05-02 00:00:51,176 - webhook_logger - ERROR - Error processing message: 'NoneType' object has no attribute 'get' (listener.py:133)
Traceback (most recent call last):
  File "/Users/jack/Python_Projects/BotTrader/webhook/listener.py", line 123, in connect_websocket
    handler = handlers.get(channel)
AttributeError: 'NoneType' object has no attribute 'get'
2025-05-02 00:00:51,607 - webhook_logger - ERROR - Error processing message: 'NoneType' object has no attribute 'get' (listener.py:133)
Traceback (most recent call last):
  File "/Users/jack/Python_Projects/BotTrader/webhook/listener.py", line 123, in connect_websocket
    handler = handlers.get(channel)
AttributeError: 'NoneType' object has no attribute 'get'
2025-05-02 00:00:52,533 - webhook_logger - ERROR - Error processing message: 'NoneType' object has no attribute 'get' (listener.py:133)
Traceback (most recent call last):
  File "/Users/jack/Python_Projects/BotTrader/webhook/listener.py", line 123, in connect_websocket
    handler = handlers.get(channel)
AttributeError: 'NoneType' object has no attribute 'get'
2025-05-02 00:00:53,607 - webhook_logger - ERROR - Error processing message: 'NoneType' object has no attribute 'get' (listener.py:133)
Traceback (most recent call last):
  File "/Users/jack/Python_Projects/BotTrader/webhook/listener.py", line 123, in connect_websocket
    handler = handlers.get(channel)
AttributeError: 'NoneType' object has no attribute 'get'
2025-05-02 00:01:02,505 - webhook_logger - ERROR - Error processing message: 'NoneType' object has no attribute 'get' (listener.py:133)
Traceback (most recent call last):
  File "/Users/jack/Python_Projects/BotTrader/webhook/listener.py", line 123, in connect_websocket
    handler = handlers.get(channel)
AttributeError: 'NoneType' object has no attribute 'get'
2025-05-02 00:01:02,506 - webhook_logger - ERROR - Error processing message: 'NoneType' object has no attribute 'get' (listener.py:133)
Traceback (most recent call last):
  File "/Users/jack/Python_Projects/BotTrader/webhook/listener.py", line 123, in connect_websocket
    handler = handlers.get(channel)
AttributeError: 'NoneType' object has no attribute 'get'
2025-05-02 00:01:02,506 - webhook_logger - ERROR - Error processing message: 'NoneType' object has no attribute 'get' (listener.py:133)
Traceback (most recent call last):
  File "/Users/jack/Python_Projects/BotTrader/webhook/listener.py", line 123, in connect_websocket
    handler = handlers.get(channel)
AttributeError: 'NoneType' object has no attribute 'get'
2025-05-02 00:01:02,506 - webhook_logger - ERROR - Error processing message: 'NoneType' object has no attribute 'get' (listener.py:133)
Traceback (most recent call last):
  File "/Users/jack/Python_Projects/BotTrader/webhook/listener.py", line 123, in connect_websocket
    handler = handlers.get(channel)
AttributeError: 'NoneType' object has no attribute 'get'
2025-05-02 00:01:02,506 - webhook_logger - ERROR - Error processing message: 'NoneType' object has no attribute 'get' (listener.py:133)
Traceback (most recent call last):
  File "/Users/jack/Python_Projects/BotTrader/webhook/listener.py", line 123, in connect_websocket
    handler = handlers.get(channel)
AttributeError: 'NoneType' object has no attribute 'get'
2025-05-02 00:01:02,506 - webhook_logger - ERROR - Error processing message: 'NoneType' object has no attribute 'get' (listener.py:133)
Traceback (most recent call last):
  File "/Users/jack/Python_Projects/BotTrader/webhook/listener.py", line 123, in connect_websocket
    handler = handlers.get(channel)
AttributeError: 'NoneType' object has no attribute 'get'
2025-05-02 00:01:02,506 - webhook_logger - ERROR - Error processing message: 'NoneType' object has no attribute 'get' (listener.py:133)
Traceback (most recent call last):
  File "/Users/jack/Python_Projects/BotTrader/webhook/listener.py", line 123, in connect_websocket
    handler = handlers.get(channel)
AttributeError: 'NoneType' object has no attribute 'get'
2025-05-02 00:01:02,506 - webhook_logger - ERROR - Error processing message: 'NoneType' object has no attribute 'get' (listener.py:133)
Traceback (most recent call last):
  File "/Users/jack/Python_Projects/BotTrader/webhook/listener.py", line 123, in connect_websocket
    handler = handlers.get(channel)
AttributeError: 'NoneType' object has no attribute 'get'
2025-05-02 00:01:02,507 - webhook_logger - ERROR - Error processing message: 'NoneType' object has no attribute 'get' (listener.py:133)
Traceback (most recent call last):
  File "/Users/jack/Python_Projects/BotTrader/webhook/listener.py", line 123, in connect_websocket
    handler = handlers.get(channel)
AttributeError: 'NoneType' object has no attribute 'get'
2025-05-02 00:01:03,987 - webhook_logger - ERROR - Error processing message: 'NoneType' object has no attribute 'get' (listener.py:133)
Traceback (most recent call last):
  File "/Users/jack/Python_Projects/BotTrader/webhook/listener.py", line 123, in connect_websocket
    handler = handlers.get(channel)
AttributeError: 'NoneType' object has no attribute 'get'
2025-05-02 00:01:04,474 - webhook_logger - ERROR - Error processing message: 'NoneType' object has no attribute 'get' (listener.py:133)
Traceback (most recent call last):
  File "/Users/jack/Python_Projects/BotTrader/webhook/listener.py", line 123, in connect_websocket
    handler = handlers.get(channel)
AttributeError: 'NoneType' object has no attribute 'get'
2025-05-02 00:01:06,856 - webhook_logger - ERROR - Error processing message: 'NoneType' object has no attribute 'get' (listener.py:133)
Traceback (most recent call last):
  File "/Users/jack/Python_Projects/BotTrader/webhook/listener.py", line 123, in connect_websocket
    handler = handlers.get(channel)
AttributeError: 'NoneType' object has no attribute 'get'
2025-05-02 00:01:06,856 - webhook_logger - ERROR - Error processing message: 'NoneType' object has no attribute 'get' (listener.py:133)
Traceback (most recent call last):
  File "/Users/jack/Python_Projects/BotTrader/webhook/listener.py", line 123, in connect_websocket
    handler = handlers.get(channel)
AttributeError: 'NoneType' object has no attribute 'get'
2025-05-02 00:01:07,890 - webhook_logger - ERROR - Error processing message: 'NoneType' object has no attribute 'get' (listener.py:133)
Traceback (most recent call last):
  File "/Users/jack/Python_Projects/BotTrader/webhook/listener.py", line 123, in connect_websocket
    handler = handlers.get(channel)
AttributeError: 'NoneType' object has no attribute 'get'
2025-05-02 00:01:09,314 - webhook_logger - ERROR - Error processing message: 'NoneType' object has no attribute 'get' (listener.py:133)
Traceback (most recent call last):
  File "/Users/jack/Python_Projects/BotTrader/webhook/listener.py", line 123, in connect_websocket
    handler = handlers.get(channel)
AttributeError: 'NoneType' object has no attribute 'get'
2025-05-02 00:01:10,087 - webhook_logger - ERROR - Error processing message: 'NoneType' object has no attribute 'get' (listener.py:133)
Traceback (most recent call last):
  File "/Users/jack/Python_Projects/BotTrader/webhook/listener.py", line 123, in connect_websocket
    handler = handlers.get(channel)
AttributeError: 'NoneType' object has no attribute 'get'
2025-05-02 00:01:10,716 - webhook_logger - ERROR - Error processing message: 'NoneType' object has no attribute 'get' (listener.py:133)
Traceback (most recent call last):
  File "/Users/jack/Python_Projects/BotTrader/webhook/listener.py", line 123, in connect_websocket
    handler = handlers.get(channel)
AttributeError: 'NoneType' object has no attribute 'get'
2025-05-02 00:01:11,478 - webhook_logger - ERROR - Error processing message: 'NoneType' object has no attribute 'get' (listener.py:133)
Traceback (most recent call last):
  File "/Users/jack/Python_Projects/BotTrader/webhook/listener.py", line 123, in connect_websocket
    handler = handlers.get(channel)
AttributeError: 'NoneType' object has no attribute 'get'
2025-05-02 00:01:12,533 - webhook_logger - ERROR - Error processing message: 'NoneType' object has no attribute 'get' (listener.py:133)
Traceback (most recent call last):
  File "/Users/jack/Python_Projects/BotTrader/webhook/listener.py", line 123, in connect_websocket
    handler = handlers.get(channel)
AttributeError: 'NoneType' object has no attribute 'get'
2025-05-02 00:01:13,508 - webhook_logger - ERROR - Error processing message: 'NoneType' object has no attribute 'get' (listener.py:133)
Traceback (most recent call last):
  File "/Users/jack/Python_Projects/BotTrader/webhook/listener.py", line 123, in connect_websocket
    handler = handlers.get(channel)
AttributeError: 'NoneType' object has no attribute 'get'
2025-05-02 00:01:14,560 - webhook_logger - ERROR - Error processing message: 'NoneType' object has no attribute 'get' (listener.py:133)
Traceback (most recent call last):
  File "/Users/jack/Python_Projects/BotTrader/webhook/listener.py", line 123, in connect_websocket
    handler = handlers.get(channel)
AttributeError: 'NoneType' object has no attribute 'get'
2025-05-02 00:01:15,613 - webhook_logger - ERROR - Error processing message: 'NoneType' object has no attribute 'get' (listener.py:133)
Traceback (most recent call last):
  File "/Users/jack/Python_Projects/BotTrader/webhook/listener.py", line 123, in connect_websocket
    handler = handlers.get(channel)
AttributeError: 'NoneType' object has no attribute 'get'
2025-05-02 00:01:16,457 - webhook_logger - ERROR - Error processing message: 'NoneType' object has no attribute 'get' (listener.py:133)
Traceback (most recent call last):
  File "/Users/jack/Python_Projects/BotTrader/webhook/listener.py", line 123, in connect_websocket
    handler = handlers.get(channel)
AttributeError: 'NoneType' object has no attribute 'get'
2025-05-02 00:02:03,729 - webhook_logger - ERROR - Error processing message: 'NoneType' object has no attribute 'get' (listener.py:133)
Traceback (most recent call last):
  File "/Users/jack/Python_Projects/BotTrader/webhook/listener.py", line 123, in connect_websocket
    handler = handlers.get(channel)
AttributeError: 'NoneType' object has no attribute 'get'
2025-05-02 00:03:28,147 - webhook_logger - WARNING - ⚠️ No message ever received from market channel 'ticker_batch' (websocket_helper.py:238)
2025-05-02 00:03:28,148 - webhook_logger - WARNING - ⚠️ No message ever received from market channel 'heartbeats' (websocket_helper.py:238)
2025-05-02 00:03:28,152 - webhook_logger - INFO - 🔄 Starting sync_open_orders cycle… (listener.py:755)
2025-05-02 00:03:33,628 - webhook_logger - INFO - Connected to wss://advanced-trade-ws-user.coinbase.com (listener.py:96)
2025-05-02 00:03:43,635 - webhook_logger - INFO - Listening on wss://advanced-trade-ws-user.coinbase.com (listener.py:107)
2025-05-02 00:03:43,636 - webhook_logger - INFO - Connected to wss://advanced-trade-ws.coinbase.com (listener.py:96)
2025-05-02 00:03:43,858 - webhook_logger - INFO - ✅ First message received from market channel: subscriptions (websocket_helper.py:268)
2025-05-02 00:03:43,859 - webhook_logger - INFO - � Confirmed Market Subscriptions:  (websocket_helper.py:292)
2025-05-02 00:03:43,864 - webhook_logger - INFO - ✅ First message received from user channel: user (websocket_helper.py:211)
2025-05-02 00:03:43,869 - webhook_logger - INFO - � Confirmed Market Subscriptions:  (websocket_helper.py:292)
2025-05-02 00:03:43,873 - webhook_logger - INFO - ✅ sync_open_orders → upserted 250 rows (6 open / 250 recent) (listener.py:881)
2025-05-02 00:03:44,472 - webhook_logger - ERROR - Error handling tracked order 625a3071-a9fe-4691-a727-c9bb6242ad5b: 'info' (websocket_helper.py:588)
Traceback (most recent call last):
  File "/Users/jack/Python_Projects/BotTrader/webhook/websocket_helper.py", line 564, in monitor_and_update_active_orders
    trigger_config = full_order['info']['order_configuration']['trigger_bracket_gtc']
KeyError: 'info'
2025-05-02 00:03:44,479 - webhook_logger - ERROR - Error handling tracked order e9de5b20-9b05-4f8a-8fe2-ec8b2a410040: 'info' (websocket_helper.py:588)
Traceback (most recent call last):
  File "/Users/jack/Python_Projects/BotTrader/webhook/websocket_helper.py", line 564, in monitor_and_update_active_orders
    trigger_config = full_order['info']['order_configuration']['trigger_bracket_gtc']
KeyError: 'info'
2025-05-02 00:03:44,485 - webhook_logger - ERROR - Error handling tracked order 5cb04ef8-0c3c-4d1a-95c0-49197548415d: 'info' (websocket_helper.py:588)
Traceback (most recent call last):
  File "/Users/jack/Python_Projects/BotTrader/webhook/websocket_helper.py", line 564, in monitor_and_update_active_orders
    trigger_config = full_order['info']['order_configuration']['trigger_bracket_gtc']
KeyError: 'info'
2025-05-02 00:03:44,496 - webhook_logger - INFO - ✅ First message received from market channel: heartbeats (websocket_helper.py:268)
2025-05-02 00:03:44,638 - webhook_logger - INFO - ⚡ Subscribing to Market Channels... (listener.py:104)
2025-05-02 00:03:44,639 - webhook_logger - INFO - � Subscribing to Market Channels: ['ticker_batch', 'heartbeats'] (websocket_helper.py:307)
2025-05-02 00:03:44,640 - webhook_logger - INFO - Listening on wss://advanced-trade-ws.coinbase.com (listener.py:107)
2025-05-02 00:03:44,793 - webhook_logger - INFO - ✅ First message received from market channel: ticker_batch (websocket_helper.py:268)
2025-05-02 00:05:07,874 - webhook_logger - ERROR - ❌ Error refreshing market_data: object type can't be used in 'await' expression (listener.py:389)
Traceback (most recent call last):
  File "/Users/jack/Python_Projects/BotTrader/webhook/websocket_helper.py", line 588, in monitor_and_update_active_orders
    self.logger.error(f"Error handling tracked order {order_id}: {e}", exc_info=True)
UnboundLocalError: local variable 'e' referenced before assignment

During handling of the above exception, another exception occurred:

Traceback (most recent call last):
  File "/Users/jack/Python_Projects/BotTrader/webhook/websocket_helper.py", line 479, in monitor_and_update_active_orders
    async with (self.order_tracker_lock):
TypeError: 'traceback' object is not callable

During handling of the above exception, another exception occurred:

Traceback (most recent call last):
  File "/Users/jack/Python_Projects/BotTrader/webhook/listener.py", line 386, in refresh_market_data
    await self.websocket_helper.monitor_and_update_active_orders(new_market_data, new_order_management)
  File "/Users/jack/Python_Projects/BotTrader/webhook/websocket_helper.py", line 598, in monitor_and_update_active_orders
    await self.monitor_untracked_assets(market_data_snapshot, order_management_snapshot)
TypeError: object type can't be used in 'await' expression
2025-05-02 00:05:36,358 - webhook_logger - INFO - ✅ Successfully placed tp_sl order for STRK/USD (webhook_order_manager.py:536)
2025-05-02 00:05:36,359 - webhook_logger - INFO - ✅ Passive BUY STRK/USD @ 0.143 (passive_order_manager.py:153)
2025-05-02 00:05:36,719 - webhook_logger - WARNING - ⚠️ Passive SELL failed: Validation failed for STRK/USD (passive_order_manager.py:157)
2025-05-02 00:05:47,744 - webhook_logger - WARNING - ⚠️ Passive BUY failed: Order placement failed (passive_order_manager.py:157)
2025-05-02 00:05:49,241 - webhook_logger - INFO - ❌ Order validation failed for MOG/USD: ⚠️ MOG/USD has insufficient balance to sell. (webhook_validate_orders.py:446)
2025-05-02 00:05:49,242 - webhook_logger - INFO - ⚠️ Insufficient balance for MOG/USD sell order. Balance: 0 (webhook_validate_orders.py:538)
2025-05-02 00:05:49,243 - webhook_logger - WARNING - ⚠️ Passive SELL failed: Order validation failed for MOG/USD (passive_order_manager.py:157)
2025-05-02 00:07:30,533 - webhook_logger - WARNING - ⚠️ Failed to cancel expired buy STRK/USD: 'TradeOrderManager' object has no attribute 'cancel_order' (passive_order_manager.py:219)
2025-05-02 00:09:00,448 - webhook_logger - WARNING - ⚠️ No message ever received from market channel 'ticker_batch' (websocket_helper.py:238)
2025-05-02 00:09:00,448 - webhook_logger - WARNING - ⚠️ No message ever received from market channel 'heartbeats' (websocket_helper.py:238)
2025-05-02 00:09:00,452 - webhook_logger - INFO - 🔄 Starting sync_open_orders cycle… (listener.py:755)
2025-05-02 00:09:03,979 - webhook_logger - INFO - Connected to wss://advanced-trade-ws.coinbase.com (listener.py:96)
2025-05-02 00:09:03,981 - webhook_logger - INFO - Connected to wss://advanced-trade-ws-user.coinbase.com (listener.py:96)
2025-05-02 00:09:13,227 - webhook_logger - INFO - Listening on wss://advanced-trade-ws-user.coinbase.com (listener.py:107)
2025-05-02 00:09:14,898 - webhook_logger - INFO - ⚡ Subscribing to Market Channels... (listener.py:104)
2025-05-02 00:09:14,898 - webhook_logger - INFO - � Subscribing to Market Channels: ['ticker_batch', 'heartbeats'] (websocket_helper.py:307)
2025-05-02 00:09:14,900 - webhook_logger - INFO - Listening on wss://advanced-trade-ws.coinbase.com (listener.py:107)
2025-05-02 00:09:14,912 - webhook_logger - INFO - ✅ First message received from user channel: user (websocket_helper.py:211)
2025-05-02 00:09:14,921 - webhook_logger - INFO - ✅ First message received from market channel: subscriptions (websocket_helper.py:268)
2025-05-02 00:09:14,921 - webhook_logger - INFO - � Confirmed Market Subscriptions:  (websocket_helper.py:292)
2025-05-02 00:09:14,921 - webhook_logger - INFO - � Confirmed Market Subscriptions:  (websocket_helper.py:292)
2025-05-02 00:09:14,921 - webhook_logger - INFO - ✅ First message received from market channel: heartbeats (websocket_helper.py:268)
2025-05-02 00:09:14,927 - webhook_logger - INFO - ✅ sync_open_orders → upserted 250 rows (7 open / 250 recent) (listener.py:881)
2025-05-02 00:09:15,334 - webhook_logger - INFO - ✅ First message received from market channel: ticker_batch (websocket_helper.py:268)
2025-05-02 00:10:35,426 - webhook_logger - WARNING - ⚠️ No message ever received from market channel 'ticker_batch' (websocket_helper.py:238)
2025-05-02 00:10:35,426 - webhook_logger - WARNING - ⚠️ No message ever received from market channel 'heartbeats' (websocket_helper.py:238)
2025-05-02 00:11:03,752 - webhook_logger - INFO - 🔄 Starting sync_open_orders cycle… (listener.py:755)
2025-05-02 00:11:04,448 - webhook_logger - ERROR - Unexpected WebSocket error:  (listener.py:141)
Traceback (most recent call last):
  File "/opt/anaconda3/envs/TradeBot/lib/python3.10/site-packages/websockets/legacy/client.py", line 654, in __await_impl__
    _transport, protocol = await self._create_connection()
  File "/opt/anaconda3/envs/TradeBot/lib/python3.10/asyncio/base_events.py", line 1036, in create_connection
    infos = await self._ensure_resolved(
  File "/opt/anaconda3/envs/TradeBot/lib/python3.10/asyncio/base_events.py", line 1418, in _ensure_resolved
    return await loop.getaddrinfo(host, port, family=family, type=type,
  File "/opt/anaconda3/envs/TradeBot/lib/python3.10/asyncio/base_events.py", line 863, in getaddrinfo
    return await self.run_in_executor(
asyncio.exceptions.CancelledError

During handling of the above exception, another exception occurred:

Traceback (most recent call last):
  File "/Users/jack/Python_Projects/BotTrader/webhook/listener.py", line 95, in connect_websocket
    async with websockets.connect(ws_url, max_size=2 ** 20) as ws:
  File "/opt/anaconda3/envs/TradeBot/lib/python3.10/site-packages/websockets/legacy/client.py", line 635, in __aenter__
    return await self
  File "/opt/anaconda3/envs/TradeBot/lib/python3.10/site-packages/websockets/legacy/client.py", line 652, in __await_impl__
    async with asyncio_timeout(self.open_timeout):
  File "/opt/anaconda3/envs/TradeBot/lib/python3.10/site-packages/websockets/asyncio/async_timeout.py", line 181, in __aexit__
    self._do_exit(exc_type)
  File "/opt/anaconda3/envs/TradeBot/lib/python3.10/site-packages/websockets/asyncio/async_timeout.py", line 268, in _do_exit
    raise asyncio.TimeoutError
asyncio.exceptions.TimeoutError
2025-05-02 00:11:04,449 - webhook_logger - ERROR - Unexpected WebSocket error:  (listener.py:141)
Traceback (most recent call last):
  File "/opt/anaconda3/envs/TradeBot/lib/python3.10/site-packages/websockets/legacy/client.py", line 654, in __await_impl__
    _transport, protocol = await self._create_connection()
  File "/opt/anaconda3/envs/TradeBot/lib/python3.10/asyncio/base_events.py", line 1036, in create_connection
    infos = await self._ensure_resolved(
  File "/opt/anaconda3/envs/TradeBot/lib/python3.10/asyncio/base_events.py", line 1418, in _ensure_resolved
    return await loop.getaddrinfo(host, port, family=family, type=type,
  File "/opt/anaconda3/envs/TradeBot/lib/python3.10/asyncio/base_events.py", line 863, in getaddrinfo
    return await self.run_in_executor(
asyncio.exceptions.CancelledError

During handling of the above exception, another exception occurred:

Traceback (most recent call last):
  File "/Users/jack/Python_Projects/BotTrader/webhook/listener.py", line 95, in connect_websocket
    async with websockets.connect(ws_url, max_size=2 ** 20) as ws:
  File "/opt/anaconda3/envs/TradeBot/lib/python3.10/site-packages/websockets/legacy/client.py", line 635, in __aenter__
    return await self
  File "/opt/anaconda3/envs/TradeBot/lib/python3.10/site-packages/websockets/legacy/client.py", line 652, in __await_impl__
    async with asyncio_timeout(self.open_timeout):
  File "/opt/anaconda3/envs/TradeBot/lib/python3.10/site-packages/websockets/asyncio/async_timeout.py", line 181, in __aexit__
    self._do_exit(exc_type)
  File "/opt/anaconda3/envs/TradeBot/lib/python3.10/site-packages/websockets/asyncio/async_timeout.py", line 268, in _do_exit
    raise asyncio.TimeoutError
asyncio.exceptions.TimeoutError
2025-05-02 00:11:54,008 - webhook_logger - ERROR - Unexpected WebSocket error:  (listener.py:141)
Traceback (most recent call last):
  File "/opt/anaconda3/envs/TradeBot/lib/python3.10/site-packages/websockets/legacy/client.py", line 654, in __await_impl__
    _transport, protocol = await self._create_connection()
  File "/opt/anaconda3/envs/TradeBot/lib/python3.10/asyncio/base_events.py", line 1103, in create_connection
    transport, protocol = await self._create_connection_transport(
  File "/opt/anaconda3/envs/TradeBot/lib/python3.10/asyncio/base_events.py", line 1133, in _create_connection_transport
    await waiter
asyncio.exceptions.CancelledError

During handling of the above exception, another exception occurred:

Traceback (most recent call last):
  File "/Users/jack/Python_Projects/BotTrader/webhook/listener.py", line 95, in connect_websocket
    async with websockets.connect(ws_url, max_size=2 ** 20) as ws:
  File "/opt/anaconda3/envs/TradeBot/lib/python3.10/site-packages/websockets/legacy/client.py", line 635, in __aenter__
    return await self
  File "/opt/anaconda3/envs/TradeBot/lib/python3.10/site-packages/websockets/legacy/client.py", line 652, in __await_impl__
    async with asyncio_timeout(self.open_timeout):
  File "/opt/anaconda3/envs/TradeBot/lib/python3.10/site-packages/websockets/asyncio/async_timeout.py", line 181, in __aexit__
    self._do_exit(exc_type)
  File "/opt/anaconda3/envs/TradeBot/lib/python3.10/site-packages/websockets/asyncio/async_timeout.py", line 268, in _do_exit
    raise asyncio.TimeoutError
asyncio.exceptions.TimeoutError
2025-05-02 00:11:54,010 - webhook_logger - ERROR - Unexpected WebSocket error:  (listener.py:141)
Traceback (most recent call last):
  File "/opt/anaconda3/envs/TradeBot/lib/python3.10/site-packages/websockets/legacy/client.py", line 654, in __await_impl__
    _transport, protocol = await self._create_connection()
  File "/opt/anaconda3/envs/TradeBot/lib/python3.10/asyncio/base_events.py", line 1103, in create_connection
    transport, protocol = await self._create_connection_transport(
  File "/opt/anaconda3/envs/TradeBot/lib/python3.10/asyncio/base_events.py", line 1133, in _create_connection_transport
    await waiter
asyncio.exceptions.CancelledError

During handling of the above exception, another exception occurred:

Traceback (most recent call last):
  File "/Users/jack/Python_Projects/BotTrader/webhook/listener.py", line 95, in connect_websocket
    async with websockets.connect(ws_url, max_size=2 ** 20) as ws:
  File "/opt/anaconda3/envs/TradeBot/lib/python3.10/site-packages/websockets/legacy/client.py", line 635, in __aenter__
    return await self
  File "/opt/anaconda3/envs/TradeBot/lib/python3.10/site-packages/websockets/legacy/client.py", line 652, in __await_impl__
    async with asyncio_timeout(self.open_timeout):
  File "/opt/anaconda3/envs/TradeBot/lib/python3.10/site-packages/websockets/asyncio/async_timeout.py", line 181, in __aexit__
    self._do_exit(exc_type)
  File "/opt/anaconda3/envs/TradeBot/lib/python3.10/site-packages/websockets/asyncio/async_timeout.py", line 268, in _do_exit
    raise asyncio.TimeoutError
asyncio.exceptions.TimeoutError
2025-05-02 00:11:54,010 - webhook_logger - WARNING - ⚠️ No message ever received from market channel 'ticker_batch' (websocket_helper.py:238)
2025-05-02 00:11:54,010 - webhook_logger - WARNING - ⚠️ No message ever received from market channel 'heartbeats' (websocket_helper.py:238)
2025-05-02 00:12:14,136 - webhook_logger - WARNING - ⚠️ No message ever received from market channel 'ticker_batch' (websocket_helper.py:238)
2025-05-02 00:12:14,136 - webhook_logger - WARNING - ⚠️ No message ever received from market channel 'heartbeats' (websocket_helper.py:238)
2025-05-02 00:12:14,141 - webhook_logger - INFO - 🔄 Starting sync_open_orders cycle… (listener.py:755)
2025-05-02 00:13:56,661 - webhook_logger - WARNING - ⚠️ No message ever received from market channel 'ticker_batch' (websocket_helper.py:238)
2025-05-02 00:13:56,661 - webhook_logger - WARNING - ⚠️ No message ever received from market channel 'heartbeats' (websocket_helper.py:238)
2025-05-02 00:13:56,677 - webhook_logger - ERROR - Unexpected WebSocket error:  (listener.py:141)
Traceback (most recent call last):
  File "/opt/anaconda3/envs/TradeBot/lib/python3.10/site-packages/websockets/legacy/client.py", line 656, in __await_impl__
    await protocol.handshake(
  File "/opt/anaconda3/envs/TradeBot/lib/python3.10/site-packages/websockets/legacy/client.py", line 316, in handshake
    status_code, response_headers = await self.read_http_response()
  File "/opt/anaconda3/envs/TradeBot/lib/python3.10/site-packages/websockets/legacy/client.py", line 134, in read_http_response
    status_code, reason, headers = await read_response(self.reader)
  File "/opt/anaconda3/envs/TradeBot/lib/python3.10/site-packages/websockets/legacy/http.py", line 120, in read_response
    status_line = await read_line(stream)
  File "/opt/anaconda3/envs/TradeBot/lib/python3.10/site-packages/websockets/legacy/http.py", line 194, in read_line
    line = await stream.readline()
  File "/opt/anaconda3/envs/TradeBot/lib/python3.10/asyncio/streams.py", line 524, in readline
    line = await self.readuntil(sep)
  File "/opt/anaconda3/envs/TradeBot/lib/python3.10/asyncio/streams.py", line 616, in readuntil
    await self._wait_for_data('readuntil')
  File "/opt/anaconda3/envs/TradeBot/lib/python3.10/asyncio/streams.py", line 501, in _wait_for_data
    await self._waiter
asyncio.exceptions.CancelledError

During handling of the above exception, another exception occurred:

Traceback (most recent call last):
  File "/Users/jack/Python_Projects/BotTrader/webhook/listener.py", line 95, in connect_websocket
    async with websockets.connect(ws_url, max_size=2 ** 20) as ws:
  File "/opt/anaconda3/envs/TradeBot/lib/python3.10/site-packages/websockets/legacy/client.py", line 635, in __aenter__
    return await self
  File "/opt/anaconda3/envs/TradeBot/lib/python3.10/site-packages/websockets/legacy/client.py", line 652, in __await_impl__
    async with asyncio_timeout(self.open_timeout):
  File "/opt/anaconda3/envs/TradeBot/lib/python3.10/site-packages/websockets/asyncio/async_timeout.py", line 181, in __aexit__
    self._do_exit(exc_type)
  File "/opt/anaconda3/envs/TradeBot/lib/python3.10/site-packages/websockets/asyncio/async_timeout.py", line 268, in _do_exit
    raise asyncio.TimeoutError
asyncio.exceptions.TimeoutError
2025-05-02 00:13:56,679 - webhook_logger - ERROR - Unexpected WebSocket error:  (listener.py:141)
Traceback (most recent call last):
  File "/opt/anaconda3/envs/TradeBot/lib/python3.10/site-packages/websockets/legacy/client.py", line 656, in __await_impl__
    await protocol.handshake(
  File "/opt/anaconda3/envs/TradeBot/lib/python3.10/site-packages/websockets/legacy/client.py", line 316, in handshake
    status_code, response_headers = await self.read_http_response()
  File "/opt/anaconda3/envs/TradeBot/lib/python3.10/site-packages/websockets/legacy/client.py", line 134, in read_http_response
    status_code, reason, headers = await read_response(self.reader)
  File "/opt/anaconda3/envs/TradeBot/lib/python3.10/site-packages/websockets/legacy/http.py", line 120, in read_response
    status_line = await read_line(stream)
  File "/opt/anaconda3/envs/TradeBot/lib/python3.10/site-packages/websockets/legacy/http.py", line 194, in read_line
    line = await stream.readline()
  File "/opt/anaconda3/envs/TradeBot/lib/python3.10/asyncio/streams.py", line 524, in readline
    line = await self.readuntil(sep)
  File "/opt/anaconda3/envs/TradeBot/lib/python3.10/asyncio/streams.py", line 616, in readuntil
    await self._wait_for_data('readuntil')
  File "/opt/anaconda3/envs/TradeBot/lib/python3.10/asyncio/streams.py", line 501, in _wait_for_data
    await self._waiter
asyncio.exceptions.CancelledError

During handling of the above exception, another exception occurred:

Traceback (most recent call last):
  File "/Users/jack/Python_Projects/BotTrader/webhook/listener.py", line 95, in connect_websocket
    async with websockets.connect(ws_url, max_size=2 ** 20) as ws:
  File "/opt/anaconda3/envs/TradeBot/lib/python3.10/site-packages/websockets/legacy/client.py", line 635, in __aenter__
    return await self
  File "/opt/anaconda3/envs/TradeBot/lib/python3.10/site-packages/websockets/legacy/client.py", line 652, in __await_impl__
    async with asyncio_timeout(self.open_timeout):
  File "/opt/anaconda3/envs/TradeBot/lib/python3.10/site-packages/websockets/asyncio/async_timeout.py", line 181, in __aexit__
    self._do_exit(exc_type)
  File "/opt/anaconda3/envs/TradeBot/lib/python3.10/site-packages/websockets/asyncio/async_timeout.py", line 268, in _do_exit
    raise asyncio.TimeoutError
asyncio.exceptions.TimeoutError
2025-05-02 00:13:56,681 - webhook_logger - INFO - ✅ sync_open_orders → upserted 250 rows (5 open / 250 recent) (listener.py:881)
2025-05-02 00:15:23,153 - webhook_logger - ERROR - Unexpected WebSocket error:  (listener.py:141)
Traceback (most recent call last):
  File "/opt/anaconda3/envs/TradeBot/lib/python3.10/site-packages/websockets/legacy/client.py", line 654, in __await_impl__
    _transport, protocol = await self._create_connection()
  File "/opt/anaconda3/envs/TradeBot/lib/python3.10/asyncio/base_events.py", line 1103, in create_connection
    transport, protocol = await self._create_connection_transport(
  File "/opt/anaconda3/envs/TradeBot/lib/python3.10/asyncio/base_events.py", line 1133, in _create_connection_transport
    await waiter
asyncio.exceptions.CancelledError

During handling of the above exception, another exception occurred:

Traceback (most recent call last):
  File "/Users/jack/Python_Projects/BotTrader/webhook/listener.py", line 95, in connect_websocket
    async with websockets.connect(ws_url, max_size=2 ** 20) as ws:
  File "/opt/anaconda3/envs/TradeBot/lib/python3.10/site-packages/websockets/legacy/client.py", line 635, in __aenter__
    return await self
  File "/opt/anaconda3/envs/TradeBot/lib/python3.10/site-packages/websockets/legacy/client.py", line 652, in __await_impl__
    async with asyncio_timeout(self.open_timeout):
  File "/opt/anaconda3/envs/TradeBot/lib/python3.10/site-packages/websockets/asyncio/async_timeout.py", line 181, in __aexit__
    self._do_exit(exc_type)
  File "/opt/anaconda3/envs/TradeBot/lib/python3.10/site-packages/websockets/asyncio/async_timeout.py", line 268, in _do_exit
    raise asyncio.TimeoutError
asyncio.exceptions.TimeoutError
2025-05-02 00:15:23,691 - webhook_logger - WARNING - ⚠️ No message ever received from market channel 'ticker_batch' (websocket_helper.py:238)
2025-05-02 00:15:23,692 - webhook_logger - WARNING - ⚠️ No message ever received from market channel 'heartbeats' (websocket_helper.py:238)
2025-05-02 00:15:23,797 - webhook_logger - ERROR - Unexpected WebSocket error:  (listener.py:141)
Traceback (most recent call last):
  File "/opt/anaconda3/envs/TradeBot/lib/python3.10/site-packages/websockets/legacy/client.py", line 656, in __await_impl__
    await protocol.handshake(
  File "/opt/anaconda3/envs/TradeBot/lib/python3.10/site-packages/websockets/legacy/client.py", line 316, in handshake
    status_code, response_headers = await self.read_http_response()
  File "/opt/anaconda3/envs/TradeBot/lib/python3.10/site-packages/websockets/legacy/client.py", line 134, in read_http_response
    status_code, reason, headers = await read_response(self.reader)
  File "/opt/anaconda3/envs/TradeBot/lib/python3.10/site-packages/websockets/legacy/http.py", line 120, in read_response
    status_line = await read_line(stream)
  File "/opt/anaconda3/envs/TradeBot/lib/python3.10/site-packages/websockets/legacy/http.py", line 194, in read_line
    line = await stream.readline()
  File "/opt/anaconda3/envs/TradeBot/lib/python3.10/asyncio/streams.py", line 524, in readline
    line = await self.readuntil(sep)
  File "/opt/anaconda3/envs/TradeBot/lib/python3.10/asyncio/streams.py", line 616, in readuntil
    await self._wait_for_data('readuntil')
  File "/opt/anaconda3/envs/TradeBot/lib/python3.10/asyncio/streams.py", line 501, in _wait_for_data
    await self._waiter
asyncio.exceptions.CancelledError

During handling of the above exception, another exception occurred:

Traceback (most recent call last):
  File "/Users/jack/Python_Projects/BotTrader/webhook/listener.py", line 95, in connect_websocket
    async with websockets.connect(ws_url, max_size=2 ** 20) as ws:
  File "/opt/anaconda3/envs/TradeBot/lib/python3.10/site-packages/websockets/legacy/client.py", line 635, in __aenter__
    return await self
  File "/opt/anaconda3/envs/TradeBot/lib/python3.10/site-packages/websockets/legacy/client.py", line 652, in __await_impl__
    async with asyncio_timeout(self.open_timeout):
  File "/opt/anaconda3/envs/TradeBot/lib/python3.10/site-packages/websockets/asyncio/async_timeout.py", line 181, in __aexit__
    self._do_exit(exc_type)
  File "/opt/anaconda3/envs/TradeBot/lib/python3.10/site-packages/websockets/asyncio/async_timeout.py", line 268, in _do_exit
    raise asyncio.TimeoutError
asyncio.exceptions.TimeoutError
2025-05-02 00:15:27,888 - webhook_logger - INFO - Connected to wss://advanced-trade-ws-user.coinbase.com (listener.py:96)
2025-05-02 00:15:33,576 - webhook_logger - INFO - Listening on wss://advanced-trade-ws-user.coinbase.com (listener.py:107)
2025-05-02 00:15:33,724 - webhook_logger - INFO - ✅ First message received from user channel: user (websocket_helper.py:211)
2025-05-02 00:15:33,729 - webhook_logger - INFO - ✅ First message received from market channel: subscriptions (websocket_helper.py:268)
2025-05-02 00:15:33,729 - webhook_logger - INFO - � Confirmed Market Subscriptions:  (websocket_helper.py:292)
2025-05-02 00:15:33,729 - webhook_logger - INFO - � Confirmed Market Subscriptions:  (websocket_helper.py:292)
2025-05-02 00:15:33,970 - webhook_logger - INFO - Connected to wss://advanced-trade-ws.coinbase.com (listener.py:96)
2025-05-02 00:15:34,381 - webhook_logger - INFO - ✅ First message received from market channel: heartbeats (websocket_helper.py:268)
2025-05-02 00:15:34,972 - webhook_logger - INFO - ⚡ Subscribing to Market Channels... (listener.py:104)
2025-05-02 00:15:34,972 - webhook_logger - INFO - � Subscribing to Market Channels: ['ticker_batch', 'heartbeats'] (websocket_helper.py:307)
2025-05-02 00:15:34,973 - webhook_logger - INFO - Listening on wss://advanced-trade-ws.coinbase.com (listener.py:107)
2025-05-02 00:15:35,221 - webhook_logger - INFO - ✅ First message received from market channel: ticker_batch (websocket_helper.py:268)
2025-05-02 00:19:03,306 - webhook_logger - WARNING - ⚠️ Passive BUY failed: Order placement failed (passive_order_manager.py:157)
2025-05-02 00:19:04,109 - webhook_logger - INFO - ❌ Order validation failed for MOG/USD: ⚠️ MOG/USD has insufficient balance to sell. (webhook_validate_orders.py:446)
2025-05-02 00:19:04,110 - webhook_logger - INFO - ⚠️ Insufficient balance for MOG/USD sell order. Balance: 0 (webhook_validate_orders.py:538)
2025-05-02 00:19:04,111 - webhook_logger - WARNING - ⚠️ Passive SELL failed: Order validation failed for MOG/USD (passive_order_manager.py:157)
2025-05-02 00:19:30,567 - webhook_logger - INFO - ✅ Successfully placed tp_sl order for WCFG/USD (webhook_order_manager.py:536)
2025-05-02 00:19:30,568 - webhook_logger - INFO - ✅ Passive BUY WCFG/USD @ 0.151 (passive_order_manager.py:153)
2025-05-02 00:19:30,837 - webhook_logger - WARNING - ⚠️ Passive SELL failed: Validation failed for WCFG/USD (passive_order_manager.py:157)
2025-05-02 00:19:58,750 - webhook_logger - WARNING - WebSocket closed unexpectedly: sent 1011 (internal error) keepalive ping timeout; no close frame received. Reconnecting... (listener.py:136)
2025-05-02 00:20:15,478 - webhook_logger - INFO - Connected to wss://advanced-trade-ws.coinbase.com (listener.py:96)
2025-05-02 00:20:16,482 - webhook_logger - INFO - ⚡ Subscribing to Market Channels... (listener.py:104)
2025-05-02 00:20:16,483 - webhook_logger - INFO - � Subscribing to Market Channels: ['ticker_batch', 'heartbeats'] (websocket_helper.py:307)
2025-05-02 00:20:16,486 - webhook_logger - INFO - Listening on wss://advanced-trade-ws.coinbase.com (listener.py:107)
2025-05-02 00:20:34,197 - webhook_logger - INFO - ❎ 225212f8-5310-4daf-a95c-a5f2ade63049 cancelled → removed from DB (websocket_market_manager.py:156)
2025-05-02 00:20:34,236 - webhook_logger - INFO - ❎ 225212f8-5310-4daf-a95c-a5f2ade63049 cancelled → removed from DB (websocket_market_manager.py:156)
2025-05-02 00:21:00,986 - webhook_logger - WARNING - ⚠️ Failed to cancel expired buy WCFG/USD: 'TradeOrderManager' object has no attribute 'cancel_order' (passive_order_manager.py:219)
2025-05-02 00:21:51,736 - webhook_logger - WARNING - ⚠️ Passive BUY failed: Order placement failed (passive_order_manager.py:157)
2025-05-02 00:21:52,317 - webhook_logger - INFO - ❌ Order validation failed for GTC/USD: ⚠️ GTC/USD has insufficient balance to sell. (webhook_validate_orders.py:446)
2025-05-02 00:21:52,318 - webhook_logger - INFO - ⚠️ Insufficient balance for GTC/USD sell order. Balance: 0.00 (webhook_validate_orders.py:538)
2025-05-02 00:21:52,318 - webhook_logger - WARNING - ⚠️ Passive SELL failed: Order validation failed for GTC/USD (passive_order_manager.py:157)
2025-05-02 00:22:05,459 - webhook_logger - WARNING - ⚠️ Passive BUY failed: Validation failed for STRK/USD (passive_order_manager.py:157)
2025-05-02 00:23:08,970 - webhook_logger - INFO - ✅ Successfully placed tp_sl order for IDEX/USD (webhook_order_manager.py:536)
2025-05-02 00:23:08,971 - webhook_logger - INFO - ✅ Passive BUY IDEX/USD @ 0.0265 (passive_order_manager.py:153)
2025-05-02 00:23:09,266 - webhook_logger - WARNING - ⚠️ Passive SELL failed: Validation failed for IDEX/USD (passive_order_manager.py:157)
2025-05-02 00:23:17,814 - webhook_logger - INFO - ✅ Successfully placed tp_sl order for LSETH/USD (webhook_order_manager.py:536)
2025-05-02 00:23:17,814 - webhook_logger - INFO - ✅ Passive BUY LSETH/USD @ 1952.19 (passive_order_manager.py:153)
2025-05-02 00:23:18,502 - webhook_logger - WARNING - ⚠️ Passive SELL failed: Validation failed for LSETH/USD (passive_order_manager.py:157)
2025-05-02 00:23:57,747 - webhook_logger - WARNING - WebSocket closed unexpectedly: sent 1011 (internal error) keepalive ping timeout; no close frame received. Reconnecting... (listener.py:136)
2025-05-02 00:24:30,254 - webhook_logger - INFO - Connected to wss://advanced-trade-ws.coinbase.com (listener.py:96)
2025-05-02 00:24:31,259 - webhook_logger - INFO - ⚡ Subscribing to Market Channels... (listener.py:104)
2025-05-02 00:24:31,260 - webhook_logger - INFO - � Subscribing to Market Channels: ['ticker_batch', 'heartbeats'] (websocket_helper.py:307)
2025-05-02 00:24:31,262 - webhook_logger - INFO - Listening on wss://advanced-trade-ws.coinbase.com (listener.py:107)
2025-05-02 00:24:39,430 - webhook_logger - WARNING - ⚠️ Failed to cancel expired buy IDEX/USD: 'TradeOrderManager' object has no attribute 'cancel_order' (passive_order_manager.py:219)
2025-05-02 00:24:49,894 - webhook_logger - WARNING - ⚠️ Failed to cancel expired buy LSETH/USD: 'TradeOrderManager' object has no attribute 'cancel_order' (passive_order_manager.py:219)
2025-05-02 00:25:29,240 - webhook_logger - INFO - ✅ Successfully placed tp_sl order for ERN/USD (webhook_order_manager.py:536)
2025-05-02 00:25:29,240 - webhook_logger - INFO - ✅ Passive BUY ERN/USD @ 1.3832 (passive_order_manager.py:153)
2025-05-02 00:25:29,512 - webhook_logger - WARNING - ⚠️ Passive SELL failed: Validation failed for ERN/USD (passive_order_manager.py:157)
2025-05-02 00:26:35,184 - webhook_logger - INFO - ❎ 00c44356-0ecf-4b2c-9a38-8e9cd7fdb7f0 cancelled → removed from DB (websocket_market_manager.py:156)
2025-05-02 00:26:35,190 - webhook_logger - INFO - ❎ 00c44356-0ecf-4b2c-9a38-8e9cd7fdb7f0 cancelled → removed from DB (websocket_market_manager.py:156)
2025-05-02 00:27:03,238 - webhook_logger - WARNING - ⚠️ Failed to cancel expired buy ERN/USD: 'TradeOrderManager' object has no attribute 'cancel_order' (passive_order_manager.py:219)
2025-05-02 00:27:04,432 - webhook_logger - INFO - ✅ Successfully placed tp_sl order for RBN/USD (webhook_order_manager.py:536)
2025-05-02 00:27:04,432 - webhook_logger - INFO - ✅ Passive BUY RBN/USD @ 0.14680 (passive_order_manager.py:153)
2025-05-02 00:27:05,028 - webhook_logger - WARNING - ⚠️ Passive SELL failed: Validation failed for RBN/USD (passive_order_manager.py:157)
2025-05-02 00:27:27,026 - webhook_logger - INFO - ❎ 164526ac-7775-4411-868c-23e500e354ae cancelled → removed from DB (websocket_market_manager.py:156)
2025-05-02 00:27:27,029 - webhook_logger - INFO - ❎ 164526ac-7775-4411-868c-23e500e354ae cancelled → removed from DB (websocket_market_manager.py:156)
2025-05-02 00:28:12,762 - webhook_logger - WARNING - WebSocket closed unexpectedly: sent 1011 (internal error) keepalive ping timeout; no close frame received. Reconnecting... (listener.py:136)
2025-05-02 00:28:36,043 - webhook_logger - WARNING - ⚠️ Failed to cancel expired buy RBN/USD: 'TradeOrderManager' object has no attribute 'cancel_order' (passive_order_manager.py:219)
2025-05-02 00:29:13,459 - webhook_logger - INFO - Connected to wss://advanced-trade-ws.coinbase.com (listener.py:96)
2025-05-02 00:29:14,462 - webhook_logger - INFO - ⚡ Subscribing to Market Channels... (listener.py:104)
2025-05-02 00:29:14,463 - webhook_logger - INFO - � Subscribing to Market Channels: ['ticker_batch', 'heartbeats'] (websocket_helper.py:307)
2025-05-02 00:29:14,466 - webhook_logger - INFO - Listening on wss://advanced-trade-ws.coinbase.com (listener.py:107)
2025-05-02 00:30:11,873 - webhook_logger - INFO - ❎ 0e23aa59-1385-44f7-81e8-2a722bcf5471 cancelled → removed from DB (websocket_market_manager.py:156)
2025-05-02 00:30:11,878 - webhook_logger - INFO - ❎ 0e23aa59-1385-44f7-81e8-2a722bcf5471 cancelled → removed from DB (websocket_market_manager.py:156)
2025-05-02 00:30:11,884 - webhook_logger - INFO - ❎ 0e23aa59-1385-44f7-81e8-2a722bcf5471 cancelled → removed from DB (websocket_market_manager.py:156)
2025-05-02 00:30:45,344 - webhook_logger - WARNING - ⚠️ Passive BUY failed: Validation failed for GAL/USD (passive_order_manager.py:157)
2025-05-02 00:30:45,619 - webhook_logger - WARNING - ⚠️ Passive SELL failed: Validation failed for GAL/USD (passive_order_manager.py:157)
2025-05-02 00:31:11,385 - webhook_logger - INFO - ✅ Successfully placed tp_sl order for RBN/USD (webhook_order_manager.py:536)
2025-05-02 00:31:11,386 - webhook_logger - INFO - ✅ Passive BUY RBN/USD @ 0.14689 (passive_order_manager.py:153)
2025-05-02 00:31:11,737 - webhook_logger - WARNING - ⚠️ Passive SELL failed: Validation failed for RBN/USD (passive_order_manager.py:157)
2025-05-02 00:31:49,978 - webhook_logger - INFO - ✅ Successfully placed tp_sl order for INDEX/USD (webhook_order_manager.py:536)
2025-05-02 00:31:49,978 - webhook_logger - INFO - ✅ Passive BUY INDEX/USD @ 1.54 (passive_order_manager.py:153)
2025-05-02 00:31:50,402 - webhook_logger - WARNING - ⚠️ Passive SELL failed: Validation failed for INDEX/USD (passive_order_manager.py:157)
2025-05-02 00:31:53,917 - webhook_logger - INFO - ❎ 3df06fed-9d02-47a4-b1f7-0f278b38b512 cancelled → removed from DB (websocket_market_manager.py:156)
2025-05-02 00:31:53,920 - webhook_logger - INFO - ❎ 3df06fed-9d02-47a4-b1f7-0f278b38b512 cancelled → removed from DB (websocket_market_manager.py:156)
2025-05-02 00:32:31,131 - webhook_logger - WARNING - WebSocket closed unexpectedly: sent 1011 (internal error) keepalive ping timeout; no close frame received. Reconnecting... (listener.py:136)
2025-05-02 00:32:42,544 - webhook_logger - WARNING - ⚠️ Failed to cancel expired buy RBN/USD: 'TradeOrderManager' object has no attribute 'cancel_order' (passive_order_manager.py:219)
2025-05-02 00:34:36,873 - webhook_logger - WARNING - ⚠️ Failed to cancel expired buy INDEX/USD: 'TradeOrderManager' object has no attribute 'cancel_order' (passive_order_manager.py:219)
2025-05-02 00:34:42,579 - webhook_logger - INFO - Connected to wss://advanced-trade-ws.coinbase.com (listener.py:96)
2025-05-02 00:34:42,585 - webhook_logger - INFO - Connected to wss://advanced-trade-ws.coinbase.com (listener.py:96)
2025-05-02 00:34:43,582 - webhook_logger - INFO - ⚡ Subscribing to Market Channels... (listener.py:104)
2025-05-02 00:34:43,582 - webhook_logger - INFO - � Subscribing to Market Channels: ['ticker_batch', 'heartbeats'] (websocket_helper.py:307)
2025-05-02 00:34:43,583 - webhook_logger - INFO - Listening on wss://advanced-trade-ws.coinbase.com (listener.py:107)
2025-05-02 00:34:43,587 - webhook_logger - INFO - ⚡ Subscribing to Market Channels... (listener.py:104)
2025-05-02 00:34:43,587 - webhook_logger - INFO - � Subscribing to Market Channels: ['ticker_batch', 'heartbeats'] (websocket_helper.py:307)
2025-05-02 00:34:43,588 - webhook_logger - INFO - Listening on wss://advanced-trade-ws.coinbase.com (listener.py:107)
2025-05-02 00:35:11,368 - webhook_logger - WARNING - ⚠️ Passive BUY failed: Validation failed for LSETH/USD (passive_order_manager.py:157)
2025-05-02 00:35:11,657 - webhook_logger - WARNING - ⚠️ Passive SELL failed: Validation failed for LSETH/USD (passive_order_manager.py:157)
2025-05-02 00:35:26,544 - webhook_logger - INFO - ✅ Successfully placed tp_sl order for SHDW/USD (webhook_order_manager.py:536)
2025-05-02 00:35:26,544 - webhook_logger - INFO - ✅ Passive BUY SHDW/USD @ 0.144 (passive_order_manager.py:153)
2025-05-02 00:35:26,829 - webhook_logger - WARNING - ⚠️ Passive SELL failed: Validation failed for SHDW/USD (passive_order_manager.py:157)
2025-05-02 00:36:24,923 - webhook_logger - INFO - ✅ Successfully placed tp_sl order for DNT/USD (webhook_order_manager.py:536)
2025-05-02 00:36:24,923 - webhook_logger - INFO - ✅ Passive BUY DNT/USD @ 0.0303 (passive_order_manager.py:153)
2025-05-02 00:36:25,550 - webhook_logger - WARNING - ⚠️ Passive SELL failed: Validation failed for DNT/USD (passive_order_manager.py:157)
2025-05-02 00:36:56,651 - webhook_logger - WARNING - ⚠️ Failed to cancel expired buy SHDW/USD: 'TradeOrderManager' object has no attribute 'cancel_order' (passive_order_manager.py:219)
2025-05-02 00:37:56,479 - webhook_logger - WARNING - ⚠️ Failed to cancel expired buy DNT/USD: 'TradeOrderManager' object has no attribute 'cancel_order' (passive_order_manager.py:219)
2025-05-02 00:38:02,473 - webhook_logger - INFO - ✅ Successfully placed tp_sl order for AST/USD (webhook_order_manager.py:536)
2025-05-02 00:38:02,473 - webhook_logger - INFO - ✅ Passive BUY AST/USD @ 0.0615 (passive_order_manager.py:153)
2025-05-02 00:38:02,765 - webhook_logger - WARNING - ⚠️ Passive SELL failed: Validation failed for AST/USD (passive_order_manager.py:157)
2025-05-02 00:38:03,952 - webhook_logger - WARNING - WebSocket closed unexpectedly: sent 1011 (internal error) keepalive ping timeout; no close frame received. Reconnecting... (listener.py:136)
2025-05-02 00:39:04,431 - webhook_logger - INFO - Connected to wss://advanced-trade-ws.coinbase.com (listener.py:96)
2025-05-02 00:39:05,435 - webhook_logger - INFO - ⚡ Subscribing to Market Channels... (listener.py:104)
2025-05-02 00:39:05,436 - webhook_logger - INFO - � Subscribing to Market Channels: ['ticker_batch', 'heartbeats'] (websocket_helper.py:307)
2025-05-02 00:39:05,439 - webhook_logger - INFO - Listening on wss://advanced-trade-ws.coinbase.com (listener.py:107)
2025-05-02 00:39:32,925 - webhook_logger - WARNING - ⚠️ Failed to cancel expired buy AST/USD: 'TradeOrderManager' object has no attribute 'cancel_order' (passive_order_manager.py:219)
2025-05-02 00:42:26,149 - webhook_logger - WARNING - WebSocket closed unexpectedly: sent 1011 (internal error) keepalive ping timeout; no close frame received. Reconnecting... (listener.py:136)
2025-05-02 00:43:26,740 - webhook_logger - INFO - Connected to wss://advanced-trade-ws.coinbase.com (listener.py:96)
2025-05-02 00:43:27,744 - webhook_logger - INFO - ⚡ Subscribing to Market Channels... (listener.py:104)
2025-05-02 00:43:27,745 - webhook_logger - INFO - � Subscribing to Market Channels: ['ticker_batch', 'heartbeats'] (websocket_helper.py:307)
2025-05-02 00:43:27,748 - webhook_logger - INFO - Listening on wss://advanced-trade-ws.coinbase.com (listener.py:107)
2025-05-02 00:46:29,228 - webhook_logger - WARNING - WebSocket closed unexpectedly: sent 1011 (internal error) keepalive ping timeout; no close frame received. Reconnecting... (listener.py:136)
2025-05-02 00:48:31,207 - webhook_logger - WARNING - ⚠️ No message ever received from market channel 'ticker_batch' (websocket_helper.py:238)
2025-05-02 00:48:31,207 - webhook_logger - WARNING - ⚠️ No message ever received from market channel 'heartbeats' (websocket_helper.py:238)
2025-05-02 00:48:31,211 - webhook_logger - INFO - 🔄 Starting sync_open_orders cycle… (listener.py:755)
2025-05-02 00:48:37,489 - webhook_logger - INFO - Connected to wss://advanced-trade-ws.coinbase.com (listener.py:96)
2025-05-02 00:48:37,492 - webhook_logger - INFO - Connected to wss://advanced-trade-ws-user.coinbase.com (listener.py:96)
2025-05-02 00:48:37,551 - webhook_logger - INFO - Listening on wss://advanced-trade-ws-user.coinbase.com (listener.py:107)
2025-05-02 00:48:38,301 - webhook_logger - INFO - ✅ First message received from user channel: user (websocket_helper.py:211)
2025-05-02 00:48:52,425 - webhook_logger - INFO - ✅ First message received from market channel: subscriptions (websocket_helper.py:268)
2025-05-02 00:48:52,425 - webhook_logger - INFO - � Confirmed Market Subscriptions:  (websocket_helper.py:292)
2025-05-02 00:48:52,425 - webhook_logger - INFO - � Confirmed Market Subscriptions:  (websocket_helper.py:292)
2025-05-02 00:48:52,425 - webhook_logger - INFO - ✅ First message received from market channel: heartbeats (websocket_helper.py:268)
2025-05-02 00:48:53,107 - webhook_logger - ERROR - Error handling tracked order 625a3071-a9fe-4691-a727-c9bb6242ad5b: 'info' (websocket_helper.py:587)
Traceback (most recent call last):
  File "/Users/jack/Python_Projects/BotTrader/webhook/websocket_helper.py", line 563, in monitor_and_update_active_orders
    trigger_config = full_order['info']['order_configuration']['trigger_bracket_gtc']
KeyError: 'info'
2025-05-02 00:48:53,117 - webhook_logger - ERROR - Error handling tracked order e9de5b20-9b05-4f8a-8fe2-ec8b2a410040: 'info' (websocket_helper.py:587)
Traceback (most recent call last):
  File "/Users/jack/Python_Projects/BotTrader/webhook/websocket_helper.py", line 563, in monitor_and_update_active_orders
    trigger_config = full_order['info']['order_configuration']['trigger_bracket_gtc']
KeyError: 'info'
2025-05-02 00:48:53,129 - webhook_logger - INFO - ⚡ Subscribing to Market Channels... (listener.py:104)
2025-05-02 00:48:53,130 - webhook_logger - INFO - � Subscribing to Market Channels: ['ticker_batch', 'heartbeats'] (websocket_helper.py:307)
2025-05-02 00:48:53,130 - webhook_logger - INFO - Listening on wss://advanced-trade-ws.coinbase.com (listener.py:107)
2025-05-02 00:48:53,138 - webhook_logger - INFO - ✅ sync_open_orders → upserted 250 rows (10 open / 250 recent) (listener.py:881)
2025-05-02 00:49:06,899 - webhook_logger - INFO - ✅ First message received from market channel: ticker_batch (websocket_helper.py:268)
2025-05-02 00:53:13,153 - webhook_logger - INFO - 💰 IDEX-USD SELL profit -50.07 USD (websocket_market_manager.py:226)
2025-05-02 00:53:13,153 - webhook_logger - ERROR - Error in handle_order_fill: 'dict' object has no attribute 'base_decimal' {'avg_price': '0.0264', 'cancel_reason': '', 'client_order_id': 'f1bb7487-cb44-4365-9fe0-f25ee2bd658f_attached', 'completion_percentage': '100.00', 'contract_expiry_type': 'UNKNOWN_CONTRACT_EXPIRY_TYPE', 'cumulative_quantity': '1872.6', 'filled_value': '49.43664', 'leaves_quantity': '0', 'limit_price': '', 'number_of_fills': '1', 'order_id': 'b8944053-3690-4e1c-b73d-7ec40802a3da', 'order_side': 'SELL', 'order_type': '', 'outstanding_hold_amount': '1872.6', 'post_only': '', 'product_id': 'IDEX-USD', 'product_type': 'SPOT', 'reject_Reason': '', 'retail_portfolio_id': 'c5a8f238-d2ef-5bb4-93cd-0dfd7a773be7', 'risk_managed_by': 'UNKNOWN_RISK_MANAGEMENT_TYPE', 'status': 'FILLED', 'stop_price': '', 'time_in_force': 'GOOD_UNTIL_CANCELLED', 'total_fees': '0.1235916', 'total_value_after_fees': '49.3130484', 'trigger_status': 'STOP_TRIGGERED', 'creation_time': '2025-05-02T07:32:57.207725Z', 'end_time': '0001-01-01T00:00:00Z', 'start_time': '0001-01-01T00:00:00Z'} (listener.py:465)
Traceback (most recent call last):
  File "/Users/jack/Python_Projects/BotTrader/webhook/listener.py", line 398, in handle_order_fill
    base_deci = websocket_order_data.base_decimal
AttributeError: 'dict' object has no attribute 'base_decimal'
2025-05-02 00:53:14,018 - webhook_logger - INFO - 💰 IDEX-USD SELL profit -50.07 USD (websocket_market_manager.py:226)
2025-05-02 00:53:14,018 - webhook_logger - ERROR - Error in handle_order_fill: 'dict' object has no attribute 'base_decimal' {'avg_price': '0.0264', 'cancel_reason': '', 'client_order_id': 'f1bb7487-cb44-4365-9fe0-f25ee2bd658f_attached', 'completion_percentage': '100.00', 'contract_expiry_type': 'UNKNOWN_CONTRACT_EXPIRY_TYPE', 'cumulative_quantity': '1872.6', 'filled_value': '49.43664', 'leaves_quantity': '0', 'limit_price': '', 'number_of_fills': '1', 'order_id': 'b8944053-3690-4e1c-b73d-7ec40802a3da', 'order_side': 'SELL', 'order_type': '', 'outstanding_hold_amount': '0', 'post_only': '', 'product_id': 'IDEX-USD', 'product_type': 'SPOT', 'reject_Reason': '', 'retail_portfolio_id': 'c5a8f238-d2ef-5bb4-93cd-0dfd7a773be7', 'risk_managed_by': 'UNKNOWN_RISK_MANAGEMENT_TYPE', 'status': 'FILLED', 'stop_price': '', 'time_in_force': 'GOOD_UNTIL_CANCELLED', 'total_fees': '0.1235916', 'total_value_after_fees': '49.3130484', 'trigger_status': 'STOP_TRIGGERED', 'creation_time': '2025-05-02T07:32:57.207725Z', 'end_time': '0001-01-01T00:00:00Z', 'start_time': '0001-01-01T00:00:00Z'} (listener.py:465)
Traceback (most recent call last):
  File "/Users/jack/Python_Projects/BotTrader/webhook/listener.py", line 398, in handle_order_fill
    base_deci = websocket_order_data.base_decimal
AttributeError: 'dict' object has no attribute 'base_decimal'
2025-05-02 00:53:14,028 - webhook_logger - INFO - Connected to wss://advanced-trade-ws.coinbase.com (listener.py:96)
2025-05-02 00:53:15,030 - webhook_logger - INFO - ⚡ Subscribing to Market Channels... (listener.py:104)
2025-05-02 00:53:15,031 - webhook_logger - INFO - � Subscribing to Market Channels: ['ticker_batch', 'heartbeats'] (websocket_helper.py:307)
2025-05-02 00:53:15,032 - webhook_logger - INFO - Listening on wss://advanced-trade-ws.coinbase.com (listener.py:107)
2025-05-02 00:53:58,138 - webhook_logger - ERROR - Error in handle_order_fill: 'dict' object has no attribute 'base_decimal' {'avg_price': '0.2505', 'cancel_reason': '', 'client_order_id': 'ae11bf0f-a479-4fd6-9892-be1a6eb8ea91', 'completion_percentage': '100.00', 'contract_expiry_type': 'UNKNOWN_CONTRACT_EXPIRY_TYPE', 'cumulative_quantity': '100.4', 'filled_value': '25.1502', 'leaves_quantity': '0', 'limit_price': '0.2505', 'number_of_fills': '1', 'order_id': '633ddcf6-1c58-45b8-80fe-27c95241a4f7', 'order_side': 'SELL', 'order_type': 'Limit', 'outstanding_hold_amount': '100.4', 'post_only': 'false', 'product_id': 'FX-USD', 'product_type': 'SPOT', 'reject_Reason': '', 'retail_portfolio_id': 'c5a8f238-d2ef-5bb4-93cd-0dfd7a773be7', 'risk_managed_by': 'UNKNOWN_RISK_MANAGEMENT_TYPE', 'status': 'FILLED', 'stop_price': '', 'time_in_force': 'GOOD_UNTIL_CANCELLED', 'total_fees': '0.0377253', 'total_value_after_fees': '25.1124747', 'trigger_status': 'INVALID_ORDER_TYPE', 'creation_time': '2025-05-02T07:53:51.076192Z', 'end_time': '0001-01-01T00:00:00Z', 'start_time': '0001-01-01T00:00:00Z'} (listener.py:465)
Traceback (most recent call last):
  File "/Users/jack/Python_Projects/BotTrader/webhook/listener.py", line 398, in handle_order_fill
    base_deci = websocket_order_data.base_decimal
AttributeError: 'dict' object has no attribute 'base_decimal'
2025-05-02 00:53:58,854 - webhook_logger - ERROR - Error in handle_order_fill: 'dict' object has no attribute 'base_decimal' {'avg_price': '0.2505', 'cancel_reason': '', 'client_order_id': 'ae11bf0f-a479-4fd6-9892-be1a6eb8ea91', 'completion_percentage': '100.00', 'contract_expiry_type': 'UNKNOWN_CONTRACT_EXPIRY_TYPE', 'cumulative_quantity': '100.4', 'filled_value': '25.1502', 'leaves_quantity': '0', 'limit_price': '0.2505', 'number_of_fills': '1', 'order_id': '633ddcf6-1c58-45b8-80fe-27c95241a4f7', 'order_side': 'SELL', 'order_type': 'Limit', 'outstanding_hold_amount': '0', 'post_only': 'false', 'product_id': 'FX-USD', 'product_type': 'SPOT', 'reject_Reason': '', 'retail_portfolio_id': 'c5a8f238-d2ef-5bb4-93cd-0dfd7a773be7', 'risk_managed_by': 'UNKNOWN_RISK_MANAGEMENT_TYPE', 'status': 'FILLED', 'stop_price': '', 'time_in_force': 'GOOD_UNTIL_CANCELLED', 'total_fees': '0.0377253', 'total_value_after_fees': '25.1124747', 'trigger_status': 'INVALID_ORDER_TYPE', 'creation_time': '2025-05-02T07:53:51.076192Z', 'end_time': '0001-01-01T00:00:00Z', 'start_time': '0001-01-01T00:00:00Z'} (listener.py:465)
Traceback (most recent call last):
  File "/Users/jack/Python_Projects/BotTrader/webhook/listener.py", line 398, in handle_order_fill
    base_deci = websocket_order_data.base_decimal
AttributeError: 'dict' object has no attribute 'base_decimal'
2025-05-02 00:54:20,119 - webhook_logger - WARNING - WebSocket closed unexpectedly: sent 1011 (internal error) keepalive ping timeout; no close frame received. Reconnecting... (listener.py:136)
2025-05-02 00:54:21,945 - webhook_logger - INFO - Connected to wss://advanced-trade-ws.coinbase.com (listener.py:96)
2025-05-02 00:54:22,948 - webhook_logger - INFO - ⚡ Subscribing to Market Channels... (listener.py:104)
2025-05-02 00:54:22,949 - webhook_logger - INFO - � Subscribing to Market Channels: ['ticker_batch', 'heartbeats'] (websocket_helper.py:307)
2025-05-02 00:54:22,952 - webhook_logger - INFO - Listening on wss://advanced-trade-ws.coinbase.com (listener.py:107)
2025-05-02 00:54:33,608 - webhook_logger - INFO - ✅ Successfully placed tp_sl order for TNSR/USD (webhook_order_manager.py:536)
2025-05-02 00:54:33,609 - webhook_logger - INFO - ✅ Passive BUY TNSR/USD @ 0.149 (passive_order_manager.py:153)
2025-05-02 00:54:38,752 - webhook_logger - WARNING - ⚠️ Passive SELL failed: Validation failed for TNSR/USD (passive_order_manager.py:157)
2025-05-02 00:55:16,454 - webhook_logger - WARNING - ⚠️ Passive BUY failed: Order placement failed (passive_order_manager.py:157)
2025-05-02 00:55:17,723 - webhook_logger - INFO - ❌ Order validation failed for INV/USD: ⚠️ INV/USD has insufficient balance to sell. (webhook_validate_orders.py:446)
2025-05-02 00:55:17,725 - webhook_logger - INFO - ⚠️ Insufficient balance for INV/USD sell order. Balance: 0.0000 (webhook_validate_orders.py:538)
2025-05-02 00:55:17,725 - webhook_logger - WARNING - ⚠️ Passive SELL failed: Order validation failed for INV/USD (passive_order_manager.py:157)
2025-05-02 06:14:09,289 - webhook_logger - WARNING - ⚠️ No message ever received from market channel 'ticker_batch' (websocket_helper.py:238)
2025-05-02 06:14:09,289 - webhook_logger - WARNING - ⚠️ No message ever received from market channel 'heartbeats' (websocket_helper.py:238)
2025-05-02 06:14:09,293 - webhook_logger - INFO - 🔄 Starting sync_open_orders cycle… (listener.py:755)
2025-05-02 06:14:13,531 - webhook_logger - INFO - Connected to wss://advanced-trade-ws-user.coinbase.com (listener.py:96)
2025-05-02 06:14:13,566 - webhook_logger - INFO - Listening on wss://advanced-trade-ws-user.coinbase.com (listener.py:107)
2025-05-02 06:14:13,567 - webhook_logger - INFO - Connected to wss://advanced-trade-ws.coinbase.com (listener.py:96)
2025-05-02 06:14:16,197 - webhook_logger - INFO - ⚡ Subscribing to Market Channels... (listener.py:104)
2025-05-02 06:14:16,197 - webhook_logger - INFO - � Subscribing to Market Channels: ['ticker_batch', 'heartbeats'] (websocket_helper.py:307)
2025-05-02 06:14:16,198 - webhook_logger - INFO - Listening on wss://advanced-trade-ws.coinbase.com (listener.py:107)
2025-05-02 06:14:16,201 - webhook_logger - INFO - ✅ First message received from user channel: user (websocket_helper.py:211)
2025-05-02 06:14:30,537 - webhook_logger - INFO - ✅ First message received from market channel: subscriptions (websocket_helper.py:268)
2025-05-02 06:14:30,537 - webhook_logger - INFO - � Confirmed Market Subscriptions:  (websocket_helper.py:292)
2025-05-02 06:14:30,538 - webhook_logger - INFO - � Confirmed Market Subscriptions:  (websocket_helper.py:292)
2025-05-02 06:14:30,538 - webhook_logger - INFO - ✅ First message received from market channel: heartbeats (websocket_helper.py:268)
2025-05-02 06:14:30,562 - webhook_logger - INFO - ✅ First message received from market channel: ticker_batch (websocket_helper.py:268)
2025-05-02 06:14:30,829 - webhook_logger - INFO - ✅ sync_open_orders → upserted 250 rows (3 open / 250 recent) (listener.py:881)
2025-05-02 06:14:33,322 - webhook_logger - INFO - ✅ Successfully placed tp_sl order for TNSR/USD (webhook_order_manager.py:536)
2025-05-02 06:15:59,966 - webhook_logger - INFO - ✅ Successfully placed tp_sl order for RAD/USD (webhook_order_manager.py:536)
2025-05-02 06:15:59,967 - webhook_logger - INFO - ✅ Passive BUY RAD/USD @ 0.79 (passive_order_manager.py:153)
2025-05-02 06:16:00,294 - webhook_logger - WARNING - ⚠️ Passive SELL failed: Validation failed for RAD/USD (passive_order_manager.py:157)
2025-05-02 06:16:10,266 - webhook_logger - INFO - ✅ Successfully placed tp_sl order for SHDW/USD (webhook_order_manager.py:536)
2025-05-02 06:16:10,266 - webhook_logger - INFO - ✅ Passive BUY SHDW/USD @ 0.148 (passive_order_manager.py:153)
2025-05-02 06:16:10,536 - webhook_logger - WARNING - ⚠️ Passive SELL failed: Validation failed for SHDW/USD (passive_order_manager.py:157)
2025-05-02 06:17:08,740 - webhook_logger - INFO - ✅ Successfully placed tp_sl order for FX/USD (webhook_order_manager.py:536)
2025-05-02 06:17:08,741 - webhook_logger - INFO - ✅ Passive BUY FX/USD @ 0.2304 (passive_order_manager.py:153)
2025-05-02 06:17:09,041 - webhook_logger - WARNING - ⚠️ Passive SELL failed: Validation failed for FX/USD (passive_order_manager.py:157)
2025-05-02 06:17:33,741 - webhook_logger - WARNING - ⚠️ Failed to cancel expired buy RAD/USD: 'TradeOrderManager' object has no attribute 'cancel_order' (passive_order_manager.py:219)
2025-05-02 06:17:40,917 - webhook_logger - INFO - ✅ Successfully placed tp_sl order for LSETH/USD (webhook_order_manager.py:536)
2025-05-02 06:17:40,918 - webhook_logger - INFO - ✅ Passive BUY LSETH/USD @ 1959.27 (passive_order_manager.py:153)
2025-05-02 06:17:42,416 - webhook_logger - WARNING - ⚠️ Passive SELL failed: Validation failed for LSETH/USD (passive_order_manager.py:157)
2025-05-02 06:17:44,094 - webhook_logger - WARNING - ⚠️ Failed to cancel expired buy SHDW/USD: 'TradeOrderManager' object has no attribute 'cancel_order' (passive_order_manager.py:219)
2025-05-02 06:17:53,561 - webhook_logger - WARNING - WebSocket closed unexpectedly: sent 1011 (internal error) keepalive ping timeout; no close frame received. Reconnecting... (listener.py:136)
2025-05-02 06:17:55,037 - webhook_logger - INFO - Connected to wss://advanced-trade-ws.coinbase.com (listener.py:96)
2025-05-02 06:17:56,041 - webhook_logger - INFO - ⚡ Subscribing to Market Channels... (listener.py:104)
2025-05-02 06:17:56,042 - webhook_logger - INFO - � Subscribing to Market Channels: ['ticker_batch', 'heartbeats'] (websocket_helper.py:307)
2025-05-02 06:17:56,044 - webhook_logger - INFO - Listening on wss://advanced-trade-ws.coinbase.com (listener.py:107)
2025-05-02 06:18:13,160 - webhook_logger - INFO - ✅ Successfully placed tp_sl order for FX/USD (webhook_order_manager.py:536)
2025-05-02 06:18:13,494 - webhook_logger - WARNING - ⚠️ Passive BUY failed: Order placement failed (passive_order_manager.py:157)
2025-05-02 06:18:15,248 - webhook_logger - INFO - ❌ Order validation failed for MOG/USD: ⚠️ MOG/USD has insufficient balance to sell. (webhook_validate_orders.py:446)
2025-05-02 06:18:15,250 - webhook_logger - INFO - ⚠️ Insufficient balance for MOG/USD sell order. Balance: 0 (webhook_validate_orders.py:538)
2025-05-02 06:18:15,250 - webhook_logger - WARNING - ⚠️ Passive SELL failed: Order validation failed for MOG/USD (passive_order_manager.py:157)
2025-05-02 06:18:41,295 - webhook_logger - WARNING - ⚠️ Failed to cancel expired buy FX/USD: 'TradeOrderManager' object has no attribute 'cancel_order' (passive_order_manager.py:219)
2025-05-02 06:19:11,611 - webhook_logger - INFO - ✅ Successfully placed tp_sl order for FX/USD (webhook_order_manager.py:536)
2025-05-02 06:19:12,483 - webhook_logger - WARNING - ⚠️ Failed to cancel expired buy LSETH/USD: 'TradeOrderManager' object has no attribute 'cancel_order' (passive_order_manager.py:219)
2025-05-02 06:19:36,737 - webhook_logger - WARNING - ⚠️ Passive BUY failed: Validation failed for SHDW/USD (passive_order_manager.py:157)
2025-05-02 06:19:37,061 - webhook_logger - WARNING - ⚠️ Passive SELL failed: Validation failed for SHDW/USD (passive_order_manager.py:157)
2025-05-02 06:20:09,259 - webhook_logger - INFO - ✅ Successfully placed tp_sl order for FX/USD (webhook_order_manager.py:536)
2025-05-02 06:20:30,105 - webhook_logger - INFO - ✅ Successfully placed tp_sl order for STRK/USD (webhook_order_manager.py:536)
2025-05-02 06:20:30,105 - webhook_logger - INFO - ✅ Passive BUY STRK/USD @ 0.141 (passive_order_manager.py:153)
2025-05-02 06:20:30,554 - webhook_logger - WARNING - ⚠️ Passive SELL failed: Validation failed for STRK/USD (passive_order_manager.py:157)
2025-05-02 07:01:06,496 - webhook_logger - WARNING - ⚠️ No message ever received from market channel 'ticker_batch' (websocket_helper.py:238)
2025-05-02 07:01:06,496 - webhook_logger - WARNING - ⚠️ No message ever received from market channel 'heartbeats' (websocket_helper.py:238)
2025-05-02 07:01:06,501 - webhook_logger - INFO - 🔄 Starting sync_open_orders cycle… (listener.py:729)
2025-05-02 07:01:10,016 - webhook_logger - INFO - Connected to wss://advanced-trade-ws.coinbase.com (listener.py:96)
2025-05-02 07:01:10,017 - webhook_logger - INFO - Connected to wss://advanced-trade-ws-user.coinbase.com (listener.py:96)
2025-05-02 07:01:10,049 - webhook_logger - INFO - Listening on wss://advanced-trade-ws-user.coinbase.com (listener.py:107)
2025-05-02 07:01:12,085 - webhook_logger - INFO - ⚡ Subscribing to Market Channels... (listener.py:104)
2025-05-02 07:01:12,086 - webhook_logger - INFO - � Subscribing to Market Channels: ['ticker_batch', 'heartbeats'] (websocket_helper.py:307)
2025-05-02 07:01:12,087 - webhook_logger - INFO - Listening on wss://advanced-trade-ws.coinbase.com (listener.py:107)
2025-05-02 07:01:12,429 - webhook_logger - INFO - ✅ First message received from market channel: subscriptions (websocket_helper.py:268)
2025-05-02 07:01:12,429 - webhook_logger - INFO - � Confirmed Market Subscriptions:  (websocket_helper.py:292)
2025-05-02 07:01:12,438 - webhook_logger - INFO - ✅ First message received from user channel: user (websocket_helper.py:211)
2025-05-02 07:01:12,446 - webhook_logger - INFO - � Confirmed Market Subscriptions:  (websocket_helper.py:292)
2025-05-02 07:01:12,446 - webhook_logger - INFO - ✅ First message received from market channel: heartbeats (websocket_helper.py:268)
2025-05-02 07:01:12,781 - webhook_logger - INFO - ✅ First message received from market channel: ticker_batch (websocket_helper.py:268)
2025-05-02 07:01:13,156 - webhook_logger - INFO - ✅ sync_open_orders → upserted 250 rows (5 open / 250 recent) (listener.py:855)
2025-05-02 07:02:26,197 - webhook_logger - ERROR - process_user_channel error (websocket_market_manager.py:216)
Traceback (most recent call last):
  File "/Users/jack/Python_Projects/BotTrader/webhook/websocket_market_manager.py", line 185, in process_user_channel
    order_data = OrderData.from_dict(order)
NameError: name 'OrderData' is not defined
2025-05-02 07:02:26,205 - webhook_logger - ERROR - process_user_channel error (websocket_market_manager.py:216)
Traceback (most recent call last):
  File "/Users/jack/Python_Projects/BotTrader/webhook/websocket_market_manager.py", line 185, in process_user_channel
    order_data = OrderData.from_dict(order)
NameError: name 'OrderData' is not defined
2025-05-02 07:02:26,663 - webhook_logger - ERROR - process_user_channel error (websocket_market_manager.py:216)
Traceback (most recent call last):
  File "/Users/jack/Python_Projects/BotTrader/webhook/websocket_market_manager.py", line 185, in process_user_channel
    order_data = OrderData.from_dict(order)
NameError: name 'OrderData' is not defined
2025-05-02 07:02:26,667 - webhook_logger - ERROR - process_user_channel error (websocket_market_manager.py:216)
Traceback (most recent call last):
  File "/Users/jack/Python_Projects/BotTrader/webhook/websocket_market_manager.py", line 185, in process_user_channel
    order_data = OrderData.from_dict(order)
NameError: name 'OrderData' is not defined
2025-05-02 07:02:54,190 - webhook_logger - INFO - ❎ c3394520-adaf-4394-b312-09a70ee5c3cb cancelled → removed from DB (websocket_market_manager.py:150)
2025-05-02 07:02:54,195 - webhook_logger - INFO - ❎ c3394520-adaf-4394-b312-09a70ee5c3cb cancelled → removed from DB (websocket_market_manager.py:150)
2025-05-02 07:02:58,321 - webhook_logger - INFO - ✅ Successfully placed tp_sl order for SHDW/USD (webhook_order_manager.py:536)
2025-05-02 07:02:58,321 - webhook_logger - INFO - ✅ Passive BUY SHDW/USD @ 0.152 (passive_order_manager.py:153)
2025-05-02 07:02:58,605 - webhook_logger - WARNING - ⚠️ Passive SELL failed: Validation failed for SHDW/USD (passive_order_manager.py:157)
2025-05-02 07:02:58,611 - webhook_logger - ERROR - process_user_channel error (websocket_market_manager.py:216)
Traceback (most recent call last):
  File "/Users/jack/Python_Projects/BotTrader/webhook/websocket_market_manager.py", line 185, in process_user_channel
    order_data = OrderData.from_dict(order)
NameError: name 'OrderData' is not defined
2025-05-02 07:02:58,705 - webhook_logger - ERROR - process_user_channel error (websocket_market_manager.py:216)
Traceback (most recent call last):
  File "/Users/jack/Python_Projects/BotTrader/webhook/websocket_market_manager.py", line 185, in process_user_channel
    order_data = OrderData.from_dict(order)
NameError: name 'OrderData' is not defined
2025-05-02 07:02:58,709 - webhook_logger - ERROR - process_user_channel error (websocket_market_manager.py:216)
Traceback (most recent call last):
  File "/Users/jack/Python_Projects/BotTrader/webhook/websocket_market_manager.py", line 185, in process_user_channel
    order_data = OrderData.from_dict(order)
NameError: name 'OrderData' is not defined
2025-05-02 07:02:58,713 - webhook_logger - ERROR - process_user_channel error (websocket_market_manager.py:216)
Traceback (most recent call last):
  File "/Users/jack/Python_Projects/BotTrader/webhook/websocket_market_manager.py", line 185, in process_user_channel
    order_data = OrderData.from_dict(order)
NameError: name 'OrderData' is not defined
2025-05-02 07:04:28,849 - webhook_logger - WARNING - ⚠️ Failed to cancel expired buy SHDW/USD: 'TradeOrderManager' object has no attribute 'cancel_order' (passive_order_manager.py:219)
2025-05-02 07:04:54,784 - webhook_logger - WARNING - WebSocket closed unexpectedly: sent 1011 (internal error) keepalive ping timeout; no close frame received. Reconnecting... (listener.py:136)
2025-05-02 07:04:56,230 - webhook_logger - INFO - Connected to wss://advanced-trade-ws.coinbase.com (listener.py:96)
2025-05-02 07:04:57,234 - webhook_logger - INFO - ⚡ Subscribing to Market Channels... (listener.py:104)
2025-05-02 07:04:57,235 - webhook_logger - INFO - � Subscribing to Market Channels: ['ticker_batch', 'heartbeats'] (websocket_helper.py:307)
2025-05-02 07:04:57,237 - webhook_logger - INFO - Listening on wss://advanced-trade-ws.coinbase.com (listener.py:107)
2025-05-02 07:06:13,684 - webhook_logger - INFO - ✅ Successfully placed tp_sl order for MASK/USD (webhook_order_manager.py:536)
2025-05-02 07:06:13,684 - webhook_logger - INFO - ✅ Passive BUY MASK/USD @ 1.17 (passive_order_manager.py:153)
2025-05-02 07:06:14,020 - webhook_logger - WARNING - ⚠️ Passive SELL failed: Validation failed for MASK/USD (passive_order_manager.py:157)
2025-05-02 07:06:35,502 - webhook_logger - WARNING - ⚠️ Passive BUY failed: Order placement failed (passive_order_manager.py:157)
2025-05-02 07:06:36,229 - webhook_logger - INFO - ❌ Order validation failed for GTC/USD: ⚠️ GTC/USD has insufficient balance to sell. (webhook_validate_orders.py:446)
2025-05-02 07:06:36,231 - webhook_logger - INFO - ⚠️ Insufficient balance for GTC/USD sell order. Balance: 0.00 (webhook_validate_orders.py:538)
2025-05-02 07:06:36,231 - webhook_logger - WARNING - ⚠️ Passive SELL failed: Order validation failed for GTC/USD (passive_order_manager.py:157)
2025-05-02 07:07:48,711 - webhook_logger - WARNING - ⚠️ Failed to cancel expired buy MASK/USD: 'TradeOrderManager' object has no attribute 'cancel_order' (passive_order_manager.py:219)
2025-05-02 07:07:59,695 - webhook_logger - INFO - ✅ Successfully placed tp_sl order for WCFG/USD (webhook_order_manager.py:536)
2025-05-02 07:07:59,695 - webhook_logger - INFO - ✅ Passive BUY WCFG/USD @ 0.146 (passive_order_manager.py:153)
2025-05-02 07:07:59,983 - webhook_logger - WARNING - ⚠️ Passive SELL failed: Validation failed for WCFG/USD (passive_order_manager.py:157)
2025-05-02 07:08:21,106 - webhook_logger - INFO - ✅ Successfully placed tp_sl order for ARPA/USD (webhook_order_manager.py:536)
2025-05-02 07:08:21,107 - webhook_logger - INFO - ✅ Passive BUY ARPA/USD @ 0.0253 (passive_order_manager.py:153)
2025-05-02 07:08:21,405 - webhook_logger - WARNING - ⚠️ Passive SELL failed: Validation failed for ARPA/USD (passive_order_manager.py:157)
2025-05-02 07:08:28,102 - webhook_logger - WARNING - WebSocket closed unexpectedly: sent 1011 (internal error) keepalive ping timeout; no close frame received. Reconnecting... (listener.py:136)
2025-05-02 07:08:30,642 - webhook_logger - INFO - Connected to wss://advanced-trade-ws.coinbase.com (listener.py:96)
2025-05-02 07:08:31,646 - webhook_logger - INFO - ⚡ Subscribing to Market Channels... (listener.py:104)
2025-05-02 07:08:31,647 - webhook_logger - INFO - � Subscribing to Market Channels: ['ticker_batch', 'heartbeats'] (websocket_helper.py:307)
2025-05-02 07:08:31,649 - webhook_logger - INFO - Listening on wss://advanced-trade-ws.coinbase.com (listener.py:107)
2025-05-02 07:08:58,797 - webhook_logger - WARNING - ⚠️ Passive BUY failed: Validation failed for ARPA/USD (passive_order_manager.py:157)
2025-05-02 07:08:59,333 - webhook_logger - WARNING - ⚠️ Passive SELL failed: Validation failed for ARPA/USD (passive_order_manager.py:157)
2025-05-02 07:09:30,387 - webhook_logger - WARNING - ⚠️ Failed to cancel expired buy WCFG/USD: 'TradeOrderManager' object has no attribute 'cancel_order' (passive_order_manager.py:219)
2025-05-02 07:09:51,119 - webhook_logger - WARNING - ⚠️ Failed to cancel expired buy ARPA/USD: 'TradeOrderManager' object has no attribute 'cancel_order' (passive_order_manager.py:219)
2025-05-02 07:10:45,027 - webhook_logger - WARNING - ⚠️ Passive BUY failed: Validation failed for WCFG/USD (passive_order_manager.py:157)
2025-05-02 07:10:45,305 - webhook_logger - WARNING - ⚠️ Passive SELL failed: Validation failed for WCFG/USD (passive_order_manager.py:157)
2025-05-02 07:11:56,303 - webhook_logger - WARNING - WebSocket closed unexpectedly: sent 1011 (internal error) keepalive ping timeout; no close frame received. Reconnecting... (listener.py:136)
2025-05-02 07:12:00,735 - webhook_logger - INFO - Connected to wss://advanced-trade-ws.coinbase.com (listener.py:96)
2025-05-02 07:12:01,741 - webhook_logger - INFO - ⚡ Subscribing to Market Channels... (listener.py:104)
2025-05-02 07:12:01,741 - webhook_logger - INFO - � Subscribing to Market Channels: ['ticker_batch', 'heartbeats'] (websocket_helper.py:307)
2025-05-02 07:12:01,745 - webhook_logger - INFO - Listening on wss://advanced-trade-ws.coinbase.com (listener.py:107)
2025-05-02 07:12:15,533 - webhook_logger - WARNING - ⚠️ Passive BUY failed: Validation failed for MASK/USD (passive_order_manager.py:157)
2025-05-02 07:12:15,822 - webhook_logger - WARNING - ⚠️ Passive SELL failed: Validation failed for MASK/USD (passive_order_manager.py:157)
2025-05-02 07:14:42,646 - webhook_logger - INFO - ✅ Successfully placed tp_sl order for CTX/USD (webhook_order_manager.py:536)
2025-05-02 07:14:42,646 - webhook_logger - INFO - ✅ Passive BUY CTX/USD @ 1.9558 (passive_order_manager.py:153)
2025-05-02 07:14:42,917 - webhook_logger - WARNING - ⚠️ Passive SELL failed: Validation failed for CTX/USD (passive_order_manager.py:157)
2025-05-02 07:15:18,248 - webhook_logger - WARNING - ⚠️ Passive BUY failed: Order placement failed (passive_order_manager.py:157)
2025-05-02 07:15:18,873 - webhook_logger - INFO - ❌ Order validation failed for GTC/USD: ⚠️ GTC/USD has insufficient balance to sell. (webhook_validate_orders.py:446)
2025-05-02 07:15:18,875 - webhook_logger - INFO - ⚠️ Insufficient balance for GTC/USD sell order. Balance: 0.00 (webhook_validate_orders.py:538)
2025-05-02 07:15:18,875 - webhook_logger - WARNING - ⚠️ Passive SELL failed: Order validation failed for GTC/USD (passive_order_manager.py:157)
2025-05-02 07:15:33,311 - webhook_logger - INFO - ✅ Successfully placed tp_sl order for BADGER/USD (webhook_order_manager.py:536)
2025-05-02 07:15:33,311 - webhook_logger - INFO - ✅ Passive BUY BADGER/USD @ 1.09 (passive_order_manager.py:153)
2025-05-02 07:15:33,630 - webhook_logger - WARNING - ⚠️ Passive SELL failed: Validation failed for BADGER/USD (passive_order_manager.py:157)
2025-05-02 07:15:34,539 - webhook_logger - WARNING - WebSocket closed unexpectedly: sent 1011 (internal error) keepalive ping timeout; no close frame received. Reconnecting... (listener.py:136)
2025-05-02 07:15:43,058 - webhook_logger - INFO - Connected to wss://advanced-trade-ws.coinbase.com (listener.py:96)
2025-05-02 07:15:44,063 - webhook_logger - INFO - ⚡ Subscribing to Market Channels... (listener.py:104)
2025-05-02 07:15:44,063 - webhook_logger - INFO - � Subscribing to Market Channels: ['ticker_batch', 'heartbeats'] (websocket_helper.py:307)
2025-05-02 07:15:44,065 - webhook_logger - INFO - Listening on wss://advanced-trade-ws.coinbase.com (listener.py:107)
2025-05-02 07:16:18,659 - webhook_logger - WARNING - ⚠️ Failed to cancel expired buy CTX/USD: 'TradeOrderManager' object has no attribute 'cancel_order' (passive_order_manager.py:219)
2025-05-02 07:17:04,051 - webhook_logger - WARNING - ⚠️ Failed to cancel expired buy BADGER/USD: 'TradeOrderManager' object has no attribute 'cancel_order' (passive_order_manager.py:219)
2025-05-02 07:19:14,455 - webhook_logger - WARNING - WebSocket closed unexpectedly: sent 1011 (internal error) keepalive ping timeout; no close frame received. Reconnecting... (listener.py:136)
2025-05-02 07:19:30,952 - webhook_logger - INFO - Connected to wss://advanced-trade-ws.coinbase.com (listener.py:96)
2025-05-02 07:19:31,956 - webhook_logger - INFO - ⚡ Subscribing to Market Channels... (listener.py:104)
2025-05-02 07:19:31,956 - webhook_logger - INFO - � Subscribing to Market Channels: ['ticker_batch', 'heartbeats'] (websocket_helper.py:307)
2025-05-02 07:19:31,958 - webhook_logger - INFO - Listening on wss://advanced-trade-ws.coinbase.com (listener.py:107)
2025-05-02 07:22:22,489 - webhook_logger - INFO - ❎ 3043d127-2702-4e53-b71b-17acd0454b17 cancelled → removed from DB (websocket_market_manager.py:150)
2025-05-02 07:22:22,495 - webhook_logger - INFO - ❎ 3043d127-2702-4e53-b71b-17acd0454b17 cancelled → removed from DB (websocket_market_manager.py:150)
2025-05-02 07:22:49,670 - webhook_logger - WARNING - WebSocket closed unexpectedly: sent 1011 (internal error) keepalive ping timeout; no close frame received. Reconnecting... (listener.py:136)
2025-05-02 07:23:22,241 - webhook_logger - INFO - Connected to wss://advanced-trade-ws.coinbase.com (listener.py:96)
2025-05-02 07:23:23,246 - webhook_logger - INFO - ⚡ Subscribing to Market Channels... (listener.py:104)
2025-05-02 07:23:23,247 - webhook_logger - INFO - � Subscribing to Market Channels: ['ticker_batch', 'heartbeats'] (websocket_helper.py:307)
2025-05-02 07:23:23,250 - webhook_logger - INFO - Listening on wss://advanced-trade-ws.coinbase.com (listener.py:107)
2025-05-02 07:23:34,956 - webhook_logger - ERROR - process_user_channel error (websocket_market_manager.py:216)
Traceback (most recent call last):
  File "/Users/jack/Python_Projects/BotTrader/webhook/websocket_market_manager.py", line 185, in process_user_channel
    order_data = OrderData.from_dict(order)
NameError: name 'OrderData' is not defined
2025-05-02 07:23:34,963 - webhook_logger - ERROR - process_user_channel error (websocket_market_manager.py:216)
Traceback (most recent call last):
  File "/Users/jack/Python_Projects/BotTrader/webhook/websocket_market_manager.py", line 185, in process_user_channel
    order_data = OrderData.from_dict(order)
NameError: name 'OrderData' is not defined
2025-05-02 07:24:38,567 - webhook_logger - INFO - ✅ Successfully placed tp_sl order for RAD/USD (webhook_order_manager.py:536)
2025-05-02 07:24:38,567 - webhook_logger - INFO - ✅ Passive BUY RAD/USD @ 0.79 (passive_order_manager.py:153)
2025-05-02 07:24:38,874 - webhook_logger - WARNING - ⚠️ Passive SELL failed: Validation failed for RAD/USD (passive_order_manager.py:157)
2025-05-02 07:24:48,406 - webhook_logger - INFO - ✅ Successfully placed tp_sl order for FAI/USD (webhook_order_manager.py:536)
2025-05-02 07:24:48,406 - webhook_logger - INFO - ✅ Passive BUY FAI/USD @ 0.01600 (passive_order_manager.py:153)
2025-05-02 07:24:49,392 - webhook_logger - WARNING - ⚠️ Passive SELL failed: Validation failed for FAI/USD (passive_order_manager.py:157)
2025-05-02 07:24:55,162 - webhook_logger - INFO - ❎ 08466716-a7e3-400d-b997-e3f72b761c79 cancelled → removed from DB (websocket_market_manager.py:150)
2025-05-02 07:24:55,169 - webhook_logger - INFO - ❎ 08466716-a7e3-400d-b997-e3f72b761c79 cancelled → removed from DB (websocket_market_manager.py:150)
2025-05-02 07:26:10,149 - webhook_logger - WARNING - ⚠️ Failed to cancel expired buy RAD/USD: 'TradeOrderManager' object has no attribute 'cancel_order' (passive_order_manager.py:219)
2025-05-02 07:26:25,735 - webhook_logger - WARNING - ⚠️ Failed to cancel expired buy FAI/USD: 'TradeOrderManager' object has no attribute 'cancel_order' (passive_order_manager.py:219)
2025-05-02 07:26:54,369 - webhook_logger - INFO - ❎ a29ab20b-3f45-406f-8462-8a157d9fbbca cancelled → removed from DB (websocket_market_manager.py:150)
2025-05-02 07:26:54,373 - webhook_logger - INFO - ❎ a29ab20b-3f45-406f-8462-8a157d9fbbca cancelled → removed from DB (websocket_market_manager.py:150)
2025-05-02 07:27:09,724 - webhook_logger - WARNING - WebSocket closed unexpectedly: sent 1011 (internal error) keepalive ping timeout; no close frame received. Reconnecting... (listener.py:136)
2025-05-02 07:30:53,584 - webhook_logger - WARNING - ⚠️ No message ever received from market channel 'ticker_batch' (websocket_helper.py:238)
2025-05-02 07:30:53,584 - webhook_logger - WARNING - ⚠️ No message ever received from market channel 'heartbeats' (websocket_helper.py:238)
2025-05-02 07:30:53,590 - webhook_logger - INFO - 🔄 Starting sync_open_orders cycle… (listener.py:729)
2025-05-02 07:31:41,401 - webhook_logger - ERROR - Unexpected WebSocket error:  (listener.py:141)
Traceback (most recent call last):
  File "/opt/anaconda3/envs/TradeBot/lib/python3.10/site-packages/websockets/legacy/client.py", line 654, in __await_impl__
    _transport, protocol = await self._create_connection()
  File "/opt/anaconda3/envs/TradeBot/lib/python3.10/asyncio/base_events.py", line 1103, in create_connection
    transport, protocol = await self._create_connection_transport(
  File "/opt/anaconda3/envs/TradeBot/lib/python3.10/asyncio/base_events.py", line 1133, in _create_connection_transport
    await waiter
asyncio.exceptions.CancelledError

During handling of the above exception, another exception occurred:

Traceback (most recent call last):
  File "/Users/jack/Python_Projects/BotTrader/webhook/listener.py", line 95, in connect_websocket
    async with websockets.connect(ws_url, max_size=2 ** 20) as ws:
  File "/opt/anaconda3/envs/TradeBot/lib/python3.10/site-packages/websockets/legacy/client.py", line 635, in __aenter__
    return await self
  File "/opt/anaconda3/envs/TradeBot/lib/python3.10/site-packages/websockets/legacy/client.py", line 652, in __await_impl__
    async with asyncio_timeout(self.open_timeout):
  File "/opt/anaconda3/envs/TradeBot/lib/python3.10/site-packages/websockets/asyncio/async_timeout.py", line 181, in __aexit__
    self._do_exit(exc_type)
  File "/opt/anaconda3/envs/TradeBot/lib/python3.10/site-packages/websockets/asyncio/async_timeout.py", line 268, in _do_exit
    raise asyncio.TimeoutError
asyncio.exceptions.TimeoutError
2025-05-02 07:31:41,403 - webhook_logger - ERROR - Unexpected WebSocket error:  (listener.py:141)
Traceback (most recent call last):
  File "/opt/anaconda3/envs/TradeBot/lib/python3.10/site-packages/websockets/legacy/client.py", line 654, in __await_impl__
    _transport, protocol = await self._create_connection()
  File "/opt/anaconda3/envs/TradeBot/lib/python3.10/asyncio/base_events.py", line 1103, in create_connection
    transport, protocol = await self._create_connection_transport(
  File "/opt/anaconda3/envs/TradeBot/lib/python3.10/asyncio/base_events.py", line 1133, in _create_connection_transport
    await waiter
asyncio.exceptions.CancelledError

During handling of the above exception, another exception occurred:

Traceback (most recent call last):
  File "/Users/jack/Python_Projects/BotTrader/webhook/listener.py", line 95, in connect_websocket
    async with websockets.connect(ws_url, max_size=2 ** 20) as ws:
  File "/opt/anaconda3/envs/TradeBot/lib/python3.10/site-packages/websockets/legacy/client.py", line 635, in __aenter__
    return await self
  File "/opt/anaconda3/envs/TradeBot/lib/python3.10/site-packages/websockets/legacy/client.py", line 652, in __await_impl__
    async with asyncio_timeout(self.open_timeout):
  File "/opt/anaconda3/envs/TradeBot/lib/python3.10/site-packages/websockets/asyncio/async_timeout.py", line 181, in __aexit__
    self._do_exit(exc_type)
  File "/opt/anaconda3/envs/TradeBot/lib/python3.10/site-packages/websockets/asyncio/async_timeout.py", line 268, in _do_exit
    raise asyncio.TimeoutError
asyncio.exceptions.TimeoutError
