2025-06-23 11:06:00,506 - sighook_logger - ERROR - ❌ Error in get_portfolio_data: [<class 'decimal.InvalidOperation'>] (portfolio_manager.py:169)
Traceback (most recent call last):
  File "/Users/jack/Python_Projects/BotTrader/sighook/portfolio_manager.py", line 154, in get_portfolio_data
    rows_to_add = self._generate_buy_sell_rows()
  File "/Users/jack/Python_Projects/BotTrader/sighook/portfolio_manager.py", line 181, in _generate_buy_sell_rows
    rows = self.ticker_cache.apply(self._create_row, axis=1).tolist()
  File "/opt/anaconda3/envs/TradeBot/lib/python3.10/site-packages/pandas/core/frame.py", line 10374, in apply
    return op.apply().__finalize__(self, method="apply")
  File "/opt/anaconda3/envs/TradeBot/lib/python3.10/site-packages/pandas/core/apply.py", line 916, in apply
    return self.apply_standard()
  File "/opt/anaconda3/envs/TradeBot/lib/python3.10/site-packages/pandas/core/apply.py", line 1063, in apply_standard
    results, res_index = self.apply_series_generator()
  File "/opt/anaconda3/envs/TradeBot/lib/python3.10/site-packages/pandas/core/apply.py", line 1081, in apply_series_generator
    results[i] = self.func(v, *self.args, **self.kwargs)
  File "/Users/jack/Python_Projects/BotTrader/sighook/portfolio_manager.py", line 274, in _create_row
    price_decimal = Decimal(row['price']).quantize(Decimal(f'1e-{quote_deci}'), rounding=ROUND_DOWN)
decimal.InvalidOperation: [<class 'decimal.InvalidOperation'>]
2025-06-23 11:30:23,918 - sighook_logger - ERROR - ❌ Error in get_portfolio_data: [<class 'decimal.InvalidOperation'>] (portfolio_manager.py:169)
Traceback (most recent call last):
  File "/Users/jack/Python_Projects/BotTrader/sighook/portfolio_manager.py", line 154, in get_portfolio_data
    rows_to_add = self._generate_buy_sell_rows()
  File "/Users/jack/Python_Projects/BotTrader/sighook/portfolio_manager.py", line 181, in _generate_buy_sell_rows
    rows = self.ticker_cache.apply(self._create_row, axis=1).tolist()
  File "/opt/anaconda3/envs/TradeBot/lib/python3.10/site-packages/pandas/core/frame.py", line 10374, in apply
    return op.apply().__finalize__(self, method="apply")
  File "/opt/anaconda3/envs/TradeBot/lib/python3.10/site-packages/pandas/core/apply.py", line 916, in apply
    return self.apply_standard()
  File "/opt/anaconda3/envs/TradeBot/lib/python3.10/site-packages/pandas/core/apply.py", line 1063, in apply_standard
    results, res_index = self.apply_series_generator()
  File "/opt/anaconda3/envs/TradeBot/lib/python3.10/site-packages/pandas/core/apply.py", line 1081, in apply_series_generator
    results[i] = self.func(v, *self.args, **self.kwargs)
  File "/Users/jack/Python_Projects/BotTrader/sighook/portfolio_manager.py", line 274, in _create_row
    price_decimal = Decimal(row['price']).quantize(Decimal(f'1e-{quote_deci}'), rounding=ROUND_DOWN)
decimal.InvalidOperation: [<class 'decimal.InvalidOperation'>]
2025-06-23 11:30:50,791 - sighook_logger - ERROR - ❌Error in main loop: too many values to unpack (expected 4) (sender.py:439)
Traceback (most recent call last):
  File "/Users/jack/Python_Projects/BotTrader/sighook/sender.py", line 338, in run_bot
    (holdings_list, usd_coins, buy_sell_matrix, price_change) = \
ValueError: too many values to unpack (expected 4)
2025-06-23 11:34:51,761 - sighook_logger - ERROR - ❌ Error in get_portfolio_data: [<class 'decimal.InvalidOperation'>] (portfolio_manager.py:169)
Traceback (most recent call last):
  File "/Users/jack/Python_Projects/BotTrader/sighook/portfolio_manager.py", line 154, in get_portfolio_data
    rows_to_add = self._generate_buy_sell_rows()
  File "/Users/jack/Python_Projects/BotTrader/sighook/portfolio_manager.py", line 181, in _generate_buy_sell_rows
    rows = self.ticker_cache.apply(self._create_row, axis=1).tolist()
  File "/opt/anaconda3/envs/TradeBot/lib/python3.10/site-packages/pandas/core/frame.py", line 10374, in apply
    return op.apply().__finalize__(self, method="apply")
  File "/opt/anaconda3/envs/TradeBot/lib/python3.10/site-packages/pandas/core/apply.py", line 916, in apply
    return self.apply_standard()
  File "/opt/anaconda3/envs/TradeBot/lib/python3.10/site-packages/pandas/core/apply.py", line 1063, in apply_standard
    results, res_index = self.apply_series_generator()
  File "/opt/anaconda3/envs/TradeBot/lib/python3.10/site-packages/pandas/core/apply.py", line 1081, in apply_series_generator
    results[i] = self.func(v, *self.args, **self.kwargs)
  File "/Users/jack/Python_Projects/BotTrader/sighook/portfolio_manager.py", line 274, in _create_row
    price_decimal = Decimal(row['price']).quantize(Decimal(f'1e-{quote_deci}'), rounding=ROUND_DOWN)
decimal.InvalidOperation: [<class 'decimal.InvalidOperation'>]
2025-06-23 11:56:14,780 - sighook_logger - ERROR - ❌ Error in get_portfolio_data: 'TypeError' object is not subscriptable (portfolio_manager.py:169)
Traceback (most recent call last):
  File "/Users/jack/Python_Projects/BotTrader/sighook/portfolio_manager.py", line 277, in _create_row
    price = Decimal(self.market_data.get('bid_ask_spread', {}).get(symbol))
TypeError: conversion from NoneType to Decimal is not supported

During handling of the above exception, another exception occurred:

Traceback (most recent call last):
  File "/Users/jack/Python_Projects/BotTrader/sighook/portfolio_manager.py", line 154, in get_portfolio_data
    rows_to_add = self._generate_buy_sell_rows()
  File "/Users/jack/Python_Projects/BotTrader/sighook/portfolio_manager.py", line 181, in _generate_buy_sell_rows
    rows = self.ticker_cache.apply(self._create_row, axis=1).tolist()
  File "/opt/anaconda3/envs/TradeBot/lib/python3.10/site-packages/pandas/core/frame.py", line 10374, in apply
    return op.apply().__finalize__(self, method="apply")
  File "/opt/anaconda3/envs/TradeBot/lib/python3.10/site-packages/pandas/core/apply.py", line 916, in apply
    return self.apply_standard()
  File "/opt/anaconda3/envs/TradeBot/lib/python3.10/site-packages/pandas/core/apply.py", line 1063, in apply_standard
    results, res_index = self.apply_series_generator()
  File "/opt/anaconda3/envs/TradeBot/lib/python3.10/site-packages/pandas/core/apply.py", line 1081, in apply_series_generator
    results[i] = self.func(v, *self.args, **self.kwargs)
  File "/Users/jack/Python_Projects/BotTrader/sighook/portfolio_manager.py", line 284, in _create_row
    'price change %': Decimal(row['price_percentage_change_24h'])
TypeError: 'TypeError' object is not subscriptable
2025-06-23 12:09:03,607 - sighook_logger - WARNING - ⚠️ Asset ETH/USD not in matrix. Skipping. (trading_strategy.py:243)
2025-06-23 12:09:04,734 - sighook_logger - WARNING - ⚠️ Asset SUI/USD not in matrix. Skipping. (trading_strategy.py:243)
2025-06-23 12:09:05,858 - sighook_logger - WARNING - ⚠️ Asset DOGE/USD not in matrix. Skipping. (trading_strategy.py:243)
2025-06-23 12:09:06,971 - sighook_logger - WARNING - ⚠️ Asset MOODENG/USD not in matrix. Skipping. (trading_strategy.py:243)
2025-06-23 12:09:08,051 - sighook_logger - WARNING - ⚠️ Asset XCN/USD not in matrix. Skipping. (trading_strategy.py:243)
2025-06-23 12:09:09,144 - sighook_logger - WARNING - ⚠️ Asset ADA/USD not in matrix. Skipping. (trading_strategy.py:243)
2025-06-23 12:09:09,145 - sighook_logger - INFO - Processing holdings data... (holdings_process_manager.py:156)
2025-06-23 16:07:52,199 - sighook_logger - INFO - Processing holdings data... (holdings_process_manager.py:156)
2025-06-24 00:51:25,051 - sighook_logger - ERROR - ❌ _process_portfolio: 'PortfolioManager' object has no attribute '_get_tradeable_crypto_mapping' (portfolio_manager.py:260)
Traceback (most recent call last):
  File "/Users/jack/Python_Projects/BotTrader/sighook/portfolio_manager.py", line 245, in _process_portfolio
    self._get_tradeable_crypto_mapping(self.non_zero_balances)).fillna(0)
AttributeError: 'PortfolioManager' object has no attribute '_get_tradeable_crypto_mapping'
2025-06-24 00:51:43,933 - sighook_logger - INFO - Processing holdings data... (holdings_process_manager.py:156)
2025-06-24 00:56:20,114 - sighook_logger - ERROR - ❌ _process_portfolio: 'PortfolioManager' object has no attribute '_get_tradeable_crypto_mapping' (portfolio_manager.py:260)
Traceback (most recent call last):
  File "/Users/jack/Python_Projects/BotTrader/sighook/portfolio_manager.py", line 245, in _process_portfolio
    self._get_tradeable_crypto_mapping(self.non_zero_balances)).fillna(0)
AttributeError: 'PortfolioManager' object has no attribute '_get_tradeable_crypto_mapping'
2025-06-24 00:56:20,215 - sighook_logger - ERROR - ❌ _process_portfolio: 'PortfolioManager' object has no attribute '_get_tradeable_crypto_mapping' (portfolio_manager.py:260)
Traceback (most recent call last):
  File "/Users/jack/Python_Projects/BotTrader/sighook/portfolio_manager.py", line 245, in _process_portfolio
    self._get_tradeable_crypto_mapping(self.non_zero_balances)).fillna(0)
AttributeError: 'PortfolioManager' object has no attribute '_get_tradeable_crypto_mapping'
2025-06-24 00:56:35,383 - sighook_logger - INFO - Processing holdings data... (holdings_process_manager.py:156)
2025-06-24 01:01:20,545 - sighook_logger - ERROR - ❌ _process_portfolio: 'PortfolioManager' object has no attribute '_get_tradeable_crypto_mapping' (portfolio_manager.py:260)
Traceback (most recent call last):
  File "/Users/jack/Python_Projects/BotTrader/sighook/portfolio_manager.py", line 245, in _process_portfolio
    self._get_tradeable_crypto_mapping(self.non_zero_balances)).fillna(0)
AttributeError: 'PortfolioManager' object has no attribute '_get_tradeable_crypto_mapping'
2025-06-24 01:01:20,648 - sighook_logger - ERROR - ❌ _process_portfolio: 'PortfolioManager' object has no attribute '_get_tradeable_crypto_mapping' (portfolio_manager.py:260)
Traceback (most recent call last):
  File "/Users/jack/Python_Projects/BotTrader/sighook/portfolio_manager.py", line 245, in _process_portfolio
    self._get_tradeable_crypto_mapping(self.non_zero_balances)).fillna(0)
AttributeError: 'PortfolioManager' object has no attribute '_get_tradeable_crypto_mapping'
2025-06-24 01:01:39,278 - sighook_logger - INFO - Processing holdings data... (holdings_process_manager.py:156)
2025-06-24 01:06:21,422 - sighook_logger - ERROR - ❌ _process_portfolio: 'PortfolioManager' object has no attribute '_get_tradeable_crypto_mapping' (portfolio_manager.py:260)
Traceback (most recent call last):
  File "/Users/jack/Python_Projects/BotTrader/sighook/portfolio_manager.py", line 245, in _process_portfolio
    self._get_tradeable_crypto_mapping(self.non_zero_balances)).fillna(0)
AttributeError: 'PortfolioManager' object has no attribute '_get_tradeable_crypto_mapping'
2025-06-24 01:06:21,524 - sighook_logger - ERROR - ❌ _process_portfolio: 'PortfolioManager' object has no attribute '_get_tradeable_crypto_mapping' (portfolio_manager.py:260)
Traceback (most recent call last):
  File "/Users/jack/Python_Projects/BotTrader/sighook/portfolio_manager.py", line 245, in _process_portfolio
    self._get_tradeable_crypto_mapping(self.non_zero_balances)).fillna(0)
AttributeError: 'PortfolioManager' object has no attribute '_get_tradeable_crypto_mapping'
2025-06-24 01:06:37,627 - sighook_logger - INFO - Processing holdings data... (holdings_process_manager.py:156)
2025-06-24 01:10:56,776 - sighook_logger - ERROR - ❌ _process_portfolio: 'PortfolioManager' object has no attribute '_get_tradeable_crypto_mapping' (portfolio_manager.py:260)
Traceback (most recent call last):
  File "/Users/jack/Python_Projects/BotTrader/sighook/portfolio_manager.py", line 245, in _process_portfolio
    self._get_tradeable_crypto_mapping(self.non_zero_balances)).fillna(0)
AttributeError: 'PortfolioManager' object has no attribute '_get_tradeable_crypto_mapping'
2025-06-24 01:11:12,595 - sighook_logger - INFO - Processing holdings data... (holdings_process_manager.py:156)
2025-06-24 01:18:07,863 - sighook_logger - ERROR - ❌ _process_portfolio: 'PortfolioManager' object has no attribute '_get_tradeable_crypto_mapping' (portfolio_manager.py:260)
Traceback (most recent call last):
  File "/Users/jack/Python_Projects/BotTrader/sighook/portfolio_manager.py", line 245, in _process_portfolio
    self._get_tradeable_crypto_mapping(self.non_zero_balances)).fillna(0)
AttributeError: 'PortfolioManager' object has no attribute '_get_tradeable_crypto_mapping'
2025-06-24 01:18:07,970 - sighook_logger - ERROR - ❌ _process_portfolio: 'PortfolioManager' object has no attribute '_get_tradeable_crypto_mapping' (portfolio_manager.py:260)
Traceback (most recent call last):
  File "/Users/jack/Python_Projects/BotTrader/sighook/portfolio_manager.py", line 245, in _process_portfolio
    self._get_tradeable_crypto_mapping(self.non_zero_balances)).fillna(0)
AttributeError: 'PortfolioManager' object has no attribute '_get_tradeable_crypto_mapping'
2025-06-24 01:20:04,154 - sighook_logger - INFO - Processing holdings data... (holdings_process_manager.py:156)
2025-06-24 01:23:08,330 - sighook_logger - ERROR - ❌ _process_portfolio: 'PortfolioManager' object has no attribute '_get_tradeable_crypto_mapping' (portfolio_manager.py:260)
Traceback (most recent call last):
  File "/Users/jack/Python_Projects/BotTrader/sighook/portfolio_manager.py", line 245, in _process_portfolio
    self._get_tradeable_crypto_mapping(self.non_zero_balances)).fillna(0)
AttributeError: 'PortfolioManager' object has no attribute '_get_tradeable_crypto_mapping'
2025-06-24 01:23:08,431 - sighook_logger - ERROR - ❌ _process_portfolio: 'PortfolioManager' object has no attribute '_get_tradeable_crypto_mapping' (portfolio_manager.py:260)
Traceback (most recent call last):
  File "/Users/jack/Python_Projects/BotTrader/sighook/portfolio_manager.py", line 245, in _process_portfolio
    self._get_tradeable_crypto_mapping(self.non_zero_balances)).fillna(0)
AttributeError: 'PortfolioManager' object has no attribute '_get_tradeable_crypto_mapping'
2025-06-24 01:23:23,334 - sighook_logger - INFO - Processing holdings data... (holdings_process_manager.py:156)
2025-06-24 01:32:12,475 - sighook_logger - ERROR - ❌ _process_portfolio: 'PortfolioManager' object has no attribute '_get_tradeable_crypto_mapping' (portfolio_manager.py:260)
Traceback (most recent call last):
  File "/Users/jack/Python_Projects/BotTrader/sighook/portfolio_manager.py", line 245, in _process_portfolio
    self._get_tradeable_crypto_mapping(self.non_zero_balances)).fillna(0)
AttributeError: 'PortfolioManager' object has no attribute '_get_tradeable_crypto_mapping'
2025-06-24 01:32:12,577 - sighook_logger - ERROR - ❌ _process_portfolio: 'PortfolioManager' object has no attribute '_get_tradeable_crypto_mapping' (portfolio_manager.py:260)
Traceback (most recent call last):
  File "/Users/jack/Python_Projects/BotTrader/sighook/portfolio_manager.py", line 245, in _process_portfolio
    self._get_tradeable_crypto_mapping(self.non_zero_balances)).fillna(0)
AttributeError: 'PortfolioManager' object has no attribute '_get_tradeable_crypto_mapping'
2025-06-24 01:41:15,946 - sighook_logger - ERROR - ❌ _process_portfolio: 'PortfolioManager' object has no attribute '_get_tradeable_crypto_mapping' (portfolio_manager.py:260)
Traceback (most recent call last):
  File "/Users/jack/Python_Projects/BotTrader/sighook/portfolio_manager.py", line 245, in _process_portfolio
    self._get_tradeable_crypto_mapping(self.non_zero_balances)).fillna(0)
AttributeError: 'PortfolioManager' object has no attribute '_get_tradeable_crypto_mapping'
2025-06-24 01:41:31,622 - sighook_logger - INFO - Processing holdings data... (holdings_process_manager.py:156)
2025-06-24 01:48:33,714 - sighook_logger - ERROR - ❌ _process_portfolio: 'PortfolioManager' object has no attribute '_get_tradeable_crypto_mapping' (portfolio_manager.py:260)
Traceback (most recent call last):
  File "/Users/jack/Python_Projects/BotTrader/sighook/portfolio_manager.py", line 245, in _process_portfolio
    self._get_tradeable_crypto_mapping(self.non_zero_balances)).fillna(0)
AttributeError: 'PortfolioManager' object has no attribute '_get_tradeable_crypto_mapping'
2025-06-24 01:48:33,812 - sighook_logger - ERROR - ❌ _process_portfolio: 'PortfolioManager' object has no attribute '_get_tradeable_crypto_mapping' (portfolio_manager.py:260)
Traceback (most recent call last):
  File "/Users/jack/Python_Projects/BotTrader/sighook/portfolio_manager.py", line 245, in _process_portfolio
    self._get_tradeable_crypto_mapping(self.non_zero_balances)).fillna(0)
AttributeError: 'PortfolioManager' object has no attribute '_get_tradeable_crypto_mapping'
2025-06-24 02:01:05,850 - sighook_logger - ERROR - ❌ _process_portfolio: 'PortfolioManager' object has no attribute '_get_tradeable_crypto_mapping' (portfolio_manager.py:260)
Traceback (most recent call last):
  File "/Users/jack/Python_Projects/BotTrader/sighook/portfolio_manager.py", line 245, in _process_portfolio
    self._get_tradeable_crypto_mapping(self.non_zero_balances)).fillna(0)
AttributeError: 'PortfolioManager' object has no attribute '_get_tradeable_crypto_mapping'
2025-06-24 02:03:56,145 - sighook_logger - INFO - Processing holdings data... (holdings_process_manager.py:156)
2025-06-24 02:07:04,863 - sighook_logger - ERROR - ❌ _process_portfolio: 'PortfolioManager' object has no attribute '_get_tradeable_crypto_mapping' (portfolio_manager.py:260)
Traceback (most recent call last):
  File "/Users/jack/Python_Projects/BotTrader/sighook/portfolio_manager.py", line 245, in _process_portfolio
    self._get_tradeable_crypto_mapping(self.non_zero_balances)).fillna(0)
AttributeError: 'PortfolioManager' object has no attribute '_get_tradeable_crypto_mapping'
2025-06-24 02:07:21,881 - sighook_logger - INFO - Processing holdings data... (holdings_process_manager.py:156)
2025-06-24 10:17:21,283 - sighook_logger - ERROR - ❌ _process_portfolio: 'PortfolioManager' object has no attribute '_get_tradeable_crypto_mapping' (portfolio_manager.py:260)
Traceback (most recent call last):
  File "/Users/jack/Python_Projects/BotTrader/sighook/portfolio_manager.py", line 245, in _process_portfolio
    self._get_tradeable_crypto_mapping(self.non_zero_balances)).fillna(0)
AttributeError: 'PortfolioManager' object has no attribute '_get_tradeable_crypto_mapping'
2025-06-24 10:17:37,409 - sighook_logger - INFO - Processing holdings data... (holdings_process_manager.py:156)
2025-06-24 11:25:21,303 - sighook_logger - INFO - Processing holdings data... (holdings_process_manager.py:156)
2025-06-24 11:26:36,384 - sighook_logger - INFO - Processing holdings data... (holdings_process_manager.py:156)
2025-06-24 11:32:04,010 - sighook_logger - INFO - Processing holdings data... (holdings_process_manager.py:156)
2025-06-24 11:48:32,316 - sighook_logger - INFO - Processing holdings data... (holdings_process_manager.py:156)
2025-06-24 11:49:04,694 - sighook_logger - INFO - Processing holdings data... (holdings_process_manager.py:156)
2025-06-24 11:57:31,536 - sighook_logger - INFO - Processing holdings data... (holdings_process_manager.py:156)
2025-06-24 12:03:12,813 - sighook_logger - INFO - Processing holdings data... (holdings_process_manager.py:156)
2025-06-24 12:10:16,862 - sighook_logger - INFO - Processing holdings data... (holdings_process_manager.py:156)
2025-06-24 12:15:16,183 - sighook_logger - INFO - Processing holdings data... (holdings_process_manager.py:156)
2025-06-24 12:21:09,807 - sighook_logger - INFO - Processing holdings data... (holdings_process_manager.py:156)
2025-06-24 12:26:11,366 - sighook_logger - INFO - Processing holdings data... (holdings_process_manager.py:156)
2025-06-24 12:31:10,689 - sighook_logger - INFO - Processing holdings data... (holdings_process_manager.py:156)
2025-06-24 12:40:01,874 - sighook_logger - INFO - Processing holdings data... (holdings_process_manager.py:156)
2025-06-24 12:45:01,931 - sighook_logger - INFO - Processing holdings data... (holdings_process_manager.py:156)
2025-06-24 12:50:01,754 - sighook_logger - INFO - Processing holdings data... (holdings_process_manager.py:156)
2025-06-24 12:57:15,466 - sighook_logger - INFO - Processing holdings data... (holdings_process_manager.py:156)
2025-06-24 13:02:14,020 - sighook_logger - INFO - Processing holdings data... (holdings_process_manager.py:156)
2025-06-24 13:07:15,544 - sighook_logger - INFO - Processing holdings data... (holdings_process_manager.py:156)
2025-06-24 13:14:31,753 - sighook_logger - INFO - Processing holdings data... (holdings_process_manager.py:156)
2025-06-24 13:26:19,056 - sighook_logger - INFO - Processing holdings data... (holdings_process_manager.py:156)
2025-06-24 13:48:01,119 - sighook_logger - INFO - Processing holdings data... (holdings_process_manager.py:156)
2025-06-24 13:51:20,186 - sighook_logger - INFO - Processing holdings data... (holdings_process_manager.py:156)
2025-06-24 13:57:06,200 - sighook_logger - INFO - Processing holdings data... (holdings_process_manager.py:156)
2025-06-24 14:01:21,068 - sighook_logger - INFO - Processing holdings data... (holdings_process_manager.py:156)
2025-06-24 16:38:52,972 - sighook_logger - INFO - Processing holdings data... (holdings_process_manager.py:156)
2025-06-24 16:44:17,075 - sighook_logger - INFO - Processing holdings data... (holdings_process_manager.py:156)
2025-06-24 16:49:16,068 - sighook_logger - INFO - Processing holdings data... (holdings_process_manager.py:156)
2025-06-24 16:58:22,467 - sighook_logger - INFO - Processing holdings data... (holdings_process_manager.py:156)
2025-06-24 17:05:06,509 - sighook_logger - INFO - Processing holdings data... (holdings_process_manager.py:156)
2025-06-24 17:29:38,936 - sighook_logger - INFO - Processing holdings data... (holdings_process_manager.py:156)
2025-06-24 19:42:51,238 - sighook_logger - INFO - Processing holdings data... (holdings_process_manager.py:156)
2025-06-24 19:47:52,421 - sighook_logger - INFO - Processing holdings data... (holdings_process_manager.py:156)
2025-06-24 20:04:27,613 - sighook_logger - INFO - Processing holdings data... (holdings_process_manager.py:156)
2025-06-24 20:10:58,525 - sighook_logger - INFO - Processing holdings data... (holdings_process_manager.py:156)
2025-06-24 20:18:15,794 - sighook_logger - INFO - Processing holdings data... (holdings_process_manager.py:156)
2025-06-24 20:52:00,588 - sighook_logger - INFO - Processing holdings data... (holdings_process_manager.py:156)
2025-06-24 21:24:12,225 - sighook_logger - INFO - Processing holdings data... (holdings_process_manager.py:156)
2025-06-24 21:28:44,010 - sighook_logger - INFO - Processing holdings data... (holdings_process_manager.py:156)
2025-06-24 21:33:42,646 - sighook_logger - INFO - Processing holdings data... (holdings_process_manager.py:156)
2025-06-24 21:38:42,894 - sighook_logger - INFO - Processing holdings data... (holdings_process_manager.py:156)
2025-06-24 21:43:43,910 - sighook_logger - INFO - Processing holdings data... (holdings_process_manager.py:156)
2025-06-24 21:48:43,008 - sighook_logger - INFO - Processing holdings data... (holdings_process_manager.py:156)
2025-06-24 21:53:43,587 - sighook_logger - INFO - Processing holdings data... (holdings_process_manager.py:156)
2025-06-24 21:58:46,762 - sighook_logger - INFO - Processing holdings data... (holdings_process_manager.py:156)
2025-06-25 11:54:39,498 - sighook_logger - INFO - Processing holdings data... (holdings_process_manager.py:156)
2025-06-25 11:59:20,390 - sighook_logger - INFO - Processing holdings data... (holdings_process_manager.py:156)
2025-06-25 12:52:24,961 - sighook_logger - INFO - Processing holdings data... (holdings_process_manager.py:156)
