2025-06-23 11:06:00,506 - sighook_logger - ERROR - ❌ Error in get_portfolio_data: [<class 'decimal.InvalidOperation'>] (portfolio_manager.py:169)
Traceback (most recent call last):
  File "/Users/jack/Python_Projects/BotTrader/sighook/portfolio_manager.py", line 154, in get_portfolio_data
    rows_to_add = self._generate_buy_sell_rows()
  File "/Users/jack/Python_Projects/BotTrader/sighook/portfolio_manager.py", line 181, in _generate_buy_sell_rows
    rows = self.ticker_cache.apply(self._create_row, axis=1).tolist()
  File "/opt/anaconda3/envs/TradeBot/lib/python3.10/site-packages/pandas/core/frame.py", line 10374, in apply
    return op.apply().__finalize__(self, method="apply")
  File "/opt/anaconda3/envs/TradeBot/lib/python3.10/site-packages/pandas/core/apply.py", line 916, in apply
    return self.apply_standard()
  File "/opt/anaconda3/envs/TradeBot/lib/python3.10/site-packages/pandas/core/apply.py", line 1063, in apply_standard
    results, res_index = self.apply_series_generator()
  File "/opt/anaconda3/envs/TradeBot/lib/python3.10/site-packages/pandas/core/apply.py", line 1081, in apply_series_generator
    results[i] = self.func(v, *self.args, **self.kwargs)
  File "/Users/jack/Python_Projects/BotTrader/sighook/portfolio_manager.py", line 274, in _create_row
    price_decimal = Decimal(row['price']).quantize(Decimal(f'1e-{quote_deci}'), rounding=ROUND_DOWN)
decimal.InvalidOperation: [<class 'decimal.InvalidOperation'>]
2025-06-23 11:30:23,918 - sighook_logger - ERROR - ❌ Error in get_portfolio_data: [<class 'decimal.InvalidOperation'>] (portfolio_manager.py:169)
Traceback (most recent call last):
  File "/Users/jack/Python_Projects/BotTrader/sighook/portfolio_manager.py", line 154, in get_portfolio_data
    rows_to_add = self._generate_buy_sell_rows()
  File "/Users/jack/Python_Projects/BotTrader/sighook/portfolio_manager.py", line 181, in _generate_buy_sell_rows
    rows = self.ticker_cache.apply(self._create_row, axis=1).tolist()
  File "/opt/anaconda3/envs/TradeBot/lib/python3.10/site-packages/pandas/core/frame.py", line 10374, in apply
    return op.apply().__finalize__(self, method="apply")
  File "/opt/anaconda3/envs/TradeBot/lib/python3.10/site-packages/pandas/core/apply.py", line 916, in apply
    return self.apply_standard()
  File "/opt/anaconda3/envs/TradeBot/lib/python3.10/site-packages/pandas/core/apply.py", line 1063, in apply_standard
    results, res_index = self.apply_series_generator()
  File "/opt/anaconda3/envs/TradeBot/lib/python3.10/site-packages/pandas/core/apply.py", line 1081, in apply_series_generator
    results[i] = self.func(v, *self.args, **self.kwargs)
  File "/Users/jack/Python_Projects/BotTrader/sighook/portfolio_manager.py", line 274, in _create_row
    price_decimal = Decimal(row['price']).quantize(Decimal(f'1e-{quote_deci}'), rounding=ROUND_DOWN)
decimal.InvalidOperation: [<class 'decimal.InvalidOperation'>]
2025-06-23 11:30:50,791 - sighook_logger - ERROR - ❌Error in main loop: too many values to unpack (expected 4) (sender.py:439)
Traceback (most recent call last):
  File "/Users/jack/Python_Projects/BotTrader/sighook/sender.py", line 338, in run_bot
    (holdings_list, usd_coins, buy_sell_matrix, price_change) = \
ValueError: too many values to unpack (expected 4)
2025-06-23 11:34:51,761 - sighook_logger - ERROR - ❌ Error in get_portfolio_data: [<class 'decimal.InvalidOperation'>] (portfolio_manager.py:169)
Traceback (most recent call last):
  File "/Users/jack/Python_Projects/BotTrader/sighook/portfolio_manager.py", line 154, in get_portfolio_data
    rows_to_add = self._generate_buy_sell_rows()
  File "/Users/jack/Python_Projects/BotTrader/sighook/portfolio_manager.py", line 181, in _generate_buy_sell_rows
    rows = self.ticker_cache.apply(self._create_row, axis=1).tolist()
  File "/opt/anaconda3/envs/TradeBot/lib/python3.10/site-packages/pandas/core/frame.py", line 10374, in apply
    return op.apply().__finalize__(self, method="apply")
  File "/opt/anaconda3/envs/TradeBot/lib/python3.10/site-packages/pandas/core/apply.py", line 916, in apply
    return self.apply_standard()
  File "/opt/anaconda3/envs/TradeBot/lib/python3.10/site-packages/pandas/core/apply.py", line 1063, in apply_standard
    results, res_index = self.apply_series_generator()
  File "/opt/anaconda3/envs/TradeBot/lib/python3.10/site-packages/pandas/core/apply.py", line 1081, in apply_series_generator
    results[i] = self.func(v, *self.args, **self.kwargs)
  File "/Users/jack/Python_Projects/BotTrader/sighook/portfolio_manager.py", line 274, in _create_row
    price_decimal = Decimal(row['price']).quantize(Decimal(f'1e-{quote_deci}'), rounding=ROUND_DOWN)
decimal.InvalidOperation: [<class 'decimal.InvalidOperation'>]
2025-06-23 11:56:14,780 - sighook_logger - ERROR - ❌ Error in get_portfolio_data: 'TypeError' object is not subscriptable (portfolio_manager.py:169)
Traceback (most recent call last):
  File "/Users/jack/Python_Projects/BotTrader/sighook/portfolio_manager.py", line 277, in _create_row
    price = Decimal(self.market_data.get('bid_ask_spread', {}).get(symbol))
TypeError: conversion from NoneType to Decimal is not supported

During handling of the above exception, another exception occurred:

Traceback (most recent call last):
  File "/Users/jack/Python_Projects/BotTrader/sighook/portfolio_manager.py", line 154, in get_portfolio_data
    rows_to_add = self._generate_buy_sell_rows()
  File "/Users/jack/Python_Projects/BotTrader/sighook/portfolio_manager.py", line 181, in _generate_buy_sell_rows
    rows = self.ticker_cache.apply(self._create_row, axis=1).tolist()
  File "/opt/anaconda3/envs/TradeBot/lib/python3.10/site-packages/pandas/core/frame.py", line 10374, in apply
    return op.apply().__finalize__(self, method="apply")
  File "/opt/anaconda3/envs/TradeBot/lib/python3.10/site-packages/pandas/core/apply.py", line 916, in apply
    return self.apply_standard()
  File "/opt/anaconda3/envs/TradeBot/lib/python3.10/site-packages/pandas/core/apply.py", line 1063, in apply_standard
    results, res_index = self.apply_series_generator()
  File "/opt/anaconda3/envs/TradeBot/lib/python3.10/site-packages/pandas/core/apply.py", line 1081, in apply_series_generator
    results[i] = self.func(v, *self.args, **self.kwargs)
  File "/Users/jack/Python_Projects/BotTrader/sighook/portfolio_manager.py", line 284, in _create_row
    'price change %': Decimal(row['price_percentage_change_24h'])
TypeError: 'TypeError' object is not subscriptable
2025-06-23 12:09:03,607 - sighook_logger - WARNING - ⚠️ Asset ETH/USD not in matrix. Skipping. (trading_strategy.py:243)
2025-06-23 12:09:04,734 - sighook_logger - WARNING - ⚠️ Asset SUI/USD not in matrix. Skipping. (trading_strategy.py:243)
2025-06-23 12:09:05,858 - sighook_logger - WARNING - ⚠️ Asset DOGE/USD not in matrix. Skipping. (trading_strategy.py:243)
2025-06-23 12:09:06,971 - sighook_logger - WARNING - ⚠️ Asset MOODENG/USD not in matrix. Skipping. (trading_strategy.py:243)
2025-06-23 12:09:08,051 - sighook_logger - WARNING - ⚠️ Asset XCN/USD not in matrix. Skipping. (trading_strategy.py:243)
2025-06-23 12:09:09,144 - sighook_logger - WARNING - ⚠️ Asset ADA/USD not in matrix. Skipping. (trading_strategy.py:243)
2025-06-23 12:09:09,145 - sighook_logger - INFO - Processing holdings data... (holdings_process_manager.py:156)
2025-06-23 16:07:52,199 - sighook_logger - INFO - Processing holdings data... (holdings_process_manager.py:156)
