2025-06-23 11:03:39,962 - shared_logger - INFO - üî∏Email alerts are DISABLED via EMAIL_ALERTS=False. (alert_system.py:35)
2025-06-23 11:03:40,799 - shared_logger - INFO - Database connected successfully. (database_session_manager.py:102)
2025-06-23 11:03:40,799 - shared_logger - INFO - DatabaseSessionManager initialized and connected to the database. (database_session_manager.py:112)
2025-06-23 11:03:40,927 - shared_logger - INFO - ‚úÖ Database schema initialized (tables created if they didn't exist). (database_session_manager.py:60)
2025-06-23 11:03:40,944 - shared_logger - INFO - üîπ CoinBaseAPI  initialzed debug. (coinbase_api.py:34)
2025-06-23 11:03:40,944 - shared_logger - INFO - üî∏Email alerts are DISABLED via EMAIL_ALERTS=False. (alert_system.py:35)
2025-06-23 11:03:40,944 - shared_logger - INFO - ‚è≥ Checking startup snapshot state... (main.py:55)
2025-06-23 11:03:40,964 - shared_logger - INFO - üìä ticker_cache rows: 12 (shared_data_manager.py:155)
2025-06-23 11:03:40,965 - shared_logger - INFO - ‚úÖ Startup snapshot loaded from database. (shared_data_manager.py:172)
2025-06-23 11:03:40,965 - shared_logger - INFO - ‚úÖ Market data preloaded successfully with data from the database. (main.py:58)
2025-06-23 11:03:40,965 - shared_logger - INFO - üî∏Email alerts are DISABLED via EMAIL_ALERTS=False. (alert_system.py:35)
2025-06-23 11:03:40,967 - shared_logger - INFO - üî∏Email alerts are DISABLED via EMAIL_ALERTS=False. (alert_system.py:35)
2025-06-23 11:03:40,984 - shared_logger - INFO - üìä ticker_cache rows: 12 (shared_data_manager.py:155)
2025-06-23 11:03:40,984 - shared_logger - INFO - ‚úÖ Startup snapshot loaded from database. (shared_data_manager.py:172)
2025-06-23 11:03:44,260 - shared_logger - INFO - No ticker data for symbol: S-USD (ticker_manager.py:465)
2025-06-23 11:04:41,017 - shared_logger - INFO - ‚úÖ No stale passive orders found. (shared_data_manager.py:631)
2025-06-23 11:04:41,708 - shared_logger - INFO - ‚úÖ No stale passive orders found. (shared_data_manager.py:631)
2025-06-23 11:05:41,060 - shared_logger - INFO - ‚úÖ No stale passive orders found. (shared_data_manager.py:631)
2025-06-23 11:05:41,761 - shared_logger - INFO - ‚úÖ No stale passive orders found. (shared_data_manager.py:631)
2025-06-23 11:06:00,438 - shared_logger - INFO - ‚úÖ SharedDataManager market data initialized. (shared_data_manager.py:212)
2025-06-23 11:27:49,050 - shared_logger - INFO - üî∏Email alerts are DISABLED via EMAIL_ALERTS=False. (alert_system.py:35)
2025-06-23 11:27:49,148 - shared_logger - INFO - Database connected successfully. (database_session_manager.py:102)
2025-06-23 11:27:49,148 - shared_logger - INFO - DatabaseSessionManager initialized and connected to the database. (database_session_manager.py:112)
2025-06-23 11:27:49,191 - shared_logger - INFO - ‚úÖ Database schema initialized (tables created if they didn't exist). (database_session_manager.py:60)
2025-06-23 11:27:49,201 - shared_logger - INFO - üîπ CoinBaseAPI  initialzed debug. (coinbase_api.py:34)
2025-06-23 11:27:49,201 - shared_logger - INFO - üî∏Email alerts are DISABLED via EMAIL_ALERTS=False. (alert_system.py:35)
2025-06-23 11:27:49,201 - shared_logger - INFO - ‚è≥ Checking startup snapshot state... (main.py:55)
2025-06-23 11:27:49,216 - shared_logger - INFO - üìä ticker_cache rows: 12 (shared_data_manager.py:155)
2025-06-23 11:27:49,216 - shared_logger - INFO - ‚úÖ Startup snapshot loaded from database. (shared_data_manager.py:172)
2025-06-23 11:27:49,217 - shared_logger - INFO - ‚úÖ Market data preloaded successfully with data from the database. (main.py:58)
2025-06-23 11:27:49,217 - shared_logger - INFO - üî∏Email alerts are DISABLED via EMAIL_ALERTS=False. (alert_system.py:35)
2025-06-23 11:27:49,219 - shared_logger - INFO - üî∏Email alerts are DISABLED via EMAIL_ALERTS=False. (alert_system.py:35)
2025-06-23 11:27:49,234 - shared_logger - INFO - üìä ticker_cache rows: 12 (shared_data_manager.py:155)
2025-06-23 11:27:49,234 - shared_logger - INFO - ‚úÖ Startup snapshot loaded from database. (shared_data_manager.py:172)
2025-06-23 11:27:52,409 - shared_logger - INFO - No ticker data for symbol: S-USD (ticker_manager.py:465)
2025-06-23 11:28:49,259 - shared_logger - INFO - ‚úÖ No stale passive orders found. (shared_data_manager.py:631)
2025-06-23 11:28:50,063 - shared_logger - INFO - ‚úÖ No stale passive orders found. (shared_data_manager.py:631)
2025-06-23 11:29:47,581 - shared_logger - INFO - ‚úÖ SharedDataManager market data initialized. (shared_data_manager.py:212)
2025-06-23 11:33:37,951 - shared_logger - INFO - üî∏Email alerts are DISABLED via EMAIL_ALERTS=False. (alert_system.py:35)
2025-06-23 11:33:38,050 - shared_logger - INFO - Database connected successfully. (database_session_manager.py:102)
2025-06-23 11:33:38,050 - shared_logger - INFO - DatabaseSessionManager initialized and connected to the database. (database_session_manager.py:112)
2025-06-23 11:33:38,098 - shared_logger - INFO - ‚úÖ Database schema initialized (tables created if they didn't exist). (database_session_manager.py:60)
2025-06-23 11:33:38,112 - shared_logger - INFO - üîπ CoinBaseAPI  initialzed debug. (coinbase_api.py:34)
2025-06-23 11:33:38,113 - shared_logger - INFO - üî∏Email alerts are DISABLED via EMAIL_ALERTS=False. (alert_system.py:35)
2025-06-23 11:33:38,113 - shared_logger - INFO - ‚è≥ Checking startup snapshot state... (main.py:55)
2025-06-23 11:33:38,134 - shared_logger - INFO - üìä ticker_cache rows: 12 (shared_data_manager.py:155)
2025-06-23 11:33:38,134 - shared_logger - INFO - ‚úÖ Startup snapshot loaded from database. (shared_data_manager.py:172)
2025-06-23 11:33:38,134 - shared_logger - INFO - ‚úÖ Market data preloaded successfully with data from the database. (main.py:58)
2025-06-23 11:33:38,134 - shared_logger - INFO - üî∏Email alerts are DISABLED via EMAIL_ALERTS=False. (alert_system.py:35)
2025-06-23 11:33:38,137 - shared_logger - INFO - üî∏Email alerts are DISABLED via EMAIL_ALERTS=False. (alert_system.py:35)
2025-06-23 11:33:38,157 - shared_logger - INFO - üìä ticker_cache rows: 12 (shared_data_manager.py:155)
2025-06-23 11:33:38,157 - shared_logger - INFO - ‚úÖ Startup snapshot loaded from database. (shared_data_manager.py:172)
2025-06-23 11:33:40,873 - shared_logger - INFO - No ticker data for symbol: S-USD (ticker_manager.py:465)
2025-06-23 11:34:38,185 - shared_logger - INFO - ‚úÖ No stale passive orders found. (shared_data_manager.py:631)
2025-06-23 11:34:38,738 - shared_logger - INFO - ‚úÖ No stale passive orders found. (shared_data_manager.py:631)
2025-06-23 11:34:38,945 - shared_logger - ERROR - ‚ùå Failed to fetch orders: HTTP 500 (coinbase_api.py:551)
2025-06-23 11:34:39,549 - shared_logger - INFO - ‚úÖ SharedDataManager market data initialized. (shared_data_manager.py:212)
2025-06-23 11:37:52,073 - shared_logger - INFO - üî∏Email alerts are DISABLED via EMAIL_ALERTS=False. (alert_system.py:35)
2025-06-23 11:37:52,183 - shared_logger - INFO - Database connected successfully. (database_session_manager.py:102)
2025-06-23 11:37:52,183 - shared_logger - INFO - DatabaseSessionManager initialized and connected to the database. (database_session_manager.py:112)
2025-06-23 11:37:52,232 - shared_logger - INFO - ‚úÖ Database schema initialized (tables created if they didn't exist). (database_session_manager.py:60)
2025-06-23 11:37:52,248 - shared_logger - INFO - üîπ CoinBaseAPI  initialzed debug. (coinbase_api.py:34)
2025-06-23 11:37:52,248 - shared_logger - INFO - üî∏Email alerts are DISABLED via EMAIL_ALERTS=False. (alert_system.py:35)
2025-06-23 11:37:52,248 - shared_logger - INFO - ‚è≥ Checking startup snapshot state... (main.py:55)
2025-06-23 11:37:52,270 - shared_logger - INFO - üìä ticker_cache rows: 12 (shared_data_manager.py:155)
2025-06-23 11:37:52,271 - shared_logger - INFO - ‚úÖ Startup snapshot loaded from database. (shared_data_manager.py:172)
2025-06-23 11:37:52,272 - shared_logger - INFO - ‚úÖ Market data preloaded successfully with data from the database. (main.py:58)
2025-06-23 11:37:52,272 - shared_logger - INFO - üî∏Email alerts are DISABLED via EMAIL_ALERTS=False. (alert_system.py:35)
2025-06-23 11:37:52,274 - shared_logger - INFO - üî∏Email alerts are DISABLED via EMAIL_ALERTS=False. (alert_system.py:35)
2025-06-23 11:37:52,291 - shared_logger - INFO - üìä ticker_cache rows: 12 (shared_data_manager.py:155)
2025-06-23 11:37:52,291 - shared_logger - INFO - ‚úÖ Startup snapshot loaded from database. (shared_data_manager.py:172)
2025-06-23 11:37:56,629 - shared_logger - INFO - No ticker data for symbol: S-USD (ticker_manager.py:465)
2025-06-23 11:38:52,313 - shared_logger - INFO - ‚úÖ No stale passive orders found. (shared_data_manager.py:631)
2025-06-23 11:38:52,778 - shared_logger - INFO - ‚úÖ No stale passive orders found. (shared_data_manager.py:631)
2025-06-23 11:39:34,235 - shared_logger - INFO - ‚úÖ SharedDataManager market data initialized. (shared_data_manager.py:212)
2025-06-23 11:54:08,584 - shared_logger - INFO - üî∏Email alerts are DISABLED via EMAIL_ALERTS=False. (alert_system.py:35)
2025-06-23 11:54:08,682 - shared_logger - INFO - Database connected successfully. (database_session_manager.py:102)
2025-06-23 11:54:08,683 - shared_logger - INFO - DatabaseSessionManager initialized and connected to the database. (database_session_manager.py:112)
2025-06-23 11:54:08,727 - shared_logger - INFO - ‚úÖ Database schema initialized (tables created if they didn't exist). (database_session_manager.py:60)
2025-06-23 11:54:08,739 - shared_logger - INFO - üîπ CoinBaseAPI  initialzed debug. (coinbase_api.py:34)
2025-06-23 11:54:08,739 - shared_logger - INFO - üî∏Email alerts are DISABLED via EMAIL_ALERTS=False. (alert_system.py:35)
2025-06-23 11:54:08,739 - shared_logger - INFO - ‚è≥ Checking startup snapshot state... (main.py:55)
2025-06-23 11:54:08,756 - shared_logger - INFO - üìä ticker_cache rows: 12 (shared_data_manager.py:155)
2025-06-23 11:54:08,756 - shared_logger - INFO - ‚úÖ Startup snapshot loaded from database. (shared_data_manager.py:172)
2025-06-23 11:54:08,756 - shared_logger - INFO - ‚úÖ Market data preloaded successfully with data from the database. (main.py:58)
2025-06-23 11:54:08,757 - shared_logger - INFO - üî∏Email alerts are DISABLED via EMAIL_ALERTS=False. (alert_system.py:35)
2025-06-23 11:54:08,759 - shared_logger - INFO - üî∏Email alerts are DISABLED via EMAIL_ALERTS=False. (alert_system.py:35)
2025-06-23 11:54:08,775 - shared_logger - INFO - üìä ticker_cache rows: 12 (shared_data_manager.py:155)
2025-06-23 11:54:08,776 - shared_logger - INFO - ‚úÖ Startup snapshot loaded from database. (shared_data_manager.py:172)
2025-06-23 11:54:12,400 - shared_logger - INFO - No ticker data for symbol: S-USD (ticker_manager.py:465)
2025-06-23 11:55:08,810 - shared_logger - INFO - ‚úÖ No stale passive orders found. (shared_data_manager.py:631)
2025-06-23 11:55:09,292 - shared_logger - INFO - ‚úÖ No stale passive orders found. (shared_data_manager.py:631)
2025-06-23 11:56:08,859 - shared_logger - INFO - ‚úÖ No stale passive orders found. (shared_data_manager.py:631)
2025-06-23 11:56:09,342 - shared_logger - INFO - ‚úÖ No stale passive orders found. (shared_data_manager.py:631)
2025-06-23 11:56:14,687 - shared_logger - INFO - ‚úÖ SharedDataManager market data initialized. (shared_data_manager.py:212)
2025-06-23 12:00:52,773 - shared_logger - INFO - üî∏Email alerts are DISABLED via EMAIL_ALERTS=False. (alert_system.py:35)
2025-06-23 12:00:52,871 - shared_logger - INFO - Database connected successfully. (database_session_manager.py:102)
2025-06-23 12:00:52,871 - shared_logger - INFO - DatabaseSessionManager initialized and connected to the database. (database_session_manager.py:112)
2025-06-23 12:00:52,922 - shared_logger - INFO - ‚úÖ Database schema initialized (tables created if they didn't exist). (database_session_manager.py:60)
2025-06-23 12:00:52,939 - shared_logger - INFO - üîπ CoinBaseAPI  initialzed debug. (coinbase_api.py:34)
2025-06-23 12:00:52,939 - shared_logger - INFO - üî∏Email alerts are DISABLED via EMAIL_ALERTS=False. (alert_system.py:35)
2025-06-23 12:00:52,940 - shared_logger - INFO - ‚è≥ Checking startup snapshot state... (main.py:55)
2025-06-23 12:00:52,957 - shared_logger - INFO - üìä ticker_cache rows: 12 (shared_data_manager.py:155)
2025-06-23 12:00:52,957 - shared_logger - INFO - ‚úÖ Startup snapshot loaded from database. (shared_data_manager.py:172)
2025-06-23 12:00:52,957 - shared_logger - INFO - ‚úÖ Market data preloaded successfully with data from the database. (main.py:58)
2025-06-23 12:00:52,958 - shared_logger - INFO - üî∏Email alerts are DISABLED via EMAIL_ALERTS=False. (alert_system.py:35)
2025-06-23 12:00:52,960 - shared_logger - INFO - üî∏Email alerts are DISABLED via EMAIL_ALERTS=False. (alert_system.py:35)
2025-06-23 12:00:52,977 - shared_logger - INFO - üìä ticker_cache rows: 12 (shared_data_manager.py:155)
2025-06-23 12:00:52,977 - shared_logger - INFO - ‚úÖ Startup snapshot loaded from database. (shared_data_manager.py:172)
2025-06-23 12:00:56,024 - shared_logger - INFO - No ticker data for symbol: S-USD (ticker_manager.py:465)
2025-06-23 12:01:53,007 - shared_logger - INFO - ‚úÖ No stale passive orders found. (shared_data_manager.py:631)
2025-06-23 12:01:53,598 - shared_logger - INFO - ‚úÖ No stale passive orders found. (shared_data_manager.py:631)
2025-06-23 12:02:47,915 - shared_logger - INFO - ‚úÖ SharedDataManager market data initialized. (shared_data_manager.py:212)
2025-06-23 12:06:17,057 - shared_logger - INFO - üî∏Email alerts are DISABLED via EMAIL_ALERTS=False. (alert_system.py:35)
2025-06-23 12:06:17,165 - shared_logger - INFO - Database connected successfully. (database_session_manager.py:102)
2025-06-23 12:06:17,165 - shared_logger - INFO - DatabaseSessionManager initialized and connected to the database. (database_session_manager.py:112)
2025-06-23 12:06:17,214 - shared_logger - INFO - ‚úÖ Database schema initialized (tables created if they didn't exist). (database_session_manager.py:60)
2025-06-23 12:06:17,225 - shared_logger - INFO - üîπ CoinBaseAPI  initialzed debug. (coinbase_api.py:34)
2025-06-23 12:06:17,225 - shared_logger - INFO - üî∏Email alerts are DISABLED via EMAIL_ALERTS=False. (alert_system.py:35)
2025-06-23 12:06:17,225 - shared_logger - INFO - ‚è≥ Checking startup snapshot state... (main.py:55)
2025-06-23 12:06:17,242 - shared_logger - INFO - üìä ticker_cache rows: 12 (shared_data_manager.py:155)
2025-06-23 12:06:17,242 - shared_logger - INFO - ‚úÖ Startup snapshot loaded from database. (shared_data_manager.py:172)
2025-06-23 12:06:17,242 - shared_logger - INFO - ‚úÖ Market data preloaded successfully with data from the database. (main.py:58)
2025-06-23 12:06:17,243 - shared_logger - INFO - üî∏Email alerts are DISABLED via EMAIL_ALERTS=False. (alert_system.py:35)
2025-06-23 12:06:17,245 - shared_logger - INFO - üî∏Email alerts are DISABLED via EMAIL_ALERTS=False. (alert_system.py:35)
2025-06-23 12:06:17,261 - shared_logger - INFO - üìä ticker_cache rows: 12 (shared_data_manager.py:155)
2025-06-23 12:06:17,262 - shared_logger - INFO - ‚úÖ Startup snapshot loaded from database. (shared_data_manager.py:172)
2025-06-23 12:06:20,860 - shared_logger - INFO - No ticker data for symbol: S-USD (ticker_manager.py:465)
2025-06-23 12:07:17,299 - shared_logger - INFO - ‚úÖ No stale passive orders found. (shared_data_manager.py:631)
2025-06-23 12:07:17,825 - shared_logger - INFO - ‚úÖ No stale passive orders found. (shared_data_manager.py:631)
2025-06-23 12:08:17,267 - shared_logger - INFO - ‚úÖ No stale passive orders found. (shared_data_manager.py:631)
2025-06-23 12:08:17,794 - shared_logger - INFO - ‚úÖ No stale passive orders found. (shared_data_manager.py:631)
2025-06-23 12:08:21,655 - shared_logger - INFO - ‚úÖ SharedDataManager market data initialized. (shared_data_manager.py:212)
2025-06-23 12:08:46,868 - shared_logger - INFO - ‚úÖ set_order_management updated with 10 open orders (shared_data_manager.py:305)
2025-06-23 12:08:48,584 - shared_logger - INFO - No ticker data for symbol: S-USD (ticker_manager.py:465)
2025-06-23 12:08:49,829 - shared_logger - INFO - üü° No OHLCV data for FARM-USD (market inactivity) (coinbase_api.py:470)
2025-06-23 12:08:52,237 - shared_logger - INFO - üü° No OHLCV data for RONIN-USD (market inactivity) (coinbase_api.py:470)
2025-06-23 12:08:54,349 - shared_logger - INFO - üü° No OHLCV data for PYTH-USD (market inactivity) (coinbase_api.py:470)
2025-06-23 12:08:57,462 - shared_logger - INFO - üü° No OHLCV data for CTX-USD (market inactivity) (coinbase_api.py:470)
2025-06-23 12:09:01,508 - shared_logger - INFO - üü° No OHLCV data for NCT-USD (market inactivity) (coinbase_api.py:470)
2025-06-23 12:09:03,607 - shared_logger - WARNING - ‚ö†Ô∏è safe_convert: Could not convert value=2277.11 with decimal_places=8: [<class 'decimal.InvalidOperation'>] (precision.py:54)
2025-06-23 12:09:13,934 - shared_logger - INFO - üü° No OHLCV data for INV-USD (market inactivity) (coinbase_api.py:470)
2025-06-23 12:09:16,034 - shared_logger - INFO - üü° No OHLCV data for POLS-USD (market inactivity) (coinbase_api.py:470)
2025-06-23 12:09:16,871 - shared_logger - INFO - üü° No OHLCV data for NKN-USD (market inactivity) (coinbase_api.py:470)
2025-06-23 12:09:16,888 - shared_logger - INFO - üü° No OHLCV data for CORECHAIN-USD (market inactivity) (coinbase_api.py:470)
2025-06-23 12:09:17,630 - shared_logger - INFO - üü° No OHLCV data for PYR-USD (market inactivity) (coinbase_api.py:470)
2025-06-23 12:09:18,134 - shared_logger - INFO - üü° No OHLCV data for 00-USD (market inactivity) (coinbase_api.py:470)
2025-06-23 12:09:18,997 - shared_logger - INFO - üü° No OHLCV data for KRL-USD (market inactivity) (coinbase_api.py:470)
2025-06-23 12:09:19,712 - shared_logger - INFO - üü° No OHLCV data for CVX-USD (market inactivity) (coinbase_api.py:470)
2025-06-23 12:09:20,826 - shared_logger - WARNING - ‚ö†Ô∏è [Watchdog] bid_ask_spread is empty. Attempting manual refresh... (market_data_manager.py:20)
2025-06-23 12:09:21,293 - shared_logger - INFO - üü° No OHLCV data for GMT-USD (market inactivity) (coinbase_api.py:470)
2025-06-23 12:09:23,519 - shared_logger - INFO - No ticker data for symbol: S-USD (ticker_manager.py:465)
2025-06-23 12:09:23,698 - shared_logger - INFO - üü° No OHLCV data for VELO-USD (market inactivity) (coinbase_api.py:470)
2025-06-23 12:09:25,274 - shared_logger - INFO - üü° No OHLCV data for 1INCH-USD (market inactivity) (coinbase_api.py:470)
2025-06-23 12:09:25,287 - shared_logger - INFO - üü° No OHLCV data for DRIFT-USD (market inactivity) (coinbase_api.py:470)
2025-06-23 12:09:28,483 - shared_logger - INFO - üü° No OHLCV data for FLOW-USD (market inactivity) (coinbase_api.py:470)
2025-06-23 12:09:28,782 - shared_logger - INFO - üü° No OHLCV data for SPA-USD (market inactivity) (coinbase_api.py:470)
2025-06-23 12:09:29,299 - shared_logger - INFO - üü° No OHLCV data for MSOL-USD (market inactivity) (coinbase_api.py:470)
2025-06-23 12:09:30,864 - shared_logger - INFO - üü° No OHLCV data for IOTX-USD (market inactivity) (coinbase_api.py:470)
2025-06-23 12:09:31,290 - shared_logger - INFO - üü° No OHLCV data for BAL-USD (market inactivity) (coinbase_api.py:470)
2025-06-23 12:09:31,627 - shared_logger - INFO - üü° No OHLCV data for DAI-USD (market inactivity) (coinbase_api.py:470)
2025-06-23 12:09:33,036 - shared_logger - INFO - üü° No OHLCV data for CHZ-USD (market inactivity) (coinbase_api.py:470)
2025-06-23 12:09:34,260 - shared_logger - INFO - üü° No OHLCV data for TNSR-USD (market inactivity) (coinbase_api.py:470)
2025-06-23 12:09:35,635 - shared_logger - INFO - üü° No OHLCV data for POND-USD (market inactivity) (coinbase_api.py:470)
2025-06-23 12:09:37,413 - shared_logger - INFO - üü° No OHLCV data for PERP-USD (market inactivity) (coinbase_api.py:470)
2025-06-23 12:09:37,927 - shared_logger - INFO - üü° No OHLCV data for BAND-USD (market inactivity) (coinbase_api.py:470)
2025-06-23 12:09:38,236 - shared_logger - INFO - üü° No OHLCV data for BNT-USD (market inactivity) (coinbase_api.py:470)
2025-06-23 12:09:38,620 - shared_logger - INFO - üü° No OHLCV data for PAX-USD (market inactivity) (coinbase_api.py:470)
2025-06-23 12:09:40,014 - shared_logger - INFO - üü° No OHLCV data for MATH-USD (market inactivity) (coinbase_api.py:470)
2025-06-23 12:09:40,250 - shared_logger - INFO - üü° No OHLCV data for POWR-USD (market inactivity) (coinbase_api.py:470)
2025-06-23 12:09:41,878 - shared_logger - INFO - üü° No OHLCV data for A8-USD (market inactivity) (coinbase_api.py:470)
2025-06-23 12:09:43,709 - shared_logger - INFO - ‚úÖ No stale passive orders found. (shared_data_manager.py:631)
2025-06-23 12:09:43,712 - shared_logger - INFO - ‚úÖ No stale passive orders found. (shared_data_manager.py:631)
2025-06-23 12:09:44,741 - shared_logger - INFO - üü° No OHLCV data for TIME-USD (market inactivity) (coinbase_api.py:470)
2025-06-23 12:09:45,084 - shared_logger - INFO - üü° No OHLCV data for HONEY-USD (market inactivity) (coinbase_api.py:470)
2025-06-23 12:09:46,475 - shared_logger - INFO - üü° No OHLCV data for MLN-USD (market inactivity) (coinbase_api.py:470)
2025-06-23 12:09:46,839 - shared_logger - INFO - üü° No OHLCV data for DNT-USD (market inactivity) (coinbase_api.py:470)
2025-06-23 12:09:48,054 - shared_logger - INFO - üü° No OHLCV data for PAXG-USD (market inactivity) (coinbase_api.py:470)
2025-06-23 12:09:48,746 - shared_logger - INFO - üü° No OHLCV data for C98-USD (market inactivity) (coinbase_api.py:470)
2025-06-23 12:09:49,667 - shared_logger - INFO - üü° No OHLCV data for STRK-USD (market inactivity) (coinbase_api.py:470)
2025-06-23 12:09:51,025 - shared_logger - INFO - üü° No OHLCV data for SYN-USD (market inactivity) (coinbase_api.py:470)
2025-06-23 12:09:58,238 - shared_logger - INFO - üü° No OHLCV data for WCFG-USD (market inactivity) (coinbase_api.py:470)
2025-06-23 12:09:58,890 - shared_logger - INFO - üü° No OHLCV data for ABT-USD (market inactivity) (coinbase_api.py:470)
2025-06-23 12:09:59,156 - shared_logger - INFO - üü° No OHLCV data for METIS-USD (market inactivity) (coinbase_api.py:470)
2025-06-23 12:10:00,464 - shared_logger - INFO - üü° No OHLCV data for KAVA-USD (market inactivity) (coinbase_api.py:470)
2025-06-23 12:10:01,319 - shared_logger - INFO - üü° No OHLCV data for MUSE-USD (market inactivity) (coinbase_api.py:470)
2025-06-23 12:10:02,888 - shared_logger - INFO - üü° No OHLCV data for SHDW-USD (market inactivity) (coinbase_api.py:470)
2025-06-23 14:20:22,489 - shared_logger - INFO - üî∏Email alerts are DISABLED via EMAIL_ALERTS=False. (alert_system.py:35)
2025-06-23 14:20:22,613 - shared_logger - INFO - Database connected successfully. (database_session_manager.py:102)
2025-06-23 14:20:22,614 - shared_logger - INFO - DatabaseSessionManager initialized and connected to the database. (database_session_manager.py:112)
2025-06-23 14:20:22,659 - shared_logger - INFO - ‚úÖ Database schema initialized (tables created if they didn't exist). (database_session_manager.py:60)
2025-06-23 14:20:22,669 - shared_logger - INFO - üîπ CoinBaseAPI  initialzed debug. (coinbase_api.py:34)
2025-06-23 14:20:22,669 - shared_logger - INFO - üî∏Email alerts are DISABLED via EMAIL_ALERTS=False. (alert_system.py:35)
2025-06-23 14:20:22,669 - shared_logger - INFO - ‚è≥ Checking startup snapshot state... (main.py:55)
2025-06-23 14:20:22,687 - shared_logger - INFO - üìä ticker_cache rows: 12 (shared_data_manager.py:155)
2025-06-23 14:20:22,687 - shared_logger - INFO - ‚úÖ Startup snapshot loaded from database. (shared_data_manager.py:172)
2025-06-23 14:20:22,687 - shared_logger - INFO - ‚úÖ Market data preloaded successfully with data from the database. (main.py:58)
2025-06-23 14:20:22,687 - shared_logger - INFO - üî∏Email alerts are DISABLED via EMAIL_ALERTS=False. (alert_system.py:35)
2025-06-23 14:20:22,690 - shared_logger - INFO - üî∏Email alerts are DISABLED via EMAIL_ALERTS=False. (alert_system.py:35)
2025-06-23 14:20:22,707 - shared_logger - INFO - üìä ticker_cache rows: 12 (shared_data_manager.py:155)
2025-06-23 14:20:22,707 - shared_logger - INFO - ‚úÖ Startup snapshot loaded from database. (shared_data_manager.py:172)
2025-06-23 14:20:25,938 - shared_logger - INFO - No ticker data for symbol: S-USD (ticker_manager.py:465)
2025-06-23 14:21:22,748 - shared_logger - INFO - ‚úÖ No stale passive orders found. (shared_data_manager.py:631)
2025-06-23 14:21:23,389 - shared_logger - INFO - ‚úÖ No stale passive orders found. (shared_data_manager.py:631)
2025-06-23 14:22:33,749 - shared_logger - INFO - ‚úÖ No stale passive orders found. (shared_data_manager.py:631)
2025-06-23 14:22:33,852 - shared_logger - INFO - ‚úÖ SharedDataManager market data initialized. (shared_data_manager.py:212)
2025-06-23 14:22:33,879 - shared_logger - INFO - ‚úÖ No stale passive orders found. (shared_data_manager.py:631)
2025-06-23 14:22:38,951 - shared_logger - INFO - ‚úÖ set_order_management updated with 10 open orders (shared_data_manager.py:305)
2025-06-23 14:28:29,050 - shared_logger - INFO - üî∏Email alerts are DISABLED via EMAIL_ALERTS=False. (alert_system.py:35)
2025-06-23 14:28:29,146 - shared_logger - INFO - Database connected successfully. (database_session_manager.py:102)
2025-06-23 14:28:29,146 - shared_logger - INFO - DatabaseSessionManager initialized and connected to the database. (database_session_manager.py:112)
2025-06-23 14:28:29,229 - shared_logger - INFO - ‚úÖ Database schema initialized (tables created if they didn't exist). (database_session_manager.py:60)
2025-06-23 14:28:29,237 - shared_logger - ERROR - ‚ùå Failed to populate initial shared_data: relation "shared_data" does not exist (database_session_manager.py:131)
Traceback (most recent call last):
  File "/Users/jack/Python_Projects/BotTrader/database_manager/database_session_manager.py", line 123, in populate_initial_data
    result = await self.database.fetch_one(query)
  File "/opt/anaconda3/envs/TradeBot/lib/python3.10/site-packages/databases/core.py", line 182, in fetch_one
    return await connection.fetch_one(query, values)
  File "/opt/anaconda3/envs/TradeBot/lib/python3.10/site-packages/databases/core.py", line 299, in fetch_one
    return await self._connection.fetch_one(built_query)
  File "/opt/anaconda3/envs/TradeBot/lib/python3.10/site-packages/databases/backends/postgres.py", line 113, in fetch_one
    row = await self._connection.fetchrow(query_str, *args)
  File "/opt/anaconda3/envs/TradeBot/lib/python3.10/site-packages/asyncpg/connection.py", line 748, in fetchrow
    data = await self._execute(
  File "/opt/anaconda3/envs/TradeBot/lib/python3.10/site-packages/asyncpg/connection.py", line 1864, in _execute
    result, _ = await self.__execute(
  File "/opt/anaconda3/envs/TradeBot/lib/python3.10/site-packages/asyncpg/connection.py", line 1961, in __execute
    result, stmt = await self._do_execute(
  File "/opt/anaconda3/envs/TradeBot/lib/python3.10/site-packages/asyncpg/connection.py", line 2004, in _do_execute
    stmt = await self._get_statement(
  File "/opt/anaconda3/envs/TradeBot/lib/python3.10/site-packages/asyncpg/connection.py", line 432, in _get_statement
    statement = await self._protocol.prepare(
  File "asyncpg/protocol/protocol.pyx", line 165, in prepare
asyncpg.exceptions.UndefinedTableError: relation "shared_data" does not exist
2025-06-23 14:28:29,239 - shared_logger - INFO - üîπ CoinBaseAPI  initialzed debug. (coinbase_api.py:34)
2025-06-23 14:28:29,239 - shared_logger - INFO - üî∏Email alerts are DISABLED via EMAIL_ALERTS=False. (alert_system.py:35)
2025-06-23 14:28:29,240 - shared_logger - INFO - ‚è≥ Checking startup snapshot state... (main.py:55)
2025-06-23 14:28:29,242 - shared_logger - ERROR - ‚ùå Error fetching market data: relation "shared_data" does not exist (database_session_manager.py:186)
Traceback (most recent call last):
  File "/Users/jack/Python_Projects/BotTrader/database_manager/database_session_manager.py", line 179, in fetch_market_data
    result = await self.database.fetch_one(query)
  File "/opt/anaconda3/envs/TradeBot/lib/python3.10/site-packages/databases/core.py", line 182, in fetch_one
    return await connection.fetch_one(query, values)
  File "/opt/anaconda3/envs/TradeBot/lib/python3.10/site-packages/databases/core.py", line 299, in fetch_one
    return await self._connection.fetch_one(built_query)
  File "/opt/anaconda3/envs/TradeBot/lib/python3.10/site-packages/databases/backends/postgres.py", line 113, in fetch_one
    row = await self._connection.fetchrow(query_str, *args)
  File "/opt/anaconda3/envs/TradeBot/lib/python3.10/site-packages/asyncpg/connection.py", line 748, in fetchrow
    data = await self._execute(
  File "/opt/anaconda3/envs/TradeBot/lib/python3.10/site-packages/asyncpg/connection.py", line 1864, in _execute
    result, _ = await self.__execute(
  File "/opt/anaconda3/envs/TradeBot/lib/python3.10/site-packages/asyncpg/connection.py", line 1961, in __execute
    result, stmt = await self._do_execute(
  File "/opt/anaconda3/envs/TradeBot/lib/python3.10/site-packages/asyncpg/connection.py", line 2004, in _do_execute
    stmt = await self._get_statement(
  File "/opt/anaconda3/envs/TradeBot/lib/python3.10/site-packages/asyncpg/connection.py", line 432, in _get_statement
    statement = await self._protocol.prepare(
  File "asyncpg/protocol/protocol.pyx", line 165, in prepare
asyncpg.exceptions.UndefinedTableError: relation "shared_data" does not exist
2025-06-23 14:28:29,245 - shared_logger - ERROR - ‚ùå Error fetching order_management: relation "shared_data" does not exist (database_session_manager.py:202)
Traceback (most recent call last):
  File "/Users/jack/Python_Projects/BotTrader/database_manager/database_session_manager.py", line 195, in fetch_order_management
    result = await self.database.fetch_one(query)
  File "/opt/anaconda3/envs/TradeBot/lib/python3.10/site-packages/databases/core.py", line 182, in fetch_one
    return await connection.fetch_one(query, values)
  File "/opt/anaconda3/envs/TradeBot/lib/python3.10/site-packages/databases/core.py", line 299, in fetch_one
    return await self._connection.fetch_one(built_query)
  File "/opt/anaconda3/envs/TradeBot/lib/python3.10/site-packages/databases/backends/postgres.py", line 113, in fetch_one
    row = await self._connection.fetchrow(query_str, *args)
  File "/opt/anaconda3/envs/TradeBot/lib/python3.10/site-packages/asyncpg/connection.py", line 748, in fetchrow
    data = await self._execute(
  File "/opt/anaconda3/envs/TradeBot/lib/python3.10/site-packages/asyncpg/connection.py", line 1864, in _execute
    result, _ = await self.__execute(
  File "/opt/anaconda3/envs/TradeBot/lib/python3.10/site-packages/asyncpg/connection.py", line 1961, in __execute
    result, stmt = await self._do_execute(
  File "/opt/anaconda3/envs/TradeBot/lib/python3.10/site-packages/asyncpg/connection.py", line 2004, in _do_execute
    stmt = await self._get_statement(
  File "/opt/anaconda3/envs/TradeBot/lib/python3.10/site-packages/asyncpg/connection.py", line 432, in _get_statement
    statement = await self._protocol.prepare(
  File "asyncpg/protocol/protocol.pyx", line 165, in prepare
asyncpg.exceptions.UndefinedTableError: relation "shared_data" does not exist
2025-06-23 14:28:29,252 - shared_logger - WARNING - ‚ö†Ô∏è No startup snapshot or incomplete market data. Attempting fresh data fetch... (shared_data_manager.py:159)
2025-06-23 14:28:32,253 - shared_logger - INFO - No ticker data for symbol: S-USD (ticker_manager.py:465)
2025-06-23 14:30:26,143 - shared_logger - INFO - ‚úÖ SharedDataManager market data initialized. (shared_data_manager.py:212)
2025-06-23 14:30:26,191 - shared_logger - ERROR - ‚ùå Error updating market_data: (sqlalchemy.dialects.postgresql.asyncpg.ProgrammingError) <class 'asyncpg.exceptions.UndefinedTableError'>: relation "shared_data" does not exist
[SQL: 
                INSERT INTO shared_data (data_type, data, last_updated)
                VALUES ($1, $2, NOW())
                ON CONFLICT (data_type) DO UPDATE SET
                    data = $2,
                    last_updated = NOW()
                ]
[parameters: ('market_data', '{"ticker_cache": {"__type__": "DataFrame", "data": [{"asset": "BTC", "quote": "USD", "symbol": "BTC-USD", "precision": {"base_increment": "0.00000001 ... (154631 characters truncated) ... ation": 0.06, "available_to_trade_crypto": 89.3, "unrealized_pnl": 2.15, "available_to_transfer_fiat": 54.02, "available_to_transfer_crypto": 89.3}}}')]
(Background on this error at: https://sqlalche.me/e/20/f405) (shared_data_manager.py:371)
Traceback (most recent call last):
  File "/opt/anaconda3/envs/TradeBot/lib/python3.10/site-packages/sqlalchemy/dialects/postgresql/asyncpg.py", line 521, in _prepare_and_execute
    prepared_stmt, attributes = await adapt_connection._prepare(
  File "/opt/anaconda3/envs/TradeBot/lib/python3.10/site-packages/sqlalchemy/dialects/postgresql/asyncpg.py", line 768, in _prepare
    prepared_stmt = await self._connection.prepare(
  File "/opt/anaconda3/envs/TradeBot/lib/python3.10/site-packages/asyncpg/connection.py", line 635, in prepare
    return await self._prepare(
  File "/opt/anaconda3/envs/TradeBot/lib/python3.10/site-packages/asyncpg/connection.py", line 653, in _prepare
    stmt = await self._get_statement(
  File "/opt/anaconda3/envs/TradeBot/lib/python3.10/site-packages/asyncpg/connection.py", line 432, in _get_statement
    statement = await self._protocol.prepare(
  File "asyncpg/protocol/protocol.pyx", line 165, in prepare
asyncpg.exceptions.UndefinedTableError: relation "shared_data" does not exist

The above exception was the direct cause of the following exception:

Traceback (most recent call last):
  File "/opt/anaconda3/envs/TradeBot/lib/python3.10/site-packages/sqlalchemy/engine/base.py", line 1963, in _exec_single_context
    self.dialect.do_execute(
  File "/opt/anaconda3/envs/TradeBot/lib/python3.10/site-packages/sqlalchemy/engine/default.py", line 943, in do_execute
    cursor.execute(statement, parameters)
  File "/opt/anaconda3/envs/TradeBot/lib/python3.10/site-packages/sqlalchemy/dialects/postgresql/asyncpg.py", line 580, in execute
    self._adapt_connection.await_(
  File "/opt/anaconda3/envs/TradeBot/lib/python3.10/site-packages/sqlalchemy/util/_concurrency_py3k.py", line 132, in await_only
    return current.parent.switch(awaitable)  # type: ignore[no-any-return,attr-defined] # noqa: E501
  File "/opt/anaconda3/envs/TradeBot/lib/python3.10/site-packages/sqlalchemy/util/_concurrency_py3k.py", line 196, in greenlet_spawn
    value = await result
  File "/opt/anaconda3/envs/TradeBot/lib/python3.10/site-packages/sqlalchemy/dialects/postgresql/asyncpg.py", line 558, in _prepare_and_execute
    self._handle_exception(error)
  File "/opt/anaconda3/envs/TradeBot/lib/python3.10/site-packages/sqlalchemy/dialects/postgresql/asyncpg.py", line 508, in _handle_exception
    self._adapt_connection._handle_exception(error)
  File "/opt/anaconda3/envs/TradeBot/lib/python3.10/site-packages/sqlalchemy/dialects/postgresql/asyncpg.py", line 792, in _handle_exception
    raise translated_error from error
sqlalchemy.dialects.postgresql.asyncpg.AsyncAdapt_asyncpg_dbapi.ProgrammingError: <class 'asyncpg.exceptions.UndefinedTableError'>: relation "shared_data" does not exist

The above exception was the direct cause of the following exception:

Traceback (most recent call last):
  File "/Users/jack/Python_Projects/BotTrader/SharedDataManager/shared_data_manager.py", line 360, in update_data
    await conn.execute(
  File "/opt/anaconda3/envs/TradeBot/lib/python3.10/site-packages/sqlalchemy/ext/asyncio/engine.py", line 658, in execute
    result = await greenlet_spawn(
  File "/opt/anaconda3/envs/TradeBot/lib/python3.10/site-packages/sqlalchemy/util/_concurrency_py3k.py", line 201, in greenlet_spawn
    result = context.throw(*sys.exc_info())
  File "/opt/anaconda3/envs/TradeBot/lib/python3.10/site-packages/sqlalchemy/engine/base.py", line 1415, in execute
    return meth(
  File "/opt/anaconda3/envs/TradeBot/lib/python3.10/site-packages/sqlalchemy/sql/elements.py", line 523, in _execute_on_connection
    return connection._execute_clauseelement(
  File "/opt/anaconda3/envs/TradeBot/lib/python3.10/site-packages/sqlalchemy/engine/base.py", line 1637, in _execute_clauseelement
    ret = self._execute_context(
  File "/opt/anaconda3/envs/TradeBot/lib/python3.10/site-packages/sqlalchemy/engine/base.py", line 1842, in _execute_context
    return self._exec_single_context(
  File "/opt/anaconda3/envs/TradeBot/lib/python3.10/site-packages/sqlalchemy/engine/base.py", line 1982, in _exec_single_context
    self._handle_dbapi_exception(
  File "/opt/anaconda3/envs/TradeBot/lib/python3.10/site-packages/sqlalchemy/engine/base.py", line 2351, in _handle_dbapi_exception
    raise sqlalchemy_exception.with_traceback(exc_info[2]) from e
  File "/opt/anaconda3/envs/TradeBot/lib/python3.10/site-packages/sqlalchemy/engine/base.py", line 1963, in _exec_single_context
    self.dialect.do_execute(
  File "/opt/anaconda3/envs/TradeBot/lib/python3.10/site-packages/sqlalchemy/engine/default.py", line 943, in do_execute
    cursor.execute(statement, parameters)
  File "/opt/anaconda3/envs/TradeBot/lib/python3.10/site-packages/sqlalchemy/dialects/postgresql/asyncpg.py", line 580, in execute
    self._adapt_connection.await_(
  File "/opt/anaconda3/envs/TradeBot/lib/python3.10/site-packages/sqlalchemy/util/_concurrency_py3k.py", line 132, in await_only
    return current.parent.switch(awaitable)  # type: ignore[no-any-return,attr-defined] # noqa: E501
  File "/opt/anaconda3/envs/TradeBot/lib/python3.10/site-packages/sqlalchemy/util/_concurrency_py3k.py", line 196, in greenlet_spawn
    value = await result
  File "/opt/anaconda3/envs/TradeBot/lib/python3.10/site-packages/sqlalchemy/dialects/postgresql/asyncpg.py", line 558, in _prepare_and_execute
    self._handle_exception(error)
  File "/opt/anaconda3/envs/TradeBot/lib/python3.10/site-packages/sqlalchemy/dialects/postgresql/asyncpg.py", line 508, in _handle_exception
    self._adapt_connection._handle_exception(error)
  File "/opt/anaconda3/envs/TradeBot/lib/python3.10/site-packages/sqlalchemy/dialects/postgresql/asyncpg.py", line 792, in _handle_exception
    raise translated_error from error
sqlalchemy.exc.ProgrammingError: (sqlalchemy.dialects.postgresql.asyncpg.ProgrammingError) <class 'asyncpg.exceptions.UndefinedTableError'>: relation "shared_data" does not exist
[SQL: 
                INSERT INTO shared_data (data_type, data, last_updated)
                VALUES ($1, $2, NOW())
                ON CONFLICT (data_type) DO UPDATE SET
                    data = $2,
                    last_updated = NOW()
                ]
[parameters: ('market_data', '{"ticker_cache": {"__type__": "DataFrame", "data": [{"asset": "BTC", "quote": "USD", "symbol": "BTC-USD", "precision": {"base_increment": "0.00000001 ... (154631 characters truncated) ... ation": 0.06, "available_to_trade_crypto": 89.3, "unrealized_pnl": 2.15, "available_to_transfer_fiat": 54.02, "available_to_transfer_crypto": 89.3}}}')]
(Background on this error at: https://sqlalche.me/e/20/f405)
2025-06-23 14:30:26,198 - shared_logger - ERROR - ‚ùå Error updating order_management: (sqlalchemy.dialects.postgresql.asyncpg.Error) <class 'asyncpg.exceptions.InFailedSQLTransactionError'>: current transaction is aborted, commands ignored until end of transaction block
[SQL: 
                INSERT INTO shared_data (data_type, data, last_updated)
                VALUES ($1, $2, NOW())
                ON CONFLICT (data_type) DO UPDATE SET
                    data = $2,
                    last_updated = NOW()
                ]
[parameters: ('order_management', '{"non_zero_balances": {"USD": {"asset": "USD", "account_uuid": "4f9ff30b-793c-52c4-9075-b8c73e0c135b", "total_balance_fiat": 590.17535, "total_balanc ... (2984 characters truncated) ... ransfer_fiat": 54.0265, "available_to_transfer_crypto": 89.3, "asset_color": "#535AF6", "account_type": "ACCOUNT_TYPE_WALLET"}}, "order_tracker": {}}')]
(Background on this error at: https://sqlalche.me/e/20/dbapi) (shared_data_manager.py:371)
Traceback (most recent call last):
  File "/opt/anaconda3/envs/TradeBot/lib/python3.10/site-packages/sqlalchemy/dialects/postgresql/asyncpg.py", line 521, in _prepare_and_execute
    prepared_stmt, attributes = await adapt_connection._prepare(
  File "/opt/anaconda3/envs/TradeBot/lib/python3.10/site-packages/sqlalchemy/dialects/postgresql/asyncpg.py", line 768, in _prepare
    prepared_stmt = await self._connection.prepare(
  File "/opt/anaconda3/envs/TradeBot/lib/python3.10/site-packages/asyncpg/connection.py", line 635, in prepare
    return await self._prepare(
  File "/opt/anaconda3/envs/TradeBot/lib/python3.10/site-packages/asyncpg/connection.py", line 653, in _prepare
    stmt = await self._get_statement(
  File "/opt/anaconda3/envs/TradeBot/lib/python3.10/site-packages/asyncpg/connection.py", line 432, in _get_statement
    statement = await self._protocol.prepare(
  File "asyncpg/protocol/protocol.pyx", line 165, in prepare
asyncpg.exceptions.InFailedSQLTransactionError: current transaction is aborted, commands ignored until end of transaction block

The above exception was the direct cause of the following exception:

Traceback (most recent call last):
  File "/opt/anaconda3/envs/TradeBot/lib/python3.10/site-packages/sqlalchemy/engine/base.py", line 1963, in _exec_single_context
    self.dialect.do_execute(
  File "/opt/anaconda3/envs/TradeBot/lib/python3.10/site-packages/sqlalchemy/engine/default.py", line 943, in do_execute
    cursor.execute(statement, parameters)
  File "/opt/anaconda3/envs/TradeBot/lib/python3.10/site-packages/sqlalchemy/dialects/postgresql/asyncpg.py", line 580, in execute
    self._adapt_connection.await_(
  File "/opt/anaconda3/envs/TradeBot/lib/python3.10/site-packages/sqlalchemy/util/_concurrency_py3k.py", line 132, in await_only
    return current.parent.switch(awaitable)  # type: ignore[no-any-return,attr-defined] # noqa: E501
  File "/opt/anaconda3/envs/TradeBot/lib/python3.10/site-packages/sqlalchemy/util/_concurrency_py3k.py", line 196, in greenlet_spawn
    value = await result
  File "/opt/anaconda3/envs/TradeBot/lib/python3.10/site-packages/sqlalchemy/dialects/postgresql/asyncpg.py", line 558, in _prepare_and_execute
    self._handle_exception(error)
  File "/opt/anaconda3/envs/TradeBot/lib/python3.10/site-packages/sqlalchemy/dialects/postgresql/asyncpg.py", line 508, in _handle_exception
    self._adapt_connection._handle_exception(error)
  File "/opt/anaconda3/envs/TradeBot/lib/python3.10/site-packages/sqlalchemy/dialects/postgresql/asyncpg.py", line 792, in _handle_exception
    raise translated_error from error
sqlalchemy.dialects.postgresql.asyncpg.AsyncAdapt_asyncpg_dbapi.Error: <class 'asyncpg.exceptions.InFailedSQLTransactionError'>: current transaction is aborted, commands ignored until end of transaction block

The above exception was the direct cause of the following exception:

Traceback (most recent call last):
  File "/Users/jack/Python_Projects/BotTrader/SharedDataManager/shared_data_manager.py", line 360, in update_data
    await conn.execute(
  File "/opt/anaconda3/envs/TradeBot/lib/python3.10/site-packages/sqlalchemy/ext/asyncio/engine.py", line 658, in execute
    result = await greenlet_spawn(
  File "/opt/anaconda3/envs/TradeBot/lib/python3.10/site-packages/sqlalchemy/util/_concurrency_py3k.py", line 201, in greenlet_spawn
    result = context.throw(*sys.exc_info())
  File "/opt/anaconda3/envs/TradeBot/lib/python3.10/site-packages/sqlalchemy/engine/base.py", line 1415, in execute
    return meth(
  File "/opt/anaconda3/envs/TradeBot/lib/python3.10/site-packages/sqlalchemy/sql/elements.py", line 523, in _execute_on_connection
    return connection._execute_clauseelement(
  File "/opt/anaconda3/envs/TradeBot/lib/python3.10/site-packages/sqlalchemy/engine/base.py", line 1637, in _execute_clauseelement
    ret = self._execute_context(
  File "/opt/anaconda3/envs/TradeBot/lib/python3.10/site-packages/sqlalchemy/engine/base.py", line 1842, in _execute_context
    return self._exec_single_context(
  File "/opt/anaconda3/envs/TradeBot/lib/python3.10/site-packages/sqlalchemy/engine/base.py", line 1982, in _exec_single_context
    self._handle_dbapi_exception(
  File "/opt/anaconda3/envs/TradeBot/lib/python3.10/site-packages/sqlalchemy/engine/base.py", line 2351, in _handle_dbapi_exception
    raise sqlalchemy_exception.with_traceback(exc_info[2]) from e
  File "/opt/anaconda3/envs/TradeBot/lib/python3.10/site-packages/sqlalchemy/engine/base.py", line 1963, in _exec_single_context
    self.dialect.do_execute(
  File "/opt/anaconda3/envs/TradeBot/lib/python3.10/site-packages/sqlalchemy/engine/default.py", line 943, in do_execute
    cursor.execute(statement, parameters)
  File "/opt/anaconda3/envs/TradeBot/lib/python3.10/site-packages/sqlalchemy/dialects/postgresql/asyncpg.py", line 580, in execute
    self._adapt_connection.await_(
  File "/opt/anaconda3/envs/TradeBot/lib/python3.10/site-packages/sqlalchemy/util/_concurrency_py3k.py", line 132, in await_only
    return current.parent.switch(awaitable)  # type: ignore[no-any-return,attr-defined] # noqa: E501
  File "/opt/anaconda3/envs/TradeBot/lib/python3.10/site-packages/sqlalchemy/util/_concurrency_py3k.py", line 196, in greenlet_spawn
    value = await result
  File "/opt/anaconda3/envs/TradeBot/lib/python3.10/site-packages/sqlalchemy/dialects/postgresql/asyncpg.py", line 558, in _prepare_and_execute
    self._handle_exception(error)
  File "/opt/anaconda3/envs/TradeBot/lib/python3.10/site-packages/sqlalchemy/dialects/postgresql/asyncpg.py", line 508, in _handle_exception
    self._adapt_connection._handle_exception(error)
  File "/opt/anaconda3/envs/TradeBot/lib/python3.10/site-packages/sqlalchemy/dialects/postgresql/asyncpg.py", line 792, in _handle_exception
    raise translated_error from error
sqlalchemy.exc.DBAPIError: (sqlalchemy.dialects.postgresql.asyncpg.Error) <class 'asyncpg.exceptions.InFailedSQLTransactionError'>: current transaction is aborted, commands ignored until end of transaction block
[SQL: 
                INSERT INTO shared_data (data_type, data, last_updated)
                VALUES ($1, $2, NOW())
                ON CONFLICT (data_type) DO UPDATE SET
                    data = $2,
                    last_updated = NOW()
                ]
[parameters: ('order_management', '{"non_zero_balances": {"USD": {"asset": "USD", "account_uuid": "4f9ff30b-793c-52c4-9075-b8c73e0c135b", "total_balance_fiat": 590.17535, "total_balanc ... (2984 characters truncated) ... ransfer_fiat": 54.0265, "available_to_transfer_crypto": 89.3, "asset_color": "#535AF6", "account_type": "ACCOUNT_TYPE_WALLET"}}, "order_tracker": {}}')]
(Background on this error at: https://sqlalche.me/e/20/dbapi)
2025-06-23 14:30:26,201 - shared_logger - INFO - ‚úÖ Startup data initialized and saved. (shared_data_manager.py:170)
2025-06-23 14:30:26,201 - shared_logger - ERROR - ‚ùå Failed to preload market/order data: cannot unpack non-iterable NoneType object (main.py:61)
Traceback (most recent call last):
  File "/Users/jack/Python_Projects/BotTrader/main.py", line 57, in preload_market_data
    market_data, order_mgmt = await shared_data_manager.validate_startup_state(market_data_updater,ticker_manager)
TypeError: cannot unpack non-iterable NoneType object
2025-06-23 14:31:12,905 - shared_logger - INFO - üî∏Email alerts are DISABLED via EMAIL_ALERTS=False. (alert_system.py:35)
2025-06-23 14:31:13,039 - shared_logger - INFO - Database connected successfully. (database_session_manager.py:102)
2025-06-23 14:31:13,039 - shared_logger - INFO - DatabaseSessionManager initialized and connected to the database. (database_session_manager.py:112)
2025-06-23 14:31:13,089 - shared_logger - INFO - ‚úÖ Database schema initialized (tables created if they didn't exist). (database_session_manager.py:60)
2025-06-23 14:31:13,096 - shared_logger - ERROR - ‚ùå Failed to populate initial shared_data: relation "shared_data" does not exist (database_session_manager.py:131)
Traceback (most recent call last):
  File "/Users/jack/Python_Projects/BotTrader/database_manager/database_session_manager.py", line 123, in populate_initial_data
    result = await self.database.fetch_one(query)
  File "/opt/anaconda3/envs/TradeBot/lib/python3.10/site-packages/databases/core.py", line 182, in fetch_one
    return await connection.fetch_one(query, values)
  File "/opt/anaconda3/envs/TradeBot/lib/python3.10/site-packages/databases/core.py", line 299, in fetch_one
    return await self._connection.fetch_one(built_query)
  File "/opt/anaconda3/envs/TradeBot/lib/python3.10/site-packages/databases/backends/postgres.py", line 113, in fetch_one
    row = await self._connection.fetchrow(query_str, *args)
  File "/opt/anaconda3/envs/TradeBot/lib/python3.10/site-packages/asyncpg/connection.py", line 748, in fetchrow
    data = await self._execute(
  File "/opt/anaconda3/envs/TradeBot/lib/python3.10/site-packages/asyncpg/connection.py", line 1864, in _execute
    result, _ = await self.__execute(
  File "/opt/anaconda3/envs/TradeBot/lib/python3.10/site-packages/asyncpg/connection.py", line 1961, in __execute
    result, stmt = await self._do_execute(
  File "/opt/anaconda3/envs/TradeBot/lib/python3.10/site-packages/asyncpg/connection.py", line 2004, in _do_execute
    stmt = await self._get_statement(
  File "/opt/anaconda3/envs/TradeBot/lib/python3.10/site-packages/asyncpg/connection.py", line 432, in _get_statement
    statement = await self._protocol.prepare(
  File "asyncpg/protocol/protocol.pyx", line 165, in prepare
asyncpg.exceptions.UndefinedTableError: relation "shared_data" does not exist
2025-06-23 14:31:13,099 - shared_logger - INFO - üîπ CoinBaseAPI  initialzed debug. (coinbase_api.py:34)
2025-06-23 14:31:13,099 - shared_logger - INFO - üî∏Email alerts are DISABLED via EMAIL_ALERTS=False. (alert_system.py:35)
2025-06-23 14:31:13,099 - shared_logger - INFO - ‚è≥ Checking startup snapshot state... (main.py:55)
2025-06-23 14:31:13,102 - shared_logger - ERROR - ‚ùå Error fetching market data: relation "shared_data" does not exist (database_session_manager.py:186)
Traceback (most recent call last):
  File "/Users/jack/Python_Projects/BotTrader/database_manager/database_session_manager.py", line 179, in fetch_market_data
    result = await self.database.fetch_one(query)
  File "/opt/anaconda3/envs/TradeBot/lib/python3.10/site-packages/databases/core.py", line 182, in fetch_one
    return await connection.fetch_one(query, values)
  File "/opt/anaconda3/envs/TradeBot/lib/python3.10/site-packages/databases/core.py", line 299, in fetch_one
    return await self._connection.fetch_one(built_query)
  File "/opt/anaconda3/envs/TradeBot/lib/python3.10/site-packages/databases/backends/postgres.py", line 113, in fetch_one
    row = await self._connection.fetchrow(query_str, *args)
  File "/opt/anaconda3/envs/TradeBot/lib/python3.10/site-packages/asyncpg/connection.py", line 748, in fetchrow
    data = await self._execute(
  File "/opt/anaconda3/envs/TradeBot/lib/python3.10/site-packages/asyncpg/connection.py", line 1864, in _execute
    result, _ = await self.__execute(
  File "/opt/anaconda3/envs/TradeBot/lib/python3.10/site-packages/asyncpg/connection.py", line 1961, in __execute
    result, stmt = await self._do_execute(
  File "/opt/anaconda3/envs/TradeBot/lib/python3.10/site-packages/asyncpg/connection.py", line 2004, in _do_execute
    stmt = await self._get_statement(
  File "/opt/anaconda3/envs/TradeBot/lib/python3.10/site-packages/asyncpg/connection.py", line 432, in _get_statement
    statement = await self._protocol.prepare(
  File "asyncpg/protocol/protocol.pyx", line 165, in prepare
asyncpg.exceptions.UndefinedTableError: relation "shared_data" does not exist
2025-06-23 14:31:13,104 - shared_logger - ERROR - ‚ùå Error fetching order_management: relation "shared_data" does not exist (database_session_manager.py:202)
Traceback (most recent call last):
  File "/Users/jack/Python_Projects/BotTrader/database_manager/database_session_manager.py", line 195, in fetch_order_management
    result = await self.database.fetch_one(query)
  File "/opt/anaconda3/envs/TradeBot/lib/python3.10/site-packages/databases/core.py", line 182, in fetch_one
    return await connection.fetch_one(query, values)
  File "/opt/anaconda3/envs/TradeBot/lib/python3.10/site-packages/databases/core.py", line 299, in fetch_one
    return await self._connection.fetch_one(built_query)
  File "/opt/anaconda3/envs/TradeBot/lib/python3.10/site-packages/databases/backends/postgres.py", line 113, in fetch_one
    row = await self._connection.fetchrow(query_str, *args)
  File "/opt/anaconda3/envs/TradeBot/lib/python3.10/site-packages/asyncpg/connection.py", line 748, in fetchrow
    data = await self._execute(
  File "/opt/anaconda3/envs/TradeBot/lib/python3.10/site-packages/asyncpg/connection.py", line 1864, in _execute
    result, _ = await self.__execute(
  File "/opt/anaconda3/envs/TradeBot/lib/python3.10/site-packages/asyncpg/connection.py", line 1961, in __execute
    result, stmt = await self._do_execute(
  File "/opt/anaconda3/envs/TradeBot/lib/python3.10/site-packages/asyncpg/connection.py", line 2004, in _do_execute
    stmt = await self._get_statement(
  File "/opt/anaconda3/envs/TradeBot/lib/python3.10/site-packages/asyncpg/connection.py", line 432, in _get_statement
    statement = await self._protocol.prepare(
  File "asyncpg/protocol/protocol.pyx", line 165, in prepare
asyncpg.exceptions.UndefinedTableError: relation "shared_data" does not exist
2025-06-23 14:31:13,110 - shared_logger - WARNING - ‚ö†Ô∏è No startup snapshot or incomplete market data. Attempting fresh data fetch... (shared_data_manager.py:159)
2025-06-23 14:31:16,244 - shared_logger - INFO - No ticker data for symbol: S-USD (ticker_manager.py:465)
2025-06-23 14:32:58,753 - shared_logger - INFO - ‚úÖ SharedDataManager market data initialized. (shared_data_manager.py:212)
2025-06-23 14:32:58,795 - shared_logger - ERROR - ‚ùå Error updating market_data: (sqlalchemy.dialects.postgresql.asyncpg.ProgrammingError) <class 'asyncpg.exceptions.UndefinedTableError'>: relation "shared_data" does not exist
[SQL: 
                INSERT INTO shared_data (data_type, data, last_updated)
                VALUES ($1, $2, NOW())
                ON CONFLICT (data_type) DO UPDATE SET
                    data = $2,
                    last_updated = NOW()
                ]
[parameters: ('market_data', '{"ticker_cache": {"__type__": "DataFrame", "data": [{"asset": "BTC", "quote": "USD", "symbol": "BTC-USD", "precision": {"base_increment": "0.00000001 ... (155027 characters truncated) ... ation": 0.06, "available_to_trade_crypto": 89.3, "unrealized_pnl": 2.15, "available_to_transfer_fiat": 54.02, "available_to_transfer_crypto": 89.3}}}')]
(Background on this error at: https://sqlalche.me/e/20/f405) (shared_data_manager.py:371)
Traceback (most recent call last):
  File "/opt/anaconda3/envs/TradeBot/lib/python3.10/site-packages/sqlalchemy/dialects/postgresql/asyncpg.py", line 521, in _prepare_and_execute
    prepared_stmt, attributes = await adapt_connection._prepare(
  File "/opt/anaconda3/envs/TradeBot/lib/python3.10/site-packages/sqlalchemy/dialects/postgresql/asyncpg.py", line 768, in _prepare
    prepared_stmt = await self._connection.prepare(
  File "/opt/anaconda3/envs/TradeBot/lib/python3.10/site-packages/asyncpg/connection.py", line 635, in prepare
    return await self._prepare(
  File "/opt/anaconda3/envs/TradeBot/lib/python3.10/site-packages/asyncpg/connection.py", line 653, in _prepare
    stmt = await self._get_statement(
  File "/opt/anaconda3/envs/TradeBot/lib/python3.10/site-packages/asyncpg/connection.py", line 432, in _get_statement
    statement = await self._protocol.prepare(
  File "asyncpg/protocol/protocol.pyx", line 165, in prepare
asyncpg.exceptions.UndefinedTableError: relation "shared_data" does not exist

The above exception was the direct cause of the following exception:

Traceback (most recent call last):
  File "/opt/anaconda3/envs/TradeBot/lib/python3.10/site-packages/sqlalchemy/engine/base.py", line 1963, in _exec_single_context
    self.dialect.do_execute(
  File "/opt/anaconda3/envs/TradeBot/lib/python3.10/site-packages/sqlalchemy/engine/default.py", line 943, in do_execute
    cursor.execute(statement, parameters)
  File "/opt/anaconda3/envs/TradeBot/lib/python3.10/site-packages/sqlalchemy/dialects/postgresql/asyncpg.py", line 580, in execute
    self._adapt_connection.await_(
  File "/opt/anaconda3/envs/TradeBot/lib/python3.10/site-packages/sqlalchemy/util/_concurrency_py3k.py", line 132, in await_only
    return current.parent.switch(awaitable)  # type: ignore[no-any-return,attr-defined] # noqa: E501
  File "/opt/anaconda3/envs/TradeBot/lib/python3.10/site-packages/sqlalchemy/util/_concurrency_py3k.py", line 196, in greenlet_spawn
    value = await result
  File "/opt/anaconda3/envs/TradeBot/lib/python3.10/site-packages/sqlalchemy/dialects/postgresql/asyncpg.py", line 558, in _prepare_and_execute
    self._handle_exception(error)
  File "/opt/anaconda3/envs/TradeBot/lib/python3.10/site-packages/sqlalchemy/dialects/postgresql/asyncpg.py", line 508, in _handle_exception
    self._adapt_connection._handle_exception(error)
  File "/opt/anaconda3/envs/TradeBot/lib/python3.10/site-packages/sqlalchemy/dialects/postgresql/asyncpg.py", line 792, in _handle_exception
    raise translated_error from error
sqlalchemy.dialects.postgresql.asyncpg.AsyncAdapt_asyncpg_dbapi.ProgrammingError: <class 'asyncpg.exceptions.UndefinedTableError'>: relation "shared_data" does not exist

The above exception was the direct cause of the following exception:

Traceback (most recent call last):
  File "/Users/jack/Python_Projects/BotTrader/SharedDataManager/shared_data_manager.py", line 360, in update_data
    await conn.execute(
  File "/opt/anaconda3/envs/TradeBot/lib/python3.10/site-packages/sqlalchemy/ext/asyncio/engine.py", line 658, in execute
    result = await greenlet_spawn(
  File "/opt/anaconda3/envs/TradeBot/lib/python3.10/site-packages/sqlalchemy/util/_concurrency_py3k.py", line 201, in greenlet_spawn
    result = context.throw(*sys.exc_info())
  File "/opt/anaconda3/envs/TradeBot/lib/python3.10/site-packages/sqlalchemy/engine/base.py", line 1415, in execute
    return meth(
  File "/opt/anaconda3/envs/TradeBot/lib/python3.10/site-packages/sqlalchemy/sql/elements.py", line 523, in _execute_on_connection
    return connection._execute_clauseelement(
  File "/opt/anaconda3/envs/TradeBot/lib/python3.10/site-packages/sqlalchemy/engine/base.py", line 1637, in _execute_clauseelement
    ret = self._execute_context(
  File "/opt/anaconda3/envs/TradeBot/lib/python3.10/site-packages/sqlalchemy/engine/base.py", line 1842, in _execute_context
    return self._exec_single_context(
  File "/opt/anaconda3/envs/TradeBot/lib/python3.10/site-packages/sqlalchemy/engine/base.py", line 1982, in _exec_single_context
    self._handle_dbapi_exception(
  File "/opt/anaconda3/envs/TradeBot/lib/python3.10/site-packages/sqlalchemy/engine/base.py", line 2351, in _handle_dbapi_exception
    raise sqlalchemy_exception.with_traceback(exc_info[2]) from e
  File "/opt/anaconda3/envs/TradeBot/lib/python3.10/site-packages/sqlalchemy/engine/base.py", line 1963, in _exec_single_context
    self.dialect.do_execute(
  File "/opt/anaconda3/envs/TradeBot/lib/python3.10/site-packages/sqlalchemy/engine/default.py", line 943, in do_execute
    cursor.execute(statement, parameters)
  File "/opt/anaconda3/envs/TradeBot/lib/python3.10/site-packages/sqlalchemy/dialects/postgresql/asyncpg.py", line 580, in execute
    self._adapt_connection.await_(
  File "/opt/anaconda3/envs/TradeBot/lib/python3.10/site-packages/sqlalchemy/util/_concurrency_py3k.py", line 132, in await_only
    return current.parent.switch(awaitable)  # type: ignore[no-any-return,attr-defined] # noqa: E501
  File "/opt/anaconda3/envs/TradeBot/lib/python3.10/site-packages/sqlalchemy/util/_concurrency_py3k.py", line 196, in greenlet_spawn
    value = await result
  File "/opt/anaconda3/envs/TradeBot/lib/python3.10/site-packages/sqlalchemy/dialects/postgresql/asyncpg.py", line 558, in _prepare_and_execute
    self._handle_exception(error)
  File "/opt/anaconda3/envs/TradeBot/lib/python3.10/site-packages/sqlalchemy/dialects/postgresql/asyncpg.py", line 508, in _handle_exception
    self._adapt_connection._handle_exception(error)
  File "/opt/anaconda3/envs/TradeBot/lib/python3.10/site-packages/sqlalchemy/dialects/postgresql/asyncpg.py", line 792, in _handle_exception
    raise translated_error from error
sqlalchemy.exc.ProgrammingError: (sqlalchemy.dialects.postgresql.asyncpg.ProgrammingError) <class 'asyncpg.exceptions.UndefinedTableError'>: relation "shared_data" does not exist
[SQL: 
                INSERT INTO shared_data (data_type, data, last_updated)
                VALUES ($1, $2, NOW())
                ON CONFLICT (data_type) DO UPDATE SET
                    data = $2,
                    last_updated = NOW()
                ]
[parameters: ('market_data', '{"ticker_cache": {"__type__": "DataFrame", "data": [{"asset": "BTC", "quote": "USD", "symbol": "BTC-USD", "precision": {"base_increment": "0.00000001 ... (155027 characters truncated) ... ation": 0.06, "available_to_trade_crypto": 89.3, "unrealized_pnl": 2.15, "available_to_transfer_fiat": 54.02, "available_to_transfer_crypto": 89.3}}}')]
(Background on this error at: https://sqlalche.me/e/20/f405)
2025-06-23 14:32:58,801 - shared_logger - ERROR - ‚ùå Error updating order_management: (sqlalchemy.dialects.postgresql.asyncpg.Error) <class 'asyncpg.exceptions.InFailedSQLTransactionError'>: current transaction is aborted, commands ignored until end of transaction block
[SQL: 
                INSERT INTO shared_data (data_type, data, last_updated)
                VALUES ($1, $2, NOW())
                ON CONFLICT (data_type) DO UPDATE SET
                    data = $2,
                    last_updated = NOW()
                ]
[parameters: ('order_management', '{"non_zero_balances": {"USD": {"asset": "USD", "account_uuid": "4f9ff30b-793c-52c4-9075-b8c73e0c135b", "total_balance_fiat": 590.17535, "total_balanc ... (2986 characters truncated) ... ransfer_fiat": 54.0265, "available_to_transfer_crypto": 89.3, "asset_color": "#535AF6", "account_type": "ACCOUNT_TYPE_WALLET"}}, "order_tracker": {}}')]
(Background on this error at: https://sqlalche.me/e/20/dbapi) (shared_data_manager.py:371)
Traceback (most recent call last):
  File "/opt/anaconda3/envs/TradeBot/lib/python3.10/site-packages/sqlalchemy/dialects/postgresql/asyncpg.py", line 521, in _prepare_and_execute
    prepared_stmt, attributes = await adapt_connection._prepare(
  File "/opt/anaconda3/envs/TradeBot/lib/python3.10/site-packages/sqlalchemy/dialects/postgresql/asyncpg.py", line 768, in _prepare
    prepared_stmt = await self._connection.prepare(
  File "/opt/anaconda3/envs/TradeBot/lib/python3.10/site-packages/asyncpg/connection.py", line 635, in prepare
    return await self._prepare(
  File "/opt/anaconda3/envs/TradeBot/lib/python3.10/site-packages/asyncpg/connection.py", line 653, in _prepare
    stmt = await self._get_statement(
  File "/opt/anaconda3/envs/TradeBot/lib/python3.10/site-packages/asyncpg/connection.py", line 432, in _get_statement
    statement = await self._protocol.prepare(
  File "asyncpg/protocol/protocol.pyx", line 165, in prepare
asyncpg.exceptions.InFailedSQLTransactionError: current transaction is aborted, commands ignored until end of transaction block

The above exception was the direct cause of the following exception:

Traceback (most recent call last):
  File "/opt/anaconda3/envs/TradeBot/lib/python3.10/site-packages/sqlalchemy/engine/base.py", line 1963, in _exec_single_context
    self.dialect.do_execute(
  File "/opt/anaconda3/envs/TradeBot/lib/python3.10/site-packages/sqlalchemy/engine/default.py", line 943, in do_execute
    cursor.execute(statement, parameters)
  File "/opt/anaconda3/envs/TradeBot/lib/python3.10/site-packages/sqlalchemy/dialects/postgresql/asyncpg.py", line 580, in execute
    self._adapt_connection.await_(
  File "/opt/anaconda3/envs/TradeBot/lib/python3.10/site-packages/sqlalchemy/util/_concurrency_py3k.py", line 132, in await_only
    return current.parent.switch(awaitable)  # type: ignore[no-any-return,attr-defined] # noqa: E501
  File "/opt/anaconda3/envs/TradeBot/lib/python3.10/site-packages/sqlalchemy/util/_concurrency_py3k.py", line 196, in greenlet_spawn
    value = await result
  File "/opt/anaconda3/envs/TradeBot/lib/python3.10/site-packages/sqlalchemy/dialects/postgresql/asyncpg.py", line 558, in _prepare_and_execute
    self._handle_exception(error)
  File "/opt/anaconda3/envs/TradeBot/lib/python3.10/site-packages/sqlalchemy/dialects/postgresql/asyncpg.py", line 508, in _handle_exception
    self._adapt_connection._handle_exception(error)
  File "/opt/anaconda3/envs/TradeBot/lib/python3.10/site-packages/sqlalchemy/dialects/postgresql/asyncpg.py", line 792, in _handle_exception
    raise translated_error from error
sqlalchemy.dialects.postgresql.asyncpg.AsyncAdapt_asyncpg_dbapi.Error: <class 'asyncpg.exceptions.InFailedSQLTransactionError'>: current transaction is aborted, commands ignored until end of transaction block

The above exception was the direct cause of the following exception:

Traceback (most recent call last):
  File "/Users/jack/Python_Projects/BotTrader/SharedDataManager/shared_data_manager.py", line 360, in update_data
    await conn.execute(
  File "/opt/anaconda3/envs/TradeBot/lib/python3.10/site-packages/sqlalchemy/ext/asyncio/engine.py", line 658, in execute
    result = await greenlet_spawn(
  File "/opt/anaconda3/envs/TradeBot/lib/python3.10/site-packages/sqlalchemy/util/_concurrency_py3k.py", line 201, in greenlet_spawn
    result = context.throw(*sys.exc_info())
  File "/opt/anaconda3/envs/TradeBot/lib/python3.10/site-packages/sqlalchemy/engine/base.py", line 1415, in execute
    return meth(
  File "/opt/anaconda3/envs/TradeBot/lib/python3.10/site-packages/sqlalchemy/sql/elements.py", line 523, in _execute_on_connection
    return connection._execute_clauseelement(
  File "/opt/anaconda3/envs/TradeBot/lib/python3.10/site-packages/sqlalchemy/engine/base.py", line 1637, in _execute_clauseelement
    ret = self._execute_context(
  File "/opt/anaconda3/envs/TradeBot/lib/python3.10/site-packages/sqlalchemy/engine/base.py", line 1842, in _execute_context
    return self._exec_single_context(
  File "/opt/anaconda3/envs/TradeBot/lib/python3.10/site-packages/sqlalchemy/engine/base.py", line 1982, in _exec_single_context
    self._handle_dbapi_exception(
  File "/opt/anaconda3/envs/TradeBot/lib/python3.10/site-packages/sqlalchemy/engine/base.py", line 2351, in _handle_dbapi_exception
    raise sqlalchemy_exception.with_traceback(exc_info[2]) from e
  File "/opt/anaconda3/envs/TradeBot/lib/python3.10/site-packages/sqlalchemy/engine/base.py", line 1963, in _exec_single_context
    self.dialect.do_execute(
  File "/opt/anaconda3/envs/TradeBot/lib/python3.10/site-packages/sqlalchemy/engine/default.py", line 943, in do_execute
    cursor.execute(statement, parameters)
  File "/opt/anaconda3/envs/TradeBot/lib/python3.10/site-packages/sqlalchemy/dialects/postgresql/asyncpg.py", line 580, in execute
    self._adapt_connection.await_(
  File "/opt/anaconda3/envs/TradeBot/lib/python3.10/site-packages/sqlalchemy/util/_concurrency_py3k.py", line 132, in await_only
    return current.parent.switch(awaitable)  # type: ignore[no-any-return,attr-defined] # noqa: E501
  File "/opt/anaconda3/envs/TradeBot/lib/python3.10/site-packages/sqlalchemy/util/_concurrency_py3k.py", line 196, in greenlet_spawn
    value = await result
  File "/opt/anaconda3/envs/TradeBot/lib/python3.10/site-packages/sqlalchemy/dialects/postgresql/asyncpg.py", line 558, in _prepare_and_execute
    self._handle_exception(error)
  File "/opt/anaconda3/envs/TradeBot/lib/python3.10/site-packages/sqlalchemy/dialects/postgresql/asyncpg.py", line 508, in _handle_exception
    self._adapt_connection._handle_exception(error)
  File "/opt/anaconda3/envs/TradeBot/lib/python3.10/site-packages/sqlalchemy/dialects/postgresql/asyncpg.py", line 792, in _handle_exception
    raise translated_error from error
sqlalchemy.exc.DBAPIError: (sqlalchemy.dialects.postgresql.asyncpg.Error) <class 'asyncpg.exceptions.InFailedSQLTransactionError'>: current transaction is aborted, commands ignored until end of transaction block
[SQL: 
                INSERT INTO shared_data (data_type, data, last_updated)
                VALUES ($1, $2, NOW())
                ON CONFLICT (data_type) DO UPDATE SET
                    data = $2,
                    last_updated = NOW()
                ]
[parameters: ('order_management', '{"non_zero_balances": {"USD": {"asset": "USD", "account_uuid": "4f9ff30b-793c-52c4-9075-b8c73e0c135b", "total_balance_fiat": 590.17535, "total_balanc ... (2986 characters truncated) ... ransfer_fiat": 54.0265, "available_to_transfer_crypto": 89.3, "asset_color": "#535AF6", "account_type": "ACCOUNT_TYPE_WALLET"}}, "order_tracker": {}}')]
(Background on this error at: https://sqlalche.me/e/20/dbapi)
2025-06-23 14:32:58,803 - shared_logger - INFO - ‚úÖ Startup data initialized and saved. (shared_data_manager.py:170)
2025-06-23 14:32:58,803 - shared_logger - ERROR - ‚ùå Failed to preload market/order data: cannot unpack non-iterable NoneType object (main.py:61)
Traceback (most recent call last):
  File "/Users/jack/Python_Projects/BotTrader/main.py", line 57, in preload_market_data
    market_data, order_mgmt = await shared_data_manager.validate_startup_state(market_data_updater,ticker_manager)
TypeError: cannot unpack non-iterable NoneType object
2025-06-23 14:39:23,782 - shared_logger - INFO - üî∏Email alerts are DISABLED via EMAIL_ALERTS=False. (alert_system.py:35)
2025-06-23 14:51:32,698 - shared_logger - INFO - üî∏Email alerts are DISABLED via EMAIL_ALERTS=False. (alert_system.py:35)
2025-06-23 14:51:46,366 - shared_logger - INFO - Database connected successfully. (database_session_manager.py:102)
2025-06-23 14:51:48,959 - shared_logger - INFO - DatabaseSessionManager initialized and connected to the database. (database_session_manager.py:112)
2025-06-23 14:51:56,093 - shared_logger - INFO - ‚úÖ Database schema initialized (tables created if they didn't exist). (database_session_manager.py:60)
2025-06-23 14:53:42,174 - shared_logger - ERROR - ‚ùå Failed to populate initial shared_data: relation "shared_data" does not exist (database_session_manager.py:131)
Traceback (most recent call last):
  File "/Users/jack/Python_Projects/BotTrader/database_manager/database_session_manager.py", line 123, in populate_initial_data
    result = await self.database.fetch_one(query)
  File "/opt/anaconda3/envs/TradeBot/lib/python3.10/site-packages/databases/core.py", line 182, in fetch_one
    return await connection.fetch_one(query, values)
  File "/opt/anaconda3/envs/TradeBot/lib/python3.10/site-packages/databases/core.py", line 299, in fetch_one
    return await self._connection.fetch_one(built_query)
  File "/opt/anaconda3/envs/TradeBot/lib/python3.10/site-packages/databases/backends/postgres.py", line 113, in fetch_one
    row = await self._connection.fetchrow(query_str, *args)
  File "/opt/anaconda3/envs/TradeBot/lib/python3.10/site-packages/asyncpg/connection.py", line 748, in fetchrow
    data = await self._execute(
  File "/opt/anaconda3/envs/TradeBot/lib/python3.10/site-packages/asyncpg/connection.py", line 1864, in _execute
    result, _ = await self.__execute(
  File "/opt/anaconda3/envs/TradeBot/lib/python3.10/site-packages/asyncpg/connection.py", line 1961, in __execute
    result, stmt = await self._do_execute(
  File "/opt/anaconda3/envs/TradeBot/lib/python3.10/site-packages/asyncpg/connection.py", line 2004, in _do_execute
    stmt = await self._get_statement(
  File "/opt/anaconda3/envs/TradeBot/lib/python3.10/site-packages/asyncpg/connection.py", line 432, in _get_statement
    statement = await self._protocol.prepare(
  File "asyncpg/protocol/protocol.pyx", line 165, in prepare
asyncpg.exceptions.UndefinedTableError: relation "shared_data" does not exist
2025-06-23 14:53:42,183 - shared_logger - INFO - üîπ CoinBaseAPI  initialzed debug. (coinbase_api.py:34)
2025-06-23 14:53:42,183 - shared_logger - INFO - üî∏Email alerts are DISABLED via EMAIL_ALERTS=False. (alert_system.py:35)
2025-06-23 14:53:42,183 - shared_logger - INFO - ‚è≥ Checking startup snapshot state... (main.py:55)
2025-06-23 14:53:42,189 - shared_logger - ERROR - ‚ùå Error fetching market data: relation "shared_data" does not exist (database_session_manager.py:186)
Traceback (most recent call last):
  File "/Users/jack/Python_Projects/BotTrader/database_manager/database_session_manager.py", line 179, in fetch_market_data
    result = await self.database.fetch_one(query)
  File "/opt/anaconda3/envs/TradeBot/lib/python3.10/site-packages/databases/core.py", line 182, in fetch_one
    return await connection.fetch_one(query, values)
  File "/opt/anaconda3/envs/TradeBot/lib/python3.10/site-packages/databases/core.py", line 299, in fetch_one
    return await self._connection.fetch_one(built_query)
  File "/opt/anaconda3/envs/TradeBot/lib/python3.10/site-packages/databases/backends/postgres.py", line 113, in fetch_one
    row = await self._connection.fetchrow(query_str, *args)
  File "/opt/anaconda3/envs/TradeBot/lib/python3.10/site-packages/asyncpg/connection.py", line 748, in fetchrow
    data = await self._execute(
  File "/opt/anaconda3/envs/TradeBot/lib/python3.10/site-packages/asyncpg/connection.py", line 1864, in _execute
    result, _ = await self.__execute(
  File "/opt/anaconda3/envs/TradeBot/lib/python3.10/site-packages/asyncpg/connection.py", line 1961, in __execute
    result, stmt = await self._do_execute(
  File "/opt/anaconda3/envs/TradeBot/lib/python3.10/site-packages/asyncpg/connection.py", line 2004, in _do_execute
    stmt = await self._get_statement(
  File "/opt/anaconda3/envs/TradeBot/lib/python3.10/site-packages/asyncpg/connection.py", line 432, in _get_statement
    statement = await self._protocol.prepare(
  File "asyncpg/protocol/protocol.pyx", line 165, in prepare
asyncpg.exceptions.UndefinedTableError: relation "shared_data" does not exist
2025-06-23 14:53:42,193 - shared_logger - ERROR - ‚ùå Error fetching order_management: relation "shared_data" does not exist (database_session_manager.py:202)
Traceback (most recent call last):
  File "/Users/jack/Python_Projects/BotTrader/database_manager/database_session_manager.py", line 195, in fetch_order_management
    result = await self.database.fetch_one(query)
  File "/opt/anaconda3/envs/TradeBot/lib/python3.10/site-packages/databases/core.py", line 182, in fetch_one
    return await connection.fetch_one(query, values)
  File "/opt/anaconda3/envs/TradeBot/lib/python3.10/site-packages/databases/core.py", line 299, in fetch_one
    return await self._connection.fetch_one(built_query)
  File "/opt/anaconda3/envs/TradeBot/lib/python3.10/site-packages/databases/backends/postgres.py", line 113, in fetch_one
    row = await self._connection.fetchrow(query_str, *args)
  File "/opt/anaconda3/envs/TradeBot/lib/python3.10/site-packages/asyncpg/connection.py", line 748, in fetchrow
    data = await self._execute(
  File "/opt/anaconda3/envs/TradeBot/lib/python3.10/site-packages/asyncpg/connection.py", line 1864, in _execute
    result, _ = await self.__execute(
  File "/opt/anaconda3/envs/TradeBot/lib/python3.10/site-packages/asyncpg/connection.py", line 1961, in __execute
    result, stmt = await self._do_execute(
  File "/opt/anaconda3/envs/TradeBot/lib/python3.10/site-packages/asyncpg/connection.py", line 2004, in _do_execute
    stmt = await self._get_statement(
  File "/opt/anaconda3/envs/TradeBot/lib/python3.10/site-packages/asyncpg/connection.py", line 432, in _get_statement
    statement = await self._protocol.prepare(
  File "asyncpg/protocol/protocol.pyx", line 165, in prepare
asyncpg.exceptions.UndefinedTableError: relation "shared_data" does not exist
2025-06-23 14:53:42,205 - shared_logger - WARNING - ‚ö†Ô∏è No startup snapshot or incomplete market data. Attempting fresh data fetch... (shared_data_manager.py:159)
2025-06-23 14:53:45,122 - shared_logger - INFO - No ticker data for symbol: S-USD (ticker_manager.py:465)
2025-06-23 14:55:14,860 - shared_logger - INFO - üî∏Email alerts are DISABLED via EMAIL_ALERTS=False. (alert_system.py:35)
2025-06-23 14:55:18,185 - shared_logger - INFO - Database connected successfully. (database_session_manager.py:102)
2025-06-23 14:55:18,185 - shared_logger - INFO - DatabaseSessionManager initialized and connected to the database. (database_session_manager.py:112)
2025-06-23 14:56:39,110 - shared_logger - INFO - üî∏Email alerts are DISABLED via EMAIL_ALERTS=False. (alert_system.py:35)
2025-06-23 14:56:40,790 - shared_logger - INFO - Database connected successfully. (database_session_manager.py:102)
2025-06-23 14:56:40,790 - shared_logger - INFO - DatabaseSessionManager initialized and connected to the database. (database_session_manager.py:112)
2025-06-23 14:56:42,305 - shared_logger - INFO - ‚úÖ Database schema initialized (tables created if they didn't exist). (database_session_manager.py:60)
2025-06-23 14:56:42,318 - shared_logger - ERROR - ‚ùå Failed to populate initial shared_data: relation "shared_data" does not exist (database_session_manager.py:131)
Traceback (most recent call last):
  File "/Users/jack/Python_Projects/BotTrader/database_manager/database_session_manager.py", line 123, in populate_initial_data
    result = await self.database.fetch_one(query)
  File "/opt/anaconda3/envs/TradeBot/lib/python3.10/site-packages/databases/core.py", line 182, in fetch_one
    return await connection.fetch_one(query, values)
  File "/opt/anaconda3/envs/TradeBot/lib/python3.10/site-packages/databases/core.py", line 299, in fetch_one
    return await self._connection.fetch_one(built_query)
  File "/opt/anaconda3/envs/TradeBot/lib/python3.10/site-packages/databases/backends/postgres.py", line 113, in fetch_one
    row = await self._connection.fetchrow(query_str, *args)
  File "/opt/anaconda3/envs/TradeBot/lib/python3.10/site-packages/asyncpg/connection.py", line 748, in fetchrow
    data = await self._execute(
  File "/opt/anaconda3/envs/TradeBot/lib/python3.10/site-packages/asyncpg/connection.py", line 1864, in _execute
    result, _ = await self.__execute(
  File "/opt/anaconda3/envs/TradeBot/lib/python3.10/site-packages/asyncpg/connection.py", line 1961, in __execute
    result, stmt = await self._do_execute(
  File "/opt/anaconda3/envs/TradeBot/lib/python3.10/site-packages/asyncpg/connection.py", line 2004, in _do_execute
    stmt = await self._get_statement(
  File "/opt/anaconda3/envs/TradeBot/lib/python3.10/site-packages/asyncpg/connection.py", line 432, in _get_statement
    statement = await self._protocol.prepare(
  File "asyncpg/protocol/protocol.pyx", line 165, in prepare
asyncpg.exceptions.UndefinedTableError: relation "shared_data" does not exist
2025-06-23 14:56:42,323 - shared_logger - INFO - üîπ CoinBaseAPI  initialzed debug. (coinbase_api.py:34)
2025-06-23 14:56:42,323 - shared_logger - INFO - üî∏Email alerts are DISABLED via EMAIL_ALERTS=False. (alert_system.py:35)
2025-06-23 14:56:42,323 - shared_logger - INFO - ‚è≥ Checking startup snapshot state... (main.py:55)
2025-06-23 14:56:42,328 - shared_logger - ERROR - ‚ùå Error fetching market data: relation "shared_data" does not exist (database_session_manager.py:186)
Traceback (most recent call last):
  File "/Users/jack/Python_Projects/BotTrader/database_manager/database_session_manager.py", line 179, in fetch_market_data
    result = await self.database.fetch_one(query)
  File "/opt/anaconda3/envs/TradeBot/lib/python3.10/site-packages/databases/core.py", line 182, in fetch_one
    return await connection.fetch_one(query, values)
  File "/opt/anaconda3/envs/TradeBot/lib/python3.10/site-packages/databases/core.py", line 299, in fetch_one
    return await self._connection.fetch_one(built_query)
  File "/opt/anaconda3/envs/TradeBot/lib/python3.10/site-packages/databases/backends/postgres.py", line 113, in fetch_one
    row = await self._connection.fetchrow(query_str, *args)
  File "/opt/anaconda3/envs/TradeBot/lib/python3.10/site-packages/asyncpg/connection.py", line 748, in fetchrow
    data = await self._execute(
  File "/opt/anaconda3/envs/TradeBot/lib/python3.10/site-packages/asyncpg/connection.py", line 1864, in _execute
    result, _ = await self.__execute(
  File "/opt/anaconda3/envs/TradeBot/lib/python3.10/site-packages/asyncpg/connection.py", line 1961, in __execute
    result, stmt = await self._do_execute(
  File "/opt/anaconda3/envs/TradeBot/lib/python3.10/site-packages/asyncpg/connection.py", line 2004, in _do_execute
    stmt = await self._get_statement(
  File "/opt/anaconda3/envs/TradeBot/lib/python3.10/site-packages/asyncpg/connection.py", line 432, in _get_statement
    statement = await self._protocol.prepare(
  File "asyncpg/protocol/protocol.pyx", line 165, in prepare
asyncpg.exceptions.UndefinedTableError: relation "shared_data" does not exist
2025-06-23 14:56:42,332 - shared_logger - ERROR - ‚ùå Error fetching order_management: relation "shared_data" does not exist (database_session_manager.py:202)
Traceback (most recent call last):
  File "/Users/jack/Python_Projects/BotTrader/database_manager/database_session_manager.py", line 195, in fetch_order_management
    result = await self.database.fetch_one(query)
  File "/opt/anaconda3/envs/TradeBot/lib/python3.10/site-packages/databases/core.py", line 182, in fetch_one
    return await connection.fetch_one(query, values)
  File "/opt/anaconda3/envs/TradeBot/lib/python3.10/site-packages/databases/core.py", line 299, in fetch_one
    return await self._connection.fetch_one(built_query)
  File "/opt/anaconda3/envs/TradeBot/lib/python3.10/site-packages/databases/backends/postgres.py", line 113, in fetch_one
    row = await self._connection.fetchrow(query_str, *args)
  File "/opt/anaconda3/envs/TradeBot/lib/python3.10/site-packages/asyncpg/connection.py", line 748, in fetchrow
    data = await self._execute(
  File "/opt/anaconda3/envs/TradeBot/lib/python3.10/site-packages/asyncpg/connection.py", line 1864, in _execute
    result, _ = await self.__execute(
  File "/opt/anaconda3/envs/TradeBot/lib/python3.10/site-packages/asyncpg/connection.py", line 1961, in __execute
    result, stmt = await self._do_execute(
  File "/opt/anaconda3/envs/TradeBot/lib/python3.10/site-packages/asyncpg/connection.py", line 2004, in _do_execute
    stmt = await self._get_statement(
  File "/opt/anaconda3/envs/TradeBot/lib/python3.10/site-packages/asyncpg/connection.py", line 432, in _get_statement
    statement = await self._protocol.prepare(
  File "asyncpg/protocol/protocol.pyx", line 165, in prepare
asyncpg.exceptions.UndefinedTableError: relation "shared_data" does not exist
2025-06-23 14:56:42,343 - shared_logger - WARNING - ‚ö†Ô∏è No startup snapshot or incomplete market data. Attempting fresh data fetch... (shared_data_manager.py:159)
2025-06-23 14:56:45,502 - shared_logger - INFO - No ticker data for symbol: S-USD (ticker_manager.py:465)
2025-06-23 14:58:26,917 - shared_logger - INFO - ‚úÖ SharedDataManager market data initialized. (shared_data_manager.py:212)
2025-06-23 14:58:26,959 - shared_logger - ERROR - ‚ùå Error updating market_data: (sqlalchemy.dialects.postgresql.asyncpg.ProgrammingError) <class 'asyncpg.exceptions.UndefinedTableError'>: relation "shared_data" does not exist
[SQL: 
                INSERT INTO shared_data (data_type, data, last_updated)
                VALUES ($1, $2, NOW())
                ON CONFLICT (data_type) DO UPDATE SET
                    data = $2,
                    last_updated = NOW()
                ]
[parameters: ('market_data', '{"ticker_cache": {"__type__": "DataFrame", "data": [{"asset": "BTC", "quote": "USD", "symbol": "BTC-USD", "precision": {"base_increment": "0.00000001 ... (155033 characters truncated) ... ation": 0.06, "available_to_trade_crypto": 89.3, "unrealized_pnl": 2.15, "available_to_transfer_fiat": 54.02, "available_to_transfer_crypto": 89.3}}}')]
(Background on this error at: https://sqlalche.me/e/20/f405) (shared_data_manager.py:371)
Traceback (most recent call last):
  File "/opt/anaconda3/envs/TradeBot/lib/python3.10/site-packages/sqlalchemy/dialects/postgresql/asyncpg.py", line 521, in _prepare_and_execute
    prepared_stmt, attributes = await adapt_connection._prepare(
  File "/opt/anaconda3/envs/TradeBot/lib/python3.10/site-packages/sqlalchemy/dialects/postgresql/asyncpg.py", line 768, in _prepare
    prepared_stmt = await self._connection.prepare(
  File "/opt/anaconda3/envs/TradeBot/lib/python3.10/site-packages/asyncpg/connection.py", line 635, in prepare
    return await self._prepare(
  File "/opt/anaconda3/envs/TradeBot/lib/python3.10/site-packages/asyncpg/connection.py", line 653, in _prepare
    stmt = await self._get_statement(
  File "/opt/anaconda3/envs/TradeBot/lib/python3.10/site-packages/asyncpg/connection.py", line 432, in _get_statement
    statement = await self._protocol.prepare(
  File "asyncpg/protocol/protocol.pyx", line 165, in prepare
asyncpg.exceptions.UndefinedTableError: relation "shared_data" does not exist

The above exception was the direct cause of the following exception:

Traceback (most recent call last):
  File "/opt/anaconda3/envs/TradeBot/lib/python3.10/site-packages/sqlalchemy/engine/base.py", line 1963, in _exec_single_context
    self.dialect.do_execute(
  File "/opt/anaconda3/envs/TradeBot/lib/python3.10/site-packages/sqlalchemy/engine/default.py", line 943, in do_execute
    cursor.execute(statement, parameters)
  File "/opt/anaconda3/envs/TradeBot/lib/python3.10/site-packages/sqlalchemy/dialects/postgresql/asyncpg.py", line 580, in execute
    self._adapt_connection.await_(
  File "/opt/anaconda3/envs/TradeBot/lib/python3.10/site-packages/sqlalchemy/util/_concurrency_py3k.py", line 132, in await_only
    return current.parent.switch(awaitable)  # type: ignore[no-any-return,attr-defined] # noqa: E501
  File "/opt/anaconda3/envs/TradeBot/lib/python3.10/site-packages/sqlalchemy/util/_concurrency_py3k.py", line 196, in greenlet_spawn
    value = await result
  File "/opt/anaconda3/envs/TradeBot/lib/python3.10/site-packages/sqlalchemy/dialects/postgresql/asyncpg.py", line 558, in _prepare_and_execute
    self._handle_exception(error)
  File "/opt/anaconda3/envs/TradeBot/lib/python3.10/site-packages/sqlalchemy/dialects/postgresql/asyncpg.py", line 508, in _handle_exception
    self._adapt_connection._handle_exception(error)
  File "/opt/anaconda3/envs/TradeBot/lib/python3.10/site-packages/sqlalchemy/dialects/postgresql/asyncpg.py", line 792, in _handle_exception
    raise translated_error from error
sqlalchemy.dialects.postgresql.asyncpg.AsyncAdapt_asyncpg_dbapi.ProgrammingError: <class 'asyncpg.exceptions.UndefinedTableError'>: relation "shared_data" does not exist

The above exception was the direct cause of the following exception:

Traceback (most recent call last):
  File "/Users/jack/Python_Projects/BotTrader/SharedDataManager/shared_data_manager.py", line 360, in update_data
    await conn.execute(
  File "/opt/anaconda3/envs/TradeBot/lib/python3.10/site-packages/sqlalchemy/ext/asyncio/engine.py", line 658, in execute
    result = await greenlet_spawn(
  File "/opt/anaconda3/envs/TradeBot/lib/python3.10/site-packages/sqlalchemy/util/_concurrency_py3k.py", line 201, in greenlet_spawn
    result = context.throw(*sys.exc_info())
  File "/opt/anaconda3/envs/TradeBot/lib/python3.10/site-packages/sqlalchemy/engine/base.py", line 1415, in execute
    return meth(
  File "/opt/anaconda3/envs/TradeBot/lib/python3.10/site-packages/sqlalchemy/sql/elements.py", line 523, in _execute_on_connection
    return connection._execute_clauseelement(
  File "/opt/anaconda3/envs/TradeBot/lib/python3.10/site-packages/sqlalchemy/engine/base.py", line 1637, in _execute_clauseelement
    ret = self._execute_context(
  File "/opt/anaconda3/envs/TradeBot/lib/python3.10/site-packages/sqlalchemy/engine/base.py", line 1842, in _execute_context
    return self._exec_single_context(
  File "/opt/anaconda3/envs/TradeBot/lib/python3.10/site-packages/sqlalchemy/engine/base.py", line 1982, in _exec_single_context
    self._handle_dbapi_exception(
  File "/opt/anaconda3/envs/TradeBot/lib/python3.10/site-packages/sqlalchemy/engine/base.py", line 2351, in _handle_dbapi_exception
    raise sqlalchemy_exception.with_traceback(exc_info[2]) from e
  File "/opt/anaconda3/envs/TradeBot/lib/python3.10/site-packages/sqlalchemy/engine/base.py", line 1963, in _exec_single_context
    self.dialect.do_execute(
  File "/opt/anaconda3/envs/TradeBot/lib/python3.10/site-packages/sqlalchemy/engine/default.py", line 943, in do_execute
    cursor.execute(statement, parameters)
  File "/opt/anaconda3/envs/TradeBot/lib/python3.10/site-packages/sqlalchemy/dialects/postgresql/asyncpg.py", line 580, in execute
    self._adapt_connection.await_(
  File "/opt/anaconda3/envs/TradeBot/lib/python3.10/site-packages/sqlalchemy/util/_concurrency_py3k.py", line 132, in await_only
    return current.parent.switch(awaitable)  # type: ignore[no-any-return,attr-defined] # noqa: E501
  File "/opt/anaconda3/envs/TradeBot/lib/python3.10/site-packages/sqlalchemy/util/_concurrency_py3k.py", line 196, in greenlet_spawn
    value = await result
  File "/opt/anaconda3/envs/TradeBot/lib/python3.10/site-packages/sqlalchemy/dialects/postgresql/asyncpg.py", line 558, in _prepare_and_execute
    self._handle_exception(error)
  File "/opt/anaconda3/envs/TradeBot/lib/python3.10/site-packages/sqlalchemy/dialects/postgresql/asyncpg.py", line 508, in _handle_exception
    self._adapt_connection._handle_exception(error)
  File "/opt/anaconda3/envs/TradeBot/lib/python3.10/site-packages/sqlalchemy/dialects/postgresql/asyncpg.py", line 792, in _handle_exception
    raise translated_error from error
sqlalchemy.exc.ProgrammingError: (sqlalchemy.dialects.postgresql.asyncpg.ProgrammingError) <class 'asyncpg.exceptions.UndefinedTableError'>: relation "shared_data" does not exist
[SQL: 
                INSERT INTO shared_data (data_type, data, last_updated)
                VALUES ($1, $2, NOW())
                ON CONFLICT (data_type) DO UPDATE SET
                    data = $2,
                    last_updated = NOW()
                ]
[parameters: ('market_data', '{"ticker_cache": {"__type__": "DataFrame", "data": [{"asset": "BTC", "quote": "USD", "symbol": "BTC-USD", "precision": {"base_increment": "0.00000001 ... (155033 characters truncated) ... ation": 0.06, "available_to_trade_crypto": 89.3, "unrealized_pnl": 2.15, "available_to_transfer_fiat": 54.02, "available_to_transfer_crypto": 89.3}}}')]
(Background on this error at: https://sqlalche.me/e/20/f405)
2025-06-23 14:58:26,965 - shared_logger - ERROR - ‚ùå Error updating order_management: (sqlalchemy.dialects.postgresql.asyncpg.Error) <class 'asyncpg.exceptions.InFailedSQLTransactionError'>: current transaction is aborted, commands ignored until end of transaction block
[SQL: 
                INSERT INTO shared_data (data_type, data, last_updated)
                VALUES ($1, $2, NOW())
                ON CONFLICT (data_type) DO UPDATE SET
                    data = $2,
                    last_updated = NOW()
                ]
[parameters: ('order_management', '{"non_zero_balances": {"USD": {"asset": "USD", "account_uuid": "4f9ff30b-793c-52c4-9075-b8c73e0c135b", "total_balance_fiat": 590.17535, "total_balanc ... (2985 characters truncated) ... ransfer_fiat": 54.0265, "available_to_transfer_crypto": 89.3, "asset_color": "#535AF6", "account_type": "ACCOUNT_TYPE_WALLET"}}, "order_tracker": {}}')]
(Background on this error at: https://sqlalche.me/e/20/dbapi) (shared_data_manager.py:371)
Traceback (most recent call last):
  File "/opt/anaconda3/envs/TradeBot/lib/python3.10/site-packages/sqlalchemy/dialects/postgresql/asyncpg.py", line 521, in _prepare_and_execute
    prepared_stmt, attributes = await adapt_connection._prepare(
  File "/opt/anaconda3/envs/TradeBot/lib/python3.10/site-packages/sqlalchemy/dialects/postgresql/asyncpg.py", line 768, in _prepare
    prepared_stmt = await self._connection.prepare(
  File "/opt/anaconda3/envs/TradeBot/lib/python3.10/site-packages/asyncpg/connection.py", line 635, in prepare
    return await self._prepare(
  File "/opt/anaconda3/envs/TradeBot/lib/python3.10/site-packages/asyncpg/connection.py", line 653, in _prepare
    stmt = await self._get_statement(
  File "/opt/anaconda3/envs/TradeBot/lib/python3.10/site-packages/asyncpg/connection.py", line 432, in _get_statement
    statement = await self._protocol.prepare(
  File "asyncpg/protocol/protocol.pyx", line 165, in prepare
asyncpg.exceptions.InFailedSQLTransactionError: current transaction is aborted, commands ignored until end of transaction block

The above exception was the direct cause of the following exception:

Traceback (most recent call last):
  File "/opt/anaconda3/envs/TradeBot/lib/python3.10/site-packages/sqlalchemy/engine/base.py", line 1963, in _exec_single_context
    self.dialect.do_execute(
  File "/opt/anaconda3/envs/TradeBot/lib/python3.10/site-packages/sqlalchemy/engine/default.py", line 943, in do_execute
    cursor.execute(statement, parameters)
  File "/opt/anaconda3/envs/TradeBot/lib/python3.10/site-packages/sqlalchemy/dialects/postgresql/asyncpg.py", line 580, in execute
    self._adapt_connection.await_(
  File "/opt/anaconda3/envs/TradeBot/lib/python3.10/site-packages/sqlalchemy/util/_concurrency_py3k.py", line 132, in await_only
    return current.parent.switch(awaitable)  # type: ignore[no-any-return,attr-defined] # noqa: E501
  File "/opt/anaconda3/envs/TradeBot/lib/python3.10/site-packages/sqlalchemy/util/_concurrency_py3k.py", line 196, in greenlet_spawn
    value = await result
  File "/opt/anaconda3/envs/TradeBot/lib/python3.10/site-packages/sqlalchemy/dialects/postgresql/asyncpg.py", line 558, in _prepare_and_execute
    self._handle_exception(error)
  File "/opt/anaconda3/envs/TradeBot/lib/python3.10/site-packages/sqlalchemy/dialects/postgresql/asyncpg.py", line 508, in _handle_exception
    self._adapt_connection._handle_exception(error)
  File "/opt/anaconda3/envs/TradeBot/lib/python3.10/site-packages/sqlalchemy/dialects/postgresql/asyncpg.py", line 792, in _handle_exception
    raise translated_error from error
sqlalchemy.dialects.postgresql.asyncpg.AsyncAdapt_asyncpg_dbapi.Error: <class 'asyncpg.exceptions.InFailedSQLTransactionError'>: current transaction is aborted, commands ignored until end of transaction block

The above exception was the direct cause of the following exception:

Traceback (most recent call last):
  File "/Users/jack/Python_Projects/BotTrader/SharedDataManager/shared_data_manager.py", line 360, in update_data
    await conn.execute(
  File "/opt/anaconda3/envs/TradeBot/lib/python3.10/site-packages/sqlalchemy/ext/asyncio/engine.py", line 658, in execute
    result = await greenlet_spawn(
  File "/opt/anaconda3/envs/TradeBot/lib/python3.10/site-packages/sqlalchemy/util/_concurrency_py3k.py", line 201, in greenlet_spawn
    result = context.throw(*sys.exc_info())
  File "/opt/anaconda3/envs/TradeBot/lib/python3.10/site-packages/sqlalchemy/engine/base.py", line 1415, in execute
    return meth(
  File "/opt/anaconda3/envs/TradeBot/lib/python3.10/site-packages/sqlalchemy/sql/elements.py", line 523, in _execute_on_connection
    return connection._execute_clauseelement(
  File "/opt/anaconda3/envs/TradeBot/lib/python3.10/site-packages/sqlalchemy/engine/base.py", line 1637, in _execute_clauseelement
    ret = self._execute_context(
  File "/opt/anaconda3/envs/TradeBot/lib/python3.10/site-packages/sqlalchemy/engine/base.py", line 1842, in _execute_context
    return self._exec_single_context(
  File "/opt/anaconda3/envs/TradeBot/lib/python3.10/site-packages/sqlalchemy/engine/base.py", line 1982, in _exec_single_context
    self._handle_dbapi_exception(
  File "/opt/anaconda3/envs/TradeBot/lib/python3.10/site-packages/sqlalchemy/engine/base.py", line 2351, in _handle_dbapi_exception
    raise sqlalchemy_exception.with_traceback(exc_info[2]) from e
  File "/opt/anaconda3/envs/TradeBot/lib/python3.10/site-packages/sqlalchemy/engine/base.py", line 1963, in _exec_single_context
    self.dialect.do_execute(
  File "/opt/anaconda3/envs/TradeBot/lib/python3.10/site-packages/sqlalchemy/engine/default.py", line 943, in do_execute
    cursor.execute(statement, parameters)
  File "/opt/anaconda3/envs/TradeBot/lib/python3.10/site-packages/sqlalchemy/dialects/postgresql/asyncpg.py", line 580, in execute
    self._adapt_connection.await_(
  File "/opt/anaconda3/envs/TradeBot/lib/python3.10/site-packages/sqlalchemy/util/_concurrency_py3k.py", line 132, in await_only
    return current.parent.switch(awaitable)  # type: ignore[no-any-return,attr-defined] # noqa: E501
  File "/opt/anaconda3/envs/TradeBot/lib/python3.10/site-packages/sqlalchemy/util/_concurrency_py3k.py", line 196, in greenlet_spawn
    value = await result
  File "/opt/anaconda3/envs/TradeBot/lib/python3.10/site-packages/sqlalchemy/dialects/postgresql/asyncpg.py", line 558, in _prepare_and_execute
    self._handle_exception(error)
  File "/opt/anaconda3/envs/TradeBot/lib/python3.10/site-packages/sqlalchemy/dialects/postgresql/asyncpg.py", line 508, in _handle_exception
    self._adapt_connection._handle_exception(error)
  File "/opt/anaconda3/envs/TradeBot/lib/python3.10/site-packages/sqlalchemy/dialects/postgresql/asyncpg.py", line 792, in _handle_exception
    raise translated_error from error
sqlalchemy.exc.DBAPIError: (sqlalchemy.dialects.postgresql.asyncpg.Error) <class 'asyncpg.exceptions.InFailedSQLTransactionError'>: current transaction is aborted, commands ignored until end of transaction block
[SQL: 
                INSERT INTO shared_data (data_type, data, last_updated)
                VALUES ($1, $2, NOW())
                ON CONFLICT (data_type) DO UPDATE SET
                    data = $2,
                    last_updated = NOW()
                ]
[parameters: ('order_management', '{"non_zero_balances": {"USD": {"asset": "USD", "account_uuid": "4f9ff30b-793c-52c4-9075-b8c73e0c135b", "total_balance_fiat": 590.17535, "total_balanc ... (2985 characters truncated) ... ransfer_fiat": 54.0265, "available_to_transfer_crypto": 89.3, "asset_color": "#535AF6", "account_type": "ACCOUNT_TYPE_WALLET"}}, "order_tracker": {}}')]
(Background on this error at: https://sqlalche.me/e/20/dbapi)
2025-06-23 14:58:26,967 - shared_logger - INFO - ‚úÖ Startup data initialized and saved. (shared_data_manager.py:170)
2025-06-23 14:58:26,967 - shared_logger - ERROR - ‚ùå Failed to preload market/order data: cannot unpack non-iterable NoneType object (main.py:61)
Traceback (most recent call last):
  File "/Users/jack/Python_Projects/BotTrader/main.py", line 57, in preload_market_data
    market_data, order_mgmt = await shared_data_manager.validate_startup_state(market_data_updater,ticker_manager)
TypeError: cannot unpack non-iterable NoneType object
2025-06-23 14:59:08,842 - shared_logger - INFO - üî∏Email alerts are DISABLED via EMAIL_ALERTS=False. (alert_system.py:35)
2025-06-23 15:00:32,933 - shared_logger - INFO - Database connected successfully. (database_session_manager.py:102)
2025-06-23 15:00:32,933 - shared_logger - INFO - DatabaseSessionManager initialized and connected to the database. (database_session_manager.py:112)
2025-06-23 15:01:11,733 - shared_logger - INFO - ‚úÖ Database schema initialized (tables created if they didn't exist). (database_session_manager.py:60)
2025-06-23 15:05:35,944 - shared_logger - INFO - üî∏Email alerts are DISABLED via EMAIL_ALERTS=False. (alert_system.py:35)
2025-06-23 15:05:43,748 - shared_logger - INFO - Database connected successfully. (database_session_manager.py:102)
2025-06-23 15:05:43,748 - shared_logger - INFO - DatabaseSessionManager initialized and connected to the database. (database_session_manager.py:112)
2025-06-23 15:26:25,447 - shared_logger - INFO - üî∏Email alerts are DISABLED via EMAIL_ALERTS=False. (alert_system.py:35)
2025-06-23 15:26:34,630 - shared_logger - INFO - Database connected successfully. (database_session_manager.py:102)
2025-06-23 15:26:34,630 - shared_logger - INFO - DatabaseSessionManager initialized and connected to the database. (database_session_manager.py:112)
2025-06-23 15:26:38,742 - shared_logger - INFO - ‚úÖ Database schema initialized (tables created if they didn't exist). (database_session_manager.py:60)
2025-06-23 15:26:38,775 - shared_logger - INFO - ‚úÖ Inserted initial market_data row. (database_session_manager.py:129)
2025-06-23 15:26:38,780 - shared_logger - INFO - üîπ CoinBaseAPI  initialzed debug. (coinbase_api.py:34)
2025-06-23 15:26:38,780 - shared_logger - INFO - üî∏Email alerts are DISABLED via EMAIL_ALERTS=False. (alert_system.py:35)
2025-06-23 15:26:38,781 - shared_logger - INFO - ‚è≥ Checking startup snapshot state... (main.py:55)
2025-06-23 15:26:38,792 - shared_logger - WARNING - No data found for order_management. (database_session_manager.py:197)
2025-06-23 15:26:38,798 - shared_logger - WARNING - ‚ö†Ô∏è No startup snapshot or incomplete market data. Attempting fresh data fetch... (shared_data_manager.py:159)
2025-06-23 15:26:41,520 - shared_logger - INFO - No ticker data for symbol: S-USD (ticker_manager.py:465)
2025-06-23 15:28:27,262 - shared_logger - INFO - ‚úÖ SharedDataManager market data initialized. (shared_data_manager.py:212)
2025-06-23 15:28:27,316 - shared_logger - INFO - ‚úÖ Startup data initialized and saved. (shared_data_manager.py:170)
2025-06-23 15:28:27,316 - shared_logger - ERROR - ‚ùå Failed to preload market/order data: cannot unpack non-iterable NoneType object (main.py:61)
Traceback (most recent call last):
  File "/Users/jack/Python_Projects/BotTrader/main.py", line 57, in preload_market_data
    market_data, order_mgmt = await shared_data_manager.validate_startup_state(market_data_updater,ticker_manager)
TypeError: cannot unpack non-iterable NoneType object
2025-06-23 16:03:57,822 - shared_logger - INFO - üî∏Email alerts are DISABLED via EMAIL_ALERTS=False. (alert_system.py:35)
2025-06-23 16:03:57,929 - shared_logger - INFO - Database connected successfully. (database_session_manager.py:102)
2025-06-23 16:03:57,929 - shared_logger - INFO - DatabaseSessionManager initialized and connected to the database. (database_session_manager.py:112)
2025-06-23 16:03:57,972 - shared_logger - INFO - ‚úÖ Database schema initialized (tables created if they didn't exist). (database_session_manager.py:60)
2025-06-23 16:03:57,982 - shared_logger - INFO - üîπ CoinBaseAPI  initialzed debug. (coinbase_api.py:34)
2025-06-23 16:03:57,982 - shared_logger - INFO - üî∏Email alerts are DISABLED via EMAIL_ALERTS=False. (alert_system.py:35)
2025-06-23 16:03:57,983 - shared_logger - INFO - ‚è≥ Checking startup snapshot state... (main.py:55)
2025-06-23 16:03:57,999 - shared_logger - INFO - üìä ticker_cache rows: 28 (shared_data_manager.py:155)
2025-06-23 16:03:57,999 - shared_logger - INFO - ‚úÖ Startup snapshot loaded from database. (shared_data_manager.py:172)
2025-06-23 16:03:57,999 - shared_logger - INFO - ‚úÖ Market data preloaded successfully with data from the database. (main.py:58)
2025-06-23 16:03:57,999 - shared_logger - INFO - üî∏Email alerts are DISABLED via EMAIL_ALERTS=False. (alert_system.py:35)
2025-06-23 16:03:58,001 - shared_logger - INFO - üî∏Email alerts are DISABLED via EMAIL_ALERTS=False. (alert_system.py:35)
2025-06-23 16:03:58,015 - shared_logger - INFO - üìä ticker_cache rows: 28 (shared_data_manager.py:155)
2025-06-23 16:03:58,015 - shared_logger - INFO - ‚úÖ Startup snapshot loaded from database. (shared_data_manager.py:172)
2025-06-23 16:04:00,976 - shared_logger - INFO - No ticker data for symbol: S-USD (ticker_manager.py:465)
2025-06-23 16:04:58,054 - shared_logger - INFO - ‚úÖ No stale passive orders found. (shared_data_manager.py:631)
2025-06-23 16:04:58,700 - shared_logger - INFO - ‚úÖ No stale passive orders found. (shared_data_manager.py:631)
2025-06-23 16:05:48,317 - shared_logger - INFO - No ticker data for symbol: S-USD (ticker_manager.py:465)
2025-06-23 16:05:58,347 - shared_logger - INFO - ‚úÖ No stale passive orders found. (shared_data_manager.py:631)
2025-06-23 16:05:58,744 - shared_logger - INFO - ‚úÖ No stale passive orders found. (shared_data_manager.py:631)
2025-06-23 16:06:58,391 - shared_logger - INFO - ‚úÖ No stale passive orders found. (shared_data_manager.py:631)
2025-06-23 16:06:58,793 - shared_logger - INFO - ‚úÖ No stale passive orders found. (shared_data_manager.py:631)
2025-06-23 16:07:24,137 - shared_logger - INFO - ‚úÖ SharedDataManager market data initialized. (shared_data_manager.py:212)
2025-06-23 16:07:24,843 - shared_logger - INFO - ‚úÖ set_order_management updated with 0 open orders (shared_data_manager.py:305)
2025-06-23 16:07:26,618 - shared_logger - INFO - No ticker data for symbol: S-USD (ticker_manager.py:465)
2025-06-23 16:07:33,017 - shared_logger - INFO - üü° No OHLCV data for VELO-USD (market inactivity) (coinbase_api.py:470)
2025-06-23 16:07:35,337 - shared_logger - INFO - No ticker data for symbol: S-USD (ticker_manager.py:465)
2025-06-23 16:07:36,086 - shared_logger - INFO - üü° No OHLCV data for CHZ-USD (market inactivity) (coinbase_api.py:470)
2025-06-23 16:07:38,580 - shared_logger - INFO - No ticker data for symbol: S-USD (ticker_manager.py:465)
2025-06-23 16:07:39,286 - shared_logger - INFO - üü° No OHLCV data for ME-USD (market inactivity) (coinbase_api.py:470)
2025-06-23 16:07:40,458 - shared_logger - INFO - No ticker data for symbol: S-USD (ticker_manager.py:465)
2025-06-23 16:07:44,062 - shared_logger - INFO - üü° No OHLCV data for DNT-USD (market inactivity) (coinbase_api.py:470)
2025-06-23 16:07:45,457 - shared_logger - INFO - No ticker data for symbol: S-USD (ticker_manager.py:465)
2025-06-23 16:07:47,068 - shared_logger - INFO - No ticker data for symbol: S-USD (ticker_manager.py:465)
2025-06-23 16:07:52,988 - shared_logger - INFO - üü° No OHLCV data for SKL-USD (market inactivity) (coinbase_api.py:470)
2025-06-23 16:07:53,811 - shared_logger - INFO - üü° No OHLCV data for BNT-USD (market inactivity) (coinbase_api.py:470)
2025-06-23 16:07:55,989 - shared_logger - INFO - No ticker data for symbol: S-USD (ticker_manager.py:465)
2025-06-23 16:07:59,509 - shared_logger - INFO - No ticker data for symbol: S-USD (ticker_manager.py:465)
2025-06-23 16:08:00,624 - shared_logger - INFO - No ticker data for symbol: S-USD (ticker_manager.py:465)
2025-06-23 16:08:02,856 - shared_logger - INFO - No ticker data for symbol: S-USD (ticker_manager.py:465)
2025-06-23 16:08:04,621 - shared_logger - WARNING - ‚ö†Ô∏è Rate limited (429). Retrying in 2s... (coinbase_api.py:546)
2025-06-23 16:08:04,652 - shared_logger - WARNING - ‚ö†Ô∏è Rate limited (429). Retrying in 2s... (coinbase_api.py:546)
2025-06-23 16:08:04,656 - shared_logger - WARNING - ‚ö†Ô∏è Rate limited (429). Retrying in 2s... (coinbase_api.py:546)
2025-06-23 16:08:04,721 - shared_logger - WARNING - ‚è≥ [429] Rate Limited on Best Bid/Ask:  (coinbase_api.py:365)
2025-06-23 16:08:04,722 - shared_logger - ERROR - Failed to fetch bids and asks. (ticker_manager.py:416)
2025-06-23 16:08:04,773 - shared_logger - ERROR - ‚ùå Error fetching fee rates: HTTP 429 ‚Üí  (coinbase_api.py:203)
2025-06-23 16:08:04,786 - shared_logger - WARNING - ‚ö†Ô∏è Rate limited (429). Retrying in 2s... (coinbase_api.py:546)
2025-06-23 16:08:04,789 - shared_logger - WARNING - ‚ö†Ô∏è Rate limited (429). Retrying in 2s... (coinbase_api.py:546)
2025-06-23 16:08:04,792 - shared_logger - WARNING - ‚ö†Ô∏è Rate limited (429). Retrying in 2s... (coinbase_api.py:546)
2025-06-23 16:08:04,806 - shared_logger - WARNING - ‚ö†Ô∏è Rate limited (429). Retrying in 2s... (coinbase_api.py:546)
2025-06-23 16:08:04,810 - shared_logger - WARNING - ‚ö†Ô∏è Rate limited (429). Retrying in 2s... (coinbase_api.py:546)
2025-06-23 16:08:04,828 - shared_logger - WARNING - ‚ö†Ô∏è Rate limited (429). Retrying in 2s... (coinbase_api.py:546)
2025-06-23 16:08:04,880 - shared_logger - WARNING - ‚ö†Ô∏è Rate limited (429). Retrying in 2s... (coinbase_api.py:546)
2025-06-23 16:08:04,893 - shared_logger - WARNING - ‚ö†Ô∏è Rate limited (429). Retrying in 2s... (coinbase_api.py:546)
2025-06-23 16:08:08,437 - shared_logger - INFO - No ticker data for symbol: S-USD (ticker_manager.py:465)
2025-06-23 16:08:08,487 - shared_logger - INFO - ‚úÖ No stale passive orders found. (shared_data_manager.py:631)
2025-06-23 16:08:08,489 - shared_logger - INFO - ‚úÖ No stale passive orders found. (shared_data_manager.py:631)
2025-06-23 16:08:09,953 - shared_logger - INFO - No ticker data for symbol: S-USD (ticker_manager.py:465)
2025-06-23 16:08:10,571 - shared_logger - WARNING - ‚ö†Ô∏è Rate limited (429). Retrying in 4s... (coinbase_api.py:546)
2025-06-23 16:08:10,598 - shared_logger - WARNING - ‚ö†Ô∏è Rate limited (429). Retrying in 4s... (coinbase_api.py:546)
2025-06-23 16:08:10,599 - shared_logger - WARNING - ‚ö†Ô∏è Rate limited (429). Retrying in 4s... (coinbase_api.py:546)
2025-06-23 16:08:10,614 - shared_logger - WARNING - ‚ö†Ô∏è Rate limited (429). Retrying in 4s... (coinbase_api.py:546)
2025-06-23 16:08:10,615 - shared_logger - WARNING - ‚ö†Ô∏è Rate limited (429). Retrying in 4s... (coinbase_api.py:546)
2025-06-23 16:08:10,615 - shared_logger - WARNING - ‚ö†Ô∏è Rate limited (429). Retrying in 2s... (coinbase_api.py:546)
2025-06-23 16:08:11,797 - shared_logger - INFO - No ticker data for symbol: S-USD (ticker_manager.py:465)
2025-06-23 16:08:11,816 - shared_logger - WARNING - ‚ö†Ô∏è Rate limited (429). Retrying in 4s... (coinbase_api.py:546)
2025-06-23 16:08:11,817 - shared_logger - WARNING - ‚ö†Ô∏è Rate limited (429). Retrying in 4s... (coinbase_api.py:546)
2025-06-23 16:08:11,817 - shared_logger - ERROR - ‚ùå Error fetching fee rates: HTTP 429 ‚Üí  (coinbase_api.py:203)
2025-06-23 16:08:11,817 - shared_logger - WARNING - ‚ö†Ô∏è Rate limited (429). Retrying in 4s... (coinbase_api.py:546)
2025-06-23 16:08:11,819 - shared_logger - WARNING - ‚ö†Ô∏è Rate limited (429). Retrying in 2s... (coinbase_api.py:546)
2025-06-23 16:08:11,820 - shared_logger - WARNING - ‚ö†Ô∏è Rate limited (429). Retrying in 4s... (coinbase_api.py:546)
2025-06-23 16:08:14,539 - shared_logger - INFO - No ticker data for symbol: S-USD (ticker_manager.py:465)
2025-06-23 16:08:15,928 - shared_logger - WARNING - ‚ö†Ô∏è Rate limited (429). Retrying in 4s... (coinbase_api.py:546)
2025-06-23 16:08:15,931 - shared_logger - INFO - üü° No OHLCV data for ALICE-USD (market inactivity) (coinbase_api.py:470)
2025-06-23 16:08:15,940 - shared_logger - WARNING - ‚ö†Ô∏è Rate limited (429). Retrying in 8s... (coinbase_api.py:546)
2025-06-23 16:08:15,941 - shared_logger - WARNING - ‚ö†Ô∏è Rate limited (429). Retrying in 4s... (coinbase_api.py:546)
2025-06-23 16:08:15,941 - shared_logger - WARNING - ‚ö†Ô∏è Rate limited (429). Retrying in 8s... (coinbase_api.py:546)
2025-06-23 16:08:15,955 - shared_logger - WARNING - ‚ö†Ô∏è Rate limited (429). Retrying in 8s... (coinbase_api.py:546)
2025-06-23 16:08:15,959 - shared_logger - WARNING - ‚ö†Ô∏è Rate limited (429). Retrying in 8s... (coinbase_api.py:546)
2025-06-23 16:08:15,960 - shared_logger - WARNING - ‚ö†Ô∏è Rate limited (429). Retrying in 8s... (coinbase_api.py:546)
2025-06-23 16:08:15,961 - shared_logger - WARNING - ‚ö†Ô∏è Rate limited (429). Retrying in 8s... (coinbase_api.py:546)
2025-06-23 16:08:17,882 - shared_logger - INFO - No ticker data for symbol: S-USD (ticker_manager.py:465)
2025-06-23 16:08:18,723 - shared_logger - INFO - üü° No OHLCV data for BADGER-USD (market inactivity) (coinbase_api.py:470)
2025-06-23 16:08:21,574 - shared_logger - INFO - No ticker data for symbol: S-USD (ticker_manager.py:465)
2025-06-23 16:08:21,956 - shared_logger - INFO - üü° No OHLCV data for KNC-USD (market inactivity) (coinbase_api.py:470)
2025-06-23 16:08:22,785 - shared_logger - WARNING - ‚ö†Ô∏è Rate limited (429). Retrying in 2s... (coinbase_api.py:546)
2025-06-23 16:08:22,824 - shared_logger - WARNING - ‚ö†Ô∏è Rate limited (429). Retrying in 8s... (coinbase_api.py:546)
2025-06-23 16:08:22,849 - shared_logger - WARNING - ‚ö†Ô∏è Rate limited (429). Retrying in 4s... (coinbase_api.py:546)
2025-06-23 16:08:22,927 - shared_logger - WARNING - ‚ö†Ô∏è Rate limited (429). Retrying in 2s... (coinbase_api.py:546)
2025-06-23 16:08:22,945 - shared_logger - WARNING - ‚ö†Ô∏è Rate limited (429). Retrying in 4s... (coinbase_api.py:546)
2025-06-23 16:08:22,963 - shared_logger - WARNING - ‚ö†Ô∏è Rate limited (429). Retrying in 8s... (coinbase_api.py:546)
2025-06-23 16:08:22,972 - shared_logger - WARNING - ‚ö†Ô∏è Rate limited (429). Retrying in 8s... (coinbase_api.py:546)
2025-06-23 16:08:22,983 - shared_logger - WARNING - ‚ö†Ô∏è Rate limited (429). Retrying in 8s... (coinbase_api.py:546)
2025-06-23 16:08:23,358 - shared_logger - INFO - üü° No OHLCV data for CORECHAIN-USD (market inactivity) (coinbase_api.py:470)
2025-06-23 16:08:25,652 - shared_logger - INFO - No ticker data for symbol: S-USD (ticker_manager.py:465)
2025-06-23 16:08:25,681 - shared_logger - INFO - üü° No OHLCV data for RARI-USD (market inactivity) (coinbase_api.py:470)
2025-06-23 16:08:26,766 - shared_logger - WARNING - ‚è≥ Rate limit hit. Sleeping for 2.06s... (ticker_manager.py:499)
2025-06-23 16:08:26,786 - shared_logger - ERROR - ‚ùå Max retries exceeded due to rate limits. (coinbase_api.py:543)
2025-06-23 16:08:26,787 - shared_logger - WARNING - ‚ö†Ô∏è Rate limited (429). Retrying in 2s... (coinbase_api.py:546)
2025-06-23 16:08:26,787 - shared_logger - ERROR - ‚ùå Max retries exceeded due to rate limits. (coinbase_api.py:543)
2025-06-23 16:08:26,788 - shared_logger - WARNING - ‚ö†Ô∏è Rate limited (429). Retrying in 4s... (coinbase_api.py:546)
2025-06-23 16:08:26,789 - shared_logger - ERROR - ‚ùå Max retries exceeded due to rate limits. (coinbase_api.py:543)
2025-06-23 16:08:26,789 - shared_logger - ERROR - ‚ùå Max retries exceeded due to rate limits. (coinbase_api.py:543)
2025-06-23 16:08:26,797 - shared_logger - ERROR - ‚ùå Error fetching fee rates: HTTP 429 ‚Üí  (coinbase_api.py:203)
2025-06-23 16:08:26,804 - shared_logger - ERROR - ‚ùå Failed to fetch products: 429  (coinbase_api.py:397)
2025-06-23 16:08:26,826 - shared_logger - WARNING - ‚ö†Ô∏è Rate limited (429). Retrying in 4s... (coinbase_api.py:546)
2025-06-23 16:08:26,831 - shared_logger - INFO - ‚úÖ One-time market data refresh complete. (market_data_manager.py:97)
2025-06-23 16:08:26,838 - shared_logger - INFO - ‚úÖ One-time market data refresh complete. (market_data_manager.py:97)
2025-06-23 16:08:26,843 - shared_logger - INFO - ‚úÖ One-time market data refresh complete. (market_data_manager.py:97)
2025-06-23 16:08:26,846 - shared_logger - INFO - ‚úÖ One-time market data refresh complete. (market_data_manager.py:97)
2025-06-23 16:08:26,909 - shared_logger - ERROR - ‚ùå Max retries exceeded due to rate limits. (coinbase_api.py:543)
2025-06-23 16:08:26,913 - shared_logger - INFO - ‚úÖ One-time market data refresh complete. (market_data_manager.py:97)
2025-06-23 16:08:26,927 - shared_logger - WARNING - ‚ö†Ô∏è Rate limited (429). Retrying in 8s... (coinbase_api.py:546)
2025-06-23 16:08:26,929 - shared_logger - WARNING - ‚ö†Ô∏è Rate limited (429). Retrying in 2s... (coinbase_api.py:546)
2025-06-23 16:08:26,936 - shared_logger - WARNING - ‚ö†Ô∏è Rate limited (429). Retrying in 2s... (coinbase_api.py:546)
2025-06-23 16:08:26,945 - shared_logger - ERROR - ‚ùå Max retries exceeded due to rate limits. (coinbase_api.py:543)
2025-06-23 16:08:26,974 - shared_logger - WARNING - ‚è≥ [429] Rate Limit Exceeded:  (coinbase_api.py:125)
2025-06-23 16:08:26,974 - shared_logger - WARNING - ‚è≥ [429] Rate Limit Exceeded:  (coinbase_api.py:125)
2025-06-23 16:08:26,984 - shared_logger - WARNING - ‚è≥ [429] Rate Limit Exceeded:  (coinbase_api.py:125)
2025-06-23 16:08:27,027 - shared_logger - WARNING - ‚ö†Ô∏è Rate limited (429). Retrying in 8s... (coinbase_api.py:546)
2025-06-23 16:08:27,622 - shared_logger - INFO - ‚úÖ set_order_management updated with 1 open orders (shared_data_manager.py:305)
2025-06-23 16:08:27,647 - shared_logger - INFO - ‚úÖ Trade recorded successfully: BTRST-USD buy @ 0.246 (trade_recorder.py:63)
2025-06-23 16:08:27,648 - shared_logger - INFO - ‚úÖ Trade recorded successfully: MOBILE-USD buy @ 0.000295 (trade_recorder.py:63)
2025-06-23 16:08:27,656 - shared_logger - INFO - ‚úÖ Saved passive order: BTRST-USD buy 0a1e7443-64e3-4dc8-a076-584c3790588f (shared_data_manager.py:586)
2025-06-23 16:08:27,657 - shared_logger - INFO - ‚úÖ Saved passive order: MOBILE-USD buy 33104cc5-1259-4b37-975c-7500d2a8dcf4 (shared_data_manager.py:586)
2025-06-23 16:08:27,719 - shared_logger - INFO - ‚úÖ set_order_management updated with 1 open orders (shared_data_manager.py:305)
2025-06-23 16:08:27,756 - shared_logger - INFO - ‚úÖ set_order_management updated with 2 open orders (shared_data_manager.py:305)
2025-06-23 16:08:27,789 - shared_logger - INFO - ‚úÖ set_order_management updated with 2 open orders (shared_data_manager.py:305)
2025-06-23 16:08:29,336 - shared_logger - INFO - No ticker data for symbol: S-USD (ticker_manager.py:465)
2025-06-23 16:08:29,705 - shared_logger - ERROR - Market data retrieval failed, returning empty dataset. (ticker_manager.py:97)
2025-06-23 16:08:29,717 - shared_logger - ERROR - ‚ö†Ô∏è One-time refresh failed ‚Äî no market or order data. (market_data_manager.py:91)
2025-06-23 16:08:29,951 - shared_logger - INFO - ‚úÖ Trade recorded successfully: HONEY-USD buy @ 0.0204 (trade_recorder.py:63)
2025-06-23 16:08:29,967 - shared_logger - INFO - ‚úÖ Saved passive order: HONEY-USD buy 194d23f5-f06a-4f8a-87f6-f77d219b5d26 (shared_data_manager.py:586)
2025-06-23 16:08:30,101 - shared_logger - INFO - ‚úÖ set_order_management updated with 3 open orders (shared_data_manager.py:305)
2025-06-23 16:08:30,182 - shared_logger - INFO - ‚úÖ set_order_management updated with 3 open orders (shared_data_manager.py:305)
2025-06-23 16:08:33,881 - shared_logger - INFO - ‚úÖ batch_cancel succeeded: {'results': [{'success': True, 'failure_reason': 'UNKNOWN_CANCEL_FAILURE_REASON', 'order_id': '0a1e7443-64e3-4dc8-a076-584c3790588f'}]} (coinbase_api.py:265)
2025-06-23 16:08:34,239 - shared_logger - INFO - üóëÔ∏è Deleted trade record for order_id 0a1e7443-64e3-4dc8-a076-584c3790588f (trade_recorder.py:102)
2025-06-23 16:08:34,240 - shared_logger - INFO - ‚úÖ set_order_management updated with 2 open orders (shared_data_manager.py:305)
2025-06-23 16:08:34,279 - shared_logger - WARNING - ‚ö†Ô∏è Tried to delete trade 0a1e7443-64e3-4dc8-a076-584c3790588f, but it was not found. (trade_recorder.py:105)
2025-06-23 16:08:34,281 - shared_logger - INFO - ‚úÖ set_order_management updated with 2 open orders (shared_data_manager.py:305)
2025-06-23 16:08:34,317 - shared_logger - WARNING - ‚ö†Ô∏è Tried to delete trade 0a1e7443-64e3-4dc8-a076-584c3790588f, but it was not found. (trade_recorder.py:105)
2025-06-23 16:08:34,319 - shared_logger - INFO - ‚úÖ set_order_management updated with 2 open orders (shared_data_manager.py:305)
2025-06-23 16:08:34,331 - shared_logger - INFO - ‚úÖ batch_cancel succeeded: {'results': [{'success': True, 'failure_reason': 'UNKNOWN_CANCEL_FAILURE_REASON', 'order_id': '33104cc5-1259-4b37-975c-7500d2a8dcf4'}]} (coinbase_api.py:265)
2025-06-23 16:08:34,671 - shared_logger - INFO - üóëÔ∏è Deleted trade record for order_id 33104cc5-1259-4b37-975c-7500d2a8dcf4 (trade_recorder.py:102)
2025-06-23 16:08:34,672 - shared_logger - INFO - ‚úÖ set_order_management updated with 1 open orders (shared_data_manager.py:305)
2025-06-23 16:08:34,704 - shared_logger - WARNING - ‚ö†Ô∏è Tried to delete trade 33104cc5-1259-4b37-975c-7500d2a8dcf4, but it was not found. (trade_recorder.py:105)
2025-06-23 16:08:34,706 - shared_logger - INFO - ‚úÖ set_order_management updated with 1 open orders (shared_data_manager.py:305)
2025-06-23 16:08:34,739 - shared_logger - WARNING - ‚ö†Ô∏è Tried to delete trade 33104cc5-1259-4b37-975c-7500d2a8dcf4, but it was not found. (trade_recorder.py:105)
2025-06-23 16:08:34,742 - shared_logger - INFO - ‚úÖ set_order_management updated with 1 open orders (shared_data_manager.py:305)
2025-06-23 16:08:34,797 - shared_logger - INFO - ‚úÖ batch_cancel succeeded: {'results': [{'success': True, 'failure_reason': 'UNKNOWN_CANCEL_FAILURE_REASON', 'order_id': '194d23f5-f06a-4f8a-87f6-f77d219b5d26'}]} (coinbase_api.py:265)
2025-06-23 16:08:34,831 - shared_logger - ERROR - ‚ùå Error fetching fee rates: HTTP 429 ‚Üí  (coinbase_api.py:203)
2025-06-23 16:08:34,881 - shared_logger - INFO - üóëÔ∏è Deleted trade record for order_id 194d23f5-f06a-4f8a-87f6-f77d219b5d26 (trade_recorder.py:102)
2025-06-23 16:08:34,884 - shared_logger - INFO - ‚úÖ set_order_management updated with 0 open orders (shared_data_manager.py:305)
2025-06-23 16:08:34,913 - shared_logger - WARNING - ‚ö†Ô∏è Tried to delete trade 194d23f5-f06a-4f8a-87f6-f77d219b5d26, but it was not found. (trade_recorder.py:105)
2025-06-23 16:08:34,917 - shared_logger - INFO - ‚úÖ set_order_management updated with 0 open orders (shared_data_manager.py:305)
2025-06-23 16:08:34,986 - shared_logger - ERROR - ‚ùå Max retries exceeded due to rate limits. (coinbase_api.py:543)
2025-06-23 16:08:34,992 - shared_logger - INFO - ‚úÖ One-time market data refresh complete. (market_data_manager.py:97)
2025-06-23 16:08:35,114 - shared_logger - WARNING - ‚ö†Ô∏è Tried to delete trade 194d23f5-f06a-4f8a-87f6-f77d219b5d26, but it was not found. (trade_recorder.py:105)
2025-06-23 16:08:35,116 - shared_logger - INFO - ‚úÖ set_order_management updated with 0 open orders (shared_data_manager.py:305)
2025-06-23 16:08:35,214 - shared_logger - INFO - ‚úÖ Trade recorded successfully: BNT-USD buy @ 0.5794 (trade_recorder.py:63)
2025-06-23 16:08:35,224 - shared_logger - INFO - ‚úÖ Saved passive order: BNT-USD buy ceb57c61-ffd0-442f-ab41-a1c704ac0bfe (shared_data_manager.py:586)
2025-06-23 16:08:35,360 - shared_logger - INFO - ‚úÖ set_order_management updated with 1 open orders (shared_data_manager.py:305)
2025-06-23 16:08:35,393 - shared_logger - INFO - ‚úÖ set_order_management updated with 1 open orders (shared_data_manager.py:305)
2025-06-23 16:08:35,568 - shared_logger - WARNING - ‚è≥ Rate limit hit. Sleeping for 2.30s... (ticker_manager.py:499)
2025-06-23 16:08:35,579 - shared_logger - WARNING - ‚ö†Ô∏è Rate limited (429). Retrying in 4s... (coinbase_api.py:546)
2025-06-23 16:08:35,580 - shared_logger - WARNING - ‚ö†Ô∏è Rate limited (429). Retrying in 8s... (coinbase_api.py:546)
2025-06-23 16:08:35,584 - shared_logger - ERROR - ‚ùå Max retries exceeded due to rate limits. (coinbase_api.py:543)
2025-06-23 16:08:35,590 - shared_logger - WARNING - ‚ö†Ô∏è Rate limited (429). Retrying in 8s... (coinbase_api.py:546)
2025-06-23 16:08:35,593 - shared_logger - WARNING - ‚ö†Ô∏è Rate limited (429). Retrying in 2s... (coinbase_api.py:546)
2025-06-23 16:08:35,593 - shared_logger - ERROR - ‚ùå Failed to fetch products: 429  (coinbase_api.py:397)
2025-06-23 16:08:35,606 - shared_logger - INFO - ‚úÖ One-time market data refresh complete. (market_data_manager.py:97)
2025-06-23 16:08:35,707 - shared_logger - ERROR - ‚ùå Max retries exceeded due to rate limits. (coinbase_api.py:543)
2025-06-23 16:08:35,715 - shared_logger - ERROR - ‚ùå Max retries exceeded due to rate limits. (coinbase_api.py:543)
2025-06-23 16:08:35,720 - shared_logger - ERROR - ‚ùå Max retries exceeded due to rate limits. (coinbase_api.py:543)
2025-06-23 16:08:35,720 - shared_logger - ERROR - ‚ùå Max retries exceeded due to rate limits. (coinbase_api.py:543)
2025-06-23 16:08:35,731 - shared_logger - WARNING - ‚ö†Ô∏è Rate limited (429). Retrying in 4s... (coinbase_api.py:546)
2025-06-23 16:08:35,733 - shared_logger - INFO - ‚úÖ One-time market data refresh complete. (market_data_manager.py:97)
2025-06-23 16:08:35,737 - shared_logger - INFO - ‚úÖ One-time market data refresh complete. (market_data_manager.py:97)
2025-06-23 16:08:35,739 - shared_logger - INFO - ‚úÖ One-time market data refresh complete. (market_data_manager.py:97)
2025-06-23 16:08:35,742 - shared_logger - INFO - ‚úÖ One-time market data refresh complete. (market_data_manager.py:97)
2025-06-23 16:08:35,745 - shared_logger - WARNING - ‚è≥ [429] Rate Limit Exceeded:  (coinbase_api.py:125)
2025-06-23 16:08:35,753 - shared_logger - WARNING - ‚ö†Ô∏è Rate limited (429). Retrying in 4s... (coinbase_api.py:546)
2025-06-23 16:08:35,865 - shared_logger - WARNING - ‚è≥ [429] Rate Limit Exceeded:  (coinbase_api.py:125)
2025-06-23 16:08:35,869 - shared_logger - WARNING - ‚è≥ [429] Rate Limit Exceeded:  (coinbase_api.py:125)
2025-06-23 16:08:35,886 - shared_logger - WARNING - ‚è≥ [429] Rate Limit Exceeded:  (coinbase_api.py:125)
2025-06-23 16:08:35,905 - shared_logger - ERROR - ‚ùå Error fetching fee rates: HTTP 429 ‚Üí  (coinbase_api.py:203)
2025-06-23 16:08:35,964 - shared_logger - WARNING - ‚ö†Ô∏è Rate limited (429). Retrying in 8s... (coinbase_api.py:546)
2025-06-23 16:08:38,240 - shared_logger - ERROR - Market data retrieval failed, returning empty dataset. (ticker_manager.py:97)
2025-06-23 16:08:38,250 - shared_logger - ERROR - ‚ö†Ô∏è One-time refresh failed ‚Äî no market or order data. (market_data_manager.py:91)
2025-06-23 16:08:38,253 - shared_logger - INFO - ‚úÖ set_order_management updated with 0 open orders (shared_data_manager.py:305)
2025-06-23 16:08:40,527 - shared_logger - INFO - No ticker data for symbol: S-USD (ticker_manager.py:465)
2025-06-23 16:08:41,077 - shared_logger - INFO - ‚úÖ batch_cancel succeeded: {'results': [{'success': False, 'failure_reason': 'UNKNOWN_CANCEL_ORDER', 'order_id': '0a1e7443-64e3-4dc8-a076-584c3790588f'}]} (coinbase_api.py:265)
2025-06-23 16:08:41,534 - shared_logger - INFO - ‚úÖ batch_cancel succeeded: {'results': [{'success': False, 'failure_reason': 'UNKNOWN_CANCEL_ORDER', 'order_id': '33104cc5-1259-4b37-975c-7500d2a8dcf4'}]} (coinbase_api.py:265)
2025-06-23 16:08:42,000 - shared_logger - INFO - ‚úÖ batch_cancel succeeded: {'results': [{'success': False, 'failure_reason': 'UNKNOWN_CANCEL_ORDER', 'order_id': '194d23f5-f06a-4f8a-87f6-f77d219b5d26'}]} (coinbase_api.py:265)
2025-06-23 16:08:42,313 - shared_logger - INFO - üü° No OHLCV data for PYR-USD (market inactivity) (coinbase_api.py:470)
2025-06-23 16:08:44,875 - shared_logger - INFO - No ticker data for symbol: S-USD (ticker_manager.py:465)
2025-06-23 16:08:45,798 - shared_logger - WARNING - ‚ö†Ô∏è Rate limited (429). Retrying in 2s... (coinbase_api.py:546)
2025-06-23 16:08:45,902 - shared_logger - WARNING - ‚ö†Ô∏è Rate limited (429). Retrying in 4s... (coinbase_api.py:546)
2025-06-23 16:08:45,943 - shared_logger - ERROR - ‚ùå Max retries exceeded due to rate limits. (coinbase_api.py:543)
2025-06-23 16:08:45,956 - shared_logger - WARNING - ‚ö†Ô∏è Rate limited (429). Retrying in 8s... (coinbase_api.py:546)
2025-06-23 16:08:45,961 - shared_logger - INFO - ‚úÖ One-time market data refresh complete. (market_data_manager.py:97)
2025-06-23 16:08:45,968 - shared_logger - ERROR - ‚ùå Max retries exceeded due to rate limits. (coinbase_api.py:543)
2025-06-23 16:08:45,978 - shared_logger - INFO - ‚úÖ One-time market data refresh complete. (market_data_manager.py:97)
2025-06-23 16:08:45,980 - shared_logger - WARNING - ‚ö†Ô∏è safe_convert: Could not convert value=590.1699999999999590727384202182292938232421875 with decimal_places=8: [<class 'decimal.InvalidOperation'>] (precision.py:54)
2025-06-23 16:08:46,232 - shared_logger - INFO - ‚úÖ Trade recorded successfully: MUSE-USD buy @ 7.685 (trade_recorder.py:63)
2025-06-23 16:08:46,241 - shared_logger - INFO - ‚úÖ Saved passive order: MUSE-USD buy 67618ba6-3e24-4384-b5b3-8d0af4372649 (shared_data_manager.py:586)
2025-06-23 16:08:47,772 - shared_logger - INFO - ‚úÖ batch_cancel succeeded: {'results': [{'success': False, 'failure_reason': 'UNKNOWN_CANCEL_ORDER', 'order_id': '0a1e7443-64e3-4dc8-a076-584c3790588f'}]} (coinbase_api.py:265)
2025-06-23 16:08:48,224 - shared_logger - INFO - ‚úÖ batch_cancel succeeded: {'results': [{'success': False, 'failure_reason': 'UNKNOWN_CANCEL_ORDER', 'order_id': '33104cc5-1259-4b37-975c-7500d2a8dcf4'}]} (coinbase_api.py:265)
2025-06-23 16:08:48,538 - shared_logger - INFO - üü° No OHLCV data for BLAST-USD (market inactivity) (coinbase_api.py:470)
2025-06-23 16:08:49,097 - shared_logger - INFO - ‚úÖ batch_cancel succeeded: {'results': [{'success': False, 'failure_reason': 'UNKNOWN_CANCEL_ORDER', 'order_id': '194d23f5-f06a-4f8a-87f6-f77d219b5d26'}]} (coinbase_api.py:265)
2025-06-23 16:08:51,385 - shared_logger - INFO - No ticker data for symbol: S-USD (ticker_manager.py:465)
2025-06-23 16:08:51,437 - shared_logger - INFO - ‚úÖ batch_cancel succeeded: {'results': [{'success': False, 'failure_reason': 'UNKNOWN_CANCEL_ORDER', 'order_id': '67618ba6-3e24-4384-b5b3-8d0af4372649'}]} (coinbase_api.py:265)
2025-06-23 16:08:51,661 - shared_logger - INFO - üü° No OHLCV data for MDT-USD (market inactivity) (coinbase_api.py:470)
2025-06-23 16:08:54,000 - shared_logger - INFO - No ticker data for symbol: S-USD (ticker_manager.py:465)
2025-06-23 16:08:54,957 - shared_logger - INFO - üü° No OHLCV data for QI-USD (market inactivity) (coinbase_api.py:470)
2025-06-23 16:08:57,064 - shared_logger - INFO - No ticker data for symbol: S-USD (ticker_manager.py:465)
2025-06-23 16:08:58,789 - shared_logger - INFO - No ticker data for symbol: S-USD (ticker_manager.py:465)
2025-06-23 16:08:58,836 - shared_logger - INFO - üü° No OHLCV data for NMR-USD (market inactivity) (coinbase_api.py:470)
2025-06-23 16:08:58,837 - shared_logger - INFO - ‚úÖ batch_cancel succeeded: {'results': [{'success': False, 'failure_reason': 'UNKNOWN_CANCEL_ORDER', 'order_id': '0a1e7443-64e3-4dc8-a076-584c3790588f'}]} (coinbase_api.py:265)
2025-06-23 16:08:59,463 - shared_logger - INFO - ‚úÖ batch_cancel succeeded: {'results': [{'success': False, 'failure_reason': 'UNKNOWN_CANCEL_ORDER', 'order_id': '33104cc5-1259-4b37-975c-7500d2a8dcf4'}]} (coinbase_api.py:265)
2025-06-23 16:09:00,125 - shared_logger - INFO - ‚úÖ batch_cancel succeeded: {'results': [{'success': False, 'failure_reason': 'UNKNOWN_CANCEL_ORDER', 'order_id': '194d23f5-f06a-4f8a-87f6-f77d219b5d26'}]} (coinbase_api.py:265)
2025-06-23 16:09:00,763 - shared_logger - WARNING - ‚ö†Ô∏è Rate limited (429). Retrying in 2s... (coinbase_api.py:546)
2025-06-23 16:09:00,781 - shared_logger - ERROR - ‚ùå Max retries exceeded due to rate limits. (coinbase_api.py:543)
2025-06-23 16:09:00,817 - shared_logger - INFO - ‚úÖ One-time market data refresh complete. (market_data_manager.py:97)
2025-06-23 16:09:00,910 - shared_logger - WARNING - ‚ö†Ô∏è Rate limited (429). Retrying in 4s... (coinbase_api.py:546)
2025-06-23 16:09:00,911 - shared_logger - WARNING - ‚ö†Ô∏è Rate limited (429). Retrying in 2s... (coinbase_api.py:546)
2025-06-23 16:09:00,913 - shared_logger - WARNING - ‚ö†Ô∏è Rate limited (429). Retrying in 8s... (coinbase_api.py:546)
2025-06-23 16:09:00,928 - shared_logger - WARNING - ‚ö†Ô∏è Rate limited (429). Retrying in 2s... (coinbase_api.py:546)
2025-06-23 16:09:00,929 - shared_logger - WARNING - ‚ö†Ô∏è Rate limited (429). Retrying in 2s... (coinbase_api.py:546)
2025-06-23 16:09:00,931 - shared_logger - ERROR - ‚ùå Max retries exceeded due to rate limits. (coinbase_api.py:543)
2025-06-23 16:09:00,944 - shared_logger - INFO - ‚úÖ One-time market data refresh complete. (market_data_manager.py:97)
2025-06-23 16:09:00,951 - shared_logger - WARNING - ‚ö†Ô∏è Rate limited (429). Retrying in 8s... (coinbase_api.py:546)
2025-06-23 16:09:00,951 - shared_logger - WARNING - ‚ö†Ô∏è Rate limited (429). Retrying in 2s... (coinbase_api.py:546)
2025-06-23 16:09:00,998 - shared_logger - WARNING - ‚ö†Ô∏è Rate limited (429). Retrying in 8s... (coinbase_api.py:546)
2025-06-23 16:09:01,000 - shared_logger - WARNING - ‚è≥ [429] Rate Limit Exceeded:  (coinbase_api.py:125)
2025-06-23 16:09:01,319 - shared_logger - INFO - ‚úÖ batch_cancel succeeded: {'results': [{'success': False, 'failure_reason': 'UNKNOWN_CANCEL_ORDER', 'order_id': '67618ba6-3e24-4384-b5b3-8d0af4372649'}]} (coinbase_api.py:265)
2025-06-23 16:09:01,356 - shared_logger - INFO - ‚úÖ Trade recorded successfully: ALICE-USD buy @ 0.366 (trade_recorder.py:63)
2025-06-23 16:09:01,361 - shared_logger - INFO - ‚úÖ Saved passive order: ALICE-USD buy 99e4c906-0523-43fb-80a4-50deb27b8a19 (shared_data_manager.py:586)
2025-06-23 16:09:03,149 - shared_logger - INFO - No ticker data for symbol: S-USD (ticker_manager.py:465)
2025-06-23 16:09:04,831 - shared_logger - INFO - üü° No OHLCV data for POND-USD (market inactivity) (coinbase_api.py:470)
2025-06-23 16:09:06,452 - shared_logger - INFO - No ticker data for symbol: S-USD (ticker_manager.py:465)
2025-06-23 16:09:07,065 - shared_logger - INFO - ‚úÖ batch_cancel succeeded: {'results': [{'success': False, 'failure_reason': 'UNKNOWN_CANCEL_ORDER', 'order_id': '0a1e7443-64e3-4dc8-a076-584c3790588f'}]} (coinbase_api.py:265)
2025-06-23 16:09:08,644 - shared_logger - INFO - No ticker data for symbol: S-USD (ticker_manager.py:465)
2025-06-23 16:09:08,684 - shared_logger - INFO - üü° No OHLCV data for KAVA-USD (market inactivity) (coinbase_api.py:470)
2025-06-23 16:09:08,692 - shared_logger - INFO - ‚úÖ batch_cancel succeeded: {'results': [{'success': False, 'failure_reason': 'UNKNOWN_CANCEL_ORDER', 'order_id': '33104cc5-1259-4b37-975c-7500d2a8dcf4'}]} (coinbase_api.py:265)
2025-06-23 16:09:09,282 - shared_logger - INFO - ‚úÖ batch_cancel succeeded: {'results': [{'success': False, 'failure_reason': 'UNKNOWN_CANCEL_ORDER', 'order_id': '194d23f5-f06a-4f8a-87f6-f77d219b5d26'}]} (coinbase_api.py:265)
2025-06-23 16:09:10,107 - shared_logger - INFO - ‚úÖ batch_cancel succeeded: {'results': [{'success': False, 'failure_reason': 'UNKNOWN_CANCEL_ORDER', 'order_id': '67618ba6-3e24-4384-b5b3-8d0af4372649'}]} (coinbase_api.py:265)
2025-06-23 16:09:10,858 - shared_logger - WARNING - ‚ö†Ô∏è Rate limited (429). Retrying in 2s... (coinbase_api.py:546)
2025-06-23 16:09:10,886 - shared_logger - WARNING - ‚ö†Ô∏è Rate limited (429). Retrying in 4s... (coinbase_api.py:546)
2025-06-23 16:09:10,903 - shared_logger - ERROR - ‚ùå Max retries exceeded due to rate limits. (coinbase_api.py:543)
2025-06-23 16:09:10,919 - shared_logger - WARNING - ‚ö†Ô∏è Rate limited (429). Retrying in 2s... (coinbase_api.py:546)
2025-06-23 16:09:10,923 - shared_logger - INFO - ‚úÖ One-time market data refresh complete. (market_data_manager.py:97)
2025-06-23 16:09:10,930 - shared_logger - ERROR - ‚ùå Max retries exceeded due to rate limits. (coinbase_api.py:543)
2025-06-23 16:09:10,930 - shared_logger - ERROR - ‚ùå Max retries exceeded due to rate limits. (coinbase_api.py:543)
2025-06-23 16:09:10,945 - shared_logger - WARNING - ‚ö†Ô∏è Rate limited (429). Retrying in 8s... (coinbase_api.py:546)
2025-06-23 16:09:10,967 - shared_logger - INFO - ‚úÖ One-time market data refresh complete. (market_data_manager.py:97)
2025-06-23 16:09:10,971 - shared_logger - WARNING - ‚ö†Ô∏è Rate limited (429). Retrying in 4s... (coinbase_api.py:546)
2025-06-23 16:09:11,166 - shared_logger - INFO - ‚úÖ Trade recorded successfully: BADGER-USD buy @ 0.94 (trade_recorder.py:63)
2025-06-23 16:09:11,172 - shared_logger - INFO - ‚úÖ Saved passive order: BADGER-USD buy 3ab352a2-09b3-476e-92a7-e437fc302a2d (shared_data_manager.py:586)
2025-06-23 16:09:13,244 - shared_logger - INFO - No ticker data for symbol: S-USD (ticker_manager.py:465)
2025-06-23 16:09:13,618 - shared_logger - INFO - üü° No OHLCV data for AURORA-USD (market inactivity) (coinbase_api.py:470)
2025-06-23 16:09:13,698 - shared_logger - INFO - üßπ Cleaning 7 stale passive orders: {'0a1e7443-64e3-4dc8-a076-584c3790588f', 'ceb57c61-ffd0-442f-ab41-a1c704ac0bfe', '99e4c906-0523-43fb-80a4-50deb27b8a19', '67618ba6-3e24-4384-b5b3-8d0af4372649', '194d23f5-f06a-4f8a-87f6-f77d219b5d26', '33104cc5-1259-4b37-975c-7500d2a8dcf4', '3ab352a2-09b3-476e-92a7-e437fc302a2d'} (shared_data_manager.py:635)
2025-06-23 16:09:14,838 - shared_logger - INFO - üü° No OHLCV data for MASK-USD (market inactivity) (coinbase_api.py:470)
2025-06-23 16:09:15,734 - shared_logger - INFO - üü° No OHLCV data for ZETA-USD (market inactivity) (coinbase_api.py:470)
2025-06-23 16:09:15,826 - shared_logger - INFO - ‚úÖ batch_cancel succeeded: {'results': [{'success': False, 'failure_reason': 'UNKNOWN_CANCEL_ORDER', 'order_id': '0a1e7443-64e3-4dc8-a076-584c3790588f'}]} (coinbase_api.py:265)
2025-06-23 16:09:17,025 - shared_logger - INFO - No ticker data for symbol: S-USD (ticker_manager.py:465)
2025-06-23 16:09:17,641 - shared_logger - INFO - ‚úÖ batch_cancel succeeded: {'results': [{'success': False, 'failure_reason': 'UNKNOWN_CANCEL_ORDER', 'order_id': '33104cc5-1259-4b37-975c-7500d2a8dcf4'}]} (coinbase_api.py:265)
2025-06-23 16:09:18,130 - shared_logger - INFO - ‚úÖ batch_cancel succeeded: {'results': [{'success': False, 'failure_reason': 'UNKNOWN_CANCEL_ORDER', 'order_id': '194d23f5-f06a-4f8a-87f6-f77d219b5d26'}]} (coinbase_api.py:265)
2025-06-23 16:09:19,301 - shared_logger - WARNING - ‚ö†Ô∏è Rate limited (429). Retrying in 8s... (coinbase_api.py:546)
2025-06-23 16:09:19,303 - shared_logger - INFO - ‚úÖ batch_cancel succeeded: {'results': [{'success': False, 'failure_reason': 'UNKNOWN_CANCEL_ORDER', 'order_id': '67618ba6-3e24-4384-b5b3-8d0af4372649'}]} (coinbase_api.py:265)
2025-06-23 16:09:19,304 - shared_logger - WARNING - ‚ö†Ô∏è Rate limited (429). Retrying in 4s... (coinbase_api.py:546)
2025-06-23 16:09:19,305 - shared_logger - WARNING - ‚ö†Ô∏è Rate limited (429). Retrying in 4s... (coinbase_api.py:546)
2025-06-23 16:09:19,309 - shared_logger - WARNING - ‚ö†Ô∏è Rate limited (429). Retrying in 4s... (coinbase_api.py:546)
2025-06-23 16:09:19,310 - shared_logger - WARNING - ‚ö†Ô∏è Rate limited (429). Retrying in 2s... (coinbase_api.py:546)
2025-06-23 16:09:19,310 - shared_logger - WARNING - ‚ö†Ô∏è Rate limited (429). Retrying in 2s... (coinbase_api.py:546)
2025-06-23 16:09:19,311 - shared_logger - WARNING - ‚ö†Ô∏è Rate limited (429). Retrying in 4s... (coinbase_api.py:546)
2025-06-23 16:09:21,287 - shared_logger - INFO - No ticker data for symbol: S-USD (ticker_manager.py:465)
2025-06-23 16:09:24,078 - shared_logger - INFO - No ticker data for symbol: S-USD (ticker_manager.py:465)
2025-06-23 16:09:24,123 - shared_logger - INFO - üü° No OHLCV data for MSOL-USD (market inactivity) (coinbase_api.py:470)
2025-06-23 16:09:25,446 - shared_logger - INFO - No ticker data for symbol: S-USD (ticker_manager.py:465)
2025-06-23 16:09:26,092 - shared_logger - INFO - ‚úÖ batch_cancel succeeded: {'results': [{'success': False, 'failure_reason': 'UNKNOWN_CANCEL_ORDER', 'order_id': '0a1e7443-64e3-4dc8-a076-584c3790588f'}]} (coinbase_api.py:265)
2025-06-23 16:09:26,556 - shared_logger - INFO - ‚úÖ batch_cancel succeeded: {'results': [{'success': False, 'failure_reason': 'UNKNOWN_CANCEL_ORDER', 'order_id': '33104cc5-1259-4b37-975c-7500d2a8dcf4'}]} (coinbase_api.py:265)
2025-06-23 16:09:26,573 - shared_logger - WARNING - ‚ö†Ô∏è Rate limited (429). Retrying in 8s... (coinbase_api.py:546)
2025-06-23 16:09:26,851 - shared_logger - WARNING - ‚ö†Ô∏è Rate limited (429). Retrying in 4s... (coinbase_api.py:546)
2025-06-23 16:09:26,867 - shared_logger - WARNING - ‚ö†Ô∏è Rate limited (429). Retrying in 8s... (coinbase_api.py:546)
2025-06-23 16:09:26,870 - shared_logger - WARNING - ‚ö†Ô∏è Rate limited (429). Retrying in 8s... (coinbase_api.py:546)
2025-06-23 16:09:26,870 - shared_logger - WARNING - ‚ö†Ô∏è Rate limited (429). Retrying in 8s... (coinbase_api.py:546)
2025-06-23 16:09:26,871 - shared_logger - WARNING - ‚ö†Ô∏è Rate limited (429). Retrying in 2s... (coinbase_api.py:546)
2025-06-23 16:09:26,976 - shared_logger - ERROR - ‚ùå batch_cancel failed: 429 -  (coinbase_api.py:261)
2025-06-23 16:09:26,985 - shared_logger - WARNING - ‚ö†Ô∏è Rate limited (429). Retrying in 4s... (coinbase_api.py:546)
2025-06-23 16:09:27,810 - shared_logger - INFO - ‚úÖ batch_cancel succeeded: {'results': [{'success': False, 'failure_reason': 'UNKNOWN_CANCEL_ORDER', 'order_id': '67618ba6-3e24-4384-b5b3-8d0af4372649'}]} (coinbase_api.py:265)
2025-06-23 16:09:29,375 - shared_logger - INFO - üü° No OHLCV data for STORJ-USD (market inactivity) (coinbase_api.py:470)
2025-06-23 16:09:31,793 - shared_logger - WARNING - ‚è≥ Rate limit hit. Sleeping for 2.72s... (ticker_manager.py:499)
2025-06-23 16:09:32,927 - shared_logger - INFO - No ticker data for symbol: S-USD (ticker_manager.py:465)
2025-06-23 16:09:34,010 - shared_logger - INFO - ‚úÖ batch_cancel succeeded: {'results': [{'success': False, 'failure_reason': 'UNKNOWN_CANCEL_ORDER', 'order_id': '0a1e7443-64e3-4dc8-a076-584c3790588f'}]} (coinbase_api.py:265)
2025-06-23 16:09:35,198 - shared_logger - INFO - No ticker data for symbol: S-USD (ticker_manager.py:465)
2025-06-23 16:09:35,889 - shared_logger - INFO - ‚úÖ batch_cancel succeeded: {'results': [{'success': False, 'failure_reason': 'UNKNOWN_CANCEL_ORDER', 'order_id': '33104cc5-1259-4b37-975c-7500d2a8dcf4'}]} (coinbase_api.py:265)
2025-06-23 16:09:36,330 - shared_logger - INFO - ‚úÖ batch_cancel succeeded: {'results': [{'success': False, 'failure_reason': 'UNKNOWN_CANCEL_ORDER', 'order_id': '194d23f5-f06a-4f8a-87f6-f77d219b5d26'}]} (coinbase_api.py:265)
2025-06-23 16:09:37,553 - shared_logger - INFO - No ticker data for symbol: S-USD (ticker_manager.py:465)
2025-06-23 16:09:38,272 - shared_logger - INFO - ‚úÖ batch_cancel succeeded: {'results': [{'success': False, 'failure_reason': 'UNKNOWN_CANCEL_ORDER', 'order_id': '67618ba6-3e24-4384-b5b3-8d0af4372649'}]} (coinbase_api.py:265)
2025-06-23 16:09:38,345 - shared_logger - WARNING - ‚ö†Ô∏è Rate limited (429). Retrying in 2s... (coinbase_api.py:546)
2025-06-23 16:09:39,114 - shared_logger - ERROR - ‚ùå Max retries exceeded due to rate limits. (coinbase_api.py:543)
2025-06-23 16:09:39,115 - shared_logger - WARNING - ‚ö†Ô∏è Rate limited (429). Retrying in 2s... (coinbase_api.py:546)
2025-06-23 16:09:39,115 - shared_logger - WARNING - ‚ö†Ô∏è Rate limited (429). Retrying in 8s... (coinbase_api.py:546)
2025-06-23 16:09:39,116 - shared_logger - WARNING - ‚ö†Ô∏è Rate limited (429). Retrying in 4s... (coinbase_api.py:546)
2025-06-23 16:09:39,117 - shared_logger - ERROR - ‚ùå Max retries exceeded due to rate limits. (coinbase_api.py:543)
2025-06-23 16:09:39,117 - shared_logger - WARNING - ‚ö†Ô∏è Rate limited (429). Retrying in 2s... (coinbase_api.py:546)
2025-06-23 16:09:39,117 - shared_logger - WARNING - ‚ö†Ô∏è Rate limited (429). Retrying in 2s... (coinbase_api.py:546)
2025-06-23 16:09:39,118 - shared_logger - WARNING - ‚ö†Ô∏è Rate limited (429). Retrying in 2s... (coinbase_api.py:546)
2025-06-23 16:09:39,119 - shared_logger - WARNING - ‚ö†Ô∏è Rate limited (429). Retrying in 8s... (coinbase_api.py:546)
2025-06-23 16:09:39,119 - shared_logger - WARNING - ‚ö†Ô∏è Rate limited (429). Retrying in 8s... (coinbase_api.py:546)
2025-06-23 16:09:39,151 - shared_logger - INFO - ‚úÖ One-time market data refresh complete. (market_data_manager.py:97)
2025-06-23 16:09:39,154 - shared_logger - INFO - ‚úÖ One-time market data refresh complete. (market_data_manager.py:97)
2025-06-23 16:09:39,156 - shared_logger - INFO - ‚úÖ set_order_management updated with 0 open orders (shared_data_manager.py:305)
2025-06-23 16:09:39,188 - shared_logger - INFO - ‚úÖ set_order_management updated with 1 open orders (shared_data_manager.py:305)
2025-06-23 16:09:39,219 - shared_logger - INFO - ‚úÖ set_order_management updated with 1 open orders (shared_data_manager.py:305)
2025-06-23 16:09:39,620 - shared_logger - INFO - ‚úÖ Trade recorded successfully: STRK-USD buy @ 0.114 (trade_recorder.py:63)
2025-06-23 16:09:39,625 - shared_logger - INFO - ‚úÖ Saved passive order: STRK-USD buy 7eb65f3e-5ec7-497e-ad7d-0d03f4388303 (shared_data_manager.py:586)
2025-06-23 16:09:41,667 - shared_logger - INFO - No ticker data for symbol: S-USD (ticker_manager.py:465)
2025-06-23 16:09:42,644 - shared_logger - WARNING - ‚ö†Ô∏è Rate limited (429). Retrying in 2s... (coinbase_api.py:546)
2025-06-23 16:09:42,658 - shared_logger - WARNING - ‚ö†Ô∏è Rate limited (429). Retrying in 2s... (coinbase_api.py:546)
2025-06-23 16:09:42,671 - shared_logger - ERROR - ‚ùå Max retries exceeded due to rate limits. (coinbase_api.py:543)
2025-06-23 16:09:42,676 - shared_logger - ERROR - ‚ùå Max retries exceeded due to rate limits. (coinbase_api.py:543)
2025-06-23 16:09:42,684 - shared_logger - INFO - ‚úÖ One-time market data refresh complete. (market_data_manager.py:97)
2025-06-23 16:09:42,689 - shared_logger - INFO - ‚úÖ One-time market data refresh complete. (market_data_manager.py:97)
2025-06-23 16:09:42,693 - shared_logger - WARNING - ‚ö†Ô∏è Rate limited (429). Retrying in 4s... (coinbase_api.py:546)
2025-06-23 16:09:43,823 - shared_logger - INFO - No ticker data for symbol: S-USD (ticker_manager.py:465)
2025-06-23 16:09:43,849 - shared_logger - ERROR - ‚ùå Max retries exceeded due to rate limits. (coinbase_api.py:543)
2025-06-23 16:09:43,852 - shared_logger - WARNING - ‚è≥ [429] Rate Limited on Best Bid/Ask:  (coinbase_api.py:365)
2025-06-23 16:09:43,853 - shared_logger - ERROR - Failed to fetch bids and asks. (ticker_manager.py:416)
2025-06-23 16:09:43,879 - shared_logger - WARNING - ‚è≥ [429] Rate Limit Exceeded:  (coinbase_api.py:125)
2025-06-23 16:09:43,880 - shared_logger - WARNING - ‚è≥ [429] Rate Limit Exceeded:  (coinbase_api.py:125)
2025-06-23 16:09:43,891 - shared_logger - INFO - ‚úÖ One-time market data refresh complete. (market_data_manager.py:97)
2025-06-23 16:09:44,455 - shared_logger - INFO - ‚úÖ Trade recorded successfully: PYR-USD buy @ 0.886 (trade_recorder.py:63)
2025-06-23 16:09:44,460 - shared_logger - INFO - ‚úÖ Saved passive order: PYR-USD buy cb499a1e-7223-4f20-bd6f-23381f21a85d (shared_data_manager.py:586)
2025-06-23 16:09:44,588 - shared_logger - INFO - ‚úÖ batch_cancel succeeded: {'results': [{'success': False, 'failure_reason': 'UNKNOWN_CANCEL_ORDER', 'order_id': '0a1e7443-64e3-4dc8-a076-584c3790588f'}]} (coinbase_api.py:265)
2025-06-23 16:09:45,300 - shared_logger - INFO - ‚úÖ batch_cancel succeeded: {'results': [{'success': False, 'failure_reason': 'UNKNOWN_CANCEL_ORDER', 'order_id': '33104cc5-1259-4b37-975c-7500d2a8dcf4'}]} (coinbase_api.py:265)
2025-06-23 16:09:45,735 - shared_logger - INFO - ‚úÖ batch_cancel succeeded: {'results': [{'success': False, 'failure_reason': 'UNKNOWN_CANCEL_ORDER', 'order_id': '194d23f5-f06a-4f8a-87f6-f77d219b5d26'}]} (coinbase_api.py:265)
2025-06-23 16:09:45,737 - shared_logger - WARNING - ‚ö†Ô∏è Rate limited (429). Retrying in 4s... (coinbase_api.py:546)
2025-06-23 16:09:45,744 - shared_logger - WARNING - ‚ö†Ô∏è Rate limited (429). Retrying in 4s... (coinbase_api.py:546)
2025-06-23 16:09:45,744 - shared_logger - WARNING - ‚è≥ [429] Rate Limited on Best Bid/Ask:  (coinbase_api.py:365)
2025-06-23 16:09:45,744 - shared_logger - ERROR - Failed to fetch bids and asks. (ticker_manager.py:416)
2025-06-23 16:09:45,772 - shared_logger - WARNING - ‚ö†Ô∏è Rate limited (429). Retrying in 4s... (coinbase_api.py:546)
2025-06-23 16:09:45,773 - shared_logger - WARNING - ‚ö†Ô∏è Rate limited (429). Retrying in 8s... (coinbase_api.py:546)
2025-06-23 16:09:45,773 - shared_logger - WARNING - ‚ö†Ô∏è Rate limited (429). Retrying in 2s... (coinbase_api.py:546)
2025-06-23 16:09:45,774 - shared_logger - WARNING - ‚ö†Ô∏è Rate limited (429). Retrying in 4s... (coinbase_api.py:546)
2025-06-23 16:09:45,807 - shared_logger - ERROR - ‚ùå Error fetching fee rates: HTTP 429 ‚Üí  (coinbase_api.py:203)
2025-06-23 16:09:46,028 - shared_logger - WARNING - ‚ö†Ô∏è Rate limited (429). Retrying in 2s... (coinbase_api.py:546)
2025-06-23 16:09:46,033 - shared_logger - WARNING - ‚ö†Ô∏è Rate limited (429). Retrying in 4s... (coinbase_api.py:546)
2025-06-23 16:09:46,034 - shared_logger - WARNING - ‚ö†Ô∏è Rate limited (429). Retrying in 4s... (coinbase_api.py:546)
2025-06-23 16:09:46,034 - shared_logger - WARNING - ‚ö†Ô∏è Rate limited (429). Retrying in 2s... (coinbase_api.py:546)
2025-06-23 16:09:46,549 - shared_logger - INFO - ‚úÖ batch_cancel succeeded: {'results': [{'success': False, 'failure_reason': 'UNKNOWN_CANCEL_ORDER', 'order_id': '67618ba6-3e24-4384-b5b3-8d0af4372649'}]} (coinbase_api.py:265)
2025-06-23 16:09:47,628 - shared_logger - INFO - üßπ Cleaning 2 stale passive orders: {'7eb65f3e-5ec7-497e-ad7d-0d03f4388303', 'cb499a1e-7223-4f20-bd6f-23381f21a85d'} (shared_data_manager.py:635)
2025-06-23 16:09:49,176 - shared_logger - ERROR - ‚ùå Error fetching fee rates: HTTP 429 ‚Üí  (coinbase_api.py:203)
2025-06-23 16:09:50,321 - shared_logger - INFO - No ticker data for symbol: S-USD (ticker_manager.py:465)
2025-06-23 16:09:51,979 - shared_logger - INFO - No ticker data for symbol: S-USD (ticker_manager.py:465)
2025-06-23 16:09:52,027 - shared_logger - WARNING - ‚ö†Ô∏è Rate limited (429). Retrying in 4s... (coinbase_api.py:546)
2025-06-23 16:09:52,028 - shared_logger - WARNING - ‚ö†Ô∏è Rate limited (429). Retrying in 8s... (coinbase_api.py:546)
2025-06-23 16:09:52,028 - shared_logger - WARNING - ‚ö†Ô∏è Rate limited (429). Retrying in 8s... (coinbase_api.py:546)
2025-06-23 16:09:52,028 - shared_logger - WARNING - ‚ö†Ô∏è Rate limited (429). Retrying in 8s... (coinbase_api.py:546)
2025-06-23 16:09:52,029 - shared_logger - ERROR - ‚ùå Error fetching fee rates: HTTP 429 ‚Üí  (coinbase_api.py:203)
2025-06-23 16:09:52,036 - shared_logger - ERROR - ‚ùå Error fetching fee rates: HTTP 429 ‚Üí  (coinbase_api.py:203)
2025-06-23 16:09:52,036 - shared_logger - ERROR - ‚ùå Error fetching fee rates: HTTP 429 ‚Üí  (coinbase_api.py:203)
2025-06-23 16:09:54,270 - shared_logger - INFO - ‚úÖ batch_cancel succeeded: {'results': [{'success': False, 'failure_reason': 'UNKNOWN_CANCEL_ORDER', 'order_id': '0a1e7443-64e3-4dc8-a076-584c3790588f'}]} (coinbase_api.py:265)
2025-06-23 16:09:55,911 - shared_logger - INFO - No ticker data for symbol: S-USD (ticker_manager.py:465)
2025-06-23 16:09:55,974 - shared_logger - ERROR - ‚ùå batch_cancel failed: 429 -  (coinbase_api.py:261)
2025-06-23 16:09:56,870 - shared_logger - WARNING - ‚ö†Ô∏è Rate limited (429). Retrying in 4s... (coinbase_api.py:546)
2025-06-23 16:09:56,871 - shared_logger - WARNING - ‚ö†Ô∏è Rate limited (429). Retrying in 8s... (coinbase_api.py:546)
2025-06-23 16:09:56,871 - shared_logger - WARNING - ‚ö†Ô∏è Rate limited (429). Retrying in 2s... (coinbase_api.py:546)
2025-06-23 16:09:56,871 - shared_logger - ERROR - ‚ùå Max retries exceeded due to rate limits. (coinbase_api.py:543)
2025-06-23 16:09:56,872 - shared_logger - ERROR - ‚ùå Max retries exceeded due to rate limits. (coinbase_api.py:543)
2025-06-23 16:09:56,872 - shared_logger - WARNING - ‚ö†Ô∏è Rate limited (429). Retrying in 8s... (coinbase_api.py:546)
2025-06-23 16:09:56,898 - shared_logger - INFO - ‚úÖ One-time market data refresh complete. (market_data_manager.py:97)
2025-06-23 16:09:56,901 - shared_logger - INFO - ‚úÖ One-time market data refresh complete. (market_data_manager.py:97)
2025-06-23 16:09:57,128 - shared_logger - ERROR - ‚ùå Max retries exceeded due to rate limits. (coinbase_api.py:543)
2025-06-23 16:09:57,131 - shared_logger - WARNING - ‚ö†Ô∏è Rate limited (429). Retrying in 2s... (coinbase_api.py:546)
2025-06-23 16:09:58,536 - shared_logger - INFO - No ticker data for symbol: S-USD (ticker_manager.py:465)
2025-06-23 16:09:58,568 - shared_logger - INFO - ‚úÖ batch_cancel succeeded: {'results': [{'success': False, 'failure_reason': 'UNKNOWN_CANCEL_ORDER', 'order_id': '67618ba6-3e24-4384-b5b3-8d0af4372649'}]} (coinbase_api.py:265)
2025-06-23 16:09:58,615 - shared_logger - INFO - ‚úÖ Trade recorded successfully: LSETH-USD buy @ 2631.32 (trade_recorder.py:63)
2025-06-23 16:09:58,615 - shared_logger - INFO - ‚úÖ Trade recorded successfully: POND-USD buy @ 0.00758 (trade_recorder.py:63)
2025-06-23 16:09:58,616 - shared_logger - INFO - ‚úÖ One-time market data refresh complete. (market_data_manager.py:97)
2025-06-23 16:09:58,624 - shared_logger - INFO - ‚úÖ Saved passive order: LSETH-USD buy 7a69a464-b1c2-42ed-b64e-63ad0f0b9074 (shared_data_manager.py:586)
2025-06-23 16:09:58,624 - shared_logger - INFO - ‚úÖ Saved passive order: POND-USD buy 956de05d-60d8-485f-973e-19cbef8b645c (shared_data_manager.py:586)
2025-06-23 16:09:59,228 - shared_logger - INFO - ‚úÖ Trade recorded successfully: BLAST-USD buy @ 0.00226 (trade_recorder.py:63)
2025-06-23 16:09:59,234 - shared_logger - INFO - ‚úÖ Saved passive order: BLAST-USD buy 32bc72a3-1eb7-4728-b87d-0a96bcee60e9 (shared_data_manager.py:586)
2025-06-23 16:09:59,864 - shared_logger - WARNING - ‚ö†Ô∏è Rate limited (429). Retrying in 8s... (coinbase_api.py:546)
2025-06-23 16:09:59,865 - shared_logger - ERROR - ‚ùå Max retries exceeded due to rate limits. (coinbase_api.py:543)
2025-06-23 16:09:59,874 - shared_logger - INFO - ‚úÖ One-time market data refresh complete. (market_data_manager.py:97)
2025-06-23 16:09:59,886 - shared_logger - WARNING - ‚ö†Ô∏è Rate limited (429). Retrying in 2s... (coinbase_api.py:546)
2025-06-23 16:09:59,909 - shared_logger - WARNING - ‚ö†Ô∏è Rate limited (429). Retrying in 4s... (coinbase_api.py:546)
2025-06-23 16:09:59,911 - shared_logger - WARNING - ‚ö†Ô∏è Rate limited (429). Retrying in 4s... (coinbase_api.py:546)
2025-06-23 16:09:59,930 - shared_logger - WARNING - ‚ö†Ô∏è Rate limited (429). Retrying in 4s... (coinbase_api.py:546)
2025-06-23 16:10:00,126 - shared_logger - INFO - ‚úÖ Trade recorded successfully: NCT-USD buy @ 0.01777 (trade_recorder.py:63)
2025-06-23 16:10:00,133 - shared_logger - INFO - ‚úÖ Saved passive order: NCT-USD buy f1f00222-bee9-49c5-b930-ac07041b9dcd (shared_data_manager.py:586)
2025-06-23 16:10:01,790 - shared_logger - INFO - No ticker data for symbol: S-USD (ticker_manager.py:465)
2025-06-23 16:10:01,825 - shared_logger - ERROR - ‚ùå Max retries exceeded due to rate limits. (coinbase_api.py:543)
2025-06-23 16:10:02,425 - shared_logger - INFO - ‚úÖ One-time market data refresh complete. (market_data_manager.py:97)
2025-06-23 16:10:02,708 - shared_logger - INFO - ‚úÖ Trade recorded successfully: MASK-USD buy @ 1.28 (trade_recorder.py:63)
2025-06-23 16:10:02,713 - shared_logger - INFO - ‚úÖ Saved passive order: MASK-USD buy b94647a8-1f14-4854-a6bc-5a36f1349047 (shared_data_manager.py:586)
2025-06-23 16:10:03,987 - shared_logger - INFO - No ticker data for symbol: S-USD (ticker_manager.py:465)
2025-06-23 16:10:04,720 - shared_logger - WARNING - ‚è≥ Rate limit hit. Sleeping for 2.02s... (ticker_manager.py:499)
2025-06-23 16:10:04,773 - shared_logger - WARNING - ‚ö†Ô∏è Rate limited (429). Retrying in 2s... (coinbase_api.py:546)
2025-06-23 16:10:04,776 - shared_logger - WARNING - ‚ö†Ô∏è Rate limited (429). Retrying in 8s... (coinbase_api.py:546)
2025-06-23 16:10:04,859 - shared_logger - WARNING - ‚ö†Ô∏è Rate limited (429). Retrying in 2s... (coinbase_api.py:546)
2025-06-23 16:10:04,874 - shared_logger - WARNING - ‚ö†Ô∏è Rate limited (429). Retrying in 2s... (coinbase_api.py:546)
2025-06-23 16:10:04,876 - shared_logger - WARNING - ‚ö†Ô∏è Rate limited (429). Retrying in 8s... (coinbase_api.py:546)
2025-06-23 16:10:04,877 - shared_logger - WARNING - ‚ö†Ô∏è Rate limited (429). Retrying in 8s... (coinbase_api.py:546)
2025-06-23 16:10:04,878 - shared_logger - WARNING - ‚ö†Ô∏è Rate limited (429). Retrying in 8s... (coinbase_api.py:546)
2025-06-23 16:10:04,881 - shared_logger - WARNING - ‚ö†Ô∏è Rate limited (429). Retrying in 8s... (coinbase_api.py:546)
2025-06-23 16:10:04,886 - shared_logger - ERROR - ‚ùå Failed to fetch products: 429  (coinbase_api.py:397)
2025-06-23 16:10:04,892 - shared_logger - ERROR - ‚ùå Max retries exceeded due to rate limits. (coinbase_api.py:543)
2025-06-23 16:10:04,897 - shared_logger - WARNING - ‚ö†Ô∏è Rate limited (429). Retrying in 4s... (coinbase_api.py:546)
2025-06-23 16:10:04,898 - shared_logger - ERROR - ‚ùå batch_cancel failed: 429 -  (coinbase_api.py:261)
2025-06-23 16:10:04,917 - shared_logger - ERROR - ‚ùå Max retries exceeded due to rate limits. (coinbase_api.py:543)
2025-06-23 16:10:04,924 - shared_logger - INFO - ‚úÖ One-time market data refresh complete. (market_data_manager.py:97)
2025-06-23 16:10:04,934 - shared_logger - ERROR - ‚ùå Error fetching fee rates: HTTP 429 ‚Üí  (coinbase_api.py:203)
2025-06-23 16:10:04,937 - shared_logger - ERROR - ‚ùå Error fetching fee rates: HTTP 429 ‚Üí  (coinbase_api.py:203)
2025-06-23 16:10:04,943 - shared_logger - ERROR - ‚ùå Error fetching fee rates: HTTP 429 ‚Üí  (coinbase_api.py:203)
2025-06-23 16:10:04,948 - shared_logger - WARNING - ‚ö†Ô∏è Rate limited (429). Retrying in 4s... (coinbase_api.py:546)
2025-06-23 16:10:05,338 - shared_logger - INFO - ‚úÖ batch_cancel succeeded: {'results': [{'success': False, 'failure_reason': 'UNKNOWN_CANCEL_ORDER', 'order_id': '33104cc5-1259-4b37-975c-7500d2a8dcf4'}]} (coinbase_api.py:265)
2025-06-23 16:10:05,521 - shared_logger - INFO - ‚úÖ batch_cancel succeeded: {'results': [{'success': False, 'failure_reason': 'UNKNOWN_CANCEL_ORDER', 'order_id': '194d23f5-f06a-4f8a-87f6-f77d219b5d26'}]} (coinbase_api.py:265)
2025-06-23 16:10:06,480 - shared_logger - INFO - ‚úÖ batch_cancel succeeded: {'results': [{'success': False, 'failure_reason': 'UNKNOWN_CANCEL_ORDER', 'order_id': '67618ba6-3e24-4384-b5b3-8d0af4372649'}]} (coinbase_api.py:265)
2025-06-23 16:10:07,688 - shared_logger - INFO - No ticker data for symbol: S-USD (ticker_manager.py:465)
2025-06-23 16:10:08,268 - shared_logger - ERROR - Market data retrieval failed, returning empty dataset. (ticker_manager.py:97)
2025-06-23 16:10:08,599 - shared_logger - ERROR - ‚ö†Ô∏è One-time refresh failed ‚Äî no market or order data. (market_data_manager.py:91)
2025-06-23 16:10:10,064 - shared_logger - WARNING - ‚ö†Ô∏è Rate limited (429). Retrying in 4s... (coinbase_api.py:546)
2025-06-23 16:10:10,065 - shared_logger - WARNING - ‚ö†Ô∏è Rate limited (429). Retrying in 2s... (coinbase_api.py:546)
2025-06-23 16:10:10,066 - shared_logger - WARNING - ‚ö†Ô∏è Rate limited (429). Retrying in 8s... (coinbase_api.py:546)
2025-06-23 16:10:10,066 - shared_logger - ERROR - ‚ùå Max retries exceeded due to rate limits. (coinbase_api.py:543)
2025-06-23 16:10:10,066 - shared_logger - WARNING - ‚ö†Ô∏è Rate limited (429). Retrying in 8s... (coinbase_api.py:546)
2025-06-23 16:10:10,086 - shared_logger - INFO - ‚úÖ One-time market data refresh complete. (market_data_manager.py:97)
2025-06-23 16:10:12,003 - shared_logger - INFO - üü° No OHLCV data for SEAM-USD (market inactivity) (coinbase_api.py:470)
2025-06-23 16:10:13,683 - shared_logger - ERROR - ‚ùå Max retries exceeded due to rate limits. (coinbase_api.py:543)
2025-06-23 16:10:13,691 - shared_logger - INFO - ‚úÖ One-time market data refresh complete. (market_data_manager.py:97)
2025-06-23 16:10:13,693 - shared_logger - INFO - ‚úÖ set_order_management updated with 0 open orders (shared_data_manager.py:305)
2025-06-23 16:10:13,698 - shared_logger - WARNING - ‚ö†Ô∏è Rate limited (429). Retrying in 4s... (coinbase_api.py:546)
2025-06-23 16:10:13,699 - shared_logger - WARNING - ‚ö†Ô∏è Rate limited (429). Retrying in 4s... (coinbase_api.py:546)
2025-06-23 16:10:13,700 - shared_logger - ERROR - ‚ùå Max retries exceeded due to rate limits. (coinbase_api.py:543)
2025-06-23 16:10:13,706 - shared_logger - ERROR - ‚ùå Max retries exceeded due to rate limits. (coinbase_api.py:543)
2025-06-23 16:10:13,718 - shared_logger - ERROR - ‚ùå Max retries exceeded due to rate limits. (coinbase_api.py:543)
2025-06-23 16:10:13,727 - shared_logger - ERROR - ‚ùå Failed to fetch product list: 429  (coinbase_api.py:431)
2025-06-23 16:10:13,732 - shared_logger - INFO - ‚úÖ One-time market data refresh complete. (market_data_manager.py:97)
2025-06-23 16:10:13,737 - shared_logger - INFO - ‚úÖ One-time market data refresh complete. (market_data_manager.py:97)
2025-06-23 16:10:13,748 - shared_logger - INFO - ‚úÖ One-time market data refresh complete. (market_data_manager.py:97)
2025-06-23 16:10:13,945 - shared_logger - WARNING - ‚è≥ Rate limit hit. Sleeping for 2.57s... (ticker_manager.py:499)
2025-06-23 16:10:13,983 - shared_logger - WARNING - ‚è≥ [429] Rate Limit Exceeded:  (coinbase_api.py:125)
2025-06-23 16:10:13,984 - shared_logger - WARNING - ‚è≥ [429] Rate Limited on Best Bid/Ask:  (coinbase_api.py:365)
2025-06-23 16:10:13,984 - shared_logger - ERROR - Failed to fetch bids and asks. (ticker_manager.py:416)
2025-06-23 16:10:14,020 - shared_logger - WARNING - ‚è≥ [429] Rate Limit Exceeded:  (coinbase_api.py:125)
2025-06-23 16:10:14,020 - shared_logger - ERROR - ‚ùå Failed to fetch products: 429  (coinbase_api.py:397)
2025-06-23 16:10:14,762 - shared_logger - ERROR - ‚ùå Max retries exceeded due to rate limits. (coinbase_api.py:543)
2025-06-23 16:10:14,769 - shared_logger - INFO - ‚úÖ One-time market data refresh complete. (market_data_manager.py:97)
2025-06-23 16:10:14,828 - shared_logger - ERROR - ‚ùå Error fetching fee rates: HTTP 429 ‚Üí  (coinbase_api.py:203)
2025-06-23 16:10:14,861 - shared_logger - WARNING - ‚è≥ [429] Rate Limited on Best Bid/Ask:  (coinbase_api.py:365)
2025-06-23 16:10:14,862 - shared_logger - ERROR - Failed to fetch bids and asks. (ticker_manager.py:416)
2025-06-23 16:10:14,908 - shared_logger - WARNING - ‚è≥ [429] Rate Limit Exceeded:  (coinbase_api.py:125)
2025-06-23 16:10:14,962 - shared_logger - WARNING - ‚ö†Ô∏è Rate limited (429). Retrying in 4s... (coinbase_api.py:546)
2025-06-23 16:10:14,975 - shared_logger - WARNING - ‚ö†Ô∏è Rate limited (429). Retrying in 8s... (coinbase_api.py:546)
2025-06-23 16:10:14,993 - shared_logger - ERROR - ‚ùå Max retries exceeded due to rate limits. (coinbase_api.py:543)
2025-06-23 16:10:15,001 - shared_logger - INFO - ‚úÖ One-time market data refresh complete. (market_data_manager.py:97)
2025-06-23 16:10:16,195 - shared_logger - INFO - ‚úÖ batch_cancel succeeded: {'results': [{'success': False, 'failure_reason': 'UNKNOWN_CANCEL_ORDER', 'order_id': 'ceb57c61-ffd0-442f-ab41-a1c704ac0bfe'}]} (coinbase_api.py:265)
2025-06-23 16:10:16,842 - shared_logger - ERROR - Market data retrieval failed, returning empty dataset. (ticker_manager.py:97)
2025-06-23 16:10:16,844 - shared_logger - INFO - ‚úÖ batch_cancel succeeded: {'results': [{'success': False, 'failure_reason': 'UNKNOWN_CANCEL_ORDER', 'order_id': '67618ba6-3e24-4384-b5b3-8d0af4372649'}]} (coinbase_api.py:265)
2025-06-23 16:10:16,864 - shared_logger - ERROR - ‚ö†Ô∏è One-time refresh failed ‚Äî no market or order data. (market_data_manager.py:91)
2025-06-23 16:10:17,408 - shared_logger - INFO - üü° No OHLCV data for PRO-USD (market inactivity) (coinbase_api.py:470)
2025-06-23 16:10:19,470 - shared_logger - INFO - üßπ Cleaning 5 stale passive orders: {'32bc72a3-1eb7-4728-b87d-0a96bcee60e9', 'b94647a8-1f14-4854-a6bc-5a36f1349047', '956de05d-60d8-485f-973e-19cbef8b645c', '7a69a464-b1c2-42ed-b64e-63ad0f0b9074', 'f1f00222-bee9-49c5-b930-ac07041b9dcd'} (shared_data_manager.py:635)
2025-06-23 16:10:21,752 - shared_logger - WARNING - ‚ö†Ô∏è Rate limited (429). Retrying in 8s... (coinbase_api.py:546)
2025-06-23 16:10:21,758 - shared_logger - ERROR - ‚ùå Max retries exceeded due to rate limits. (coinbase_api.py:543)
2025-06-23 16:10:21,769 - shared_logger - INFO - ‚úÖ One-time market data refresh complete. (market_data_manager.py:97)
2025-06-23 16:10:21,836 - shared_logger - WARNING - ‚ö†Ô∏è Rate limited (429). Retrying in 8s... (coinbase_api.py:546)
2025-06-23 16:10:21,869 - shared_logger - ERROR - ‚ùå Max retries exceeded due to rate limits. (coinbase_api.py:543)
2025-06-23 16:10:21,870 - shared_logger - WARNING - ‚ö†Ô∏è Rate limited (429). Retrying in 2s... (coinbase_api.py:546)
2025-06-23 16:10:21,884 - shared_logger - INFO - ‚úÖ One-time market data refresh complete. (market_data_manager.py:97)
2025-06-23 16:10:21,888 - shared_logger - WARNING - ‚ö†Ô∏è Rate limited (429). Retrying in 2s... (coinbase_api.py:546)
2025-06-23 16:10:21,894 - shared_logger - WARNING - ‚ö†Ô∏è Rate limited (429). Retrying in 8s... (coinbase_api.py:546)
2025-06-23 16:10:21,900 - shared_logger - ERROR - ‚ùå Max retries exceeded due to rate limits. (coinbase_api.py:543)
2025-06-23 16:10:21,912 - shared_logger - WARNING - ‚è≥ [429] Rate Limit Exceeded:  (coinbase_api.py:125)
2025-06-23 16:10:21,918 - shared_logger - INFO - ‚úÖ One-time market data refresh complete. (market_data_manager.py:97)
2025-06-23 16:10:21,921 - shared_logger - WARNING - ‚ö†Ô∏è safe_convert: Could not convert value=590.1699999999999590727384202182292938232421875 with decimal_places=8: [<class 'decimal.InvalidOperation'>] (precision.py:54)
2025-06-23 16:10:21,944 - shared_logger - WARNING - ‚ö†Ô∏è Rate limited (429). Retrying in 8s... (coinbase_api.py:546)
2025-06-23 16:10:21,993 - shared_logger - ERROR - ‚ùå Max retries exceeded due to rate limits. (coinbase_api.py:543)
2025-06-23 16:10:22,005 - shared_logger - INFO - ‚úÖ One-time market data refresh complete. (market_data_manager.py:97)
2025-06-23 16:10:23,692 - shared_logger - INFO - üü° No OHLCV data for CTSI-USD (market inactivity) (coinbase_api.py:470)
2025-06-23 16:10:24,906 - shared_logger - INFO - No ticker data for symbol: S-USD (ticker_manager.py:465)
2025-06-23 16:10:25,142 - shared_logger - INFO - ‚úÖ batch_cancel succeeded: {'results': [{'success': False, 'failure_reason': 'UNKNOWN_CANCEL_ORDER', 'order_id': '67618ba6-3e24-4384-b5b3-8d0af4372649'}]} (coinbase_api.py:265)
2025-06-23 16:10:28,265 - shared_logger - INFO - No ticker data for symbol: S-USD (ticker_manager.py:465)
2025-06-23 16:10:30,834 - shared_logger - INFO - No ticker data for symbol: S-USD (ticker_manager.py:465)
2025-06-23 16:10:31,748 - shared_logger - WARNING - ‚ö†Ô∏è Rate limited (429). Retrying in 2s... (coinbase_api.py:546)
2025-06-23 16:10:31,828 - shared_logger - WARNING - ‚ö†Ô∏è Rate limited (429). Retrying in 4s... (coinbase_api.py:546)
2025-06-23 16:10:31,829 - shared_logger - ERROR - ‚ùå Max retries exceeded due to rate limits. (coinbase_api.py:543)
2025-06-23 16:10:31,836 - shared_logger - INFO - ‚úÖ One-time market data refresh complete. (market_data_manager.py:97)
2025-06-23 16:10:31,872 - shared_logger - ERROR - ‚ùå Error fetching fee rates: HTTP 429 ‚Üí  (coinbase_api.py:203)
2025-06-23 16:10:31,888 - shared_logger - WARNING - ‚ö†Ô∏è Rate limited (429). Retrying in 4s... (coinbase_api.py:546)
2025-06-23 16:10:31,890 - shared_logger - WARNING - ‚ö†Ô∏è Rate limited (429). Retrying in 2s... (coinbase_api.py:546)
2025-06-23 16:10:31,908 - shared_logger - ERROR - ‚ùå Max retries exceeded due to rate limits. (coinbase_api.py:543)
2025-06-23 16:10:31,915 - shared_logger - INFO - ‚úÖ One-time market data refresh complete. (market_data_manager.py:97)
2025-06-23 16:10:31,926 - shared_logger - WARNING - ‚ö†Ô∏è Rate limited (429). Retrying in 2s... (coinbase_api.py:546)
2025-06-23 16:10:31,937 - shared_logger - ERROR - ‚ùå Max retries exceeded due to rate limits. (coinbase_api.py:543)
2025-06-23 16:10:31,944 - shared_logger - ERROR - ‚ùå Max retries exceeded due to rate limits. (coinbase_api.py:543)
2025-06-23 16:10:31,950 - shared_logger - INFO - ‚úÖ One-time market data refresh complete. (market_data_manager.py:97)
2025-06-23 16:10:31,956 - shared_logger - INFO - ‚úÖ One-time market data refresh complete. (market_data_manager.py:97)
2025-06-23 16:10:31,980 - shared_logger - WARNING - ‚è≥ [429] Rate Limit Exceeded:  (coinbase_api.py:125)
2025-06-23 16:10:31,981 - shared_logger - ERROR - ‚ùå Max retries exceeded due to rate limits. (coinbase_api.py:543)
2025-06-23 16:10:31,989 - shared_logger - INFO - ‚úÖ One-time market data refresh complete. (market_data_manager.py:97)
2025-06-23 16:10:32,039 - shared_logger - INFO - üü° No OHLCV data for OSMO-USD (market inactivity) (coinbase_api.py:470)
2025-06-23 16:10:32,229 - shared_logger - INFO - ‚úÖ Trade recorded successfully: BNT-USD sell @ 0.5773 (trade_recorder.py:63)
2025-06-23 16:10:33,010 - shared_logger - INFO - üü° No OHLCV data for HOPR-USD (market inactivity) (coinbase_api.py:470)
2025-06-23 16:10:34,719 - shared_logger - INFO - No ticker data for symbol: S-USD (ticker_manager.py:465)
2025-06-23 16:10:36,609 - shared_logger - INFO - No ticker data for symbol: S-USD (ticker_manager.py:465)
2025-06-23 16:10:36,639 - shared_logger - INFO - üü° No OHLCV data for POWR-USD (market inactivity) (coinbase_api.py:470)
2025-06-23 16:10:36,908 - shared_logger - INFO - ‚úÖ batch_cancel succeeded: {'results': [{'success': True, 'failure_reason': 'UNKNOWN_CANCEL_FAILURE_REASON', 'order_id': '99e4c906-0523-43fb-80a4-50deb27b8a19'}]} (coinbase_api.py:265)
2025-06-23 16:10:38,374 - shared_logger - INFO - No ticker data for symbol: S-USD (ticker_manager.py:465)
2025-06-23 16:10:40,986 - shared_logger - INFO - üü° No OHLCV data for ELA-USD (market inactivity) (coinbase_api.py:470)
2025-06-23 16:10:43,314 - shared_logger - INFO - No ticker data for symbol: S-USD (ticker_manager.py:465)
2025-06-23 16:10:43,354 - shared_logger - INFO - üü° No OHLCV data for DIMO-USD (market inactivity) (coinbase_api.py:470)
2025-06-23 16:10:44,081 - shared_logger - INFO - üü° No OHLCV data for BAND-USD (market inactivity) (coinbase_api.py:470)
2025-06-23 16:10:45,838 - shared_logger - WARNING - ‚ö†Ô∏è Rate limited (429). Retrying in 4s... (coinbase_api.py:546)
2025-06-23 16:10:45,849 - shared_logger - WARNING - ‚ö†Ô∏è Rate limited (429). Retrying in 8s... (coinbase_api.py:546)
2025-06-23 16:10:45,854 - shared_logger - WARNING - ‚ö†Ô∏è Rate limited (429). Retrying in 2s... (coinbase_api.py:546)
2025-06-23 16:10:45,856 - shared_logger - ERROR - ‚ùå batch_cancel failed: 429 -  (coinbase_api.py:261)
2025-06-23 16:10:45,877 - shared_logger - ERROR - ‚ùå Failed to fetch product list: 429  (coinbase_api.py:431)
2025-06-23 16:10:46,332 - shared_logger - INFO - üü° No OHLCV data for PLU-USD (market inactivity) (coinbase_api.py:470)
2025-06-23 16:10:50,019 - shared_logger - INFO - No ticker data for symbol: S-USD (ticker_manager.py:465)
2025-06-23 16:10:51,655 - shared_logger - INFO - üü° No OHLCV data for CAKE-USD (market inactivity) (coinbase_api.py:470)
2025-06-23 16:10:52,915 - shared_logger - WARNING - ‚ö†Ô∏è Rate limited (429). Retrying in 2s... (coinbase_api.py:546)
2025-06-23 16:10:52,925 - shared_logger - WARNING - ‚ö†Ô∏è Rate limited (429). Retrying in 8s... (coinbase_api.py:546)
2025-06-23 16:10:53,011 - shared_logger - WARNING - ‚ö†Ô∏è Rate limited (429). Retrying in 2s... (coinbase_api.py:546)
2025-06-23 16:10:56,078 - shared_logger - INFO - No ticker data for symbol: S-USD (ticker_manager.py:465)
2025-06-23 16:10:59,989 - shared_logger - WARNING - ‚ö†Ô∏è Rate limited (429). Retrying in 4s... (coinbase_api.py:546)
2025-06-23 16:11:00,503 - shared_logger - INFO - üü° No OHLCV data for WCFG-USD (market inactivity) (coinbase_api.py:470)
2025-06-23 16:11:01,999 - shared_logger - INFO - No ticker data for symbol: S-USD (ticker_manager.py:465)
2025-06-23 16:11:03,573 - shared_logger - INFO - No ticker data for symbol: S-USD (ticker_manager.py:465)
2025-06-23 16:11:04,832 - shared_logger - ERROR - ‚ùå Max retries exceeded due to rate limits. (coinbase_api.py:543)
2025-06-23 16:11:04,838 - shared_logger - WARNING - ‚ö†Ô∏è Rate limited (429). Retrying in 4s... (coinbase_api.py:546)
2025-06-23 16:11:04,840 - shared_logger - WARNING - ‚ö†Ô∏è Rate limited (429). Retrying in 2s... (coinbase_api.py:546)
2025-06-23 16:11:04,841 - shared_logger - INFO - ‚úÖ One-time market data refresh complete. (market_data_manager.py:97)
2025-06-23 16:11:04,846 - shared_logger - WARNING - ‚ö†Ô∏è Rate limited (429). Retrying in 4s... (coinbase_api.py:546)
2025-06-23 16:11:04,846 - shared_logger - WARNING - ‚ö†Ô∏è Rate limited (429). Retrying in 8s... (coinbase_api.py:546)
2025-06-23 16:11:04,851 - shared_logger - WARNING - ‚ö†Ô∏è Rate limited (429). Retrying in 2s... (coinbase_api.py:546)
2025-06-23 16:11:04,869 - shared_logger - ERROR - ‚ùå Max retries exceeded due to rate limits. (coinbase_api.py:543)
2025-06-23 16:11:04,880 - shared_logger - INFO - ‚úÖ One-time market data refresh complete. (market_data_manager.py:97)
2025-06-23 16:11:05,113 - shared_logger - WARNING - ‚è≥ [429] Rate Limit Exceeded:  (coinbase_api.py:125)
2025-06-23 16:11:07,143 - shared_logger - INFO - üü° No OHLCV data for BLUR-USD (market inactivity) (coinbase_api.py:470)
2025-06-23 16:11:09,525 - shared_logger - INFO - üü° No OHLCV data for STG-USD (market inactivity) (coinbase_api.py:470)
2025-06-23 16:11:09,897 - shared_logger - WARNING - ‚ö†Ô∏è Rate limited (429). Retrying in 2s... (coinbase_api.py:546)
2025-06-23 16:11:09,922 - shared_logger - WARNING - ‚ö†Ô∏è Rate limited (429). Retrying in 4s... (coinbase_api.py:546)
2025-06-23 16:11:09,923 - shared_logger - WARNING - ‚ö†Ô∏è Rate limited (429). Retrying in 2s... (coinbase_api.py:546)
2025-06-23 16:11:09,957 - shared_logger - WARNING - ‚ö†Ô∏è Rate limited (429). Retrying in 4s... (coinbase_api.py:546)
2025-06-23 16:11:09,985 - shared_logger - WARNING - ‚ö†Ô∏è Rate limited (429). Retrying in 8s... (coinbase_api.py:546)
2025-06-23 16:11:12,287 - shared_logger - INFO - ‚úÖ batch_cancel succeeded: {'results': [{'success': True, 'failure_reason': 'UNKNOWN_CANCEL_FAILURE_REASON', 'order_id': '7eb65f3e-5ec7-497e-ad7d-0d03f4388303'}]} (coinbase_api.py:265)
2025-06-23 16:11:14,872 - shared_logger - ERROR - ‚ùå Max retries exceeded due to rate limits. (coinbase_api.py:543)
2025-06-23 16:11:14,887 - shared_logger - WARNING - ‚ö†Ô∏è Rate limited (429). Retrying in 8s... (coinbase_api.py:546)
2025-06-23 16:11:14,890 - shared_logger - WARNING - ‚ö†Ô∏è Rate limited (429). Retrying in 8s... (coinbase_api.py:546)
2025-06-23 16:11:14,892 - shared_logger - INFO - ‚úÖ One-time market data refresh complete. (market_data_manager.py:97)
2025-06-23 16:11:14,893 - shared_logger - INFO - ‚úÖ set_order_management updated with 0 open orders (shared_data_manager.py:305)
2025-06-23 16:11:14,922 - shared_logger - WARNING - ‚ö†Ô∏è Rate limited (429). Retrying in 4s... (coinbase_api.py:546)
2025-06-23 16:11:14,941 - shared_logger - INFO - ‚úÖ set_order_management updated with 1 open orders (shared_data_manager.py:305)
2025-06-23 16:11:14,976 - shared_logger - INFO - ‚úÖ set_order_management updated with 1 open orders (shared_data_manager.py:305)
2025-06-23 16:11:14,989 - shared_logger - WARNING - ‚ö†Ô∏è Rate limited (429). Retrying in 8s... (coinbase_api.py:546)
2025-06-23 16:11:17,764 - shared_logger - INFO - üü° No OHLCV data for S-USD (market inactivity) (coinbase_api.py:470)
2025-06-23 16:11:18,300 - shared_logger - INFO - üü° No OHLCV data for C98-USD (market inactivity) (coinbase_api.py:470)
2025-06-23 16:11:19,285 - shared_logger - ERROR - ‚ùå Failed to fetch orders: HTTP 500 (coinbase_api.py:551)
2025-06-23 16:11:19,300 - shared_logger - INFO - ‚úÖ One-time market data refresh complete. (market_data_manager.py:97)
2025-06-23 16:11:19,336 - shared_logger - INFO - ‚úÖ batch_cancel succeeded: {'results': [{'success': False, 'failure_reason': 'UNKNOWN_CANCEL_ORDER', 'order_id': 'cb499a1e-7223-4f20-bd6f-23381f21a85d'}]} (coinbase_api.py:265)
2025-06-23 16:11:19,343 - shared_logger - INFO - üü° No OHLCV data for FORTH-USD (market inactivity) (coinbase_api.py:470)
2025-06-23 16:11:19,457 - shared_logger - ERROR - ÔøΩ [500] Internal Server Error: {"error":"INTERNAL","error_details":"Something went wrong","message":"Something went wrong"} (coinbase_api.py:133)
2025-06-23 16:11:23,991 - shared_logger - WARNING - ‚ö†Ô∏è Rate limited (429). Retrying in 4s... (coinbase_api.py:546)
2025-06-23 16:11:25,571 - shared_logger - INFO - No ticker data for symbol: S-USD (ticker_manager.py:465)
2025-06-23 16:11:25,600 - shared_logger - INFO - üü° No OHLCV data for ALEO-USD (market inactivity) (coinbase_api.py:470)
2025-06-23 16:11:27,289 - shared_logger - INFO - üü° No OHLCV data for CELR-USD (market inactivity) (coinbase_api.py:470)
2025-06-23 16:11:28,468 - shared_logger - INFO - No ticker data for symbol: S-USD (ticker_manager.py:465)
2025-06-23 16:11:28,693 - shared_logger - INFO - ‚úÖ No stale passive orders found. (shared_data_manager.py:631)
2025-06-23 16:11:29,947 - shared_logger - WARNING - ‚ö†Ô∏è Rate limited (429). Retrying in 2s... (coinbase_api.py:546)
2025-06-23 16:11:29,957 - shared_logger - ERROR - ‚ùå Max retries exceeded due to rate limits. (coinbase_api.py:543)
2025-06-23 16:11:29,969 - shared_logger - INFO - ‚úÖ One-time market data refresh complete. (market_data_manager.py:97)
2025-06-23 16:11:29,975 - shared_logger - WARNING - ‚ö†Ô∏è Rate limited (429). Retrying in 2s... (coinbase_api.py:546)
2025-06-23 16:11:29,993 - shared_logger - ERROR - ‚ùå Max retries exceeded due to rate limits. (coinbase_api.py:543)
2025-06-23 16:11:30,523 - shared_logger - INFO - üü° No OHLCV data for IOTX-USD (market inactivity) (coinbase_api.py:470)
2025-06-23 16:11:30,689 - shared_logger - ERROR - ‚ùå Failed to fetch orders: HTTP 500 (coinbase_api.py:551)
2025-06-23 16:11:30,701 - shared_logger - INFO - ‚úÖ One-time market data refresh complete. (market_data_manager.py:97)
2025-06-23 16:11:31,066 - shared_logger - INFO - ‚úÖ Trade recorded successfully: SKL-USD buy @ 0.0184 (trade_recorder.py:63)
2025-06-23 16:11:31,074 - shared_logger - INFO - ‚úÖ Saved passive order: SKL-USD buy 99226a84-8ebd-4577-89f0-ff1a94f22ef1 (shared_data_manager.py:586)
2025-06-23 16:11:32,390 - shared_logger - INFO - No ticker data for symbol: S-USD (ticker_manager.py:465)
2025-06-23 16:11:32,422 - shared_logger - INFO - üü° No OHLCV data for DASH-USD (market inactivity) (coinbase_api.py:470)
2025-06-23 16:11:33,597 - shared_logger - INFO - üü° No OHLCV data for FLOW-USD (market inactivity) (coinbase_api.py:470)
2025-06-23 16:11:33,952 - shared_logger - WARNING - ‚ö†Ô∏è Rate limited (429). Retrying in 8s... (coinbase_api.py:546)
2025-06-23 16:11:33,953 - shared_logger - ERROR - ‚ùå Max retries exceeded due to rate limits. (coinbase_api.py:543)
2025-06-23 16:11:33,966 - shared_logger - INFO - ‚úÖ One-time market data refresh complete. (market_data_manager.py:97)
2025-06-23 16:11:33,970 - shared_logger - WARNING - ‚ö†Ô∏è Rate limited (429). Retrying in 4s... (coinbase_api.py:546)
2025-06-23 16:11:33,979 - shared_logger - WARNING - ‚ö†Ô∏è Rate limited (429). Retrying in 8s... (coinbase_api.py:546)
2025-06-23 16:11:33,988 - shared_logger - WARNING - ‚ö†Ô∏è Rate limited (429). Retrying in 4s... (coinbase_api.py:546)
2025-06-23 16:11:35,198 - shared_logger - INFO - No ticker data for symbol: S-USD (ticker_manager.py:465)
2025-06-23 16:11:35,245 - shared_logger - INFO - ‚úÖ Trade recorded successfully: ELA-USD buy @ 1.315 (trade_recorder.py:63)
2025-06-23 16:11:35,250 - shared_logger - INFO - ‚úÖ Saved passive order: ELA-USD buy 8d6a3f29-9bef-4a09-896f-f1b88d7bec04 (shared_data_manager.py:586)
2025-06-23 16:11:35,490 - shared_logger - INFO - ‚úÖ batch_cancel succeeded: {'results': [{'success': False, 'failure_reason': 'UNKNOWN_CANCEL_ORDER', 'order_id': '7a69a464-b1c2-42ed-b64e-63ad0f0b9074'}]} (coinbase_api.py:265)
2025-06-23 16:11:35,658 - shared_logger - INFO - ‚úÖ batch_cancel succeeded: {'results': [{'success': True, 'failure_reason': 'UNKNOWN_CANCEL_FAILURE_REASON', 'order_id': '956de05d-60d8-485f-973e-19cbef8b645c'}]} (coinbase_api.py:265)
2025-06-23 16:11:35,864 - shared_logger - INFO - ‚úÖ batch_cancel succeeded: {'results': [{'success': True, 'failure_reason': 'UNKNOWN_CANCEL_FAILURE_REASON', 'order_id': '32bc72a3-1eb7-4728-b87d-0a96bcee60e9'}]} (coinbase_api.py:265)
2025-06-23 16:11:36,059 - shared_logger - INFO - ‚úÖ batch_cancel succeeded: {'results': [{'success': True, 'failure_reason': 'UNKNOWN_CANCEL_FAILURE_REASON', 'order_id': 'f1f00222-bee9-49c5-b930-ac07041b9dcd'}]} (coinbase_api.py:265)
2025-06-23 16:11:36,217 - shared_logger - INFO - ‚úÖ batch_cancel succeeded: {'results': [{'success': True, 'failure_reason': 'UNKNOWN_CANCEL_FAILURE_REASON', 'order_id': 'b94647a8-1f14-4854-a6bc-5a36f1349047'}]} (coinbase_api.py:265)
2025-06-23 16:11:36,624 - shared_logger - INFO - üßπ Cleaning 2 stale passive orders: {'99226a84-8ebd-4577-89f0-ff1a94f22ef1', '8d6a3f29-9bef-4a09-896f-f1b88d7bec04'} (shared_data_manager.py:635)
2025-06-23 16:11:39,556 - shared_logger - INFO - No ticker data for symbol: S-USD (ticker_manager.py:465)
2025-06-23 16:11:42,494 - shared_logger - INFO - No ticker data for symbol: S-USD (ticker_manager.py:465)
2025-06-23 16:11:43,564 - shared_logger - INFO - üü° No OHLCV data for ASM-USD (market inactivity) (coinbase_api.py:470)
2025-06-23 16:11:44,227 - shared_logger - WARNING - ‚ö†Ô∏è Rate limited (429). Retrying in 2s... (coinbase_api.py:546)
2025-06-23 16:11:44,229 - shared_logger - WARNING - ‚ö†Ô∏è Rate limited (429). Retrying in 2s... (coinbase_api.py:546)
2025-06-23 16:11:44,230 - shared_logger - WARNING - ‚ö†Ô∏è Rate limited (429). Retrying in 2s... (coinbase_api.py:546)
2025-06-23 16:11:44,231 - shared_logger - WARNING - ‚ö†Ô∏è Rate limited (429). Retrying in 2s... (coinbase_api.py:546)
2025-06-23 16:11:44,231 - shared_logger - ERROR - ‚ùå Max retries exceeded due to rate limits. (coinbase_api.py:543)
2025-06-23 16:11:44,232 - shared_logger - WARNING - ‚ö†Ô∏è Rate limited (429). Retrying in 8s... (coinbase_api.py:546)
2025-06-23 16:11:44,288 - shared_logger - INFO - ‚úÖ One-time market data refresh complete. (market_data_manager.py:97)
2025-06-23 16:11:44,549 - shared_logger - INFO - ‚úÖ Trade recorded successfully: STRK-USD buy @ 0.114 (trade_recorder.py:63)
2025-06-23 16:11:44,554 - shared_logger - INFO - üü° No OHLCV data for SUKU-USD (market inactivity) (coinbase_api.py:470)
2025-06-23 16:11:44,563 - shared_logger - INFO - ‚úÖ Saved passive order: STRK-USD buy 768c21ed-3708-4beb-b5d2-9c39ec3e9acc (shared_data_manager.py:586)
2025-06-23 16:11:46,019 - shared_logger - INFO - No ticker data for symbol: S-USD (ticker_manager.py:465)
2025-06-23 16:11:46,644 - shared_logger - INFO - üü° No OHLCV data for ARPA-USD (market inactivity) (coinbase_api.py:470)
2025-06-23 16:11:47,820 - shared_logger - INFO - No ticker data for symbol: S-USD (ticker_manager.py:465)
2025-06-23 16:11:49,165 - shared_logger - WARNING - ‚ö†Ô∏è Rate limited (429). Retrying in 4s... (coinbase_api.py:546)
2025-06-23 16:11:49,166 - shared_logger - WARNING - ‚ö†Ô∏è Rate limited (429). Retrying in 8s... (coinbase_api.py:546)
2025-06-23 16:11:49,167 - shared_logger - WARNING - ‚ö†Ô∏è Rate limited (429). Retrying in 2s... (coinbase_api.py:546)
2025-06-23 16:11:49,168 - shared_logger - ERROR - ‚ùå Max retries exceeded due to rate limits. (coinbase_api.py:543)
2025-06-23 16:11:49,169 - shared_logger - WARNING - ‚ö†Ô∏è Rate limited (429). Retrying in 4s... (coinbase_api.py:546)
2025-06-23 16:11:49,171 - shared_logger - INFO - üü° No OHLCV data for A8-USD (market inactivity) (coinbase_api.py:470)
2025-06-23 16:11:49,211 - shared_logger - INFO - ‚úÖ One-time market data refresh complete. (market_data_manager.py:97)
2025-06-23 16:11:49,447 - shared_logger - INFO - ‚úÖ Trade recorded successfully: SHDW-USD buy @ 0.086 (trade_recorder.py:63)
2025-06-23 16:11:49,455 - shared_logger - INFO - ‚úÖ Saved passive order: SHDW-USD buy a2f499bb-e8a7-4c0e-8283-28bc7b93144e (shared_data_manager.py:586)
2025-06-23 16:11:53,363 - shared_logger - INFO - No ticker data for symbol: S-USD (ticker_manager.py:465)
2025-06-23 16:11:54,622 - shared_logger - INFO - No ticker data for symbol: S-USD (ticker_manager.py:465)
2025-06-23 16:11:55,369 - shared_logger - INFO - üü° No OHLCV data for IDEX-USD (market inactivity) (coinbase_api.py:470)
2025-06-23 16:11:56,631 - shared_logger - WARNING - ‚ö†Ô∏è Rate limited (429). Retrying in 2s... (coinbase_api.py:546)
2025-06-23 16:11:56,641 - shared_logger - WARNING - ‚ö†Ô∏è Rate limited (429). Retrying in 2s... (coinbase_api.py:546)
2025-06-23 16:11:56,643 - shared_logger - WARNING - ‚ö†Ô∏è Rate limited (429). Retrying in 8s... (coinbase_api.py:546)
2025-06-23 16:11:56,661 - shared_logger - WARNING - ‚ö†Ô∏è Rate limited (429). Retrying in 4s... (coinbase_api.py:546)
2025-06-23 16:11:56,665 - shared_logger - WARNING - ‚è≥ [429] Rate Limited on Best Bid/Ask:  (coinbase_api.py:365)
2025-06-23 16:11:56,666 - shared_logger - ERROR - Failed to fetch bids and asks. (ticker_manager.py:416)
2025-06-23 16:11:56,810 - shared_logger - ERROR - ‚ùå Max retries exceeded due to rate limits. (coinbase_api.py:543)
2025-06-23 16:11:56,822 - shared_logger - INFO - ‚úÖ One-time market data refresh complete. (market_data_manager.py:97)
2025-06-23 16:11:56,833 - shared_logger - ERROR - ‚ùå Max retries exceeded due to rate limits. (coinbase_api.py:543)
2025-06-23 16:11:56,849 - shared_logger - WARNING - ‚ö†Ô∏è Rate limited (429). Retrying in 2s... (coinbase_api.py:546)
2025-06-23 16:11:56,852 - shared_logger - INFO - ‚úÖ One-time market data refresh complete. (market_data_manager.py:97)
2025-06-23 16:11:56,855 - shared_logger - WARNING - ‚ö†Ô∏è Rate limited (429). Retrying in 4s... (coinbase_api.py:546)
2025-06-23 16:11:56,856 - shared_logger - WARNING - ‚ö†Ô∏è Rate limited (429). Retrying in 4s... (coinbase_api.py:546)
2025-06-23 16:11:56,881 - shared_logger - WARNING - ‚ö†Ô∏è Rate limited (429). Retrying in 4s... (coinbase_api.py:546)
2025-06-23 16:11:56,890 - shared_logger - WARNING - ‚ö†Ô∏è Rate limited (429). Retrying in 2s... (coinbase_api.py:546)
2025-06-23 16:11:56,899 - shared_logger - WARNING - ‚ö†Ô∏è Rate limited (429). Retrying in 8s... (coinbase_api.py:546)
2025-06-23 16:11:56,973 - shared_logger - WARNING - ‚è≥ [429] Rate Limit Exceeded:  (coinbase_api.py:125)
2025-06-23 16:11:57,136 - shared_logger - INFO - ‚úÖ Trade recorded successfully: HOPR-USD buy @ 0.0368 (trade_recorder.py:63)
2025-06-23 16:11:57,141 - shared_logger - INFO - ‚úÖ Saved passive order: HOPR-USD buy 48af8279-eebf-49f9-8f40-63c808bb6e4f (shared_data_manager.py:586)
2025-06-23 16:11:57,758 - shared_logger - INFO - üü° No OHLCV data for COW-USD (market inactivity) (coinbase_api.py:470)
2025-06-23 16:12:02,059 - shared_logger - INFO - No ticker data for symbol: S-USD (ticker_manager.py:465)
2025-06-23 16:12:04,262 - shared_logger - WARNING - ‚ö†Ô∏è Rate limited (429). Retrying in 8s... (coinbase_api.py:546)
2025-06-23 16:12:04,263 - shared_logger - ERROR - ‚ùå Max retries exceeded due to rate limits. (coinbase_api.py:543)
2025-06-23 16:12:04,264 - shared_logger - ERROR - ‚ùå Error fetching fee rates: HTTP 429 ‚Üí  (coinbase_api.py:203)
2025-06-23 16:12:04,265 - shared_logger - WARNING - ‚ö†Ô∏è Rate limited (429). Retrying in 4s... (coinbase_api.py:546)
2025-06-23 16:12:04,297 - shared_logger - INFO - ‚úÖ One-time market data refresh complete. (market_data_manager.py:97)
2025-06-23 16:12:04,587 - shared_logger - INFO - ‚úÖ Trade recorded successfully: MATH-USD buy @ 0.0919 (trade_recorder.py:63)
2025-06-23 16:12:04,592 - shared_logger - INFO - ‚úÖ Saved passive order: MATH-USD buy fb836cf3-6037-49d6-a835-4275c6828c96 (shared_data_manager.py:586)
2025-06-23 16:12:06,811 - shared_logger - INFO - No ticker data for symbol: S-USD (ticker_manager.py:465)
2025-06-23 16:12:06,849 - shared_logger - INFO - üü° No OHLCV data for ACS-USD (market inactivity) (coinbase_api.py:470)
2025-06-23 16:12:07,994 - shared_logger - ERROR - ‚ùå Error fetching fee rates: HTTP 429 ‚Üí  (coinbase_api.py:203)
2025-06-23 16:12:10,667 - shared_logger - INFO - No ticker data for symbol: S-USD (ticker_manager.py:465)
2025-06-23 16:12:10,708 - shared_logger - WARNING - ‚ö†Ô∏è Rate limited (429). Retrying in 8s... (coinbase_api.py:546)
2025-06-23 16:12:10,708 - shared_logger - WARNING - ‚ö†Ô∏è Rate limited (429). Retrying in 2s... (coinbase_api.py:546)
2025-06-23 16:12:10,709 - shared_logger - WARNING - ‚ö†Ô∏è Rate limited (429). Retrying in 8s... (coinbase_api.py:546)
2025-06-23 16:12:10,709 - shared_logger - WARNING - ‚ö†Ô∏è Rate limited (429). Retrying in 4s... (coinbase_api.py:546)
2025-06-23 16:12:13,149 - shared_logger - INFO - ‚úÖ batch_cancel succeeded: {'results': [{'success': False, 'failure_reason': 'UNKNOWN_CANCEL_ORDER', 'order_id': 'fb836cf3-6037-49d6-a835-4275c6828c96'}]} (coinbase_api.py:265)
2025-06-23 16:12:14,502 - shared_logger - INFO - No ticker data for symbol: S-USD (ticker_manager.py:465)
2025-06-23 16:12:15,883 - shared_logger - INFO - No ticker data for symbol: S-USD (ticker_manager.py:465)
2025-06-23 16:12:16,847 - shared_logger - WARNING - ‚ö†Ô∏è Rate limited (429). Retrying in 8s... (coinbase_api.py:546)
2025-06-23 16:12:16,865 - shared_logger - WARNING - ‚ö†Ô∏è Rate limited (429). Retrying in 4s... (coinbase_api.py:546)
2025-06-23 16:12:16,867 - shared_logger - WARNING - ‚ö†Ô∏è Rate limited (429). Retrying in 4s... (coinbase_api.py:546)
2025-06-23 16:12:16,867 - shared_logger - WARNING - ‚ö†Ô∏è Rate limited (429). Retrying in 2s... (coinbase_api.py:546)
2025-06-23 16:12:16,868 - shared_logger - WARNING - ‚ö†Ô∏è Rate limited (429). Retrying in 2s... (coinbase_api.py:546)
2025-06-23 16:12:16,876 - shared_logger - WARNING - ‚ö†Ô∏è Rate limited (429). Retrying in 8s... (coinbase_api.py:546)
2025-06-23 16:12:16,884 - shared_logger - WARNING - ‚ö†Ô∏è Rate limited (429). Retrying in 8s... (coinbase_api.py:546)
2025-06-23 16:12:16,890 - shared_logger - WARNING - ‚ö†Ô∏è Rate limited (429). Retrying in 4s... (coinbase_api.py:546)
2025-06-23 16:12:16,895 - shared_logger - WARNING - ‚ö†Ô∏è Rate limited (429). Retrying in 2s... (coinbase_api.py:546)
2025-06-23 16:12:16,910 - shared_logger - ERROR - ‚ùå Max retries exceeded due to rate limits. (coinbase_api.py:543)
2025-06-23 16:12:16,921 - shared_logger - INFO - ‚úÖ One-time market data refresh complete. (market_data_manager.py:97)
2025-06-23 16:12:16,931 - shared_logger - ERROR - ‚ùå Max retries exceeded due to rate limits. (coinbase_api.py:543)
2025-06-23 16:12:16,939 - shared_logger - INFO - ‚úÖ One-time market data refresh complete. (market_data_manager.py:97)
2025-06-23 16:12:18,694 - shared_logger - INFO - No ticker data for symbol: S-USD (ticker_manager.py:465)
2025-06-23 16:12:18,785 - shared_logger - INFO - ‚úÖ Trade recorded successfully: ALEO-USD buy @ 0.203 (trade_recorder.py:63)
2025-06-23 16:12:18,785 - shared_logger - INFO - ‚úÖ Trade recorded successfully: BAL-USD buy @ 0.9752 (trade_recorder.py:63)
2025-06-23 16:12:18,792 - shared_logger - INFO - ‚úÖ Saved passive order: ALEO-USD buy b99efeae-f6b5-411b-b4cc-8ce2221e8631 (shared_data_manager.py:586)
2025-06-23 16:12:18,793 - shared_logger - INFO - ‚úÖ Saved passive order: BAL-USD buy 3c102b9a-3919-4bfd-8472-d924adbe4591 (shared_data_manager.py:586)
2025-06-23 16:12:19,325 - shared_logger - INFO - üü° No OHLCV data for INDEX-USD (market inactivity) (coinbase_api.py:470)
2025-06-23 16:12:20,460 - shared_logger - INFO - No ticker data for symbol: S-USD (ticker_manager.py:465)
2025-06-23 16:12:21,605 - shared_logger - INFO - No ticker data for symbol: S-USD (ticker_manager.py:465)
2025-06-23 16:12:24,260 - shared_logger - INFO - No ticker data for symbol: S-USD (ticker_manager.py:465)
2025-06-23 16:12:24,750 - shared_logger - INFO - ‚úÖ batch_cancel succeeded: {'results': [{'success': False, 'failure_reason': 'UNKNOWN_CANCEL_ORDER', 'order_id': 'fb836cf3-6037-49d6-a835-4275c6828c96'}]} (coinbase_api.py:265)
