2025-05-16 05:56:11,625 - shared_logger - INFO - üî∏Email alerts are DISABLED via EMAIL_ALERTS=False. (alert_system.py:31)
2025-05-16 05:56:11,756 - shared_logger - INFO - Database connected successfully. (database_session_manager.py:102)
2025-05-16 05:56:11,756 - shared_logger - INFO - DatabaseSessionManager initialized and connected to the database. (database_session_manager.py:112)
2025-05-16 05:56:11,801 - shared_logger - INFO - ‚úÖ Database schema initialized (tables created if they didn't exist). (database_session_manager.py:60)
2025-05-16 05:56:11,820 - shared_logger - INFO - üîπ CoinBaseAPI  initialzed debug. (coinbase_api.py:30)
2025-05-16 05:56:11,820 - shared_logger - INFO - üî∏Email alerts are DISABLED via EMAIL_ALERTS=False. (alert_system.py:31)
2025-05-16 05:56:11,820 - shared_logger - INFO - üî∏Email alerts are DISABLED via EMAIL_ALERTS=False. (alert_system.py:31)
2025-05-16 05:56:11,822 - shared_logger - INFO - üî∏Email alerts are DISABLED via EMAIL_ALERTS=False. (alert_system.py:31)
2025-05-16 05:56:11,836 - shared_logger - INFO - ‚úÖ Startup snapshot loaded from database. (shared_data_manager.py:135)
2025-05-16 05:56:24,709 - shared_logger - INFO - Starting to save shared data... (shared_data_manager.py:275)
2025-05-16 05:56:41,244 - shared_logger - INFO - Insufficient balance for create_order. Cannot place order. (api_manager.py:154)
2025-05-16 05:56:47,720 - shared_logger - INFO - Insufficient balance for create_order. Cannot place order. (api_manager.py:154)
2025-05-16 05:56:57,281 - shared_logger - INFO - Insufficient balance for create_order. Cannot place order. (api_manager.py:154)
2025-05-16 05:57:30,812 - shared_logger - INFO - Starting to save shared data... (shared_data_manager.py:275)
2025-05-16 05:57:37,016 - shared_logger - WARNING - ‚ö†Ô∏è No new OHLCV data for RARI-USD (ohlcv_manager.py:85)
2025-05-16 05:57:39,675 - shared_logger - WARNING - ‚ö†Ô∏è No new OHLCV data for RARI-USD (ohlcv_manager.py:85)
2025-05-16 05:57:42,252 - shared_logger - WARNING - ‚ö†Ô∏è No new OHLCV data for STG-USD (ohlcv_manager.py:85)
2025-05-16 05:57:44,849 - shared_logger - WARNING - ‚ö†Ô∏è No new OHLCV data for STG-USD (ohlcv_manager.py:85)
2025-05-16 05:57:47,424 - shared_logger - WARNING - ‚ö†Ô∏è No new OHLCV data for ALEPH-USD (ohlcv_manager.py:85)
2025-05-16 05:57:50,023 - shared_logger - WARNING - ‚ö†Ô∏è No new OHLCV data for ALEPH-USD (ohlcv_manager.py:85)
2025-05-16 05:57:55,918 - shared_logger - ERROR - ‚ùå Exception in get_fee_rates(): 'NoneType' object has no attribute 'connect' (coinbase_api.py:153)
Traceback (most recent call last):
  File "/Users/jack/Python_Projects/BotTrader/Api_manager/coinbase_api.py", line 137, in get_fee_rates
    async with self.session.get(url, headers=headers) as response:
  File "/opt/anaconda3/envs/TradeBot/lib/python3.10/site-packages/aiohttp/client.py", line 1360, in __aenter__
    self._resp: _RetType = await self._coro
  File "/opt/anaconda3/envs/TradeBot/lib/python3.10/site-packages/aiohttp/client.py", line 663, in _request
    conn = await self._connector.connect(
AttributeError: 'NoneType' object has no attribute 'connect'
2025-05-16 05:57:57,809 - shared_logger - WARNING - ‚ö†Ô∏è No new OHLCV data for VARA-USD (ohlcv_manager.py:85)
2025-05-16 05:58:01,413 - shared_logger - INFO - üî∏Email alerts are DISABLED via EMAIL_ALERTS=False. (alert_system.py:31)
2025-05-16 05:58:01,508 - shared_logger - INFO - Database connected successfully. (database_session_manager.py:102)
2025-05-16 05:58:01,508 - shared_logger - INFO - DatabaseSessionManager initialized and connected to the database. (database_session_manager.py:112)
2025-05-16 05:58:01,545 - shared_logger - INFO - ‚úÖ Database schema initialized (tables created if they didn't exist). (database_session_manager.py:60)
2025-05-16 05:58:01,555 - shared_logger - INFO - üîπ CoinBaseAPI  initialzed debug. (coinbase_api.py:30)
2025-05-16 05:58:01,556 - shared_logger - INFO - üî∏Email alerts are DISABLED via EMAIL_ALERTS=False. (alert_system.py:31)
2025-05-16 05:58:01,556 - shared_logger - INFO - üî∏Email alerts are DISABLED via EMAIL_ALERTS=False. (alert_system.py:31)
2025-05-16 05:58:01,557 - shared_logger - INFO - üî∏Email alerts are DISABLED via EMAIL_ALERTS=False. (alert_system.py:31)
2025-05-16 05:58:01,568 - shared_logger - INFO - ‚úÖ Startup snapshot loaded from database. (shared_data_manager.py:135)
2025-05-16 05:58:16,547 - shared_logger - INFO - Starting to save shared data... (shared_data_manager.py:275)
2025-05-16 05:58:26,620 - shared_logger - WARNING - ‚ö†Ô∏è No new OHLCV data for DASH-USD (ohlcv_manager.py:85)
2025-05-16 05:58:28,523 - shared_logger - INFO - Insufficient balance for create_order. Cannot place order. (api_manager.py:154)
2025-05-16 05:58:29,909 - shared_logger - WARNING - ‚ö†Ô∏è No new OHLCV data for DASH-USD (ohlcv_manager.py:85)
2025-05-16 05:58:35,489 - shared_logger - WARNING - ‚ö†Ô∏è No new OHLCV data for BTRST-USD (ohlcv_manager.py:85)
2025-05-16 05:58:36,537 - shared_logger - INFO - Insufficient balance for create_order. Cannot place order. (api_manager.py:154)
2025-05-16 05:58:40,592 - shared_logger - WARNING - ‚ö†Ô∏è No new OHLCV data for BTRST-USD (ohlcv_manager.py:85)
2025-05-16 05:58:44,529 - shared_logger - INFO - Insufficient balance for create_order. Cannot place order. (api_manager.py:154)
2025-05-16 05:58:46,204 - shared_logger - WARNING - ‚ö†Ô∏è No new OHLCV data for LQTY-USD (ohlcv_manager.py:85)
2025-05-16 05:58:48,392 - shared_logger - INFO - Insufficient balance for create_order. Cannot place order. (api_manager.py:154)
2025-05-16 05:58:48,734 - shared_logger - INFO - Insufficient balance for create_order. Cannot place order. (api_manager.py:154)
2025-05-16 06:02:47,603 - shared_logger - INFO - üî∏Email alerts are DISABLED via EMAIL_ALERTS=False. (alert_system.py:31)
2025-05-16 06:02:47,699 - shared_logger - INFO - Database connected successfully. (database_session_manager.py:102)
2025-05-16 06:02:47,699 - shared_logger - INFO - DatabaseSessionManager initialized and connected to the database. (database_session_manager.py:112)
2025-05-16 06:02:47,738 - shared_logger - INFO - ‚úÖ Database schema initialized (tables created if they didn't exist). (database_session_manager.py:60)
2025-05-16 06:02:47,749 - shared_logger - INFO - üîπ CoinBaseAPI  initialzed debug. (coinbase_api.py:30)
2025-05-16 06:02:47,749 - shared_logger - INFO - üî∏Email alerts are DISABLED via EMAIL_ALERTS=False. (alert_system.py:31)
2025-05-16 06:02:47,749 - shared_logger - INFO - üî∏Email alerts are DISABLED via EMAIL_ALERTS=False. (alert_system.py:31)
2025-05-16 06:02:47,751 - shared_logger - INFO - üî∏Email alerts are DISABLED via EMAIL_ALERTS=False. (alert_system.py:31)
2025-05-16 06:02:47,760 - shared_logger - INFO - ‚úÖ Startup snapshot loaded from database. (shared_data_manager.py:135)
2025-05-16 06:03:06,647 - shared_logger - INFO - Starting to save shared data... (shared_data_manager.py:275)
2025-05-16 06:04:47,568 - shared_logger - INFO - Insufficient balance for create_order. Cannot place order. (api_manager.py:154)
2025-05-16 06:04:51,750 - shared_logger - INFO - Starting to save shared data... (shared_data_manager.py:275)
2025-05-16 06:06:11,429 - shared_logger - INFO - Insufficient balance for create_order. Cannot place order. (api_manager.py:154)
2025-05-16 06:06:11,941 - shared_logger - INFO - Starting to save shared data... (shared_data_manager.py:275)
2025-05-16 06:06:26,642 - shared_logger - INFO - Insufficient balance for create_order. Cannot place order. (api_manager.py:154)
2025-05-16 06:06:27,949 - shared_logger - INFO - Insufficient balance for create_order. Cannot place order. (api_manager.py:154)
2025-05-16 06:06:28,969 - shared_logger - INFO - Insufficient balance for create_order. Cannot place order. (api_manager.py:154)
2025-05-16 06:06:30,038 - shared_logger - INFO - Insufficient balance for create_order. Cannot place order. (api_manager.py:154)
2025-05-16 06:06:31,673 - shared_logger - WARNING - ‚ö†Ô∏è No new OHLCV data for PYR-USD (ohlcv_manager.py:85)
2025-05-16 06:06:34,310 - shared_logger - WARNING - ‚ö†Ô∏è No new OHLCV data for PYR-USD (ohlcv_manager.py:85)
2025-05-16 06:07:03,000 - shared_logger - WARNING - ‚ö†Ô∏è No new OHLCV data for LRDS-USD (ohlcv_manager.py:85)
2025-05-16 06:07:05,490 - shared_logger - WARNING - ‚ö†Ô∏è No new OHLCV data for LRDS-USD (ohlcv_manager.py:85)
2025-05-16 06:07:13,386 - shared_logger - INFO - Starting to save shared data... (shared_data_manager.py:275)
2025-05-16 06:07:39,462 - shared_logger - INFO - Insufficient balance for create_order. Cannot place order. (api_manager.py:154)
2025-05-16 06:07:45,813 - shared_logger - INFO - Insufficient balance for create_order. Cannot place order. (api_manager.py:154)
2025-05-16 06:07:52,092 - shared_logger - INFO - Insufficient balance for create_order. Cannot place order. (api_manager.py:154)
2025-05-16 06:07:59,445 - shared_logger - WARNING - ‚ö†Ô∏è No new OHLCV data for C98-USD (ohlcv_manager.py:85)
2025-05-16 06:08:02,063 - shared_logger - WARNING - ‚ö†Ô∏è No new OHLCV data for C98-USD (ohlcv_manager.py:85)
2025-05-16 06:08:13,755 - shared_logger - INFO - Starting to save shared data... (shared_data_manager.py:275)
2025-05-16 06:08:38,768 - shared_logger - INFO - Insufficient balance for create_order. Cannot place order. (api_manager.py:154)
2025-05-16 06:09:13,887 - shared_logger - INFO - Insufficient balance for create_order. Cannot place order. (api_manager.py:154)
2025-05-16 06:09:16,510 - shared_logger - INFO - Insufficient balance for create_order. Cannot place order. (api_manager.py:154)
2025-05-16 06:09:16,550 - shared_logger - INFO - Starting to save shared data... (shared_data_manager.py:275)
2025-05-16 06:09:28,183 - shared_logger - INFO - Insufficient balance for create_order. Cannot place order. (api_manager.py:154)
2025-05-16 06:09:29,623 - shared_logger - WARNING - ‚ö†Ô∏è No new OHLCV data for VVV-USD (ohlcv_manager.py:85)
2025-05-16 06:09:34,478 - shared_logger - WARNING - ‚ö†Ô∏è No new OHLCV data for VVV-USD (ohlcv_manager.py:85)
2025-05-16 06:09:35,580 - shared_logger - INFO - Insufficient balance for create_order. Cannot place order. (api_manager.py:154)
2025-05-16 06:09:41,764 - shared_logger - INFO - Insufficient balance for create_order. Cannot place order. (api_manager.py:154)
2025-05-16 06:09:46,466 - shared_logger - WARNING - ‚ö†Ô∏è No new OHLCV data for FIS-USD (ohlcv_manager.py:85)
2025-05-16 06:09:49,588 - shared_logger - WARNING - ‚ö†Ô∏è No new OHLCV data for FIS-USD (ohlcv_manager.py:85)
2025-05-16 06:09:57,412 - shared_logger - WARNING - ‚ö†Ô∏è No new OHLCV data for L3-USD (ohlcv_manager.py:85)
2025-05-16 06:10:00,038 - shared_logger - WARNING - ‚ö†Ô∏è No new OHLCV data for L3-USD (ohlcv_manager.py:85)
2025-05-16 06:10:18,286 - shared_logger - INFO - Starting to save shared data... (shared_data_manager.py:275)
2025-05-16 06:10:26,764 - shared_logger - INFO - ‚úÖ Trade recorded successfully: BOBA-USD buy @ 0.1102 (trade_recorder.py:49)
2025-05-16 06:10:49,132 - shared_logger - WARNING - ‚ö†Ô∏è No new OHLCV data for MLN-USD (ohlcv_manager.py:85)
2025-05-16 06:10:53,046 - shared_logger - WARNING - ‚ö†Ô∏è No new OHLCV data for MLN-USD (ohlcv_manager.py:85)
2025-05-16 06:10:58,238 - shared_logger - WARNING - ‚ö†Ô∏è No new OHLCV data for BAT-USD (ohlcv_manager.py:85)
2025-05-16 06:10:59,466 - shared_logger - INFO - Insufficient balance for create_order. Cannot place order. (api_manager.py:154)
2025-05-16 06:11:01,720 - shared_logger - WARNING - ‚ö†Ô∏è No new OHLCV data for BAT-USD (ohlcv_manager.py:85)
2025-05-16 06:11:04,465 - shared_logger - WARNING - ‚ö†Ô∏è No new OHLCV data for IDEX-USD (ohlcv_manager.py:85)
2025-05-16 06:11:06,624 - shared_logger - INFO - Insufficient balance for create_order. Cannot place order. (api_manager.py:154)
2025-05-16 06:11:08,235 - shared_logger - WARNING - ‚ö†Ô∏è No new OHLCV data for IDEX-USD (ohlcv_manager.py:85)
2025-05-16 06:11:14,479 - shared_logger - INFO - Insufficient balance for create_order. Cannot place order. (api_manager.py:154)
2025-05-16 06:11:18,753 - shared_logger - INFO - Starting to save shared data... (shared_data_manager.py:275)
2025-05-16 06:11:33,363 - shared_logger - WARNING - ‚ö†Ô∏è No new OHLCV data for RPL-USD (ohlcv_manager.py:85)
2025-05-16 06:11:36,270 - shared_logger - WARNING - ‚ö†Ô∏è No new OHLCV data for RPL-USD (ohlcv_manager.py:85)
2025-05-16 06:11:46,428 - shared_logger - WARNING - ‚ö†Ô∏è No new OHLCV data for GLM-USD (ohlcv_manager.py:85)
2025-05-16 06:11:49,377 - shared_logger - WARNING - ‚ö†Ô∏è No new OHLCV data for GLM-USD (ohlcv_manager.py:85)
2025-05-16 06:11:57,129 - shared_logger - WARNING - ‚ö†Ô∏è No new OHLCV data for SKL-USD (ohlcv_manager.py:85)
2025-05-16 06:11:57,694 - shared_logger - WARNING - ‚ö†Ô∏è No new OHLCV data for LSETH-USD (ohlcv_manager.py:85)
2025-05-16 06:11:59,726 - shared_logger - WARNING - ‚ö†Ô∏è No new OHLCV data for SKL-USD (ohlcv_manager.py:85)
2025-05-16 06:12:02,339 - shared_logger - ERROR - ‚ö†Ô∏è Post-only limit buys must be priced below the lowest sell price({'trading_pair': 'BOBA/USD', 'time_order_placed': datetime.datetime(2025, 5, 16, 6, 10, 24, 893684), 'type': 'limit', 'order_id': 'fa319f95-a13d-404e-bb6a-0d5c1acc7327', 'side': 'buy', 'order_amount': Decimal('50.0000'), 'filled_price': Decimal('0'), 'base_currency': 'BOBA', 'quote_currency': 'USD', 'usd_avail_balance': Decimal('64.2400'), 'usd_balance': Decimal('164.7000'), 'base_avail_balance': Decimal('0.2'), 'total_balance_crypto': Decimal('0.2'), 'available_to_trade_crypto': Decimal('0.2'), 'base_decimal': 1, 'quote_decimal': 4, 'quote_increment': Decimal('0.0001'), 'highest_bid': Decimal('0.1102'), 'lowest_ask': Decimal('0.1111'), 'maker': Decimal('0.0015'), 'taker': Decimal('0.0025'), 'spread': Decimal('0.0009'), 'open_orders': Empty DataFrame
Columns: []
Index: [], 'status': 'VALID', 'source': 'webhook', 'trigger': 'passive_buy@0.1099', 'price': Decimal('0'), 'cost_basis': Decimal('0'), 'limit_price': Decimal('0'), 'average_price': None, 'adjusted_price': Decimal('0.1102'), 'adjusted_size': Decimal('451.2'), 'stop_loss_price': Decimal('0.1091'), 'take_profit_price': Decimal('0.1132'), 'volume_24h': None, 'parent_order_id': 'fa319f95-a13d-404e-bb6a-0d5c1acc7327'},) (api_manager.py:166)
2025-05-16 06:12:02,340 - shared_logger - ERROR - Exchange error cancel_order : coinbase {"error":"unknown","error_details":"proto:¬†(line 1:15): invalid value for string field orderIds: {","message":"proto:¬†(line 1:15): invalid value for string field orderIds: {"} (api_manager.py:168)
Traceback (most recent call last):
  File "/opt/anaconda3/envs/TradeBot/lib/python3.10/site-packages/ccxt/base/exchange.py", line 577, in fetch
    response.raise_for_status()
  File "/opt/anaconda3/envs/TradeBot/lib/python3.10/site-packages/requests/models.py", line 1024, in raise_for_status
    raise HTTPError(http_error_msg, response=self)
requests.exceptions.HTTPError: 400 Client Error: Bad Request for url: https://api.coinbase.com/api/v3/brokerage/orders/batch_cancel

During handling of the above exception, another exception occurred:

Traceback (most recent call last):
  File "/Users/jack/Python_Projects/BotTrader/Api_manager/api_manager.py", line 109, in ccxt_api_call
    response = await func(*args, **kwargs) if asyncio.iscoroutinefunction(func) else func(*args, **kwargs)
  File "/opt/anaconda3/envs/TradeBot/lib/python3.10/site-packages/ccxt/coinbase.py", line 3185, in cancel_order
    orders = self.cancel_orders([id], symbol, params)
  File "/opt/anaconda3/envs/TradeBot/lib/python3.10/site-packages/ccxt/coinbase.py", line 3206, in cancel_orders
    response = self.v3PrivatePostBrokerageOrdersBatchCancel(self.extend(request, params))
  File "/opt/anaconda3/envs/TradeBot/lib/python3.10/site-packages/ccxt/base/types.py", line 35, in unbound_method
    return _self.request(self.path, self.api, self.method, params, config=self.config)
  File "/opt/anaconda3/envs/TradeBot/lib/python3.10/site-packages/ccxt/base/exchange.py", line 4395, in request
    return self.fetch2(path, api, method, params, headers, body, config)
  File "/opt/anaconda3/envs/TradeBot/lib/python3.10/site-packages/ccxt/base/exchange.py", line 4391, in fetch2
    raise e
  File "/opt/anaconda3/envs/TradeBot/lib/python3.10/site-packages/ccxt/base/exchange.py", line 4380, in fetch2
    return self.fetch(request['url'], request['method'], request['headers'], request['body'])
  File "/opt/anaconda3/envs/TradeBot/lib/python3.10/site-packages/ccxt/base/exchange.py", line 593, in fetch
    skip_further_error_handling = self.handle_errors(http_status_code, http_status_text, url, method, headers, http_response, json_response, request_headers, request_body)
  File "/opt/anaconda3/envs/TradeBot/lib/python3.10/site-packages/ccxt/coinbase.py", line 4892, in handle_errors
    raise ExchangeError(feedback)
ccxt.base.errors.ExchangeError: coinbase {"error":"unknown","error_details":"proto:¬†(line 1:15): invalid value for string field orderIds: {","message":"proto:¬†(line 1:15): invalid value for string field orderIds: {"}
2025-05-16 06:12:02,370 - shared_logger - INFO - API call failed after all retries. cancel_order (api_manager.py:181)
NoneType: None
2025-05-16 06:12:04,842 - shared_logger - WARNING - ‚ö†Ô∏è No new OHLCV data for LSETH-USD (ohlcv_manager.py:85)
2025-05-16 06:12:20,810 - shared_logger - INFO - Starting to save shared data... (shared_data_manager.py:275)
2025-05-16 06:12:22,271 - shared_logger - WARNING - ‚ö†Ô∏è No new OHLCV data for BAND-USD (ohlcv_manager.py:85)
2025-05-16 06:12:29,985 - shared_logger - WARNING - ‚ö†Ô∏è No new OHLCV data for BAND-USD (ohlcv_manager.py:85)
2025-05-16 06:12:34,667 - shared_logger - WARNING - ‚ö†Ô∏è No new OHLCV data for MUSE-USD (ohlcv_manager.py:85)
2025-05-16 06:12:35,943 - shared_logger - ERROR - ‚ö†Ô∏è [400] Bad Request: {"error":"INVALID_ARGUMENT","error_details":"Orderbook is in limit only mode - attached orders are not allowed","message":"Orderbook is in limit only mode - attached orders are not allowed"} (coinbase_api.py:87)
2025-05-16 06:12:40,480 - shared_logger - INFO - ‚úÖ Trade recorded successfully: MUSE-USD buy @ 8.777 (trade_recorder.py:49)
2025-05-16 06:12:40,993 - shared_logger - WARNING - ‚ö†Ô∏è No new OHLCV data for MUSE-USD (ohlcv_manager.py:85)
2025-05-16 06:12:44,664 - shared_logger - INFO - Insufficient balance for create_order. Cannot place order. (api_manager.py:154)
2025-05-16 06:12:51,677 - shared_logger - INFO - Insufficient balance for create_order. Cannot place order. (api_manager.py:154)
2025-05-16 06:12:57,722 - shared_logger - INFO - Insufficient balance for create_order. Cannot place order. (api_manager.py:154)
2025-05-16 06:13:18,936 - shared_logger - WARNING - ‚ö†Ô∏è No new OHLCV data for ACS-USD (ohlcv_manager.py:85)
2025-05-16 06:13:20,939 - shared_logger - INFO - Starting to save shared data... (shared_data_manager.py:275)
2025-05-16 06:13:21,839 - shared_logger - WARNING - ‚ö†Ô∏è No new OHLCV data for ACS-USD (ohlcv_manager.py:85)
2025-05-16 06:13:32,328 - shared_logger - INFO - Insufficient balance for create_order. Cannot place order. (api_manager.py:154)
2025-05-16 06:15:31,943 - shared_logger - ERROR - ‚ö†Ô∏è Post-only limit buys must be priced below the lowest sell price({'trading_pair': 'MUSE/USD', 'time_order_placed': datetime.datetime(2025, 5, 16, 6, 12, 38, 334281), 'type': 'limit', 'order_id': 'ccdd6e57-61de-4625-b20b-bd20b01d4786', 'side': 'buy', 'order_amount': Decimal('50.000'), 'filled_price': Decimal('0'), 'base_currency': 'MUSE', 'quote_currency': 'USD', 'usd_avail_balance': Decimal('64.240'), 'usd_balance': Decimal('164.700'), 'base_avail_balance': Decimal('0.000'), 'total_balance_crypto': Decimal('0.000'), 'available_to_trade_crypto': Decimal('0.000'), 'base_decimal': 3, 'quote_decimal': 3, 'quote_increment': Decimal('0.001'), 'highest_bid': Decimal('8.777'), 'lowest_ask': Decimal('8.863'), 'maker': Decimal('0.0015'), 'taker': Decimal('0.0025'), 'spread': Decimal('0.086'), 'open_orders': Empty DataFrame
Columns: []
Index: [], 'status': 'VALID', 'source': 'webhook', 'trigger': 'passive_buy@8.742', 'price': Decimal('0'), 'cost_basis': Decimal('0'), 'limit_price': Decimal('0'), 'average_price': None, 'adjusted_price': Decimal('8.777'), 'adjusted_size': Decimal('5.650'), 'stop_loss_price': Decimal('8.689'), 'take_profit_price': Decimal('9.018'), 'volume_24h': None, 'parent_order_id': 'ccdd6e57-61de-4625-b20b-bd20b01d4786'},) (api_manager.py:166)
2025-05-16 06:15:31,944 - shared_logger - ERROR - Exchange error cancel_order : coinbase {"error":"unknown","error_details":"proto:¬†(line 1:15): invalid value for string field orderIds: {","message":"proto:¬†(line 1:15): invalid value for string field orderIds: {"} (api_manager.py:168)
Traceback (most recent call last):
  File "/opt/anaconda3/envs/TradeBot/lib/python3.10/site-packages/ccxt/base/exchange.py", line 577, in fetch
    response.raise_for_status()
  File "/opt/anaconda3/envs/TradeBot/lib/python3.10/site-packages/requests/models.py", line 1024, in raise_for_status
    raise HTTPError(http_error_msg, response=self)
requests.exceptions.HTTPError: 400 Client Error: Bad Request for url: https://api.coinbase.com/api/v3/brokerage/orders/batch_cancel

During handling of the above exception, another exception occurred:

Traceback (most recent call last):
  File "/Users/jack/Python_Projects/BotTrader/Api_manager/api_manager.py", line 109, in ccxt_api_call
    response = await func(*args, **kwargs) if asyncio.iscoroutinefunction(func) else func(*args, **kwargs)
  File "/opt/anaconda3/envs/TradeBot/lib/python3.10/site-packages/ccxt/coinbase.py", line 3185, in cancel_order
    orders = self.cancel_orders([id], symbol, params)
  File "/opt/anaconda3/envs/TradeBot/lib/python3.10/site-packages/ccxt/coinbase.py", line 3206, in cancel_orders
    response = self.v3PrivatePostBrokerageOrdersBatchCancel(self.extend(request, params))
  File "/opt/anaconda3/envs/TradeBot/lib/python3.10/site-packages/ccxt/base/types.py", line 35, in unbound_method
    return _self.request(self.path, self.api, self.method, params, config=self.config)
  File "/opt/anaconda3/envs/TradeBot/lib/python3.10/site-packages/ccxt/base/exchange.py", line 4395, in request
    return self.fetch2(path, api, method, params, headers, body, config)
  File "/opt/anaconda3/envs/TradeBot/lib/python3.10/site-packages/ccxt/base/exchange.py", line 4391, in fetch2
    raise e
  File "/opt/anaconda3/envs/TradeBot/lib/python3.10/site-packages/ccxt/base/exchange.py", line 4380, in fetch2
    return self.fetch(request['url'], request['method'], request['headers'], request['body'])
  File "/opt/anaconda3/envs/TradeBot/lib/python3.10/site-packages/ccxt/base/exchange.py", line 593, in fetch
    skip_further_error_handling = self.handle_errors(http_status_code, http_status_text, url, method, headers, http_response, json_response, request_headers, request_body)
  File "/opt/anaconda3/envs/TradeBot/lib/python3.10/site-packages/ccxt/coinbase.py", line 4892, in handle_errors
    raise ExchangeError(feedback)
ccxt.base.errors.ExchangeError: coinbase {"error":"unknown","error_details":"proto:¬†(line 1:15): invalid value for string field orderIds: {","message":"proto:¬†(line 1:15): invalid value for string field orderIds: {"}
2025-05-16 06:15:31,946 - shared_logger - INFO - API call failed after all retries. cancel_order (api_manager.py:181)
NoneType: None
2025-05-16 06:15:31,987 - shared_logger - INFO - Starting to save shared data... (shared_data_manager.py:275)
2025-05-16 06:15:38,832 - shared_logger - INFO - Insufficient balance for create_order. Cannot place order. (api_manager.py:154)
2025-05-16 06:15:39,637 - shared_logger - INFO - Insufficient balance for create_order. Cannot place order. (api_manager.py:154)
2025-05-16 06:15:52,278 - shared_logger - INFO - Insufficient balance for create_order. Cannot place order. (api_manager.py:154)
2025-05-16 06:15:55,607 - shared_logger - WARNING - ‚ö†Ô∏è No new OHLCV data for AGLD-USD (ohlcv_manager.py:85)
2025-05-16 06:16:00,069 - shared_logger - INFO - Insufficient balance for create_order. Cannot place order. (api_manager.py:154)
2025-05-16 06:16:00,586 - shared_logger - WARNING - ‚ö†Ô∏è No new OHLCV data for AGLD-USD (ohlcv_manager.py:85)
2025-05-16 06:16:07,921 - shared_logger - INFO - Insufficient balance for create_order. Cannot place order. (api_manager.py:154)
2025-05-16 06:16:13,233 - shared_logger - WARNING - ‚ö†Ô∏è No new OHLCV data for RED-USD (ohlcv_manager.py:85)
2025-05-16 06:16:16,316 - shared_logger - WARNING - ‚ö†Ô∏è No new OHLCV data for RED-USD (ohlcv_manager.py:85)
2025-05-16 06:16:19,360 - shared_logger - WARNING - ‚ö†Ô∏è No new OHLCV data for SUKU-USD (ohlcv_manager.py:85)
2025-05-16 06:16:22,970 - shared_logger - WARNING - ‚ö†Ô∏è No new OHLCV data for SUKU-USD (ohlcv_manager.py:85)
2025-05-16 06:16:26,064 - shared_logger - WARNING - ‚ö†Ô∏è No new OHLCV data for IDEX-USD (ohlcv_manager.py:85)
2025-05-16 06:16:28,681 - shared_logger - WARNING - ‚ö†Ô∏è No new OHLCV data for IDEX-USD (ohlcv_manager.py:85)
2025-05-16 06:16:32,235 - shared_logger - WARNING - ‚ö†Ô∏è No new OHLCV data for ASM-USD (ohlcv_manager.py:85)
2025-05-16 06:16:34,861 - shared_logger - WARNING - ‚ö†Ô∏è No new OHLCV data for ASM-USD (ohlcv_manager.py:85)
2025-05-16 06:16:34,869 - shared_logger - ERROR - ‚ö†Ô∏è [400] Bad Request: {"error":"INVALID_ARGUMENT","error_details":"Orderbook is in limit only mode - attached orders are not allowed","message":"Orderbook is in limit only mode - attached orders are not allowed"} (coinbase_api.py:87)
2025-05-16 06:16:43,675 - shared_logger - INFO - Starting to save shared data... (shared_data_manager.py:275)
2025-05-16 06:17:22,388 - shared_logger - INFO - Insufficient balance for create_order. Cannot place order. (api_manager.py:154)
2025-05-16 06:17:27,347 - shared_logger - INFO - Insufficient balance for create_order. Cannot place order. (api_manager.py:154)
2025-05-16 06:17:32,005 - shared_logger - WARNING - ‚ö†Ô∏è No new OHLCV data for TRAC-USD (ohlcv_manager.py:85)
2025-05-16 06:17:33,194 - shared_logger - INFO - Insufficient balance for create_order. Cannot place order. (api_manager.py:154)
2025-05-16 06:17:34,966 - shared_logger - WARNING - ‚ö†Ô∏è No new OHLCV data for TRAC-USD (ohlcv_manager.py:85)
2025-05-16 06:17:43,949 - shared_logger - INFO - Starting to save shared data... (shared_data_manager.py:275)
2025-05-16 06:18:12,229 - shared_logger - WARNING - ‚ö†Ô∏è No new OHLCV data for BAL-USD (ohlcv_manager.py:85)
2025-05-16 06:18:15,335 - shared_logger - WARNING - ‚ö†Ô∏è No new OHLCV data for AURORA-USD (ohlcv_manager.py:85)
2025-05-16 06:18:15,369 - shared_logger - INFO - ‚úÖ Trade recorded successfully: BAL-USD buy @ 1.1351 (trade_recorder.py:49)
2025-05-16 06:18:15,909 - shared_logger - WARNING - ‚ö†Ô∏è No new OHLCV data for BAL-USD (ohlcv_manager.py:85)
2025-05-16 06:18:18,476 - shared_logger - WARNING - ‚ö†Ô∏è No new OHLCV data for AURORA-USD (ohlcv_manager.py:85)
2025-05-16 06:18:20,230 - shared_logger - WARNING - ‚ö†Ô∏è No new OHLCV data for PYR-USD (ohlcv_manager.py:85)
2025-05-16 06:18:21,731 - shared_logger - WARNING - ‚ö†Ô∏è No new OHLCV data for ALICE-USD (ohlcv_manager.py:85)
2025-05-16 06:18:23,251 - shared_logger - WARNING - ‚ö†Ô∏è No new OHLCV data for PYR-USD (ohlcv_manager.py:85)
2025-05-16 06:19:38,627 - shared_logger - INFO - Starting to save shared data... (shared_data_manager.py:275)
2025-05-16 06:19:42,485 - shared_logger - WARNING - ‚ö†Ô∏è No new OHLCV data for ALICE-USD (ohlcv_manager.py:85)
2025-05-16 06:19:42,727 - shared_logger - WARNING - ‚ö†Ô∏è No new OHLCV data for INV-USD (ohlcv_manager.py:85)
2025-05-16 06:19:46,561 - shared_logger - WARNING - ‚ö†Ô∏è No new OHLCV data for INV-USD (ohlcv_manager.py:85)
2025-05-16 06:20:28,501 - shared_logger - ERROR - ‚ö†Ô∏è Post-only limit buys must be priced below the lowest sell price({'trading_pair': 'BAL/USD', 'time_order_placed': datetime.datetime(2025, 5, 16, 6, 18, 14, 828128), 'type': 'limit', 'order_id': '061afd7a-5e87-4d49-b2bb-e7e262425512', 'side': 'buy', 'order_amount': Decimal('50.0000'), 'filled_price': Decimal('0'), 'base_currency': 'BAL', 'quote_currency': 'USD', 'usd_avail_balance': Decimal('64.2400'), 'usd_balance': Decimal('164.7000'), 'base_avail_balance': Decimal('0.002'), 'total_balance_crypto': Decimal('0.002'), 'available_to_trade_crypto': Decimal('0.002'), 'base_decimal': 3, 'quote_decimal': 4, 'quote_increment': Decimal('0.0001'), 'highest_bid': Decimal('1.1351'), 'lowest_ask': Decimal('1.1426'), 'maker': Decimal('0.0015'), 'taker': Decimal('0.0025'), 'spread': Decimal('0.0075'), 'open_orders': Empty DataFrame
Columns: []
Index: [], 'status': 'VALID', 'source': 'webhook', 'trigger': 'passive_buy@1.1321', 'price': Decimal('0'), 'cost_basis': Decimal('0'), 'limit_price': Decimal('0'), 'average_price': None, 'adjusted_price': Decimal('1.1351'), 'adjusted_size': Decimal('43.832'), 'stop_loss_price': Decimal('1.1237'), 'take_profit_price': Decimal('1.1663'), 'volume_24h': None, 'parent_order_id': '061afd7a-5e87-4d49-b2bb-e7e262425512'},) (api_manager.py:166)
2025-05-16 06:20:28,503 - shared_logger - ERROR - Exchange error cancel_order : coinbase {"error":"unknown","error_details":"proto:¬†(line 1:15): invalid value for string field orderIds: {","message":"proto:¬†(line 1:15): invalid value for string field orderIds: {"} (api_manager.py:168)
Traceback (most recent call last):
  File "/opt/anaconda3/envs/TradeBot/lib/python3.10/site-packages/ccxt/base/exchange.py", line 577, in fetch
    response.raise_for_status()
  File "/opt/anaconda3/envs/TradeBot/lib/python3.10/site-packages/requests/models.py", line 1024, in raise_for_status
    raise HTTPError(http_error_msg, response=self)
requests.exceptions.HTTPError: 400 Client Error: Bad Request for url: https://api.coinbase.com/api/v3/brokerage/orders/batch_cancel

During handling of the above exception, another exception occurred:

Traceback (most recent call last):
  File "/Users/jack/Python_Projects/BotTrader/Api_manager/api_manager.py", line 109, in ccxt_api_call
    response = await func(*args, **kwargs) if asyncio.iscoroutinefunction(func) else func(*args, **kwargs)
  File "/opt/anaconda3/envs/TradeBot/lib/python3.10/site-packages/ccxt/coinbase.py", line 3185, in cancel_order
    orders = self.cancel_orders([id], symbol, params)
  File "/opt/anaconda3/envs/TradeBot/lib/python3.10/site-packages/ccxt/coinbase.py", line 3206, in cancel_orders
    response = self.v3PrivatePostBrokerageOrdersBatchCancel(self.extend(request, params))
  File "/opt/anaconda3/envs/TradeBot/lib/python3.10/site-packages/ccxt/base/types.py", line 35, in unbound_method
    return _self.request(self.path, self.api, self.method, params, config=self.config)
  File "/opt/anaconda3/envs/TradeBot/lib/python3.10/site-packages/ccxt/base/exchange.py", line 4395, in request
    return self.fetch2(path, api, method, params, headers, body, config)
  File "/opt/anaconda3/envs/TradeBot/lib/python3.10/site-packages/ccxt/base/exchange.py", line 4391, in fetch2
    raise e
  File "/opt/anaconda3/envs/TradeBot/lib/python3.10/site-packages/ccxt/base/exchange.py", line 4380, in fetch2
    return self.fetch(request['url'], request['method'], request['headers'], request['body'])
  File "/opt/anaconda3/envs/TradeBot/lib/python3.10/site-packages/ccxt/base/exchange.py", line 593, in fetch
    skip_further_error_handling = self.handle_errors(http_status_code, http_status_text, url, method, headers, http_response, json_response, request_headers, request_body)
  File "/opt/anaconda3/envs/TradeBot/lib/python3.10/site-packages/ccxt/coinbase.py", line 4892, in handle_errors
    raise ExchangeError(feedback)
ccxt.base.errors.ExchangeError: coinbase {"error":"unknown","error_details":"proto:¬†(line 1:15): invalid value for string field orderIds: {","message":"proto:¬†(line 1:15): invalid value for string field orderIds: {"}
2025-05-16 06:20:28,505 - shared_logger - INFO - API call failed after all retries. cancel_order (api_manager.py:181)
NoneType: None
2025-05-16 06:20:45,938 - shared_logger - WARNING - ‚ö†Ô∏è No new OHLCV data for TIME-USD (ohlcv_manager.py:85)
2025-05-16 06:20:46,432 - shared_logger - INFO - Starting to save shared data... (shared_data_manager.py:275)
2025-05-16 06:20:47,972 - shared_logger - INFO - Insufficient balance for create_order. Cannot place order. (api_manager.py:154)
2025-05-16 06:20:49,259 - shared_logger - INFO - Insufficient balance for create_order. Cannot place order. (api_manager.py:154)
2025-05-16 06:24:21,597 - shared_logger - ERROR - ÔøΩ Network Error while creating order: Server disconnected (coinbase_api.py:107)
Traceback (most recent call last):
  File "/Users/jack/Python_Projects/BotTrader/Api_manager/coinbase_api.py", line 76, in create_order
    async with self.session.post(f'{self.rest_url}{request_path}', headers=headers, json=payload) as response:
  File "/opt/anaconda3/envs/TradeBot/lib/python3.10/site-packages/aiohttp/client.py", line 1360, in __aenter__
    self._resp: _RetType = await self._coro
  File "/opt/anaconda3/envs/TradeBot/lib/python3.10/site-packages/aiohttp/client.py", line 690, in _request
    await resp.start(conn)
  File "/opt/anaconda3/envs/TradeBot/lib/python3.10/site-packages/aiohttp/client_reqrep.py", line 1059, in start
    message, payload = await protocol.read()  # type: ignore[union-attr]
  File "/opt/anaconda3/envs/TradeBot/lib/python3.10/site-packages/aiohttp/streams.py", line 644, in read
    await self._waiter
aiohttp.client_exceptions.ServerDisconnectedError: Server disconnected
2025-05-16 06:24:37,845 - shared_logger - ERROR - ‚ùå Exception in get_fee_rates(): Cannot connect to host api.coinbase.com:443 ssl:default [None] (coinbase_api.py:153)
Traceback (most recent call last):
  File "/opt/anaconda3/envs/TradeBot/lib/python3.10/site-packages/aiohttp/connector.py", line 1116, in _wrap_create_connection
    return await self._loop.create_connection(*args, **kwargs, sock=sock)
  File "/opt/anaconda3/envs/TradeBot/lib/python3.10/asyncio/base_events.py", line 1103, in create_connection
    transport, protocol = await self._create_connection_transport(
  File "/opt/anaconda3/envs/TradeBot/lib/python3.10/asyncio/base_events.py", line 1133, in _create_connection_transport
    await waiter
ConnectionResetError

The above exception was the direct cause of the following exception:

Traceback (most recent call last):
  File "/Users/jack/Python_Projects/BotTrader/Api_manager/coinbase_api.py", line 137, in get_fee_rates
    async with self.session.get(url, headers=headers) as response:
  File "/opt/anaconda3/envs/TradeBot/lib/python3.10/site-packages/aiohttp/client.py", line 1360, in __aenter__
    self._resp: _RetType = await self._coro
  File "/opt/anaconda3/envs/TradeBot/lib/python3.10/site-packages/aiohttp/client.py", line 663, in _request
    conn = await self._connector.connect(
  File "/opt/anaconda3/envs/TradeBot/lib/python3.10/site-packages/aiohttp/connector.py", line 538, in connect
    proto = await self._create_connection(req, traces, timeout)
  File "/opt/anaconda3/envs/TradeBot/lib/python3.10/site-packages/aiohttp/connector.py", line 1050, in _create_connection
    _, proto = await self._create_direct_connection(req, traces, timeout)
  File "/opt/anaconda3/envs/TradeBot/lib/python3.10/site-packages/aiohttp/connector.py", line 1384, in _create_direct_connection
    raise last_exc
  File "/opt/anaconda3/envs/TradeBot/lib/python3.10/site-packages/aiohttp/connector.py", line 1353, in _create_direct_connection
    transp, proto = await self._wrap_create_connection(
  File "/opt/anaconda3/envs/TradeBot/lib/python3.10/site-packages/aiohttp/connector.py", line 1124, in _wrap_create_connection
    raise client_error(req.connection_key, exc) from exc
aiohttp.client_exceptions.ClientConnectorError: Cannot connect to host api.coinbase.com:443 ssl:default [None]
2025-05-16 06:24:43,851 - shared_logger - WARNING - ‚ö†Ô∏è No new OHLCV data for TIME-USD (ohlcv_manager.py:85)
2025-05-16 06:24:49,282 - shared_logger - ERROR - ‚ùå Error fetching fee rates: HTTP 401 ‚Üí Unauthorized
 (coinbase_api.py:149)
2025-05-16 06:24:49,288 - shared_logger - ERROR - ‚ùå Error fetching fee rates: HTTP 401 ‚Üí Unauthorized
 (coinbase_api.py:149)
2025-05-16 06:25:00,862 - shared_logger - INFO - Insufficient balance for create_order. Cannot place order. (api_manager.py:154)
2025-05-16 06:26:10,622 - shared_logger - INFO - Starting to save shared data... (shared_data_manager.py:275)
2025-05-16 06:26:14,016 - shared_logger - INFO - Insufficient balance for create_order. Cannot place order. (api_manager.py:154)
2025-05-16 06:32:16,733 - shared_logger - INFO - üî∏Email alerts are DISABLED via EMAIL_ALERTS=False. (alert_system.py:31)
2025-05-16 06:32:16,828 - shared_logger - INFO - Database connected successfully. (database_session_manager.py:102)
2025-05-16 06:32:16,829 - shared_logger - INFO - DatabaseSessionManager initialized and connected to the database. (database_session_manager.py:112)
2025-05-16 06:32:16,873 - shared_logger - INFO - ‚úÖ Database schema initialized (tables created if they didn't exist). (database_session_manager.py:60)
2025-05-16 06:32:16,889 - shared_logger - INFO - üîπ CoinBaseAPI  initialzed debug. (coinbase_api.py:30)
2025-05-16 06:32:16,889 - shared_logger - INFO - üî∏Email alerts are DISABLED via EMAIL_ALERTS=False. (alert_system.py:31)
2025-05-16 06:32:16,889 - shared_logger - INFO - üî∏Email alerts are DISABLED via EMAIL_ALERTS=False. (alert_system.py:31)
2025-05-16 06:32:16,891 - shared_logger - INFO - üî∏Email alerts are DISABLED via EMAIL_ALERTS=False. (alert_system.py:31)
2025-05-16 06:32:16,900 - shared_logger - INFO - ‚úÖ Startup snapshot loaded from database. (shared_data_manager.py:135)
2025-05-16 06:32:31,414 - shared_logger - INFO - Starting to save shared data... (shared_data_manager.py:275)
2025-05-16 06:32:39,208 - shared_logger - INFO - Insufficient balance for create_order. Cannot place order. (api_manager.py:154)
2025-05-16 06:32:47,807 - shared_logger - INFO - Insufficient balance for create_order. Cannot place order. (api_manager.py:154)
2025-05-16 06:32:57,760 - shared_logger - INFO - Insufficient balance for create_order. Cannot place order. (api_manager.py:154)
2025-05-16 06:33:18,081 - shared_logger - INFO - Insufficient balance for create_order. Cannot place order. (api_manager.py:154)
2025-05-16 06:33:58,383 - shared_logger - INFO - Starting to save shared data... (shared_data_manager.py:275)
2025-05-16 06:34:02,973 - shared_logger - INFO - Insufficient balance for create_order. Cannot place order. (api_manager.py:154)
2025-05-16 06:34:08,106 - shared_logger - INFO - Insufficient balance for create_order. Cannot place order. (api_manager.py:154)
2025-05-16 06:34:08,692 - shared_logger - WARNING - ‚ö†Ô∏è No new OHLCV data for TNSR-USD (ohlcv_manager.py:85)
2025-05-16 06:34:11,244 - shared_logger - WARNING - ‚ö†Ô∏è No new OHLCV data for TNSR-USD (ohlcv_manager.py:85)
2025-05-16 06:34:14,990 - shared_logger - WARNING - ‚ö†Ô∏è No new OHLCV data for RAD-USD (ohlcv_manager.py:85)
2025-05-16 06:34:18,512 - shared_logger - WARNING - ‚ö†Ô∏è No new OHLCV data for RAD-USD (ohlcv_manager.py:85)
2025-05-16 06:34:21,961 - shared_logger - WARNING - ‚ö†Ô∏è No new OHLCV data for 00-USD (ohlcv_manager.py:85)
2025-05-16 06:34:24,628 - shared_logger - WARNING - ‚ö†Ô∏è No new OHLCV data for 00-USD (ohlcv_manager.py:85)
2025-05-16 06:34:39,891 - shared_logger - WARNING - ‚ö†Ô∏è No new OHLCV data for BLZ-USD (ohlcv_manager.py:85)
2025-05-16 06:34:40,345 - shared_logger - INFO - Insufficient balance for create_order. Cannot place order. (api_manager.py:154)
2025-05-16 06:34:43,781 - shared_logger - WARNING - ‚ö†Ô∏è No new OHLCV data for BLZ-USD (ohlcv_manager.py:85)
2025-05-16 06:34:46,730 - shared_logger - INFO - Insufficient balance for create_order. Cannot place order. (api_manager.py:154)
2025-05-16 06:34:53,002 - shared_logger - INFO - Insufficient balance for create_order. Cannot place order. (api_manager.py:154)
2025-05-16 06:35:03,417 - shared_logger - WARNING - ‚ö†Ô∏è No new OHLCV data for ACS-USD (ohlcv_manager.py:85)
2025-05-16 06:35:06,022 - shared_logger - WARNING - ‚ö†Ô∏è No new OHLCV data for ACS-USD (ohlcv_manager.py:85)
2025-05-16 06:35:08,373 - shared_logger - INFO - Starting to save shared data... (shared_data_manager.py:275)
2025-05-16 06:35:08,933 - shared_logger - WARNING - ‚ö†Ô∏è No new OHLCV data for RPL-USD (ohlcv_manager.py:85)
2025-05-16 06:35:09,947 - shared_logger - WARNING - ‚ö†Ô∏è No new OHLCV data for ARPA-USD (ohlcv_manager.py:85)
2025-05-16 06:35:11,406 - shared_logger - WARNING - ‚ö†Ô∏è No new OHLCV data for RPL-USD (ohlcv_manager.py:85)
2025-05-16 06:35:12,755 - shared_logger - WARNING - ‚ö†Ô∏è No new OHLCV data for ARPA-USD (ohlcv_manager.py:85)
2025-05-16 06:35:15,178 - shared_logger - WARNING - ‚ö†Ô∏è No new OHLCV data for MDT-USD (ohlcv_manager.py:85)
2025-05-16 06:35:17,949 - shared_logger - WARNING - ‚ö†Ô∏è No new OHLCV data for MDT-USD (ohlcv_manager.py:85)
2025-05-16 06:35:20,505 - shared_logger - WARNING - ‚ö†Ô∏è No new OHLCV data for POND-USD (ohlcv_manager.py:85)
2025-05-16 06:35:23,577 - shared_logger - WARNING - ‚ö†Ô∏è No new OHLCV data for POND-USD (ohlcv_manager.py:85)
2025-05-16 06:35:48,379 - shared_logger - WARNING - ‚ö†Ô∏è No new OHLCV data for QI-USD (ohlcv_manager.py:85)
2025-05-16 06:35:51,226 - shared_logger - WARNING - ‚ö†Ô∏è No new OHLCV data for QI-USD (ohlcv_manager.py:85)
2025-05-16 06:35:57,595 - shared_logger - WARNING - ‚ö†Ô∏è No new OHLCV data for BICO-USD (ohlcv_manager.py:85)
2025-05-16 06:36:01,907 - shared_logger - WARNING - ‚ö†Ô∏è No new OHLCV data for BICO-USD (ohlcv_manager.py:85)
2025-05-16 06:36:05,002 - shared_logger - INFO - Insufficient balance for create_order. Cannot place order. (api_manager.py:154)
2025-05-16 06:36:08,952 - shared_logger - INFO - Starting to save shared data... (shared_data_manager.py:275)
2025-05-16 06:36:11,800 - shared_logger - INFO - Insufficient balance for create_order. Cannot place order. (api_manager.py:154)
2025-05-16 06:36:18,223 - shared_logger - INFO - Insufficient balance for create_order. Cannot place order. (api_manager.py:154)
2025-05-16 06:36:28,967 - shared_logger - WARNING - ‚ö†Ô∏è No new OHLCV data for COMP-USD (ohlcv_manager.py:85)
2025-05-16 06:36:31,567 - shared_logger - WARNING - ‚ö†Ô∏è No new OHLCV data for COMP-USD (ohlcv_manager.py:85)
2025-05-16 06:36:51,904 - shared_logger - WARNING - ‚ö†Ô∏è No new OHLCV data for LQTY-USD (ohlcv_manager.py:85)
2025-05-16 06:36:54,363 - shared_logger - WARNING - ‚ö†Ô∏è No new OHLCV data for LQTY-USD (ohlcv_manager.py:85)
2025-05-16 06:36:57,028 - shared_logger - WARNING - ‚ö†Ô∏è No new OHLCV data for ME-USD (ohlcv_manager.py:85)
2025-05-16 06:37:00,007 - shared_logger - WARNING - ‚ö†Ô∏è No new OHLCV data for ME-USD (ohlcv_manager.py:85)
2025-05-16 06:37:06,752 - shared_logger - WARNING - ‚ö†Ô∏è No new OHLCV data for RAD-USD (ohlcv_manager.py:85)
2025-05-16 06:37:09,357 - shared_logger - WARNING - ‚ö†Ô∏è No new OHLCV data for RAD-USD (ohlcv_manager.py:85)
2025-05-16 06:37:09,807 - shared_logger - INFO - Starting to save shared data... (shared_data_manager.py:275)
2025-05-16 06:37:19,747 - shared_logger - WARNING - ‚ö†Ô∏è No new OHLCV data for C98-USD (ohlcv_manager.py:85)
2025-05-16 06:37:25,401 - shared_logger - WARNING - ‚ö†Ô∏è No new OHLCV data for C98-USD (ohlcv_manager.py:85)
2025-05-16 06:37:31,796 - shared_logger - INFO - Insufficient balance for create_order. Cannot place order. (api_manager.py:154)
2025-05-16 06:37:40,570 - shared_logger - INFO - Insufficient balance for create_order. Cannot place order. (api_manager.py:154)
2025-05-16 06:37:47,844 - shared_logger - INFO - Insufficient balance for create_order. Cannot place order. (api_manager.py:154)
2025-05-16 06:37:48,713 - shared_logger - WARNING - ‚ö†Ô∏è No new OHLCV data for FLOW-USD (ohlcv_manager.py:85)
2025-05-16 06:37:52,775 - shared_logger - WARNING - ‚ö†Ô∏è No new OHLCV data for FLOW-USD (ohlcv_manager.py:85)
2025-05-16 06:38:09,127 - shared_logger - INFO - Insufficient balance for create_order. Cannot place order. (api_manager.py:154)
2025-05-16 06:38:09,905 - shared_logger - INFO - Starting to save shared data... (shared_data_manager.py:275)
2025-05-16 06:38:12,149 - shared_logger - INFO - Insufficient balance for create_order. Cannot place order. (api_manager.py:154)
2025-05-16 06:38:14,171 - shared_logger - INFO - Insufficient balance for create_order. Cannot place order. (api_manager.py:154)
2025-05-16 06:38:14,838 - shared_logger - WARNING - ‚ö†Ô∏è No new OHLCV data for LCX-USD (ohlcv_manager.py:85)
2025-05-16 06:38:17,391 - shared_logger - WARNING - ‚ö†Ô∏è No new OHLCV data for LCX-USD (ohlcv_manager.py:85)
2025-05-16 06:38:20,443 - shared_logger - WARNING - ‚ö†Ô∏è No new OHLCV data for AURORA-USD (ohlcv_manager.py:85)
2025-05-16 06:38:22,972 - shared_logger - WARNING - ‚ö†Ô∏è No new OHLCV data for AURORA-USD (ohlcv_manager.py:85)
2025-05-16 06:38:39,760 - shared_logger - WARNING - ‚ö†Ô∏è No new OHLCV data for BADGER-USD (ohlcv_manager.py:85)
2025-05-16 06:38:42,651 - shared_logger - WARNING - ‚ö†Ô∏è No new OHLCV data for BADGER-USD (ohlcv_manager.py:85)
2025-05-16 06:38:44,244 - shared_logger - WARNING - ‚ö†Ô∏è No new OHLCV data for MUSE-USD (ohlcv_manager.py:85)
2025-05-16 06:38:46,803 - shared_logger - WARNING - ‚ö†Ô∏è No new OHLCV data for MUSE-USD (ohlcv_manager.py:85)
2025-05-16 06:39:00,565 - shared_logger - INFO - Insufficient balance for create_order. Cannot place order. (api_manager.py:154)
2025-05-16 06:39:07,508 - shared_logger - INFO - Insufficient balance for create_order. Cannot place order. (api_manager.py:154)
2025-05-16 06:39:11,484 - shared_logger - WARNING - ‚ö†Ô∏è No new OHLCV data for SEAM-USD (ohlcv_manager.py:85)
2025-05-16 06:39:13,011 - shared_logger - INFO - Starting to save shared data... (shared_data_manager.py:275)
2025-05-16 06:39:14,165 - shared_logger - INFO - Insufficient balance for create_order. Cannot place order. (api_manager.py:154)
2025-05-16 06:39:14,611 - shared_logger - WARNING - ‚ö†Ô∏è No new OHLCV data for SEAM-USD (ohlcv_manager.py:85)
2025-05-16 06:39:34,765 - shared_logger - WARNING - ‚ö†Ô∏è No new OHLCV data for MSOL-USD (ohlcv_manager.py:85)
2025-05-16 06:39:37,471 - shared_logger - WARNING - ‚ö†Ô∏è No new OHLCV data for MSOL-USD (ohlcv_manager.py:85)
2025-05-16 06:39:49,712 - shared_logger - WARNING - ‚ö†Ô∏è No new OHLCV data for FIS-USD (ohlcv_manager.py:85)
2025-05-16 06:39:52,282 - shared_logger - WARNING - ‚ö†Ô∏è No new OHLCV data for FIS-USD (ohlcv_manager.py:85)
2025-05-16 06:39:54,896 - shared_logger - WARNING - ‚ö†Ô∏è No new OHLCV data for PYR-USD (ohlcv_manager.py:85)
2025-05-16 06:39:57,400 - shared_logger - WARNING - ‚ö†Ô∏è No new OHLCV data for PYR-USD (ohlcv_manager.py:85)
2025-05-16 06:40:01,430 - shared_logger - WARNING - ‚ö†Ô∏è No new OHLCV data for CLANKER-USD (ohlcv_manager.py:85)
2025-05-16 06:40:04,739 - shared_logger - WARNING - ‚ö†Ô∏è No new OHLCV data for CLANKER-USD (ohlcv_manager.py:85)
2025-05-16 06:40:06,348 - shared_logger - WARNING - ‚ö†Ô∏è No new OHLCV data for RAD-USD (ohlcv_manager.py:85)
2025-05-16 06:40:07,351 - shared_logger - WARNING - ‚ö†Ô∏è No new OHLCV data for CTSI-USD (ohlcv_manager.py:85)
2025-05-16 06:40:08,922 - shared_logger - WARNING - ‚ö†Ô∏è No new OHLCV data for RAD-USD (ohlcv_manager.py:85)
2025-05-16 06:40:09,924 - shared_logger - WARNING - ‚ö†Ô∏è No new OHLCV data for CTSI-USD (ohlcv_manager.py:85)
2025-05-16 06:40:13,676 - shared_logger - INFO - Starting to save shared data... (shared_data_manager.py:275)
2025-05-16 06:40:20,987 - shared_logger - WARNING - ‚ö†Ô∏è No new OHLCV data for CELR-USD (ohlcv_manager.py:85)
2025-05-16 06:40:21,765 - shared_logger - WARNING - ‚ö†Ô∏è No new OHLCV data for GFI-USD (ohlcv_manager.py:85)
2025-05-16 06:40:23,942 - shared_logger - WARNING - ‚ö†Ô∏è No new OHLCV data for CELR-USD (ohlcv_manager.py:85)
2025-05-16 06:40:24,871 - shared_logger - WARNING - ‚ö†Ô∏è No new OHLCV data for GFI-USD (ohlcv_manager.py:85)
2025-05-16 06:40:26,827 - shared_logger - INFO - Insufficient balance for create_order. Cannot place order. (api_manager.py:154)
2025-05-16 06:40:28,271 - shared_logger - WARNING - ‚ö†Ô∏è No new OHLCV data for TIME-USD (ohlcv_manager.py:85)
2025-05-16 06:40:31,833 - shared_logger - WARNING - ‚ö†Ô∏è No new OHLCV data for TIME-USD (ohlcv_manager.py:85)
2025-05-16 06:40:34,789 - shared_logger - INFO - Insufficient balance for create_order. Cannot place order. (api_manager.py:154)
2025-05-16 06:40:35,272 - shared_logger - WARNING - ‚ö†Ô∏è No new OHLCV data for ACS-USD (ohlcv_manager.py:85)
2025-05-16 06:40:36,351 - shared_logger - WARNING - ‚ö†Ô∏è No new OHLCV data for KARRAT-USD (ohlcv_manager.py:85)
2025-05-16 06:40:38,384 - shared_logger - WARNING - ‚ö†Ô∏è No new OHLCV data for ACS-USD (ohlcv_manager.py:85)
2025-05-16 06:40:40,173 - shared_logger - WARNING - ‚ö†Ô∏è No new OHLCV data for KARRAT-USD (ohlcv_manager.py:85)
2025-05-16 06:40:41,387 - shared_logger - INFO - Insufficient balance for create_order. Cannot place order. (api_manager.py:154)
2025-05-16 06:40:59,488 - shared_logger - WARNING - ‚ö†Ô∏è No new OHLCV data for ARPA-USD (ohlcv_manager.py:85)
2025-05-16 06:41:02,586 - shared_logger - WARNING - ‚ö†Ô∏è No new OHLCV data for ARPA-USD (ohlcv_manager.py:85)
2025-05-16 06:41:13,783 - shared_logger - INFO - Starting to save shared data... (shared_data_manager.py:275)
2025-05-16 06:41:19,670 - shared_logger - WARNING - ‚ö†Ô∏è No new OHLCV data for PNG-USD (ohlcv_manager.py:85)
2025-05-16 06:41:22,092 - shared_logger - WARNING - ‚ö†Ô∏è No new OHLCV data for PNG-USD (ohlcv_manager.py:85)
2025-05-16 06:41:23,003 - shared_logger - WARNING - ‚ö†Ô∏è No new OHLCV data for ALEPH-USD (ohlcv_manager.py:85)
2025-05-16 06:41:25,614 - shared_logger - WARNING - ‚ö†Ô∏è No new OHLCV data for ALEPH-USD (ohlcv_manager.py:85)
2025-05-16 06:41:28,031 - shared_logger - WARNING - ‚ö†Ô∏è No new OHLCV data for TRAC-USD (ohlcv_manager.py:85)
2025-05-16 06:41:30,584 - shared_logger - WARNING - ‚ö†Ô∏è No new OHLCV data for TRAC-USD (ohlcv_manager.py:85)
2025-05-16 06:41:41,413 - shared_logger - WARNING - ‚ö†Ô∏è No new OHLCV data for INDEX-USD (ohlcv_manager.py:85)
2025-05-16 06:41:47,268 - shared_logger - WARNING - ‚ö†Ô∏è No new OHLCV data for INDEX-USD (ohlcv_manager.py:85)
2025-05-16 06:41:52,156 - shared_logger - INFO - Insufficient balance for create_order. Cannot place order. (api_manager.py:154)
2025-05-16 06:41:53,734 - shared_logger - WARNING - ‚ö†Ô∏è No new OHLCV data for C98-USD (ohlcv_manager.py:85)
2025-05-16 06:41:57,207 - shared_logger - WARNING - ‚ö†Ô∏è No new OHLCV data for C98-USD (ohlcv_manager.py:85)
2025-05-16 06:41:58,264 - shared_logger - INFO - Insufficient balance for create_order. Cannot place order. (api_manager.py:154)
2025-05-16 06:42:04,619 - shared_logger - INFO - Insufficient balance for create_order. Cannot place order. (api_manager.py:154)
2025-05-16 06:42:11,245 - shared_logger - WARNING - ‚ö†Ô∏è No new OHLCV data for OMNI-USD (ohlcv_manager.py:85)
2025-05-16 06:42:13,926 - shared_logger - WARNING - ‚ö†Ô∏è No new OHLCV data for OMNI-USD (ohlcv_manager.py:85)
2025-05-16 06:42:14,450 - shared_logger - INFO - Starting to save shared data... (shared_data_manager.py:275)
2025-05-16 06:42:17,609 - shared_logger - WARNING - ‚ö†Ô∏è No new OHLCV data for BAL-USD (ohlcv_manager.py:85)
2025-05-16 06:42:20,730 - shared_logger - WARNING - ‚ö†Ô∏è No new OHLCV data for BAL-USD (ohlcv_manager.py:85)
2025-05-16 06:42:23,346 - shared_logger - WARNING - ‚ö†Ô∏è No new OHLCV data for TNSR-USD (ohlcv_manager.py:85)
2025-05-16 06:42:26,167 - shared_logger - WARNING - ‚ö†Ô∏è No new OHLCV data for TNSR-USD (ohlcv_manager.py:85)
2025-05-16 06:42:38,057 - shared_logger - WARNING - ‚ö†Ô∏è No new OHLCV data for PAX-USD (ohlcv_manager.py:85)
2025-05-16 06:42:40,597 - shared_logger - WARNING - ‚ö†Ô∏è No new OHLCV data for PAX-USD (ohlcv_manager.py:85)
2025-05-16 06:42:59,368 - shared_logger - WARNING - ‚ö†Ô∏è No new OHLCV data for SHPING-USD (ohlcv_manager.py:85)
2025-05-16 06:43:09,972 - shared_logger - WARNING - ‚ö†Ô∏è No new OHLCV data for SHPING-USD (ohlcv_manager.py:85)
2025-05-16 06:43:14,670 - shared_logger - INFO - Starting to save shared data... (shared_data_manager.py:275)
2025-05-16 06:43:14,947 - shared_logger - WARNING - ‚ö†Ô∏è No new OHLCV data for ACX-USD (ohlcv_manager.py:85)
2025-05-16 06:43:20,387 - shared_logger - WARNING - ‚ö†Ô∏è No new OHLCV data for ACX-USD (ohlcv_manager.py:85)
2025-05-16 06:43:23,282 - shared_logger - INFO - Insufficient balance for create_order. Cannot place order. (api_manager.py:154)
2025-05-16 06:43:24,654 - shared_logger - INFO - Insufficient balance for create_order. Cannot place order. (api_manager.py:154)
2025-05-16 06:43:25,974 - shared_logger - WARNING - ‚ö†Ô∏è No new OHLCV data for PYR-USD (ohlcv_manager.py:85)
2025-05-16 06:43:27,347 - shared_logger - INFO - Insufficient balance for create_order. Cannot place order. (api_manager.py:154)
2025-05-16 06:43:29,902 - shared_logger - WARNING - ‚ö†Ô∏è No new OHLCV data for PYR-USD (ohlcv_manager.py:85)
2025-05-16 06:43:31,019 - shared_logger - INFO - Insufficient balance for create_order. Cannot place order. (api_manager.py:154)
2025-05-16 06:43:32,613 - shared_logger - INFO - Insufficient balance for create_order. Cannot place order. (api_manager.py:154)
2025-05-16 06:43:38,244 - shared_logger - INFO - Insufficient balance for create_order. Cannot place order. (api_manager.py:154)
2025-05-16 06:43:56,237 - shared_logger - WARNING - ‚ö†Ô∏è No new OHLCV data for SUKU-USD (ohlcv_manager.py:85)
2025-05-16 06:43:58,898 - shared_logger - WARNING - ‚ö†Ô∏è No new OHLCV data for SUKU-USD (ohlcv_manager.py:85)
2025-05-16 06:44:15,166 - shared_logger - INFO - Starting to save shared data... (shared_data_manager.py:275)
2025-05-16 06:44:22,783 - shared_logger - WARNING - ‚ö†Ô∏è No new OHLCV data for DNT-USD (ohlcv_manager.py:85)
2025-05-16 06:44:25,426 - shared_logger - WARNING - ‚ö†Ô∏è No new OHLCV data for DNT-USD (ohlcv_manager.py:85)
2025-05-16 06:44:28,041 - shared_logger - WARNING - ‚ö†Ô∏è No new OHLCV data for TIME-USD (ohlcv_manager.py:85)
2025-05-16 06:44:30,617 - shared_logger - WARNING - ‚ö†Ô∏è No new OHLCV data for TIME-USD (ohlcv_manager.py:85)
2025-05-16 06:44:50,006 - shared_logger - WARNING - ‚ö†Ô∏è No new OHLCV data for FLOW-USD (ohlcv_manager.py:85)
2025-05-16 06:44:51,860 - shared_logger - INFO - Insufficient balance for create_order. Cannot place order. (api_manager.py:154)
2025-05-16 06:44:53,736 - shared_logger - WARNING - ‚ö†Ô∏è No new OHLCV data for FLOW-USD (ohlcv_manager.py:85)
2025-05-16 06:44:57,022 - shared_logger - WARNING - ‚ö†Ô∏è No new OHLCV data for ALICE-USD (ohlcv_manager.py:85)
2025-05-16 06:44:59,496 - shared_logger - INFO - Insufficient balance for create_order. Cannot place order. (api_manager.py:154)
2025-05-16 06:45:01,621 - shared_logger - WARNING - ‚ö†Ô∏è No new OHLCV data for ALICE-USD (ohlcv_manager.py:85)
2025-05-16 06:45:05,816 - shared_logger - INFO - Insufficient balance for create_order. Cannot place order. (api_manager.py:154)
2025-05-16 06:45:10,009 - shared_logger - WARNING - ‚ö†Ô∏è No new OHLCV data for PYR-USD (ohlcv_manager.py:85)
2025-05-16 06:45:10,869 - shared_logger - WARNING - ‚ö†Ô∏è No new OHLCV data for MLN-USD (ohlcv_manager.py:85)
2025-05-16 06:45:12,612 - shared_logger - WARNING - ‚ö†Ô∏è No new OHLCV data for PYR-USD (ohlcv_manager.py:85)
2025-05-16 06:45:13,668 - shared_logger - WARNING - ‚ö†Ô∏è No new OHLCV data for MLN-USD (ohlcv_manager.py:85)
2025-05-16 06:45:15,268 - shared_logger - INFO - Starting to save shared data... (shared_data_manager.py:275)
2025-05-16 06:45:16,352 - shared_logger - WARNING - ‚ö†Ô∏è No new OHLCV data for CORECHAIN-USD (ohlcv_manager.py:85)
2025-05-16 06:45:18,903 - shared_logger - WARNING - ‚ö†Ô∏è No new OHLCV data for CORECHAIN-USD (ohlcv_manager.py:85)
2025-05-16 06:46:16,319 - shared_logger - INFO - Insufficient balance for create_order. Cannot place order. (api_manager.py:154)
2025-05-16 06:46:16,791 - shared_logger - INFO - Starting to save shared data... (shared_data_manager.py:275)
2025-05-16 06:46:24,030 - shared_logger - INFO - Insufficient balance for create_order. Cannot place order. (api_manager.py:154)
2025-05-16 06:46:31,768 - shared_logger - INFO - Insufficient balance for create_order. Cannot place order. (api_manager.py:154)
2025-05-16 06:46:37,908 - shared_logger - WARNING - ‚ö†Ô∏è No new OHLCV data for RPL-USD (ohlcv_manager.py:85)
2025-05-16 06:46:53,586 - shared_logger - WARNING - ‚ö†Ô∏è No new OHLCV data for AURORA-USD (ohlcv_manager.py:85)
2025-05-16 06:46:57,545 - shared_logger - WARNING - ‚ö†Ô∏è No new OHLCV data for AURORA-USD (ohlcv_manager.py:85)
2025-05-16 06:47:04,331 - shared_logger - WARNING - ‚ö†Ô∏è No new OHLCV data for ILV-USD (ohlcv_manager.py:85)
2025-05-16 06:47:17,446 - shared_logger - INFO - Starting to save shared data... (shared_data_manager.py:275)
2025-05-16 06:47:31,563 - shared_logger - WARNING - ‚ö†Ô∏è No new OHLCV data for XTZ-USD (ohlcv_manager.py:85)
2025-05-16 06:47:40,466 - shared_logger - WARNING - ‚ö†Ô∏è No new OHLCV data for NMR-USD (ohlcv_manager.py:85)
2025-05-16 06:47:50,126 - shared_logger - INFO - Insufficient balance for create_order. Cannot place order. (api_manager.py:154)
2025-05-16 06:47:56,715 - shared_logger - INFO - Insufficient balance for create_order. Cannot place order. (api_manager.py:154)
2025-05-16 06:48:05,093 - shared_logger - INFO - Insufficient balance for create_order. Cannot place order. (api_manager.py:154)
2025-05-16 06:48:17,535 - shared_logger - INFO - Starting to save shared data... (shared_data_manager.py:275)
2025-05-16 06:48:26,107 - shared_logger - INFO - Insufficient balance for create_order. Cannot place order. (api_manager.py:154)
2025-05-16 06:48:32,368 - shared_logger - INFO - Insufficient balance for create_order. Cannot place order. (api_manager.py:154)
2025-05-16 06:48:33,445 - shared_logger - INFO - Insufficient balance for create_order. Cannot place order. (api_manager.py:154)
2025-05-16 06:48:34,935 - shared_logger - WARNING - ‚ö†Ô∏è No new OHLCV data for GFI-USD (ohlcv_manager.py:85)
2025-05-16 06:48:36,588 - shared_logger - WARNING - ‚ö†Ô∏è No new OHLCV data for AURORA-USD (ohlcv_manager.py:85)
2025-05-16 06:48:37,613 - shared_logger - WARNING - ‚ö†Ô∏è No new OHLCV data for GFI-USD (ohlcv_manager.py:85)
2025-05-16 06:48:39,186 - shared_logger - WARNING - ‚ö†Ô∏è No new OHLCV data for AURORA-USD (ohlcv_manager.py:85)
2025-05-16 06:48:41,473 - shared_logger - WARNING - ‚ö†Ô∏è No new OHLCV data for KRL-USD (ohlcv_manager.py:85)
2025-05-16 06:48:44,079 - shared_logger - WARNING - ‚ö†Ô∏è No new OHLCV data for KRL-USD (ohlcv_manager.py:85)
2025-05-16 06:48:46,719 - shared_logger - WARNING - ‚ö†Ô∏è No new OHLCV data for OSMO-USD (ohlcv_manager.py:85)
2025-05-16 06:48:49,260 - shared_logger - WARNING - ‚ö†Ô∏è No new OHLCV data for OSMO-USD (ohlcv_manager.py:85)
2025-05-16 06:48:52,818 - shared_logger - WARNING - ‚ö†Ô∏è No new OHLCV data for ALCX-USD (ohlcv_manager.py:85)
2025-05-16 06:48:54,387 - shared_logger - WARNING - ‚ö†Ô∏è No new OHLCV data for REQ-USD (ohlcv_manager.py:85)
2025-05-16 06:48:55,435 - shared_logger - WARNING - ‚ö†Ô∏è No new OHLCV data for ALCX-USD (ohlcv_manager.py:85)
2025-05-16 06:48:57,064 - shared_logger - WARNING - ‚ö†Ô∏è No new OHLCV data for REQ-USD (ohlcv_manager.py:85)
2025-05-16 06:49:04,888 - shared_logger - WARNING - ‚ö†Ô∏è No new OHLCV data for C98-USD (ohlcv_manager.py:85)
2025-05-16 06:49:11,770 - shared_logger - WARNING - ‚ö†Ô∏è No new OHLCV data for C98-USD (ohlcv_manager.py:85)
2025-05-16 06:49:17,983 - shared_logger - INFO - Insufficient balance for create_order. Cannot place order. (api_manager.py:154)
2025-05-16 06:49:18,142 - shared_logger - INFO - Starting to save shared data... (shared_data_manager.py:275)
2025-05-16 06:49:23,228 - shared_logger - WARNING - ‚ö†Ô∏è No new OHLCV data for POND-USD (ohlcv_manager.py:85)
2025-05-16 06:49:24,329 - shared_logger - INFO - Insufficient balance for create_order. Cannot place order. (api_manager.py:154)
2025-05-16 06:49:26,371 - shared_logger - WARNING - ‚ö†Ô∏è No new OHLCV data for POND-USD (ohlcv_manager.py:85)
2025-05-16 06:49:30,908 - shared_logger - WARNING - ‚ö†Ô∏è No new OHLCV data for BAND-USD (ohlcv_manager.py:85)
2025-05-16 06:49:32,187 - shared_logger - INFO - Insufficient balance for create_order. Cannot place order. (api_manager.py:154)
2025-05-16 06:49:33,804 - shared_logger - WARNING - ‚ö†Ô∏è No new OHLCV data for BAND-USD (ohlcv_manager.py:85)
2025-05-16 06:49:54,158 - shared_logger - WARNING - ‚ö†Ô∏è No new OHLCV data for SUKU-USD (ohlcv_manager.py:85)
2025-05-16 06:49:56,786 - shared_logger - WARNING - ‚ö†Ô∏è No new OHLCV data for SUKU-USD (ohlcv_manager.py:85)
2025-05-16 06:50:19,476 - shared_logger - INFO - Starting to save shared data... (shared_data_manager.py:275)
2025-05-16 06:50:42,387 - shared_logger - INFO - Insufficient balance for create_order. Cannot place order. (api_manager.py:154)
2025-05-16 06:50:46,057 - shared_logger - INFO - Insufficient balance for create_order. Cannot place order. (api_manager.py:154)
2025-05-16 06:50:50,487 - shared_logger - INFO - Insufficient balance for create_order. Cannot place order. (api_manager.py:154)
2025-05-16 06:50:56,742 - shared_logger - WARNING - ‚ö†Ô∏è No new OHLCV data for CTX-USD (ohlcv_manager.py:85)
2025-05-16 06:50:59,357 - shared_logger - WARNING - ‚ö†Ô∏è No new OHLCV data for CTX-USD (ohlcv_manager.py:85)
2025-05-16 06:51:13,519 - shared_logger - WARNING - ‚ö†Ô∏è No new OHLCV data for UMA-USD (ohlcv_manager.py:85)
2025-05-16 06:51:16,140 - shared_logger - WARNING - ‚ö†Ô∏è No new OHLCV data for UMA-USD (ohlcv_manager.py:85)
2025-05-16 06:51:19,581 - shared_logger - INFO - Starting to save shared data... (shared_data_manager.py:275)
2025-05-16 06:51:23,869 - shared_logger - WARNING - ‚ö†Ô∏è No new OHLCV data for RAD-USD (ohlcv_manager.py:85)
2025-05-16 06:51:25,370 - shared_logger - WARNING - ‚ö†Ô∏è No new OHLCV data for MDT-USD (ohlcv_manager.py:85)
2025-05-16 06:51:26,381 - shared_logger - WARNING - ‚ö†Ô∏è No new OHLCV data for LQTY-USD (ohlcv_manager.py:85)
2025-05-16 06:51:27,819 - shared_logger - WARNING - ‚ö†Ô∏è No new OHLCV data for MDT-USD (ohlcv_manager.py:85)
2025-05-16 06:51:29,527 - shared_logger - WARNING - ‚ö†Ô∏è No new OHLCV data for LQTY-USD (ohlcv_manager.py:85)
2025-05-16 06:51:31,489 - shared_logger - WARNING - ‚ö†Ô∏è No new OHLCV data for RLC-USD (ohlcv_manager.py:85)
2025-05-16 06:51:32,202 - shared_logger - WARNING - ‚ö†Ô∏è No new OHLCV data for ARPA-USD (ohlcv_manager.py:85)
2025-05-16 06:51:33,915 - shared_logger - WARNING - ‚ö†Ô∏è No new OHLCV data for RLC-USD (ohlcv_manager.py:85)
2025-05-16 06:51:34,818 - shared_logger - WARNING - ‚ö†Ô∏è No new OHLCV data for ARPA-USD (ohlcv_manager.py:85)
2025-05-16 06:52:04,971 - shared_logger - INFO - Insufficient balance for create_order. Cannot place order. (api_manager.py:154)
2025-05-16 06:52:11,994 - shared_logger - INFO - Insufficient balance for create_order. Cannot place order. (api_manager.py:154)
2025-05-16 06:52:18,851 - shared_logger - INFO - Insufficient balance for create_order. Cannot place order. (api_manager.py:154)
2025-05-16 06:52:19,671 - shared_logger - INFO - Starting to save shared data... (shared_data_manager.py:275)
2025-05-16 06:52:40,017 - shared_logger - WARNING - ‚ö†Ô∏è No new OHLCV data for OCEAN-USD (ohlcv_manager.py:85)
2025-05-16 06:52:47,789 - shared_logger - WARNING - ‚ö†Ô∏è No new OHLCV data for OCEAN-USD (ohlcv_manager.py:85)
2025-05-16 06:52:48,750 - shared_logger - WARNING - ‚ö†Ô∏è No new OHLCV data for ACX-USD (ohlcv_manager.py:85)
2025-05-16 06:52:55,183 - shared_logger - WARNING - ‚ö†Ô∏è No new OHLCV data for LSETH-USD (ohlcv_manager.py:85)
2025-05-16 06:52:56,617 - shared_logger - WARNING - ‚ö†Ô∏è No new OHLCV data for ACX-USD (ohlcv_manager.py:85)
2025-05-16 06:53:17,904 - shared_logger - WARNING - ‚ö†Ô∏è No new OHLCV data for BLAST-USD (ohlcv_manager.py:85)
2025-05-16 06:53:20,256 - shared_logger - INFO - Starting to save shared data... (shared_data_manager.py:275)
2025-05-16 06:53:20,568 - shared_logger - WARNING - ‚ö†Ô∏è No new OHLCV data for MATH-USD (ohlcv_manager.py:85)
2025-05-16 06:53:37,748 - shared_logger - WARNING - ‚ö†Ô∏è No new OHLCV data for QI-USD (ohlcv_manager.py:85)
2025-05-16 06:53:40,217 - shared_logger - INFO - Insufficient balance for create_order. Cannot place order. (api_manager.py:154)
2025-05-16 06:53:42,496 - shared_logger - WARNING - ‚ö†Ô∏è No new OHLCV data for QI-USD (ohlcv_manager.py:85)
2025-05-16 06:53:43,081 - shared_logger - WARNING - ‚ö†Ô∏è No new OHLCV data for G-USD (ohlcv_manager.py:85)
2025-05-16 06:53:49,572 - shared_logger - WARNING - ‚ö†Ô∏è No new OHLCV data for G-USD (ohlcv_manager.py:85)
2025-05-16 06:53:51,139 - shared_logger - INFO - Insufficient balance for create_order. Cannot place order. (api_manager.py:154)
2025-05-16 06:53:52,896 - shared_logger - INFO - Insufficient balance for create_order. Cannot place order. (api_manager.py:154)
2025-05-16 06:53:53,295 - shared_logger - INFO - Insufficient balance for create_order. Cannot place order. (api_manager.py:154)
2025-05-16 06:53:54,002 - shared_logger - INFO - Insufficient balance for create_order. Cannot place order. (api_manager.py:154)
2025-05-16 06:53:57,375 - shared_logger - WARNING - ‚ö†Ô∏è No new OHLCV data for BLZ-USD (ohlcv_manager.py:85)
2025-05-16 06:54:01,869 - shared_logger - INFO - Insufficient balance for create_order. Cannot place order. (api_manager.py:154)
2025-05-16 06:54:17,682 - shared_logger - WARNING - ‚ö†Ô∏è No new OHLCV data for SEAM-USD (ohlcv_manager.py:85)
2025-05-16 06:54:20,303 - shared_logger - WARNING - ‚ö†Ô∏è No new OHLCV data for SEAM-USD (ohlcv_manager.py:85)
2025-05-16 06:54:22,903 - shared_logger - WARNING - ‚ö†Ô∏è No new OHLCV data for INV-USD (ohlcv_manager.py:85)
2025-05-16 06:54:25,596 - shared_logger - WARNING - ‚ö†Ô∏è No new OHLCV data for INV-USD (ohlcv_manager.py:85)
2025-05-16 06:54:27,707 - shared_logger - INFO - Starting to save shared data... (shared_data_manager.py:275)
2025-05-16 06:54:49,458 - shared_logger - WARNING - ‚ö†Ô∏è No new OHLCV data for MUSE-USD (ohlcv_manager.py:85)
2025-05-16 06:54:52,043 - shared_logger - WARNING - ‚ö†Ô∏è No new OHLCV data for MUSE-USD (ohlcv_manager.py:85)
2025-05-16 06:54:56,172 - shared_logger - WARNING - ‚ö†Ô∏è No new OHLCV data for KNC-USD (ohlcv_manager.py:85)
2025-05-16 06:54:58,789 - shared_logger - WARNING - ‚ö†Ô∏è No new OHLCV data for KNC-USD (ohlcv_manager.py:85)
2025-05-16 06:55:01,964 - shared_logger - WARNING - ‚ö†Ô∏è No new OHLCV data for MSOL-USD (ohlcv_manager.py:85)
2025-05-16 06:55:10,321 - shared_logger - WARNING - ‚ö†Ô∏è No new OHLCV data for MSOL-USD (ohlcv_manager.py:85)
2025-05-16 06:55:14,575 - shared_logger - INFO - Insufficient balance for create_order. Cannot place order. (api_manager.py:154)
2025-05-16 06:55:20,975 - shared_logger - INFO - Insufficient balance for create_order. Cannot place order. (api_manager.py:154)
2025-05-16 06:55:25,659 - shared_logger - INFO - Insufficient balance for create_order. Cannot place order. (api_manager.py:154)
2025-05-16 06:55:27,836 - shared_logger - INFO - Starting to save shared data... (shared_data_manager.py:275)
2025-05-16 06:56:28,952 - shared_logger - INFO - Starting to save shared data... (shared_data_manager.py:275)
2025-05-16 06:56:35,256 - shared_logger - WARNING - ‚ö†Ô∏è No new OHLCV data for BAL-USD (ohlcv_manager.py:85)
2025-05-16 06:56:36,469 - shared_logger - INFO - Insufficient balance for create_order. Cannot place order. (api_manager.py:154)
2025-05-16 06:56:38,445 - shared_logger - WARNING - ‚ö†Ô∏è No new OHLCV data for IOTX-USD (ohlcv_manager.py:85)
2025-05-16 06:56:42,059 - shared_logger - WARNING - ‚ö†Ô∏è No new OHLCV data for IOTX-USD (ohlcv_manager.py:85)
2025-05-16 06:56:43,724 - shared_logger - INFO - Insufficient balance for create_order. Cannot place order. (api_manager.py:154)
2025-05-16 06:56:44,920 - shared_logger - WARNING - ‚ö†Ô∏è No new OHLCV data for SD-USD (ohlcv_manager.py:85)
2025-05-16 06:56:50,532 - shared_logger - INFO - Insufficient balance for create_order. Cannot place order. (api_manager.py:154)
2025-05-16 06:56:52,735 - shared_logger - WARNING - ‚ö†Ô∏è No new OHLCV data for BLZ-USD (ohlcv_manager.py:85)
2025-05-16 06:56:54,267 - shared_logger - WARNING - ‚ö†Ô∏è No new OHLCV data for OSMO-USD (ohlcv_manager.py:85)
2025-05-16 06:56:56,857 - shared_logger - WARNING - ‚ö†Ô∏è No new OHLCV data for OSMO-USD (ohlcv_manager.py:85)
2025-05-16 06:56:59,489 - shared_logger - WARNING - ‚ö†Ô∏è No new OHLCV data for FARM-USD (ohlcv_manager.py:85)
2025-05-16 06:57:17,179 - shared_logger - WARNING - ‚ö†Ô∏è No new OHLCV data for GLM-USD (ohlcv_manager.py:85)
2025-05-16 06:57:19,767 - shared_logger - WARNING - ‚ö†Ô∏è No new OHLCV data for GLM-USD (ohlcv_manager.py:85)
2025-05-16 06:57:29,355 - shared_logger - INFO - Starting to save shared data... (shared_data_manager.py:275)
2025-05-16 06:57:33,693 - shared_logger - WARNING - ‚ö†Ô∏è No new OHLCV data for LPT-USD (ohlcv_manager.py:85)
2025-05-16 06:57:39,017 - shared_logger - WARNING - ‚ö†Ô∏è No new OHLCV data for ZRX-USD (ohlcv_manager.py:85)
2025-05-16 06:57:45,073 - shared_logger - WARNING - ‚ö†Ô∏è No new OHLCV data for ZRX-USD (ohlcv_manager.py:85)
2025-05-16 06:57:49,064 - shared_logger - WARNING - ‚ö†Ô∏è No new OHLCV data for ALCX-USD (ohlcv_manager.py:85)
2025-05-16 06:57:57,878 - shared_logger - WARNING - ‚ö†Ô∏è No new OHLCV data for ALCX-USD (ohlcv_manager.py:85)
2025-05-16 06:58:00,526 - shared_logger - WARNING - ‚ö†Ô∏è No new OHLCV data for OXT-USD (ohlcv_manager.py:85)
2025-05-16 06:58:03,421 - shared_logger - INFO - Insufficient balance for create_order. Cannot place order. (api_manager.py:154)
2025-05-16 06:58:04,503 - shared_logger - WARNING - ‚ö†Ô∏è No new OHLCV data for OXT-USD (ohlcv_manager.py:85)
2025-05-16 06:58:15,428 - shared_logger - WARNING - ‚ö†Ô∏è No new OHLCV data for BNT-USD (ohlcv_manager.py:85)
2025-05-16 06:58:18,716 - shared_logger - INFO - Insufficient balance for create_order. Cannot place order. (api_manager.py:154)
2025-05-16 06:58:19,093 - shared_logger - WARNING - ‚ö†Ô∏è No new OHLCV data for BNT-USD (ohlcv_manager.py:85)
2025-05-16 06:58:29,205 - shared_logger - INFO - Insufficient balance for create_order. Cannot place order. (api_manager.py:154)
2025-05-16 06:58:29,616 - shared_logger - INFO - Insufficient balance for create_order. Cannot place order. (api_manager.py:154)
2025-05-16 06:58:30,992 - shared_logger - INFO - Insufficient balance for create_order. Cannot place order. (api_manager.py:154)
2025-05-16 06:58:31,044 - shared_logger - INFO - Starting to save shared data... (shared_data_manager.py:275)
2025-05-16 06:58:32,996 - shared_logger - INFO - Insufficient balance for create_order. Cannot place order. (api_manager.py:154)
2025-05-16 06:58:46,500 - shared_logger - WARNING - ‚ö†Ô∏è No new OHLCV data for APE-USD (ohlcv_manager.py:85)
2025-05-16 06:58:49,880 - shared_logger - WARNING - ‚ö†Ô∏è No new OHLCV data for APE-USD (ohlcv_manager.py:85)
2025-05-16 06:58:57,305 - shared_logger - WARNING - ‚ö†Ô∏è No new OHLCV data for PAX-USD (ohlcv_manager.py:85)
2025-05-16 06:59:00,180 - shared_logger - WARNING - ‚ö†Ô∏è No new OHLCV data for PAX-USD (ohlcv_manager.py:85)
2025-05-16 06:59:06,929 - shared_logger - WARNING - ‚ö†Ô∏è No new OHLCV data for STORJ-USD (ohlcv_manager.py:85)
2025-05-16 06:59:24,534 - shared_logger - WARNING - ‚ö†Ô∏è No new OHLCV data for RBN-USD (ohlcv_manager.py:85)
2025-05-16 06:59:28,446 - shared_logger - WARNING - ‚ö†Ô∏è No new OHLCV data for RBN-USD (ohlcv_manager.py:85)
2025-05-16 06:59:31,321 - shared_logger - WARNING - ‚ö†Ô∏è No new OHLCV data for DNT-USD (ohlcv_manager.py:85)
2025-05-16 06:59:32,995 - shared_logger - INFO - Starting to save shared data... (shared_data_manager.py:275)
2025-05-16 06:59:37,083 - shared_logger - WARNING - ‚ö†Ô∏è No new OHLCV data for DNT-USD (ohlcv_manager.py:85)
2025-05-16 06:59:45,088 - shared_logger - INFO - Insufficient balance for create_order. Cannot place order. (api_manager.py:154)
2025-05-16 06:59:51,335 - shared_logger - INFO - Insufficient balance for create_order. Cannot place order. (api_manager.py:154)
2025-05-16 06:59:53,289 - shared_logger - WARNING - ‚ö†Ô∏è No new OHLCV data for FLOW-USD (ohlcv_manager.py:85)
2025-05-16 06:59:57,057 - shared_logger - WARNING - ‚ö†Ô∏è No new OHLCV data for FLOW-USD (ohlcv_manager.py:85)
2025-05-16 06:59:58,026 - shared_logger - INFO - Insufficient balance for create_order. Cannot place order. (api_manager.py:154)
2025-05-16 07:00:01,241 - shared_logger - WARNING - ‚ö†Ô∏è No new OHLCV data for L3-USD (ohlcv_manager.py:85)
2025-05-16 07:00:34,130 - shared_logger - INFO - Starting to save shared data... (shared_data_manager.py:275)
2025-05-16 07:01:06,777 - shared_logger - INFO - Insufficient balance for create_order. Cannot place order. (api_manager.py:154)
2025-05-16 07:01:07,788 - shared_logger - WARNING - ‚ö†Ô∏è No new OHLCV data for INDEX-USD (ohlcv_manager.py:85)
2025-05-16 07:01:10,188 - shared_logger - INFO - Insufficient balance for create_order. Cannot place order. (api_manager.py:154)
2025-05-16 07:01:11,125 - shared_logger - WARNING - ‚ö†Ô∏è No new OHLCV data for INDEX-USD (ohlcv_manager.py:85)
2025-05-16 07:01:16,264 - shared_logger - INFO - Insufficient balance for create_order. Cannot place order. (api_manager.py:154)
2025-05-16 07:01:24,500 - shared_logger - WARNING - ‚ö†Ô∏è No new OHLCV data for ACS-USD (ohlcv_manager.py:85)
2025-05-16 07:01:27,066 - shared_logger - WARNING - ‚ö†Ô∏è No new OHLCV data for ACS-USD (ohlcv_manager.py:85)
2025-05-16 07:01:34,252 - shared_logger - INFO - Starting to save shared data... (shared_data_manager.py:275)
2025-05-16 07:01:39,545 - shared_logger - WARNING - ‚ö†Ô∏è No new OHLCV data for SHDW-USD (ohlcv_manager.py:85)
2025-05-16 07:01:42,094 - shared_logger - WARNING - ‚ö†Ô∏è No new OHLCV data for OGN-USD (ohlcv_manager.py:85)
2025-05-16 07:01:44,780 - shared_logger - WARNING - ‚ö†Ô∏è No new OHLCV data for OGN-USD (ohlcv_manager.py:85)
2025-05-16 07:02:13,216 - shared_logger - WARNING - ‚ö†Ô∏è No new OHLCV data for WAXL-USD (ohlcv_manager.py:85)
2025-05-16 07:02:15,823 - shared_logger - WARNING - ‚ö†Ô∏è No new OHLCV data for WAXL-USD (ohlcv_manager.py:85)
2025-05-16 07:02:24,351 - shared_logger - INFO - Insufficient balance for create_order. Cannot place order. (api_manager.py:154)
2025-05-16 07:02:28,464 - shared_logger - WARNING - ‚ö†Ô∏è No new OHLCV data for STG-USD (ohlcv_manager.py:85)
2025-05-16 07:02:29,150 - shared_logger - INFO - Insufficient balance for create_order. Cannot place order. (api_manager.py:154)
2025-05-16 07:02:32,021 - shared_logger - WARNING - ‚ö†Ô∏è No new OHLCV data for STG-USD (ohlcv_manager.py:85)
2025-05-16 07:02:35,012 - shared_logger - INFO - Insufficient balance for create_order. Cannot place order. (api_manager.py:154)
2025-05-16 07:02:35,445 - shared_logger - INFO - Starting to save shared data... (shared_data_manager.py:275)
2025-05-16 07:03:07,741 - shared_logger - INFO - Insufficient balance for create_order. Cannot place order. (api_manager.py:154)
2025-05-16 07:03:08,757 - shared_logger - INFO - Insufficient balance for create_order. Cannot place order. (api_manager.py:154)
2025-05-16 07:03:20,335 - shared_logger - WARNING - ‚ö†Ô∏è No new OHLCV data for STORJ-USD (ohlcv_manager.py:85)
2025-05-16 07:03:22,918 - shared_logger - WARNING - ‚ö†Ô∏è No new OHLCV data for MSOL-USD (ohlcv_manager.py:85)
2025-05-16 07:03:25,570 - shared_logger - WARNING - ‚ö†Ô∏è No new OHLCV data for MSOL-USD (ohlcv_manager.py:85)
2025-05-16 07:03:35,544 - shared_logger - INFO - Starting to save shared data... (shared_data_manager.py:275)
2025-05-16 07:03:42,009 - shared_logger - WARNING - ‚ö†Ô∏è No new OHLCV data for UMA-USD (ohlcv_manager.py:85)
2025-05-16 07:03:44,938 - shared_logger - INFO - Insufficient balance for create_order. Cannot place order. (api_manager.py:154)
2025-05-16 07:03:45,921 - shared_logger - WARNING - ‚ö†Ô∏è No new OHLCV data for UMA-USD (ohlcv_manager.py:85)
2025-05-16 07:03:49,131 - shared_logger - INFO - Insufficient balance for create_order. Cannot place order. (api_manager.py:154)
2025-05-16 07:03:54,319 - shared_logger - INFO - Insufficient balance for create_order. Cannot place order. (api_manager.py:154)
2025-05-16 07:04:39,842 - shared_logger - INFO - Starting to save shared data... (shared_data_manager.py:275)
2025-05-16 07:05:03,132 - shared_logger - INFO - Insufficient balance for create_order. Cannot place order. (api_manager.py:154)
2025-05-16 07:05:06,853 - shared_logger - INFO - Insufficient balance for create_order. Cannot place order. (api_manager.py:154)
2025-05-16 07:05:10,885 - shared_logger - INFO - Insufficient balance for create_order. Cannot place order. (api_manager.py:154)
2025-05-16 07:05:39,931 - shared_logger - INFO - Starting to save shared data... (shared_data_manager.py:275)
2025-05-16 07:05:58,977 - shared_logger - WARNING - ‚ö†Ô∏è No new OHLCV data for BADGER-USD (ohlcv_manager.py:85)
2025-05-16 07:06:01,501 - shared_logger - WARNING - ‚ö†Ô∏è No new OHLCV data for BADGER-USD (ohlcv_manager.py:85)
2025-05-16 07:06:03,915 - shared_logger - WARNING - ‚ö†Ô∏è No new OHLCV data for OCEAN-USD (ohlcv_manager.py:85)
2025-05-16 07:06:06,369 - shared_logger - WARNING - ‚ö†Ô∏è No new OHLCV data for OCEAN-USD (ohlcv_manager.py:85)
2025-05-16 07:06:23,919 - shared_logger - INFO - Insufficient balance for create_order. Cannot place order. (api_manager.py:154)
2025-05-16 07:06:26,673 - shared_logger - ERROR - ‚ùå Exception in get_fee_rates(): Connector is closed. (coinbase_api.py:153)
Traceback (most recent call last):
  File "/Users/jack/Python_Projects/BotTrader/Api_manager/coinbase_api.py", line 137, in get_fee_rates
    async with self.session.get(url, headers=headers) as response:
  File "/opt/anaconda3/envs/TradeBot/lib/python3.10/site-packages/aiohttp/client.py", line 1360, in __aenter__
    self._resp: _RetType = await self._coro
  File "/opt/anaconda3/envs/TradeBot/lib/python3.10/site-packages/aiohttp/client.py", line 663, in _request
    conn = await self._connector.connect(
  File "/opt/anaconda3/envs/TradeBot/lib/python3.10/site-packages/aiohttp/connector.py", line 548, in connect
    raise ClientConnectionError("Connector is closed.")
aiohttp.client_exceptions.ClientConnectionError: Connector is closed.
2025-05-16 07:06:27,587 - shared_logger - WARNING - ‚ö†Ô∏è No new OHLCV data for POWR-USD (ohlcv_manager.py:85)
