2025-06-08 00:42:43,784 - shared_logger - INFO - üî∏Email alerts are DISABLED via EMAIL_ALERTS=False. (alert_system.py:31)
2025-06-08 00:43:07,061 - shared_logger - INFO - Database connected successfully. (database_session_manager.py:102)
2025-06-08 00:43:07,061 - shared_logger - INFO - DatabaseSessionManager initialized and connected to the database. (database_session_manager.py:112)
2025-06-08 00:43:07,140 - shared_logger - INFO - ‚úÖ Database schema initialized (tables created if they didn't exist). (database_session_manager.py:60)
2025-06-08 00:43:07,157 - shared_logger - INFO - üîπ CoinBaseAPI  initialzed debug. (coinbase_api.py:35)
2025-06-08 00:43:07,157 - shared_logger - INFO - üî∏Email alerts are DISABLED via EMAIL_ALERTS=False. (alert_system.py:31)
2025-06-08 00:43:07,158 - shared_logger - INFO - üî∏Email alerts are DISABLED via EMAIL_ALERTS=False. (alert_system.py:31)
2025-06-08 00:43:07,163 - shared_logger - INFO - üî∏Email alerts are DISABLED via EMAIL_ALERTS=False. (alert_system.py:31)
2025-06-08 00:43:07,204 - shared_logger - INFO - üìä ticker_cache rows: 17 (shared_data_manager.py:153)
2025-06-08 00:43:07,205 - shared_logger - INFO - ‚úÖ Startup snapshot loaded from database. (shared_data_manager.py:170)
2025-06-08 00:43:25,850 - shared_logger - INFO - No ticker data for symbol: CELO/USD (ticker_manager.py:427)
2025-06-08 00:43:32,996 - shared_logger - INFO - ‚úÖ SharedDataManager market data initialized. (shared_data_manager.py:197)
2025-06-08 00:43:32,996 - shared_logger - INFO - Starting to save shared data... (shared_data_manager.py:334)
2025-06-08 00:43:49,431 - shared_logger - INFO - No ticker data for symbol: CELO/USD (ticker_manager.py:427)
2025-06-08 00:43:53,783 - shared_logger - WARNING - ‚ö†Ô∏è No OHLCV data returned for DAI-USD (coinbase_api.py:404)
2025-06-08 00:43:54,157 - shared_logger - INFO - No ticker data for symbol: CELO/USD (ticker_manager.py:427)
2025-06-08 00:43:54,236 - shared_logger - INFO - ‚úÖ One-time market data refresh complete. (market_data_manager.py:92)
2025-06-08 00:43:54,248 - shared_logger - ERROR - ‚ùå Failed to fetch OHLCV data: 400 (coinbase_api.py:395)
2025-06-08 00:43:58,441 - shared_logger - WARNING - ‚ö†Ô∏è safe_convert: Could not convert value=176 with decimal_places=8: [<class 'decimal.InvalidOperation'>] (precision.py:53)
2025-06-08 00:43:58,880 - shared_logger - INFO - No ticker data for symbol: CELO/USD (ticker_manager.py:427)
2025-06-08 00:44:01,446 - shared_logger - WARNING - ‚ö†Ô∏è No OHLCV data returned for ORCA-USD (coinbase_api.py:404)
2025-06-08 00:44:02,141 - shared_logger - ERROR - ‚ùå Failed to fetch OHLCV data: 400 (coinbase_api.py:395)
2025-06-08 00:44:03,058 - shared_logger - WARNING - ‚ö†Ô∏è No OHLCV data returned for KERNEL-USD (coinbase_api.py:404)
2025-06-08 00:44:03,435 - shared_logger - ERROR - ‚ùå Failed to fetch OHLCV data: 400 (coinbase_api.py:395)
2025-06-08 00:44:05,989 - shared_logger - WARNING - ‚ö†Ô∏è No OHLCV data returned for C98-USD (coinbase_api.py:404)
2025-06-08 00:44:06,616 - shared_logger - ERROR - ‚ùå Failed to fetch OHLCV data: 400 (coinbase_api.py:395)
2025-06-08 00:44:07,041 - shared_logger - WARNING - ‚ö†Ô∏è No OHLCV data returned for C98-USD (coinbase_api.py:404)
2025-06-08 00:44:07,063 - shared_logger - WARNING - ‚ö†Ô∏è No OHLCV data returned for POWR-USD (coinbase_api.py:404)
2025-06-08 00:44:07,932 - shared_logger - ERROR - ‚ùå Failed to fetch OHLCV data: 400 (coinbase_api.py:395)
2025-06-08 00:44:10,243 - shared_logger - INFO - No ticker data for symbol: CELO/USD (ticker_manager.py:427)
2025-06-08 00:44:10,318 - shared_logger - INFO - ‚úÖ One-time market data refresh complete. (market_data_manager.py:92)
2025-06-08 00:44:11,001 - shared_logger - WARNING - ‚ö†Ô∏è No OHLCV data returned for ILV-USD (coinbase_api.py:404)
2025-06-08 00:44:11,633 - shared_logger - ERROR - ‚ùå Failed to fetch OHLCV data: 400 (coinbase_api.py:395)
2025-06-08 00:44:12,365 - shared_logger - WARNING - ‚ö†Ô∏è No OHLCV data returned for BAT-USD (coinbase_api.py:404)
2025-06-08 00:44:12,940 - shared_logger - ERROR - ‚ùå Failed to fetch OHLCV data: 400 (coinbase_api.py:395)
2025-06-08 00:44:13,387 - shared_logger - WARNING - ‚ö†Ô∏è No OHLCV data returned for ERN-USD (coinbase_api.py:404)
2025-06-08 00:44:20,110 - shared_logger - ERROR - ‚ùå Failed to fetch OHLCV data: 400 (coinbase_api.py:395)
2025-06-08 00:44:20,280 - shared_logger - WARNING - ‚ö†Ô∏è No OHLCV data returned for ERN-USD (coinbase_api.py:404)
2025-06-08 00:44:21,038 - shared_logger - WARNING - ‚ö†Ô∏è No OHLCV data returned for SNX-USD (coinbase_api.py:404)
2025-06-08 00:44:22,802 - shared_logger - ERROR - ‚ùå Failed to fetch OHLCV data: 400 (coinbase_api.py:395)
2025-06-08 00:44:22,952 - shared_logger - INFO - No ticker data for symbol: CELO/USD (ticker_manager.py:427)
2025-06-08 00:44:23,052 - shared_logger - INFO - ‚úÖ One-time market data refresh complete. (market_data_manager.py:92)
2025-06-08 00:44:24,260 - shared_logger - INFO - Insufficient balance for create_order. Cannot place order. (api_manager.py:157)
2025-06-08 00:44:24,917 - shared_logger - INFO - Insufficient balance for create_order. Cannot place order. (api_manager.py:157)
2025-06-08 00:44:25,626 - shared_logger - INFO - Insufficient balance for create_order. Cannot place order. (api_manager.py:157)
2025-06-08 00:44:25,630 - shared_logger - WARNING - ‚ö†Ô∏è No OHLCV data returned for VVV-USD (coinbase_api.py:404)
2025-06-08 00:44:25,972 - shared_logger - ERROR - ‚ùå Failed to fetch OHLCV data: 400 (coinbase_api.py:395)
2025-06-08 00:44:28,298 - shared_logger - WARNING - ‚ö†Ô∏è No OHLCV data returned for AURORA-USD (coinbase_api.py:404)
2025-06-08 00:44:28,392 - shared_logger - INFO - No ticker data for symbol: CELO/USD (ticker_manager.py:427)
2025-06-08 00:44:28,782 - shared_logger - ERROR - ‚ùå Failed to fetch OHLCV data: 400 (coinbase_api.py:395)
2025-06-08 00:44:29,412 - shared_logger - WARNING - ‚ö†Ô∏è No OHLCV data returned for AST-USD (coinbase_api.py:404)
2025-06-08 00:44:29,990 - shared_logger - ERROR - ‚ùå Failed to fetch OHLCV data: 400 (coinbase_api.py:395)
2025-06-08 00:44:30,476 - shared_logger - WARNING - ‚ö†Ô∏è No OHLCV data returned for L3-USD (coinbase_api.py:404)
2025-06-08 00:44:30,824 - shared_logger - ERROR - ‚ùå Failed to fetch OHLCV data: 400 (coinbase_api.py:395)
2025-06-08 00:44:32,115 - shared_logger - WARNING - ‚ö†Ô∏è No OHLCV data returned for OXT-USD (coinbase_api.py:404)
2025-06-08 00:44:32,508 - shared_logger - ERROR - ‚ùå Failed to fetch OHLCV data: 400 (coinbase_api.py:395)
2025-06-08 00:44:34,222 - shared_logger - WARNING - ‚ö†Ô∏è No OHLCV data returned for AVT-USD (coinbase_api.py:404)
2025-06-08 00:44:34,572 - shared_logger - ERROR - ‚ùå Failed to fetch OHLCV data: 400 (coinbase_api.py:395)
2025-06-08 00:44:37,728 - shared_logger - WARNING - ‚ö†Ô∏è No OHLCV data returned for LQTY-USD (coinbase_api.py:404)
2025-06-08 00:44:38,071 - shared_logger - ERROR - ‚ùå Failed to fetch OHLCV data: 400 (coinbase_api.py:395)
2025-06-08 00:44:39,246 - shared_logger - WARNING - ‚ö†Ô∏è No OHLCV data returned for ZRO-USD (coinbase_api.py:404)
2025-06-08 00:44:39,603 - shared_logger - ERROR - ‚ùå Failed to fetch OHLCV data: 400 (coinbase_api.py:395)
2025-06-08 00:44:39,999 - shared_logger - WARNING - ‚ö†Ô∏è No OHLCV data returned for WAXL-USD (coinbase_api.py:404)
2025-06-08 00:44:40,345 - shared_logger - ERROR - ‚ùå Failed to fetch OHLCV data: 400 (coinbase_api.py:395)
2025-06-08 00:44:40,749 - shared_logger - WARNING - ‚ö†Ô∏è No OHLCV data returned for STORJ-USD (coinbase_api.py:404)
2025-06-08 00:44:41,106 - shared_logger - ERROR - ‚ùå Failed to fetch OHLCV data: 400 (coinbase_api.py:395)
2025-06-08 00:44:42,765 - shared_logger - WARNING - ‚ö†Ô∏è No OHLCV data returned for BADGER-USD (coinbase_api.py:404)
2025-06-08 00:44:43,014 - shared_logger - WARNING - ‚ö†Ô∏è No OHLCV data returned for BADGER-USD (coinbase_api.py:404)
2025-06-08 00:44:43,134 - shared_logger - ERROR - ‚ùå Failed to fetch OHLCV data: 400 (coinbase_api.py:395)
2025-06-08 00:44:43,554 - shared_logger - WARNING - ‚ö†Ô∏è No OHLCV data returned for GMT-USD (coinbase_api.py:404)
2025-06-08 00:44:43,928 - shared_logger - ERROR - ‚ùå Failed to fetch OHLCV data: 400 (coinbase_api.py:395)
2025-06-08 00:44:44,307 - shared_logger - WARNING - ‚ö†Ô∏è No OHLCV data returned for STRK-USD (coinbase_api.py:404)
2025-06-08 00:44:44,655 - shared_logger - ERROR - ‚ùå Failed to fetch OHLCV data: 400 (coinbase_api.py:395)
2025-06-08 00:44:45,899 - shared_logger - WARNING - ‚ö†Ô∏è No OHLCV data returned for RARI-USD (coinbase_api.py:404)
2025-06-08 00:44:46,274 - shared_logger - ERROR - ‚ùå Failed to fetch OHLCV data: 400 (coinbase_api.py:395)
2025-06-08 00:44:46,653 - shared_logger - WARNING - ‚ö†Ô∏è No OHLCV data returned for QI-USD (coinbase_api.py:404)
2025-06-08 00:44:46,992 - shared_logger - ERROR - ‚ùå Failed to fetch OHLCV data: 400 (coinbase_api.py:395)
2025-06-08 00:44:47,377 - shared_logger - WARNING - ‚ö†Ô∏è No OHLCV data returned for CHZ-USD (coinbase_api.py:404)
2025-06-08 00:44:47,720 - shared_logger - ERROR - ‚ùå Failed to fetch OHLCV data: 400 (coinbase_api.py:395)
2025-06-08 00:47:12,302 - shared_logger - INFO - üî∏Email alerts are DISABLED via EMAIL_ALERTS=False. (alert_system.py:31)
2025-06-08 00:47:12,426 - shared_logger - INFO - Database connected successfully. (database_session_manager.py:102)
2025-06-08 00:47:12,427 - shared_logger - INFO - DatabaseSessionManager initialized and connected to the database. (database_session_manager.py:112)
2025-06-08 00:47:12,486 - shared_logger - INFO - ‚úÖ Database schema initialized (tables created if they didn't exist). (database_session_manager.py:60)
2025-06-08 00:47:12,510 - shared_logger - INFO - üîπ CoinBaseAPI  initialzed debug. (coinbase_api.py:35)
2025-06-08 00:47:12,511 - shared_logger - INFO - üî∏Email alerts are DISABLED via EMAIL_ALERTS=False. (alert_system.py:31)
2025-06-08 00:47:12,511 - shared_logger - INFO - üî∏Email alerts are DISABLED via EMAIL_ALERTS=False. (alert_system.py:31)
2025-06-08 00:47:12,514 - shared_logger - INFO - üî∏Email alerts are DISABLED via EMAIL_ALERTS=False. (alert_system.py:31)
2025-06-08 00:47:20,657 - shared_logger - INFO - üìä ticker_cache rows: 18 (shared_data_manager.py:153)
2025-06-08 00:47:20,657 - shared_logger - INFO - ‚úÖ Startup snapshot loaded from database. (shared_data_manager.py:170)
2025-06-08 00:48:05,283 - shared_logger - INFO - No ticker data for symbol: CELO/USD (ticker_manager.py:427)
2025-06-08 00:48:18,586 - shared_logger - INFO - ‚úÖ SharedDataManager market data initialized. (shared_data_manager.py:197)
2025-06-08 00:48:18,586 - shared_logger - INFO - Starting to save shared data... (shared_data_manager.py:334)
2025-06-08 00:49:27,017 - shared_logger - INFO - üî∏Email alerts are DISABLED via EMAIL_ALERTS=False. (alert_system.py:31)
2025-06-08 00:49:27,145 - shared_logger - INFO - Database connected successfully. (database_session_manager.py:102)
2025-06-08 00:49:27,145 - shared_logger - INFO - DatabaseSessionManager initialized and connected to the database. (database_session_manager.py:112)
2025-06-08 00:49:27,225 - shared_logger - INFO - ‚úÖ Database schema initialized (tables created if they didn't exist). (database_session_manager.py:60)
2025-06-08 00:49:27,237 - shared_logger - INFO - üîπ CoinBaseAPI  initialzed debug. (coinbase_api.py:35)
2025-06-08 00:49:27,238 - shared_logger - INFO - üî∏Email alerts are DISABLED via EMAIL_ALERTS=False. (alert_system.py:31)
2025-06-08 00:49:27,238 - shared_logger - INFO - üî∏Email alerts are DISABLED via EMAIL_ALERTS=False. (alert_system.py:31)
2025-06-08 00:49:27,241 - shared_logger - INFO - üî∏Email alerts are DISABLED via EMAIL_ALERTS=False. (alert_system.py:31)
2025-06-08 00:49:42,404 - shared_logger - INFO - üìä ticker_cache rows: 18 (shared_data_manager.py:153)
2025-06-08 00:49:42,404 - shared_logger - INFO - ‚úÖ Startup snapshot loaded from database. (shared_data_manager.py:170)
2025-06-08 00:51:51,193 - shared_logger - INFO - üî∏Email alerts are DISABLED via EMAIL_ALERTS=False. (alert_system.py:31)
2025-06-08 00:51:51,314 - shared_logger - INFO - Database connected successfully. (database_session_manager.py:102)
2025-06-08 00:51:51,315 - shared_logger - INFO - DatabaseSessionManager initialized and connected to the database. (database_session_manager.py:112)
2025-06-08 00:51:51,366 - shared_logger - INFO - ‚úÖ Database schema initialized (tables created if they didn't exist). (database_session_manager.py:60)
2025-06-08 00:51:51,387 - shared_logger - INFO - üîπ CoinBaseAPI  initialzed debug. (coinbase_api.py:35)
2025-06-08 00:51:51,388 - shared_logger - INFO - üî∏Email alerts are DISABLED via EMAIL_ALERTS=False. (alert_system.py:31)
2025-06-08 00:51:51,388 - shared_logger - INFO - üî∏Email alerts are DISABLED via EMAIL_ALERTS=False. (alert_system.py:31)
2025-06-08 00:51:51,394 - shared_logger - INFO - üî∏Email alerts are DISABLED via EMAIL_ALERTS=False. (alert_system.py:31)
2025-06-08 00:51:53,999 - shared_logger - INFO - üìä ticker_cache rows: 18 (shared_data_manager.py:153)
2025-06-08 00:51:53,999 - shared_logger - INFO - ‚úÖ Startup snapshot loaded from database. (shared_data_manager.py:170)
2025-06-08 00:52:22,188 - shared_logger - INFO - No ticker data for symbol: CELO/USD (ticker_manager.py:427)
2025-06-08 00:54:25,640 - shared_logger - INFO - üî∏Email alerts are DISABLED via EMAIL_ALERTS=False. (alert_system.py:31)
2025-06-08 00:54:25,762 - shared_logger - INFO - Database connected successfully. (database_session_manager.py:102)
2025-06-08 00:54:25,762 - shared_logger - INFO - DatabaseSessionManager initialized and connected to the database. (database_session_manager.py:112)
2025-06-08 00:54:25,820 - shared_logger - INFO - ‚úÖ Database schema initialized (tables created if they didn't exist). (database_session_manager.py:60)
2025-06-08 00:54:25,840 - shared_logger - INFO - üîπ CoinBaseAPI  initialzed debug. (coinbase_api.py:35)
2025-06-08 00:54:25,840 - shared_logger - INFO - üî∏Email alerts are DISABLED via EMAIL_ALERTS=False. (alert_system.py:31)
2025-06-08 00:54:25,841 - shared_logger - INFO - üî∏Email alerts are DISABLED via EMAIL_ALERTS=False. (alert_system.py:31)
2025-06-08 00:54:25,844 - shared_logger - INFO - üî∏Email alerts are DISABLED via EMAIL_ALERTS=False. (alert_system.py:31)
2025-06-08 00:54:25,868 - shared_logger - INFO - üìä ticker_cache rows: 18 (shared_data_manager.py:153)
2025-06-08 00:54:25,868 - shared_logger - INFO - ‚úÖ Startup snapshot loaded from database. (shared_data_manager.py:170)
2025-06-08 00:54:29,399 - shared_logger - INFO - No ticker data for symbol: CELO/USD (ticker_manager.py:427)
2025-06-08 00:54:31,662 - shared_logger - INFO - ‚úÖ SharedDataManager market data initialized. (shared_data_manager.py:197)
2025-06-08 00:54:31,663 - shared_logger - INFO - Starting to save shared data... (shared_data_manager.py:337)
2025-06-08 00:54:36,424 - shared_logger - INFO - No ticker data for symbol: CELO/USD (ticker_manager.py:427)
2025-06-08 00:54:44,645 - shared_logger - WARNING - ‚ö†Ô∏è No OHLCV data returned for AKT-USD (coinbase_api.py:404)
2025-06-08 00:54:45,191 - shared_logger - ERROR - ‚ùå Failed to fetch OHLCV data: 400 (coinbase_api.py:395)
2025-06-08 00:54:47,133 - shared_logger - WARNING - ‚ö†Ô∏è No OHLCV data returned for DRIFT-USD (coinbase_api.py:404)
2025-06-08 00:54:48,179 - shared_logger - ERROR - ‚ùå Failed to fetch OHLCV data: 400 (coinbase_api.py:395)
2025-06-08 00:54:52,295 - shared_logger - WARNING - ‚ö†Ô∏è No OHLCV data returned for MATH-USD (coinbase_api.py:404)
2025-06-08 00:54:52,693 - shared_logger - ERROR - ‚ùå Failed to fetch OHLCV data: 400 (coinbase_api.py:395)
2025-06-08 00:54:57,646 - shared_logger - WARNING - ‚ö†Ô∏è No OHLCV data returned for ACX-USD (coinbase_api.py:404)
2025-06-08 00:54:58,061 - shared_logger - ERROR - ‚ùå Failed to fetch OHLCV data: 400 (coinbase_api.py:395)
2025-06-08 00:54:58,515 - shared_logger - WARNING - ‚ö†Ô∏è No OHLCV data returned for DAI-USD (coinbase_api.py:404)
2025-06-08 00:54:58,927 - shared_logger - ERROR - ‚ùå Failed to fetch OHLCV data: 400 (coinbase_api.py:395)
2025-06-08 00:54:59,365 - shared_logger - WARNING - ‚ö†Ô∏è No OHLCV data returned for ABT-USD (coinbase_api.py:404)
2025-06-08 00:55:01,157 - shared_logger - ERROR - ‚ùå Failed to fetch OHLCV data: 400 (coinbase_api.py:395)
2025-06-08 00:55:02,180 - shared_logger - INFO - No ticker data for symbol: CELO/USD (ticker_manager.py:427)
2025-06-08 00:55:04,619 - shared_logger - WARNING - ‚ö†Ô∏è No OHLCV data returned for OGN-USD (coinbase_api.py:404)
2025-06-08 00:55:06,218 - shared_logger - ERROR - ‚ùå Failed to fetch OHLCV data: 400 (coinbase_api.py:395)
2025-06-08 00:55:09,829 - shared_logger - WARNING - ‚ö†Ô∏è No OHLCV data returned for A8-USD (coinbase_api.py:404)
2025-06-08 00:55:10,295 - shared_logger - ERROR - ‚ùå Failed to fetch OHLCV data: 400 (coinbase_api.py:395)
2025-06-08 00:55:11,210 - shared_logger - WARNING - ‚ö†Ô∏è No OHLCV data returned for GHST-USD (coinbase_api.py:404)
2025-06-08 00:55:11,608 - shared_logger - ERROR - ‚ùå Failed to fetch OHLCV data: 400 (coinbase_api.py:395)
2025-06-08 00:55:12,101 - shared_logger - WARNING - ‚ö†Ô∏è No OHLCV data returned for GTC-USD (coinbase_api.py:404)
2025-06-08 00:55:12,448 - shared_logger - ERROR - ‚ùå Failed to fetch OHLCV data: 400 (coinbase_api.py:395)
2025-06-08 00:55:24,212 - shared_logger - WARNING - ‚ö†Ô∏è No OHLCV data returned for SUSHI-USD (coinbase_api.py:404)
2025-06-08 00:55:24,556 - shared_logger - ERROR - ‚ùå Failed to fetch OHLCV data: 400 (coinbase_api.py:395)
2025-06-08 00:55:26,555 - shared_logger - WARNING - ‚ö†Ô∏è No OHLCV data returned for XTZ-USD (coinbase_api.py:404)
2025-06-08 00:55:26,913 - shared_logger - ERROR - ‚ùå Failed to fetch OHLCV data: 400 (coinbase_api.py:395)
2025-06-08 00:55:27,297 - shared_logger - WARNING - ‚ö†Ô∏è No OHLCV data returned for CRO-USD (coinbase_api.py:404)
2025-06-08 00:55:27,656 - shared_logger - ERROR - ‚ùå Failed to fetch OHLCV data: 400 (coinbase_api.py:395)
2025-06-08 00:55:28,809 - shared_logger - WARNING - ‚ö†Ô∏è No OHLCV data returned for PNG-USD (coinbase_api.py:404)
2025-06-08 00:55:29,166 - shared_logger - ERROR - ‚ùå Failed to fetch OHLCV data: 400 (coinbase_api.py:395)
2025-06-08 00:55:29,918 - shared_logger - WARNING - ‚ö†Ô∏è No OHLCV data returned for CVC-USD (coinbase_api.py:404)
2025-06-08 00:55:31,649 - shared_logger - ERROR - ‚ùå Failed to fetch OHLCV data: 400 (coinbase_api.py:395)
2025-06-08 00:55:31,852 - shared_logger - INFO - No ticker data for symbol: CELO/USD (ticker_manager.py:427)
2025-06-08 00:55:34,140 - shared_logger - WARNING - ‚ö†Ô∏è No OHLCV data returned for ELA-USD (coinbase_api.py:404)
2025-06-08 00:55:34,566 - shared_logger - ERROR - ‚ùå Failed to fetch OHLCV data: 400 (coinbase_api.py:395)
2025-06-08 00:55:35,188 - shared_logger - WARNING - ‚ö†Ô∏è No OHLCV data returned for CVX-USD (coinbase_api.py:404)
2025-06-08 00:55:35,909 - shared_logger - ERROR - ‚ùå Failed to fetch OHLCV data: 400 (coinbase_api.py:395)
2025-06-08 00:55:36,499 - shared_logger - WARNING - ‚ö†Ô∏è No OHLCV data returned for PAX-USD (coinbase_api.py:404)
2025-06-08 00:55:36,593 - shared_logger - INFO - Starting to save shared data... (shared_data_manager.py:337)
2025-06-08 00:55:36,849 - shared_logger - WARNING - ‚ö†Ô∏è No OHLCV data returned for PAX-USD (coinbase_api.py:404)
2025-06-08 00:55:37,472 - shared_logger - ERROR - ‚ùå Failed to fetch OHLCV data: 400 (coinbase_api.py:395)
2025-06-08 00:55:39,946 - shared_logger - INFO - No ticker data for symbol: CELO/USD (ticker_manager.py:427)
2025-06-08 00:55:40,021 - shared_logger - INFO - ‚úÖ One-time market data refresh complete. (market_data_manager.py:92)
2025-06-08 00:55:41,027 - shared_logger - INFO - Insufficient balance for create_order. Cannot place order. (api_manager.py:157)
2025-06-08 00:55:41,032 - shared_logger - WARNING - ‚ö†Ô∏è No OHLCV data returned for ALEPH-USD (coinbase_api.py:404)
2025-06-08 00:55:41,685 - shared_logger - INFO - Insufficient balance for create_order. Cannot place order. (api_manager.py:157)
2025-06-08 00:55:41,901 - shared_logger - ERROR - ‚ùå Failed to fetch OHLCV data: 400 (coinbase_api.py:395)
2025-06-08 00:55:42,431 - shared_logger - INFO - Insufficient balance for create_order. Cannot place order. (api_manager.py:157)
2025-06-08 00:55:42,741 - shared_logger - WARNING - ‚ö†Ô∏è No OHLCV data returned for FIDA-USD (coinbase_api.py:404)
2025-06-08 00:55:43,093 - shared_logger - ERROR - ‚ùå Failed to fetch OHLCV data: 400 (coinbase_api.py:395)
2025-06-08 00:55:43,488 - shared_logger - WARNING - ‚ö†Ô∏è No OHLCV data returned for LOKA-USD (coinbase_api.py:404)
2025-06-08 00:55:43,852 - shared_logger - ERROR - ‚ùå Failed to fetch OHLCV data: 400 (coinbase_api.py:395)
2025-06-08 00:55:44,251 - shared_logger - WARNING - ‚ö†Ô∏è No OHLCV data returned for STORJ-USD (coinbase_api.py:404)
2025-06-08 00:55:44,735 - shared_logger - ERROR - ‚ùå Failed to fetch OHLCV data: 400 (coinbase_api.py:395)
2025-06-08 00:55:45,609 - shared_logger - WARNING - ‚ö†Ô∏è No OHLCV data returned for ROSE-USD (coinbase_api.py:404)
2025-06-08 00:55:45,961 - shared_logger - ERROR - ‚ùå Failed to fetch OHLCV data: 400 (coinbase_api.py:395)
2025-06-08 00:55:46,373 - shared_logger - WARNING - ‚ö†Ô∏è No OHLCV data returned for QI-USD (coinbase_api.py:404)
2025-06-08 00:55:46,735 - shared_logger - ERROR - ‚ùå Failed to fetch OHLCV data: 400 (coinbase_api.py:395)
2025-06-08 00:55:47,584 - shared_logger - WARNING - ‚ö†Ô∏è No OHLCV data returned for BNT-USD (coinbase_api.py:404)
2025-06-08 00:55:47,985 - shared_logger - ERROR - ‚ùå Failed to fetch OHLCV data: 400 (coinbase_api.py:395)
2025-06-08 00:55:48,550 - shared_logger - WARNING - ‚ö†Ô∏è No OHLCV data returned for INDEX-USD (coinbase_api.py:404)
2025-06-08 00:55:49,158 - shared_logger - WARNING - ‚ö†Ô∏è No OHLCV data returned for INDEX-USD (coinbase_api.py:404)
2025-06-08 00:55:49,162 - shared_logger - ERROR - ‚ùå Failed to fetch OHLCV data: 400 (coinbase_api.py:395)
2025-06-08 00:55:49,716 - shared_logger - WARNING - ‚ö†Ô∏è No OHLCV data returned for BICO-USD (coinbase_api.py:404)
2025-06-08 00:55:50,095 - shared_logger - ERROR - ‚ùå Failed to fetch OHLCV data: 400 (coinbase_api.py:395)
2025-06-08 00:55:52,281 - shared_logger - WARNING - ‚ö†Ô∏è No OHLCV data returned for DASH-USD (coinbase_api.py:404)
2025-06-08 00:55:52,658 - shared_logger - ERROR - ‚ùå Failed to fetch OHLCV data: 400 (coinbase_api.py:395)
2025-06-08 00:55:56,014 - shared_logger - WARNING - ‚ö†Ô∏è No OHLCV data returned for DIMO-USD (coinbase_api.py:404)
2025-06-08 00:55:56,362 - shared_logger - ERROR - ‚ùå Failed to fetch OHLCV data: 400 (coinbase_api.py:395)
2025-06-08 00:55:57,732 - shared_logger - WARNING - ‚ö†Ô∏è No OHLCV data returned for STRK-USD (coinbase_api.py:404)
2025-06-08 00:55:58,078 - shared_logger - ERROR - ‚ùå Failed to fetch OHLCV data: 400 (coinbase_api.py:395)
2025-06-08 00:55:59,881 - shared_logger - WARNING - ‚ö†Ô∏è No OHLCV data returned for ALEO-USD (coinbase_api.py:404)
2025-06-08 00:56:01,618 - shared_logger - ERROR - ‚ùå Failed to fetch OHLCV data: 400 (coinbase_api.py:395)
2025-06-08 00:56:01,789 - shared_logger - INFO - No ticker data for symbol: CELO/USD (ticker_manager.py:427)
2025-06-08 00:56:02,240 - shared_logger - WARNING - ‚ö†Ô∏è No OHLCV data returned for PUNDIX-USD (coinbase_api.py:404)
2025-06-08 00:56:02,812 - shared_logger - ERROR - ‚ùå Failed to fetch OHLCV data: 400 (coinbase_api.py:395)
2025-06-08 00:56:05,558 - shared_logger - WARNING - ‚ö†Ô∏è No OHLCV data returned for RSR-USD (coinbase_api.py:404)
2025-06-08 00:56:05,904 - shared_logger - ERROR - ‚ùå Failed to fetch OHLCV data: 400 (coinbase_api.py:395)
2025-06-08 00:56:06,754 - shared_logger - WARNING - ‚ö†Ô∏è No OHLCV data returned for EGLD-USD (coinbase_api.py:404)
2025-06-08 00:56:07,110 - shared_logger - ERROR - ‚ùå Failed to fetch OHLCV data: 400 (coinbase_api.py:395)
2025-06-08 00:56:08,171 - shared_logger - WARNING - ‚ö†Ô∏è No OHLCV data returned for ZEN-USD (coinbase_api.py:404)
2025-06-08 00:56:08,656 - shared_logger - ERROR - ‚ùå Failed to fetch OHLCV data: 400 (coinbase_api.py:395)
2025-06-08 00:56:09,053 - shared_logger - WARNING - ‚ö†Ô∏è No OHLCV data returned for NKN-USD (coinbase_api.py:404)
2025-06-08 00:56:09,405 - shared_logger - ERROR - ‚ùå Failed to fetch OHLCV data: 400 (coinbase_api.py:395)
2025-06-08 00:56:10,252 - shared_logger - WARNING - ‚ö†Ô∏è No OHLCV data returned for POLS-USD (coinbase_api.py:404)
2025-06-08 00:56:10,633 - shared_logger - ERROR - ‚ùå Failed to fetch OHLCV data: 400 (coinbase_api.py:395)
2025-06-08 00:56:11,068 - shared_logger - WARNING - ‚ö†Ô∏è No OHLCV data returned for RAD-USD (coinbase_api.py:404)
2025-06-08 00:56:11,464 - shared_logger - ERROR - ‚ùå Failed to fetch OHLCV data: 400 (coinbase_api.py:395)
2025-06-08 00:56:11,902 - shared_logger - WARNING - ‚ö†Ô∏è No OHLCV data returned for ALT-USD (coinbase_api.py:404)
2025-06-08 00:56:12,250 - shared_logger - ERROR - ‚ùå Failed to fetch OHLCV data: 400 (coinbase_api.py:395)
2025-06-08 00:56:13,480 - shared_logger - WARNING - ‚ö†Ô∏è No OHLCV data returned for IP-USD (coinbase_api.py:404)
2025-06-08 00:56:13,832 - shared_logger - ERROR - ‚ùå Failed to fetch OHLCV data: 400 (coinbase_api.py:395)
2025-06-08 00:56:14,368 - shared_logger - WARNING - ‚ö†Ô∏è No OHLCV data returned for TIME-USD (coinbase_api.py:404)
2025-06-08 00:56:14,712 - shared_logger - ERROR - ‚ùå Failed to fetch OHLCV data: 400 (coinbase_api.py:395)
2025-06-08 00:56:15,100 - shared_logger - WARNING - ‚ö†Ô∏è No OHLCV data returned for IDEX-USD (coinbase_api.py:404)
2025-06-08 00:56:15,453 - shared_logger - ERROR - ‚ùå Failed to fetch OHLCV data: 400 (coinbase_api.py:395)
2025-06-08 00:56:15,856 - shared_logger - WARNING - ‚ö†Ô∏è No OHLCV data returned for KNC-USD (coinbase_api.py:404)
2025-06-08 00:56:16,205 - shared_logger - ERROR - ‚ùå Failed to fetch OHLCV data: 400 (coinbase_api.py:395)
2025-06-08 00:56:16,738 - shared_logger - WARNING - ‚ö†Ô∏è No OHLCV data returned for GLM-USD (coinbase_api.py:404)
2025-06-08 00:56:17,077 - shared_logger - ERROR - ‚ùå Failed to fetch OHLCV data: 400 (coinbase_api.py:395)
2025-06-08 00:56:18,221 - shared_logger - WARNING - ‚ö†Ô∏è No OHLCV data returned for VET-USD (coinbase_api.py:404)
2025-06-08 00:56:18,566 - shared_logger - ERROR - ‚ùå Failed to fetch OHLCV data: 400 (coinbase_api.py:395)
2025-06-08 00:56:19,446 - shared_logger - WARNING - ‚ö†Ô∏è No OHLCV data returned for A8-USD (coinbase_api.py:404)
2025-06-08 00:56:19,789 - shared_logger - ERROR - ‚ùå Failed to fetch OHLCV data: 400 (coinbase_api.py:395)
2025-06-08 00:56:20,325 - shared_logger - WARNING - ‚ö†Ô∏è No OHLCV data returned for ERN-USD (coinbase_api.py:404)
2025-06-08 00:56:20,676 - shared_logger - ERROR - ‚ùå Failed to fetch OHLCV data: 400 (coinbase_api.py:395)
2025-06-08 00:56:21,083 - shared_logger - WARNING - ‚ö†Ô∏è No OHLCV data returned for BICO-USD (coinbase_api.py:404)
2025-06-08 00:56:21,452 - shared_logger - ERROR - ‚ùå Failed to fetch OHLCV data: 400 (coinbase_api.py:395)
2025-06-08 00:56:24,839 - shared_logger - WARNING - ‚ö†Ô∏è No OHLCV data returned for PRIME-USD (coinbase_api.py:404)
2025-06-08 00:56:25,209 - shared_logger - ERROR - ‚ùå Failed to fetch OHLCV data: 400 (coinbase_api.py:395)
2025-06-08 00:56:25,608 - shared_logger - WARNING - ‚ö†Ô∏è No OHLCV data returned for FIDA-USD (coinbase_api.py:404)
2025-06-08 00:56:25,962 - shared_logger - ERROR - ‚ùå Failed to fetch OHLCV data: 400 (coinbase_api.py:395)
2025-06-08 00:56:26,360 - shared_logger - WARNING - ‚ö†Ô∏è No OHLCV data returned for GTC-USD (coinbase_api.py:404)
2025-06-08 00:56:26,708 - shared_logger - ERROR - ‚ùå Failed to fetch OHLCV data: 400 (coinbase_api.py:395)
2025-06-08 00:56:27,595 - shared_logger - WARNING - ‚ö†Ô∏è No OHLCV data returned for RPL-USD (coinbase_api.py:404)
2025-06-08 00:56:27,954 - shared_logger - ERROR - ‚ùå Failed to fetch OHLCV data: 400 (coinbase_api.py:395)
2025-06-08 00:56:28,357 - shared_logger - WARNING - ‚ö†Ô∏è No OHLCV data returned for DAI-USD (coinbase_api.py:404)
2025-06-08 00:56:28,713 - shared_logger - ERROR - ‚ùå Failed to fetch OHLCV data: 400 (coinbase_api.py:395)
2025-06-08 00:56:29,114 - shared_logger - WARNING - ‚ö†Ô∏è No OHLCV data returned for BLZ-USD (coinbase_api.py:404)
2025-06-08 00:56:29,460 - shared_logger - ERROR - ‚ùå Failed to fetch OHLCV data: 400 (coinbase_api.py:395)
2025-06-08 00:56:31,895 - shared_logger - WARNING - ‚ö†Ô∏è No OHLCV data returned for WCFG-USD (coinbase_api.py:404)
2025-06-08 00:56:32,135 - shared_logger - INFO - No ticker data for symbol: CELO/USD (ticker_manager.py:427)
2025-06-08 00:56:32,235 - shared_logger - ERROR - ‚ùå Failed to fetch OHLCV data: 400 (coinbase_api.py:395)
2025-06-08 00:56:33,215 - shared_logger - WARNING - ‚ö†Ô∏è No OHLCV data returned for CRO-USD (coinbase_api.py:404)
2025-06-08 00:56:33,749 - shared_logger - ERROR - ‚ùå Failed to fetch OHLCV data: 400 (coinbase_api.py:395)
2025-06-08 00:56:35,014 - shared_logger - WARNING - ‚ö†Ô∏è No OHLCV data returned for ILV-USD (coinbase_api.py:404)
2025-06-08 00:56:35,361 - shared_logger - ERROR - ‚ùå Failed to fetch OHLCV data: 400 (coinbase_api.py:395)
2025-06-08 00:56:36,658 - shared_logger - INFO - Starting to save shared data... (shared_data_manager.py:337)
2025-06-08 00:56:38,961 - shared_logger - WARNING - ‚ö†Ô∏è No OHLCV data returned for L3-USD (coinbase_api.py:404)
2025-06-08 00:56:39,485 - shared_logger - INFO - No ticker data for symbol: CELO/USD (ticker_manager.py:427)
2025-06-08 00:56:39,551 - shared_logger - INFO - ‚úÖ One-time market data refresh complete. (market_data_manager.py:92)
2025-06-08 00:56:39,555 - shared_logger - ERROR - ‚ùå Failed to fetch OHLCV data: 400 (coinbase_api.py:395)
2025-06-08 00:56:40,466 - shared_logger - INFO - Insufficient balance for create_order. Cannot place order. (api_manager.py:157)
2025-06-08 00:56:41,086 - shared_logger - INFO - Insufficient balance for create_order. Cannot place order. (api_manager.py:157)
2025-06-08 00:56:41,925 - shared_logger - WARNING - ‚ö†Ô∏è No OHLCV data returned for RONIN-USD (coinbase_api.py:404)
2025-06-08 00:56:42,540 - shared_logger - INFO - Insufficient balance for create_order. Cannot place order. (api_manager.py:157)
2025-06-08 00:56:42,543 - shared_logger - ERROR - ‚ùå Failed to fetch OHLCV data: 400 (coinbase_api.py:395)
2025-06-08 00:56:43,501 - shared_logger - WARNING - ‚ö†Ô∏è No OHLCV data returned for ALCX-USD (coinbase_api.py:404)
2025-06-08 00:56:43,856 - shared_logger - ERROR - ‚ùå Failed to fetch OHLCV data: 400 (coinbase_api.py:395)
2025-06-08 00:56:44,715 - shared_logger - WARNING - ‚ö†Ô∏è No OHLCV data returned for ASM-USD (coinbase_api.py:404)
2025-06-08 00:56:45,063 - shared_logger - ERROR - ‚ùå Failed to fetch OHLCV data: 400 (coinbase_api.py:395)
2025-06-08 00:56:45,476 - shared_logger - ERROR - ‚ùå Failed to fetch OHLCV data: 403 (coinbase_api.py:395)
2025-06-08 00:56:45,826 - shared_logger - ERROR - ‚ùå Failed to fetch OHLCV data: 403 (coinbase_api.py:395)
2025-06-08 00:56:46,319 - shared_logger - ERROR - ‚ùå Failed to fetch OHLCV data: 403 (coinbase_api.py:395)
2025-06-08 00:56:46,659 - shared_logger - ERROR - ‚ùå Failed to fetch OHLCV data: 403 (coinbase_api.py:395)
2025-06-08 00:56:47,011 - shared_logger - ERROR - ‚ùå Failed to fetch OHLCV data: 403 (coinbase_api.py:395)
2025-06-08 00:56:47,353 - shared_logger - ERROR - ‚ùå Failed to fetch OHLCV data: 403 (coinbase_api.py:395)
2025-06-08 00:56:47,725 - shared_logger - ERROR - ‚ùå Failed to fetch OHLCV data: 403 (coinbase_api.py:395)
2025-06-08 00:56:48,076 - shared_logger - ERROR - ‚ùå Failed to fetch OHLCV data: 403 (coinbase_api.py:395)
2025-06-08 00:56:48,437 - shared_logger - ERROR - ‚ùå Failed to fetch OHLCV data: 403 (coinbase_api.py:395)
2025-06-08 00:56:48,795 - shared_logger - ERROR - ‚ùå Failed to fetch OHLCV data: 403 (coinbase_api.py:395)
2025-06-08 00:56:49,175 - shared_logger - ERROR - ‚ùå Failed to fetch OHLCV data: 403 (coinbase_api.py:395)
2025-06-08 00:56:49,512 - shared_logger - ERROR - ‚ùå Failed to fetch OHLCV data: 403 (coinbase_api.py:395)
2025-06-08 00:56:49,880 - shared_logger - ERROR - ‚ùå Failed to fetch OHLCV data: 403 (coinbase_api.py:395)
2025-06-08 00:56:50,226 - shared_logger - ERROR - ‚ùå Failed to fetch OHLCV data: 403 (coinbase_api.py:395)
2025-06-08 00:56:50,721 - shared_logger - ERROR - ‚ùå Failed to fetch OHLCV data: 403 (coinbase_api.py:395)
2025-06-08 00:56:51,064 - shared_logger - ERROR - ‚ùå Failed to fetch OHLCV data: 403 (coinbase_api.py:395)
2025-06-08 00:56:51,425 - shared_logger - ERROR - ‚ùå Failed to fetch OHLCV data: 403 (coinbase_api.py:395)
2025-06-08 00:56:51,764 - shared_logger - ERROR - ‚ùå Failed to fetch OHLCV data: 403 (coinbase_api.py:395)
2025-06-08 00:56:52,144 - shared_logger - ERROR - ‚ùå Failed to fetch OHLCV data: 403 (coinbase_api.py:395)
2025-06-08 00:56:52,480 - shared_logger - ERROR - ‚ùå Failed to fetch OHLCV data: 403 (coinbase_api.py:395)
2025-06-08 00:56:52,978 - shared_logger - ERROR - ‚ùå Failed to fetch OHLCV data: 403 (coinbase_api.py:395)
2025-06-08 00:56:53,312 - shared_logger - ERROR - ‚ùå Failed to fetch OHLCV data: 403 (coinbase_api.py:395)
2025-06-08 00:56:53,692 - shared_logger - ERROR - ‚ùå Failed to fetch OHLCV data: 403 (coinbase_api.py:395)
2025-06-08 00:56:54,046 - shared_logger - ERROR - ‚ùå Failed to fetch OHLCV data: 403 (coinbase_api.py:395)
2025-06-08 00:56:54,410 - shared_logger - ERROR - ‚ùå Failed to fetch OHLCV data: 403 (coinbase_api.py:395)
2025-06-08 00:56:54,980 - shared_logger - ERROR - ‚ùå Failed to fetch OHLCV data: 403 (coinbase_api.py:395)
2025-06-08 00:56:55,373 - shared_logger - ERROR - ‚ùå Failed to fetch OHLCV data: 403 (coinbase_api.py:395)
2025-06-08 00:56:55,717 - shared_logger - ERROR - ‚ùå Failed to fetch OHLCV data: 403 (coinbase_api.py:395)
2025-06-08 00:56:56,310 - shared_logger - ERROR - ‚ùå Failed to fetch OHLCV data: 403 (coinbase_api.py:395)
2025-06-08 00:56:56,660 - shared_logger - ERROR - ‚ùå Failed to fetch OHLCV data: 403 (coinbase_api.py:395)
2025-06-08 00:56:57,041 - shared_logger - ERROR - ‚ùå Failed to fetch OHLCV data: 403 (coinbase_api.py:395)
2025-06-08 00:56:57,380 - shared_logger - ERROR - ‚ùå Failed to fetch OHLCV data: 403 (coinbase_api.py:395)
2025-06-08 00:56:57,755 - shared_logger - ERROR - ‚ùå Failed to fetch OHLCV data: 403 (coinbase_api.py:395)
2025-06-08 00:56:58,095 - shared_logger - ERROR - ‚ùå Failed to fetch OHLCV data: 403 (coinbase_api.py:395)
2025-06-08 00:56:58,463 - shared_logger - ERROR - ‚ùå Failed to fetch OHLCV data: 403 (coinbase_api.py:395)
2025-06-08 00:56:58,813 - shared_logger - ERROR - ‚ùå Failed to fetch OHLCV data: 403 (coinbase_api.py:395)
2025-06-08 00:57:01,823 - shared_logger - INFO - No ticker data for symbol: CELO/USD (ticker_manager.py:427)
2025-06-08 00:57:03,821 - shared_logger - WARNING - ‚ö†Ô∏è No OHLCV data returned for HIGH-USD (coinbase_api.py:404)
2025-06-08 00:57:04,334 - shared_logger - ERROR - ‚ùå Failed to fetch OHLCV data: 400 (coinbase_api.py:395)
2025-06-08 00:57:04,726 - shared_logger - WARNING - ‚ö†Ô∏è No OHLCV data returned for BLZ-USD (coinbase_api.py:404)
2025-06-08 00:57:05,069 - shared_logger - ERROR - ‚ùå Failed to fetch OHLCV data: 400 (coinbase_api.py:395)
2025-06-08 00:57:05,505 - shared_logger - WARNING - ‚ö†Ô∏è No OHLCV data returned for VTHO-USD (coinbase_api.py:404)
2025-06-08 00:57:05,851 - shared_logger - ERROR - ‚ùå Failed to fetch OHLCV data: 400 (coinbase_api.py:395)
2025-06-08 00:57:06,753 - shared_logger - WARNING - ‚ö†Ô∏è No OHLCV data returned for ACH-USD (coinbase_api.py:404)
2025-06-08 00:57:07,097 - shared_logger - ERROR - ‚ùå Failed to fetch OHLCV data: 400 (coinbase_api.py:395)
2025-06-08 00:57:07,520 - shared_logger - WARNING - ‚ö†Ô∏è No OHLCV data returned for MDT-USD (coinbase_api.py:404)
2025-06-08 00:57:07,880 - shared_logger - ERROR - ‚ùå Failed to fetch OHLCV data: 400 (coinbase_api.py:395)
2025-06-08 00:57:08,277 - shared_logger - WARNING - ‚ö†Ô∏è No OHLCV data returned for RSR-USD (coinbase_api.py:404)
2025-06-08 00:57:08,640 - shared_logger - ERROR - ‚ùå Failed to fetch OHLCV data: 400 (coinbase_api.py:395)
2025-06-08 00:57:09,449 - shared_logger - WARNING - ‚ö†Ô∏è No OHLCV data returned for ELA-USD (coinbase_api.py:404)
2025-06-08 00:57:09,806 - shared_logger - ERROR - ‚ùå Failed to fetch OHLCV data: 400 (coinbase_api.py:395)
2025-06-08 00:57:10,826 - shared_logger - WARNING - ‚ö†Ô∏è No OHLCV data returned for EOS-USD (coinbase_api.py:404)
2025-06-08 00:57:11,186 - shared_logger - ERROR - ‚ùå Failed to fetch OHLCV data: 400 (coinbase_api.py:395)
2025-06-08 00:57:12,402 - shared_logger - WARNING - ‚ö†Ô∏è No OHLCV data returned for SUKU-USD (coinbase_api.py:404)
2025-06-08 00:57:12,745 - shared_logger - ERROR - ‚ùå Failed to fetch OHLCV data: 400 (coinbase_api.py:395)
2025-06-08 00:57:13,149 - shared_logger - WARNING - ‚ö†Ô∏è No OHLCV data returned for 00-USD (coinbase_api.py:404)
2025-06-08 00:57:13,490 - shared_logger - ERROR - ‚ùå Failed to fetch OHLCV data: 400 (coinbase_api.py:395)
2025-06-08 00:57:13,871 - shared_logger - WARNING - ‚ö†Ô∏è No OHLCV data returned for TIME-USD (coinbase_api.py:404)
2025-06-08 00:57:14,228 - shared_logger - ERROR - ‚ùå Failed to fetch OHLCV data: 400 (coinbase_api.py:395)
2025-06-08 00:57:14,625 - shared_logger - WARNING - ‚ö†Ô∏è No OHLCV data returned for GHST-USD (coinbase_api.py:404)
2025-06-08 00:57:15,046 - shared_logger - ERROR - ‚ùå Failed to fetch OHLCV data: 400 (coinbase_api.py:395)
2025-06-08 00:57:15,469 - shared_logger - WARNING - ‚ö†Ô∏è No OHLCV data returned for AUDIO-USD (coinbase_api.py:404)
2025-06-08 00:57:15,811 - shared_logger - ERROR - ‚ùå Failed to fetch OHLCV data: 400 (coinbase_api.py:395)
2025-06-08 00:57:16,220 - shared_logger - WARNING - ‚ö†Ô∏è No OHLCV data returned for INDEX-USD (coinbase_api.py:404)
2025-06-08 00:57:16,562 - shared_logger - ERROR - ‚ùå Failed to fetch OHLCV data: 400 (coinbase_api.py:395)
2025-06-08 00:57:16,957 - shared_logger - WARNING - ‚ö†Ô∏è No OHLCV data returned for ALT-USD (coinbase_api.py:404)
2025-06-08 00:57:17,311 - shared_logger - ERROR - ‚ùå Failed to fetch OHLCV data: 400 (coinbase_api.py:395)
2025-06-08 00:57:17,809 - shared_logger - WARNING - ‚ö†Ô∏è No OHLCV data returned for DEXT-USD (coinbase_api.py:404)
2025-06-08 00:57:18,227 - shared_logger - ERROR - ‚ùå Failed to fetch OHLCV data: 400 (coinbase_api.py:395)
2025-06-08 00:57:18,616 - shared_logger - WARNING - ‚ö†Ô∏è No OHLCV data returned for REZ-USD (coinbase_api.py:404)
2025-06-08 00:57:18,995 - shared_logger - ERROR - ‚ùå Failed to fetch OHLCV data: 400 (coinbase_api.py:395)
2025-06-08 00:57:19,384 - shared_logger - WARNING - ‚ö†Ô∏è No OHLCV data returned for ATH-USD (coinbase_api.py:404)
2025-06-08 00:57:19,730 - shared_logger - ERROR - ‚ùå Failed to fetch OHLCV data: 400 (coinbase_api.py:395)
2025-06-08 00:57:21,693 - shared_logger - WARNING - ‚ö†Ô∏è No OHLCV data returned for C98-USD (coinbase_api.py:404)
2025-06-08 00:57:22,034 - shared_logger - ERROR - ‚ùå Failed to fetch OHLCV data: 400 (coinbase_api.py:395)
2025-06-08 00:57:22,448 - shared_logger - WARNING - ‚ö†Ô∏è No OHLCV data returned for ASM-USD (coinbase_api.py:404)
2025-06-08 00:57:22,823 - shared_logger - ERROR - ‚ùå Failed to fetch OHLCV data: 400 (coinbase_api.py:395)
2025-06-08 00:57:23,217 - shared_logger - WARNING - ‚ö†Ô∏è No OHLCV data returned for BOBA-USD (coinbase_api.py:404)
2025-06-08 00:57:23,581 - shared_logger - ERROR - ‚ùå Failed to fetch OHLCV data: 400 (coinbase_api.py:395)
2025-06-08 00:57:23,982 - shared_logger - WARNING - ‚ö†Ô∏è No OHLCV data returned for PYR-USD (coinbase_api.py:404)
2025-06-08 00:57:24,329 - shared_logger - ERROR - ‚ùå Failed to fetch OHLCV data: 400 (coinbase_api.py:395)
2025-06-08 00:57:24,727 - shared_logger - WARNING - ‚ö†Ô∏è No OHLCV data returned for BAND-USD (coinbase_api.py:404)
2025-06-08 00:57:25,062 - shared_logger - ERROR - ‚ùå Failed to fetch OHLCV data: 400 (coinbase_api.py:395)
2025-06-08 00:57:25,611 - shared_logger - WARNING - ‚ö†Ô∏è No OHLCV data returned for POWR-USD (coinbase_api.py:404)
2025-06-08 00:57:25,951 - shared_logger - ERROR - ‚ùå Failed to fetch OHLCV data: 400 (coinbase_api.py:395)
2025-06-08 00:57:26,345 - shared_logger - WARNING - ‚ö†Ô∏è No OHLCV data returned for AGLD-USD (coinbase_api.py:404)
2025-06-08 00:57:26,684 - shared_logger - ERROR - ‚ùå Failed to fetch OHLCV data: 400 (coinbase_api.py:395)
2025-06-08 00:57:27,871 - shared_logger - WARNING - ‚ö†Ô∏è No OHLCV data returned for LCX-USD (coinbase_api.py:404)
2025-06-08 00:57:28,210 - shared_logger - ERROR - ‚ùå Failed to fetch OHLCV data: 400 (coinbase_api.py:395)
2025-06-08 00:57:29,433 - shared_logger - WARNING - ‚ö†Ô∏è No OHLCV data returned for CRO-USD (coinbase_api.py:404)
2025-06-08 00:57:31,273 - shared_logger - ERROR - ‚ùå Failed to fetch OHLCV data: 400 (coinbase_api.py:395)
2025-06-08 00:57:32,075 - shared_logger - WARNING - ‚ö†Ô∏è No OHLCV data returned for AUCTION-USD (coinbase_api.py:404)
2025-06-08 00:57:32,130 - shared_logger - INFO - No ticker data for symbol: CELO/USD (ticker_manager.py:427)
2025-06-08 00:57:32,529 - shared_logger - ERROR - ‚ùå Failed to fetch OHLCV data: 400 (coinbase_api.py:395)
2025-06-08 00:57:33,105 - shared_logger - WARNING - ‚ö†Ô∏è No OHLCV data returned for MNDE-USD (coinbase_api.py:404)
2025-06-08 00:57:33,696 - shared_logger - ERROR - ‚ùå Failed to fetch OHLCV data: 400 (coinbase_api.py:395)
2025-06-08 00:57:34,490 - shared_logger - WARNING - ‚ö†Ô∏è No OHLCV data returned for XTZ-USD (coinbase_api.py:404)
2025-06-08 00:57:34,942 - shared_logger - ERROR - ‚ùå Failed to fetch OHLCV data: 400 (coinbase_api.py:395)
2025-06-08 00:57:35,471 - shared_logger - WARNING - ‚ö†Ô∏è No OHLCV data returned for OGN-USD (coinbase_api.py:404)
2025-06-08 00:57:35,826 - shared_logger - ERROR - ‚ùå Failed to fetch OHLCV data: 400 (coinbase_api.py:395)
2025-06-08 00:57:36,496 - shared_logger - ERROR - ‚ùå Failed to fetch OHLCV data: 403 (coinbase_api.py:395)
2025-06-08 00:57:37,377 - shared_logger - ERROR - Unexpected error: coinbase GET https://api.coinbase.com/api/v3/brokerage/market/product_book?product_id=OSMO-USD&limit=50 403 Forbidden Too many errors (api_manager.py:194)
Traceback (most recent call last):
  File "/Users/Manny/opt/anaconda3/envs/TradeBot/lib/python3.10/site-packages/ccxt/base/exchange.py", line 582, in fetch
    response.raise_for_status()
  File "/Users/Manny/opt/anaconda3/envs/TradeBot/lib/python3.10/site-packages/requests/models.py", line 1024, in raise_for_status
    raise HTTPError(http_error_msg, response=self)
requests.exceptions.HTTPError: 403 Client Error: Forbidden for url: https://api.coinbase.com/api/v3/brokerage/market/product_book?product_id=OSMO-USD&limit=50

During handling of the above exception, another exception occurred:

Traceback (most recent call last):
  File "/Users/Manny/Python_Projects/BotTrader/Api_manager/api_manager.py", line 109, in ccxt_api_call
    response = await func(*args, **kwargs) if asyncio.iscoroutinefunction(func) else func(*args, **kwargs)
  File "/Users/Manny/opt/anaconda3/envs/TradeBot/lib/python3.10/site-packages/ccxt/coinbase.py", line 3797, in fetch_order_book
    response = self.v3PublicGetBrokerageMarketProductBook(self.extend(request, params))
  File "/Users/Manny/opt/anaconda3/envs/TradeBot/lib/python3.10/site-packages/ccxt/base/types.py", line 35, in unbound_method
    return _self.request(self.path, self.api, self.method, params, config=self.config)
  File "/Users/Manny/opt/anaconda3/envs/TradeBot/lib/python3.10/site-packages/ccxt/base/exchange.py", line 4491, in request
    return self.fetch2(path, api, method, params, headers, body, config)
  File "/Users/Manny/opt/anaconda3/envs/TradeBot/lib/python3.10/site-packages/ccxt/base/exchange.py", line 4485, in fetch2
    raise e
  File "/Users/Manny/opt/anaconda3/envs/TradeBot/lib/python3.10/site-packages/ccxt/base/exchange.py", line 4476, in fetch2
    return self.fetch(request['url'], request['method'], request['headers'], request['body'])
  File "/Users/Manny/opt/anaconda3/envs/TradeBot/lib/python3.10/site-packages/ccxt/base/exchange.py", line 600, in fetch
    self.handle_http_status_code(http_status_code, http_status_text, url, method, http_response)
  File "/Users/Manny/opt/anaconda3/envs/TradeBot/lib/python3.10/site-packages/ccxt/base/exchange.py", line 1718, in handle_http_status_code
    raise ErrorClass(self.id + ' ' + method + ' ' + url + ' ' + codeAsString + ' ' + reason + ' ' + body)
ccxt.base.errors.ExchangeNotAvailable: coinbase GET https://api.coinbase.com/api/v3/brokerage/market/product_book?product_id=OSMO-USD&limit=50 403 Forbidden Too many errors
2025-06-08 01:00:49,132 - shared_logger - INFO - üî∏Email alerts are DISABLED via EMAIL_ALERTS=False. (alert_system.py:31)
2025-06-08 01:00:49,339 - shared_logger - INFO - Database connected successfully. (database_session_manager.py:102)
2025-06-08 01:00:49,339 - shared_logger - INFO - DatabaseSessionManager initialized and connected to the database. (database_session_manager.py:112)
2025-06-08 01:00:49,441 - shared_logger - INFO - ‚úÖ Database schema initialized (tables created if they didn't exist). (database_session_manager.py:60)
2025-06-08 01:00:49,453 - shared_logger - INFO - üîπ CoinBaseAPI  initialzed debug. (coinbase_api.py:35)
2025-06-08 01:00:49,454 - shared_logger - INFO - üî∏Email alerts are DISABLED via EMAIL_ALERTS=False. (alert_system.py:31)
2025-06-08 01:00:49,454 - shared_logger - INFO - üî∏Email alerts are DISABLED via EMAIL_ALERTS=False. (alert_system.py:31)
2025-06-08 01:00:49,459 - shared_logger - INFO - üî∏Email alerts are DISABLED via EMAIL_ALERTS=False. (alert_system.py:31)
2025-06-08 01:00:49,481 - shared_logger - INFO - üìä ticker_cache rows: 18 (shared_data_manager.py:153)
2025-06-08 01:00:49,482 - shared_logger - INFO - ‚úÖ Startup snapshot loaded from database. (shared_data_manager.py:170)
2025-06-08 01:00:53,181 - shared_logger - INFO - No ticker data for symbol: CELO/USD (ticker_manager.py:427)
2025-06-08 01:00:55,533 - shared_logger - INFO - ‚úÖ SharedDataManager market data initialized. (shared_data_manager.py:197)
2025-06-08 01:00:55,533 - shared_logger - INFO - Starting to save shared data... (shared_data_manager.py:337)
2025-06-08 01:00:59,710 - shared_logger - INFO - No ticker data for symbol: CELO/USD (ticker_manager.py:427)
2025-06-08 01:01:01,037 - shared_logger - WARNING - ‚ö†Ô∏è No OHLCV data returned for MOBILE-USD (coinbase_api.py:404)
2025-06-08 01:01:01,493 - shared_logger - ERROR - ‚ùå Failed to fetch OHLCV data: 400 (coinbase_api.py:395)
2025-06-08 01:01:01,947 - shared_logger - WARNING - ‚ö†Ô∏è No OHLCV data returned for ALEPH-USD (coinbase_api.py:404)
2025-06-08 01:01:02,338 - shared_logger - ERROR - ‚ùå Failed to fetch OHLCV data: 400 (coinbase_api.py:395)
2025-06-08 01:01:02,795 - shared_logger - WARNING - ‚ö†Ô∏è No OHLCV data returned for TNSR-USD (coinbase_api.py:404)
2025-06-08 01:01:03,054 - shared_logger - WARNING - ‚ö†Ô∏è No OHLCV data returned for TNSR-USD (coinbase_api.py:404)
2025-06-08 01:01:03,158 - shared_logger - ERROR - ‚ùå Failed to fetch OHLCV data: 400 (coinbase_api.py:395)
2025-06-08 01:01:04,581 - shared_logger - WARNING - ‚ö†Ô∏è No OHLCV data returned for NKN-USD (coinbase_api.py:404)
2025-06-08 01:01:04,984 - shared_logger - ERROR - ‚ùå Failed to fetch OHLCV data: 400 (coinbase_api.py:395)
2025-06-08 01:01:05,420 - shared_logger - WARNING - ‚ö†Ô∏è No OHLCV data returned for RSR-USD (coinbase_api.py:404)
2025-06-08 01:01:05,957 - shared_logger - ERROR - ‚ùå Failed to fetch OHLCV data: 400 (coinbase_api.py:395)
2025-06-08 01:01:06,874 - shared_logger - WARNING - ‚ö†Ô∏è No OHLCV data returned for ALT-USD (coinbase_api.py:404)
2025-06-08 01:01:07,287 - shared_logger - ERROR - ‚ùå Failed to fetch OHLCV data: 400 (coinbase_api.py:395)
2025-06-08 01:01:08,259 - shared_logger - WARNING - ‚ö†Ô∏è No OHLCV data returned for BAND-USD (coinbase_api.py:404)
2025-06-08 01:01:09,109 - shared_logger - ERROR - ‚ùå Failed to fetch OHLCV data: 400 (coinbase_api.py:395)
2025-06-08 01:04:00,151 - shared_logger - INFO - üî∏Email alerts are DISABLED via EMAIL_ALERTS=False. (alert_system.py:31)
2025-06-08 01:04:00,269 - shared_logger - INFO - Database connected successfully. (database_session_manager.py:102)
2025-06-08 01:04:00,269 - shared_logger - INFO - DatabaseSessionManager initialized and connected to the database. (database_session_manager.py:112)
2025-06-08 01:04:00,320 - shared_logger - INFO - ‚úÖ Database schema initialized (tables created if they didn't exist). (database_session_manager.py:60)
2025-06-08 01:04:00,339 - shared_logger - INFO - üîπ CoinBaseAPI  initialzed debug. (coinbase_api.py:35)
2025-06-08 01:04:00,339 - shared_logger - INFO - üî∏Email alerts are DISABLED via EMAIL_ALERTS=False. (alert_system.py:31)
2025-06-08 01:04:00,339 - shared_logger - INFO - üî∏Email alerts are DISABLED via EMAIL_ALERTS=False. (alert_system.py:31)
2025-06-08 01:04:00,343 - shared_logger - INFO - üî∏Email alerts are DISABLED via EMAIL_ALERTS=False. (alert_system.py:31)
2025-06-08 01:04:00,365 - shared_logger - INFO - üìä ticker_cache rows: 18 (shared_data_manager.py:153)
2025-06-08 01:04:00,365 - shared_logger - INFO - ‚úÖ Startup snapshot loaded from database. (shared_data_manager.py:170)
2025-06-08 01:04:04,142 - shared_logger - INFO - No ticker data for symbol: CELO/USD (ticker_manager.py:427)
2025-06-08 01:04:06,387 - shared_logger - INFO - ‚úÖ SharedDataManager market data initialized. (shared_data_manager.py:197)
2025-06-08 01:04:06,387 - shared_logger - INFO - Starting to save shared data... (shared_data_manager.py:337)
2025-06-08 01:04:11,219 - shared_logger - INFO - No ticker data for symbol: CELO/USD (ticker_manager.py:427)
2025-06-08 01:04:35,388 - shared_logger - WARNING - ‚ö†Ô∏è No OHLCV data returned for WELL-USD (coinbase_api.py:404)
2025-06-08 01:06:23,373 - shared_logger - ERROR - ‚ùå Error in fetch_and_store_ohlcv_data(): sequence item 0: expected str instance, traceback found (market_manager.py:167)
Traceback (most recent call last):
  File "/Users/Manny/Python_Projects/BotTrader/MarketDataManager/market_manager.py", line 117, in fetch_store
    ohlcv_result = await self.coinbase_api.fetch_ohlcv(symbol, params=params)
TypeError: 'NoneType' object is not callable

During handling of the above exception, another exception occurred:

Traceback (most recent call last):
  File "/Users/Manny/Python_Projects/BotTrader/MarketDataManager/market_manager.py", line 162, in fetch_and_store_ohlcv_data
    await asyncio.gather(*tasks)
  File "/Users/Manny/Python_Projects/BotTrader/MarketDataManager/market_manager.py", line 156, in throttled_fetch_store
    await fetch_store(symbol)
  File "/Users/Manny/Python_Projects/BotTrader/MarketDataManager/market_manager.py", line 136, in fetch_store
    print(f"‚ùå No OHLCV data fetched for {symbol} over 24h window")
TypeError: sequence item 0: expected str instance, traceback found
2025-06-08 01:06:36,789 - shared_logger - INFO - Starting to save shared data... (shared_data_manager.py:337)
2025-06-08 01:06:37,022 - shared_logger - ERROR - ‚ùå Failed to fetch OHLCV data: 400 (coinbase_api.py:395)
2025-06-08 01:12:39,674 - shared_logger - WARNING - ‚ö†Ô∏è [Watchdog] Market prices haven't updated for 376 seconds. Triggering refresh... (market_data_manager.py:30)
2025-06-08 01:12:42,376 - shared_logger - INFO - Starting to save shared data... (shared_data_manager.py:337)
2025-06-08 01:12:42,656 - shared_logger - INFO - No ticker data for symbol: CELO/USD (ticker_manager.py:427)
2025-06-08 01:12:51,160 - shared_logger - INFO - No ticker data for symbol: CELO/USD (ticker_manager.py:427)
2025-06-08 01:12:53,504 - shared_logger - WARNING - ‚ö†Ô∏è No OHLCV data returned for ATH-USD (coinbase_api.py:404)
2025-06-08 01:13:02,379 - shared_logger - ERROR - ‚ùå Failed to fetch OHLCV data: 400 (coinbase_api.py:395)
2025-06-08 01:15:24,363 - shared_logger - INFO - Starting to save shared data... (shared_data_manager.py:337)
2025-06-08 01:15:24,639 - shared_logger - WARNING - ‚ö†Ô∏è No OHLCV data returned for VET-USD (coinbase_api.py:404)
2025-06-08 01:18:47,424 - shared_logger - INFO - üî∏Email alerts are DISABLED via EMAIL_ALERTS=False. (alert_system.py:31)
2025-06-08 01:18:47,546 - shared_logger - INFO - Database connected successfully. (database_session_manager.py:102)
2025-06-08 01:18:47,546 - shared_logger - INFO - DatabaseSessionManager initialized and connected to the database. (database_session_manager.py:112)
2025-06-08 01:18:47,605 - shared_logger - INFO - ‚úÖ Database schema initialized (tables created if they didn't exist). (database_session_manager.py:60)
2025-06-08 01:18:47,619 - shared_logger - INFO - üîπ CoinBaseAPI  initialzed debug. (coinbase_api.py:35)
2025-06-08 01:18:47,619 - shared_logger - INFO - üî∏Email alerts are DISABLED via EMAIL_ALERTS=False. (alert_system.py:31)
2025-06-08 01:18:47,619 - shared_logger - INFO - üî∏Email alerts are DISABLED via EMAIL_ALERTS=False. (alert_system.py:31)
2025-06-08 01:18:47,623 - shared_logger - INFO - üî∏Email alerts are DISABLED via EMAIL_ALERTS=False. (alert_system.py:31)
2025-06-08 01:18:47,646 - shared_logger - INFO - üìä ticker_cache rows: 18 (shared_data_manager.py:153)
2025-06-08 01:18:47,646 - shared_logger - INFO - ‚úÖ Startup snapshot loaded from database. (shared_data_manager.py:170)
2025-06-08 01:18:52,608 - shared_logger - INFO - No ticker data for symbol: CELO/USD (ticker_manager.py:427)
2025-06-08 01:18:54,722 - shared_logger - INFO - ‚úÖ SharedDataManager market data initialized. (shared_data_manager.py:197)
2025-06-08 01:18:54,723 - shared_logger - INFO - Starting to save shared data... (shared_data_manager.py:337)
2025-06-08 01:19:42,876 - shared_logger - INFO - No ticker data for symbol: CELO/USD (ticker_manager.py:427)
2025-06-08 01:19:47,455 - shared_logger - INFO - üü° No OHLCV data for GHST-USD (market inactivity) (coinbase_api.py:386)
2025-06-08 01:19:48,106 - shared_logger - WARNING - ‚ö†Ô∏è Coinbase returned 400 for GHST-USD. Possibly no trade history or invalid request. (coinbase_api.py:409)
2025-06-08 01:20:08,248 - shared_logger - INFO - üü° No OHLCV data for ALICE-USD (market inactivity) (coinbase_api.py:386)
2025-06-08 01:28:19,313 - shared_logger - INFO - üî∏Email alerts are DISABLED via EMAIL_ALERTS=False. (alert_system.py:31)
2025-06-08 01:28:19,440 - shared_logger - INFO - Database connected successfully. (database_session_manager.py:102)
2025-06-08 01:28:19,440 - shared_logger - INFO - DatabaseSessionManager initialized and connected to the database. (database_session_manager.py:112)
2025-06-08 01:28:19,500 - shared_logger - INFO - ‚úÖ Database schema initialized (tables created if they didn't exist). (database_session_manager.py:60)
2025-06-08 01:28:19,513 - shared_logger - INFO - üîπ CoinBaseAPI  initialzed debug. (coinbase_api.py:35)
2025-06-08 01:28:19,513 - shared_logger - INFO - üî∏Email alerts are DISABLED via EMAIL_ALERTS=False. (alert_system.py:31)
2025-06-08 01:28:19,513 - shared_logger - INFO - üî∏Email alerts are DISABLED via EMAIL_ALERTS=False. (alert_system.py:31)
2025-06-08 01:28:19,516 - shared_logger - INFO - üî∏Email alerts are DISABLED via EMAIL_ALERTS=False. (alert_system.py:31)
2025-06-08 01:28:19,540 - shared_logger - INFO - üìä ticker_cache rows: 18 (shared_data_manager.py:153)
2025-06-08 01:28:19,540 - shared_logger - INFO - ‚úÖ Startup snapshot loaded from database. (shared_data_manager.py:170)
2025-06-08 01:28:23,149 - shared_logger - INFO - No ticker data for symbol: CELO/USD (ticker_manager.py:427)
2025-06-08 01:28:25,370 - shared_logger - INFO - ‚úÖ SharedDataManager market data initialized. (shared_data_manager.py:197)
2025-06-08 01:28:25,371 - shared_logger - INFO - Starting to save shared data... (shared_data_manager.py:337)
2025-06-08 01:28:30,282 - shared_logger - INFO - No ticker data for symbol: CELO/USD (ticker_manager.py:427)
2025-06-08 01:28:32,168 - shared_logger - ERROR - Coinbase cancelOrders() has failed: coinbase cancelOrders() has failed, check your arguments and parameters (api_manager.py:178)
Traceback (most recent call last):
  File "/Users/Manny/Python_Projects/BotTrader/Api_manager/api_manager.py", line 109, in ccxt_api_call
    response = await func(*args, **kwargs) if asyncio.iscoroutinefunction(func) else func(*args, **kwargs)
  File "/Users/Manny/opt/anaconda3/envs/TradeBot/lib/python3.10/site-packages/ccxt/coinbase.py", line 3209, in cancel_order
    orders = self.cancel_orders([id], symbol, params)
  File "/Users/Manny/opt/anaconda3/envs/TradeBot/lib/python3.10/site-packages/ccxt/coinbase.py", line 3246, in cancel_orders
    raise BadRequest(self.id + ' cancelOrders() has failed, check your arguments and parameters')
ccxt.base.errors.BadRequest: coinbase cancelOrders() has failed, check your arguments and parameters
2025-06-08 01:28:32,209 - shared_logger - INFO - üü° No OHLCV data for INV-USD (market inactivity) (coinbase_api.py:399)
2025-06-08 01:28:32,732 - shared_logger - WARNING - ‚ö†Ô∏è Coinbase returned 400 for INV-USD. Possibly no trade history or invalid request. (coinbase_api.py:423)
2025-06-08 01:28:37,908 - shared_logger - INFO - üü° No OHLCV data for 00-USD (market inactivity) (coinbase_api.py:399)
2025-06-08 01:28:38,300 - shared_logger - WARNING - ‚ö†Ô∏è Coinbase returned 400 for 00-USD. Possibly no trade history or invalid request. (coinbase_api.py:423)
2025-06-08 01:28:38,728 - shared_logger - INFO - üü° No OHLCV data for TIME-USD (market inactivity) (coinbase_api.py:399)
2025-06-08 01:28:39,142 - shared_logger - WARNING - ‚ö†Ô∏è Coinbase returned 400 for TIME-USD. Possibly no trade history or invalid request. (coinbase_api.py:423)
2025-06-08 01:28:41,001 - shared_logger - INFO - üü° No OHLCV data for ERN-USD (market inactivity) (coinbase_api.py:399)
2025-06-08 01:28:41,472 - shared_logger - WARNING - ‚ö†Ô∏è Coinbase returned 400 for ERN-USD. Possibly no trade history or invalid request. (coinbase_api.py:423)
2025-06-08 01:28:43,521 - shared_logger - INFO - üü° No OHLCV data for WAXL-USD (market inactivity) (coinbase_api.py:399)
2025-06-08 01:28:43,912 - shared_logger - WARNING - ‚ö†Ô∏è Coinbase returned 400 for WAXL-USD. Possibly no trade history or invalid request. (coinbase_api.py:423)
2025-06-08 01:28:44,535 - shared_logger - INFO - üü° No OHLCV data for POLS-USD (market inactivity) (coinbase_api.py:399)
2025-06-08 01:28:44,912 - shared_logger - WARNING - ‚ö†Ô∏è Coinbase returned 400 for POLS-USD. Possibly no trade history or invalid request. (coinbase_api.py:423)
2025-06-08 01:28:45,529 - shared_logger - INFO - üü° No OHLCV data for ARPA-USD (market inactivity) (coinbase_api.py:399)
2025-06-08 01:28:45,928 - shared_logger - WARNING - ‚ö†Ô∏è Coinbase returned 400 for ARPA-USD. Possibly no trade history or invalid request. (coinbase_api.py:423)
2025-06-08 01:28:59,774 - shared_logger - INFO - No ticker data for symbol: CELO/USD (ticker_manager.py:427)
2025-06-08 01:29:01,608 - shared_logger - ERROR - Coinbase cancelOrders() has failed: coinbase cancelOrders() has failed, check your arguments and parameters (api_manager.py:178)
Traceback (most recent call last):
  File "/Users/Manny/Python_Projects/BotTrader/Api_manager/api_manager.py", line 109, in ccxt_api_call
    response = await func(*args, **kwargs) if asyncio.iscoroutinefunction(func) else func(*args, **kwargs)
  File "/Users/Manny/opt/anaconda3/envs/TradeBot/lib/python3.10/site-packages/ccxt/coinbase.py", line 3209, in cancel_order
    orders = self.cancel_orders([id], symbol, params)
  File "/Users/Manny/opt/anaconda3/envs/TradeBot/lib/python3.10/site-packages/ccxt/coinbase.py", line 3246, in cancel_orders
    raise BadRequest(self.id + ' cancelOrders() has failed, check your arguments and parameters')
ccxt.base.errors.BadRequest: coinbase cancelOrders() has failed, check your arguments and parameters
2025-06-08 01:29:04,066 - shared_logger - INFO - üü° No OHLCV data for DAI-USD (market inactivity) (coinbase_api.py:399)
2025-06-08 01:29:04,613 - shared_logger - WARNING - ‚ö†Ô∏è Coinbase returned 400 for DAI-USD. Possibly no trade history or invalid request. (coinbase_api.py:423)
2025-06-08 01:29:05,365 - shared_logger - INFO - üü° No OHLCV data for CVX-USD (market inactivity) (coinbase_api.py:399)
2025-06-08 01:29:05,884 - shared_logger - WARNING - ‚ö†Ô∏è Coinbase returned 400 for CVX-USD. Possibly no trade history or invalid request. (coinbase_api.py:423)
2025-06-08 01:29:09,226 - shared_logger - INFO - üü° No OHLCV data for VVV-USD (market inactivity) (coinbase_api.py:399)
2025-06-08 01:29:09,703 - shared_logger - WARNING - ‚ö†Ô∏è Coinbase returned 400 for VVV-USD. Possibly no trade history or invalid request. (coinbase_api.py:423)
2025-06-08 01:29:11,016 - shared_logger - INFO - üü° No OHLCV data for REQ-USD (market inactivity) (coinbase_api.py:399)
2025-06-08 01:29:11,361 - shared_logger - WARNING - ‚ö†Ô∏è Coinbase returned 400 for REQ-USD. Possibly no trade history or invalid request. (coinbase_api.py:423)
2025-06-08 01:29:11,763 - shared_logger - INFO - üü° No OHLCV data for ALCX-USD (market inactivity) (coinbase_api.py:399)
2025-06-08 01:29:12,114 - shared_logger - WARNING - ‚ö†Ô∏è Coinbase returned 400 for ALCX-USD. Possibly no trade history or invalid request. (coinbase_api.py:423)
2025-06-08 01:29:12,524 - shared_logger - INFO - üü° No OHLCV data for KRL-USD (market inactivity) (coinbase_api.py:399)
2025-06-08 01:29:12,872 - shared_logger - WARNING - ‚ö†Ô∏è Coinbase returned 400 for KRL-USD. Possibly no trade history or invalid request. (coinbase_api.py:423)
2025-06-08 01:29:15,658 - shared_logger - INFO - üü° No OHLCV data for ME-USD (market inactivity) (coinbase_api.py:399)
2025-06-08 01:29:16,020 - shared_logger - WARNING - ‚ö†Ô∏è Coinbase returned 400 for ME-USD. Possibly no trade history or invalid request. (coinbase_api.py:423)
2025-06-08 01:29:16,801 - shared_logger - INFO - üü° No OHLCV data for NKN-USD (market inactivity) (coinbase_api.py:399)
2025-06-08 01:29:17,142 - shared_logger - WARNING - ‚ö†Ô∏è Coinbase returned 400 for NKN-USD. Possibly no trade history or invalid request. (coinbase_api.py:423)
2025-06-08 01:29:29,308 - shared_logger - INFO - No ticker data for symbol: CELO/USD (ticker_manager.py:427)
2025-06-08 01:29:30,940 - shared_logger - ERROR - Coinbase cancelOrders() has failed: coinbase cancelOrders() has failed, check your arguments and parameters (api_manager.py:178)
Traceback (most recent call last):
  File "/Users/Manny/Python_Projects/BotTrader/Api_manager/api_manager.py", line 109, in ccxt_api_call
    response = await func(*args, **kwargs) if asyncio.iscoroutinefunction(func) else func(*args, **kwargs)
  File "/Users/Manny/opt/anaconda3/envs/TradeBot/lib/python3.10/site-packages/ccxt/coinbase.py", line 3209, in cancel_order
    orders = self.cancel_orders([id], symbol, params)
  File "/Users/Manny/opt/anaconda3/envs/TradeBot/lib/python3.10/site-packages/ccxt/coinbase.py", line 3246, in cancel_orders
    raise BadRequest(self.id + ' cancelOrders() has failed, check your arguments and parameters')
ccxt.base.errors.BadRequest: coinbase cancelOrders() has failed, check your arguments and parameters
2025-06-08 01:29:31,016 - shared_logger - INFO - Starting to save shared data... (shared_data_manager.py:337)
2025-06-08 01:29:32,683 - shared_logger - INFO - üü° No OHLCV data for AURORA-USD (market inactivity) (coinbase_api.py:399)
2025-06-08 01:29:33,147 - shared_logger - WARNING - ‚ö†Ô∏è Coinbase returned 400 for AURORA-USD. Possibly no trade history or invalid request. (coinbase_api.py:423)
2025-06-08 01:29:34,429 - shared_logger - INFO - üü° No OHLCV data for LSETH-USD (market inactivity) (coinbase_api.py:399)
2025-06-08 01:29:34,975 - shared_logger - WARNING - ‚ö†Ô∏è Coinbase returned 400 for LSETH-USD. Possibly no trade history or invalid request. (coinbase_api.py:423)
2025-06-08 01:29:36,338 - shared_logger - INFO - üü° No OHLCV data for RAD-USD (market inactivity) (coinbase_api.py:399)
2025-06-08 01:29:36,683 - shared_logger - WARNING - ‚ö†Ô∏è Coinbase returned 400 for RAD-USD. Possibly no trade history or invalid request. (coinbase_api.py:423)
2025-06-08 01:29:37,883 - shared_logger - WARNING - ‚ö†Ô∏è Coinbase returned 400 for 00-USD. Possibly no trade history or invalid request. (coinbase_api.py:423)
2025-06-08 01:29:38,311 - shared_logger - INFO - üü° No OHLCV data for PYR-USD (market inactivity) (coinbase_api.py:399)
2025-06-08 01:29:38,650 - shared_logger - WARNING - ‚ö†Ô∏è Coinbase returned 400 for PYR-USD. Possibly no trade history or invalid request. (coinbase_api.py:423)
2025-06-08 01:29:39,043 - shared_logger - INFO - üü° No OHLCV data for WCFG-USD (market inactivity) (coinbase_api.py:399)
2025-06-08 01:29:39,402 - shared_logger - WARNING - ‚ö†Ô∏è Coinbase returned 400 for WCFG-USD. Possibly no trade history or invalid request. (coinbase_api.py:423)
2025-06-08 01:29:39,802 - shared_logger - INFO - üü° No OHLCV data for MLN-USD (market inactivity) (coinbase_api.py:399)
2025-06-08 01:29:40,154 - shared_logger - WARNING - ‚ö†Ô∏è Coinbase returned 400 for MLN-USD. Possibly no trade history or invalid request. (coinbase_api.py:423)
2025-06-08 01:29:41,027 - shared_logger - WARNING - ‚ö†Ô∏è Coinbase returned 400 for ALCX-USD. Possibly no trade history or invalid request. (coinbase_api.py:423)
2025-06-08 01:29:42,707 - shared_logger - INFO - üü° No OHLCV data for FX-USD (market inactivity) (coinbase_api.py:399)
2025-06-08 01:29:43,070 - shared_logger - WARNING - ‚ö†Ô∏è Coinbase returned 400 for FX-USD. Possibly no trade history or invalid request. (coinbase_api.py:423)
2025-06-08 01:29:43,480 - shared_logger - INFO - üü° No OHLCV data for LRDS-USD (market inactivity) (coinbase_api.py:399)
2025-06-08 01:29:43,955 - shared_logger - WARNING - ‚ö†Ô∏è Coinbase returned 400 for LRDS-USD. Possibly no trade history or invalid request. (coinbase_api.py:423)
2025-06-08 01:29:47,439 - shared_logger - WARNING - ‚ö†Ô∏è Coinbase returned 400 for DAI-USD. Possibly no trade history or invalid request. (coinbase_api.py:423)
2025-06-08 01:29:49,055 - shared_logger - INFO - üü° No OHLCV data for RARI-USD (market inactivity) (coinbase_api.py:399)
2025-06-08 01:29:49,452 - shared_logger - WARNING - ‚ö†Ô∏è Coinbase returned 400 for RARI-USD. Possibly no trade history or invalid request. (coinbase_api.py:423)
2025-06-08 01:29:50,591 - shared_logger - INFO - üü° No OHLCV data for ALT-USD (market inactivity) (coinbase_api.py:399)
2025-06-08 01:29:51,073 - shared_logger - WARNING - ‚ö†Ô∏è Coinbase returned 400 for ALT-USD. Possibly no trade history or invalid request. (coinbase_api.py:423)
2025-06-08 01:29:52,983 - shared_logger - WARNING - ‚ö†Ô∏è Coinbase returned 400 for CVX-USD. Possibly no trade history or invalid request. (coinbase_api.py:423)
2025-06-08 01:29:57,225 - shared_logger - INFO - üü° No OHLCV data for G-USD (market inactivity) (coinbase_api.py:399)
2025-06-08 01:29:59,566 - shared_logger - WARNING - ‚ö†Ô∏è Coinbase returned 400 for G-USD. Possibly no trade history or invalid request. (coinbase_api.py:423)
2025-06-08 01:30:00,079 - shared_logger - INFO - No ticker data for symbol: CELO/USD (ticker_manager.py:427)
2025-06-08 01:30:00,885 - shared_logger - WARNING - ‚ö†Ô∏è Coinbase returned 400 for INV-USD. Possibly no trade history or invalid request. (coinbase_api.py:423)
2025-06-08 01:30:02,036 - shared_logger - ERROR - Coinbase cancelOrders() has failed: coinbase cancelOrders() has failed, check your arguments and parameters (api_manager.py:178)
Traceback (most recent call last):
  File "/Users/Manny/Python_Projects/BotTrader/Api_manager/api_manager.py", line 109, in ccxt_api_call
    response = await func(*args, **kwargs) if asyncio.iscoroutinefunction(func) else func(*args, **kwargs)
  File "/Users/Manny/opt/anaconda3/envs/TradeBot/lib/python3.10/site-packages/ccxt/coinbase.py", line 3209, in cancel_order
    orders = self.cancel_orders([id], symbol, params)
  File "/Users/Manny/opt/anaconda3/envs/TradeBot/lib/python3.10/site-packages/ccxt/coinbase.py", line 3246, in cancel_orders
    raise BadRequest(self.id + ' cancelOrders() has failed, check your arguments and parameters')
ccxt.base.errors.BadRequest: coinbase cancelOrders() has failed, check your arguments and parameters
2025-06-08 01:30:02,272 - shared_logger - INFO - üü° No OHLCV data for HOPR-USD (market inactivity) (coinbase_api.py:399)
2025-06-08 01:30:02,856 - shared_logger - WARNING - ‚ö†Ô∏è Coinbase returned 400 for HOPR-USD. Possibly no trade history or invalid request. (coinbase_api.py:423)
2025-06-08 01:30:07,190 - shared_logger - INFO - üü° No OHLCV data for SEAM-USD (market inactivity) (coinbase_api.py:399)
2025-06-08 01:30:07,531 - shared_logger - WARNING - ‚ö†Ô∏è Coinbase returned 400 for SEAM-USD. Possibly no trade history or invalid request. (coinbase_api.py:423)
2025-06-08 01:30:08,293 - shared_logger - INFO - üü° No OHLCV data for AST-USD (market inactivity) (coinbase_api.py:399)
2025-06-08 01:30:08,640 - shared_logger - WARNING - ‚ö†Ô∏è Coinbase returned 400 for AST-USD. Possibly no trade history or invalid request. (coinbase_api.py:423)
2025-06-08 01:30:09,627 - shared_logger - INFO - üü° No OHLCV data for ABT-USD (market inactivity) (coinbase_api.py:399)
2025-06-08 01:30:09,966 - shared_logger - WARNING - ‚ö†Ô∏è Coinbase returned 400 for ABT-USD. Possibly no trade history or invalid request. (coinbase_api.py:423)
2025-06-08 01:30:10,755 - shared_logger - INFO - üü° No OHLCV data for BICO-USD (market inactivity) (coinbase_api.py:399)
2025-06-08 01:30:11,102 - shared_logger - WARNING - ‚ö†Ô∏è Coinbase returned 400 for BICO-USD. Possibly no trade history or invalid request. (coinbase_api.py:423)
2025-06-08 01:30:14,051 - shared_logger - INFO - üü° No OHLCV data for BAND-USD (market inactivity) (coinbase_api.py:399)
2025-06-08 01:30:14,640 - shared_logger - WARNING - ‚ö†Ô∏è Coinbase returned 400 for BAND-USD. Possibly no trade history or invalid request. (coinbase_api.py:423)
2025-06-08 01:30:15,431 - shared_logger - INFO - üü° No OHLCV data for MANTLE-USD (market inactivity) (coinbase_api.py:399)
2025-06-08 01:30:15,776 - shared_logger - WARNING - ‚ö†Ô∏è Coinbase returned 400 for MANTLE-USD. Possibly no trade history or invalid request. (coinbase_api.py:423)
2025-06-08 01:30:16,586 - shared_logger - INFO - üü° No OHLCV data for MATH-USD (market inactivity) (coinbase_api.py:399)
2025-06-08 01:30:16,956 - shared_logger - WARNING - ‚ö†Ô∏è Coinbase returned 400 for MATH-USD. Possibly no trade history or invalid request. (coinbase_api.py:423)
2025-06-08 01:30:20,477 - shared_logger - INFO - üü° No OHLCV data for ZEC-USD (market inactivity) (coinbase_api.py:399)
2025-06-08 01:30:20,825 - shared_logger - WARNING - ‚ö†Ô∏è Coinbase returned 400 for ZEC-USD. Possibly no trade history or invalid request. (coinbase_api.py:423)
2025-06-08 01:30:21,592 - shared_logger - INFO - üü° No OHLCV data for FORT-USD (market inactivity) (coinbase_api.py:399)
2025-06-08 01:30:21,945 - shared_logger - WARNING - ‚ö†Ô∏è Coinbase returned 400 for FORT-USD. Possibly no trade history or invalid request. (coinbase_api.py:423)
2025-06-08 01:30:29,709 - shared_logger - INFO - No ticker data for symbol: CELO/USD (ticker_manager.py:427)
2025-06-08 01:30:31,388 - shared_logger - ERROR - Coinbase cancelOrders() has failed: coinbase cancelOrders() has failed, check your arguments and parameters (api_manager.py:178)
Traceback (most recent call last):
  File "/Users/Manny/Python_Projects/BotTrader/Api_manager/api_manager.py", line 109, in ccxt_api_call
    response = await func(*args, **kwargs) if asyncio.iscoroutinefunction(func) else func(*args, **kwargs)
  File "/Users/Manny/opt/anaconda3/envs/TradeBot/lib/python3.10/site-packages/ccxt/coinbase.py", line 3209, in cancel_order
    orders = self.cancel_orders([id], symbol, params)
  File "/Users/Manny/opt/anaconda3/envs/TradeBot/lib/python3.10/site-packages/ccxt/coinbase.py", line 3246, in cancel_orders
    raise BadRequest(self.id + ' cancelOrders() has failed, check your arguments and parameters')
ccxt.base.errors.BadRequest: coinbase cancelOrders() has failed, check your arguments and parameters
2025-06-08 01:30:31,455 - shared_logger - INFO - Starting to save shared data... (shared_data_manager.py:337)
2025-06-08 01:30:33,308 - shared_logger - INFO - üü° No OHLCV data for SD-USD (market inactivity) (coinbase_api.py:399)
2025-06-08 01:30:33,750 - shared_logger - WARNING - ‚ö†Ô∏è Coinbase returned 400 for SD-USD. Possibly no trade history or invalid request. (coinbase_api.py:423)
2025-06-08 01:30:35,430 - shared_logger - WARNING - ‚ö†Ô∏è Coinbase returned 400 for KRL-USD. Possibly no trade history or invalid request. (coinbase_api.py:423)
2025-06-08 01:30:36,625 - shared_logger - INFO - üü° No OHLCV data for XYO-USD (market inactivity) (coinbase_api.py:399)
2025-06-08 01:30:36,972 - shared_logger - WARNING - ‚ö†Ô∏è Coinbase returned 400 for XYO-USD. Possibly no trade history or invalid request. (coinbase_api.py:423)
2025-06-08 01:30:38,688 - shared_logger - WARNING - ‚ö†Ô∏è Coinbase returned 400 for TIME-USD. Possibly no trade history or invalid request. (coinbase_api.py:423)
2025-06-08 01:30:41,709 - shared_logger - INFO - üü° No OHLCV data for TNSR-USD (market inactivity) (coinbase_api.py:399)
2025-06-08 01:30:42,178 - shared_logger - WARNING - ‚ö†Ô∏è Coinbase returned 400 for TNSR-USD. Possibly no trade history or invalid request. (coinbase_api.py:423)
2025-06-08 01:30:46,222 - shared_logger - WARNING - ‚ö†Ô∏è Coinbase returned 400 for DAI-USD. Possibly no trade history or invalid request. (coinbase_api.py:423)
2025-06-08 01:30:47,123 - shared_logger - WARNING - ‚ö†Ô∏è Coinbase returned 400 for POLS-USD. Possibly no trade history or invalid request. (coinbase_api.py:423)
2025-06-08 01:30:48,852 - shared_logger - INFO - üü° No OHLCV data for IOTX-USD (market inactivity) (coinbase_api.py:399)
2025-06-08 01:30:49,191 - shared_logger - WARNING - ‚ö†Ô∏è Coinbase returned 400 for IOTX-USD. Possibly no trade history or invalid request. (coinbase_api.py:423)
2025-06-08 01:30:49,591 - shared_logger - INFO - üü° No OHLCV data for CLV-USD (market inactivity) (coinbase_api.py:399)
2025-06-08 01:30:49,946 - shared_logger - WARNING - ‚ö†Ô∏è Coinbase returned 400 for CLV-USD. Possibly no trade history or invalid request. (coinbase_api.py:423)
2025-06-08 01:30:51,884 - shared_logger - WARNING - ‚ö†Ô∏è Coinbase returned 400 for SEAM-USD. Possibly no trade history or invalid request. (coinbase_api.py:423)
2025-06-08 01:30:52,286 - shared_logger - INFO - üü° No OHLCV data for CTX-USD (market inactivity) (coinbase_api.py:399)
2025-06-08 01:30:52,641 - shared_logger - WARNING - ‚ö†Ô∏è Coinbase returned 400 for CTX-USD. Possibly no trade history or invalid request. (coinbase_api.py:423)
2025-06-08 01:30:53,681 - shared_logger - WARNING - ‚ö†Ô∏è Coinbase returned 400 for HOPR-USD. Possibly no trade history or invalid request. (coinbase_api.py:423)
2025-06-08 01:30:54,088 - shared_logger - INFO - üü° No OHLCV data for DEXT-USD (market inactivity) (coinbase_api.py:399)
2025-06-08 01:30:54,469 - shared_logger - WARNING - ‚ö†Ô∏è Coinbase returned 400 for DEXT-USD. Possibly no trade history or invalid request. (coinbase_api.py:423)
2025-06-08 01:30:59,802 - shared_logger - WARNING - ‚ö†Ô∏è Coinbase returned 400 for FORT-USD. Possibly no trade history or invalid request. (coinbase_api.py:423)
2025-06-08 01:31:00,099 - shared_logger - INFO - No ticker data for symbol: CELO/USD (ticker_manager.py:427)
2025-06-08 01:31:01,901 - shared_logger - ERROR - Coinbase cancelOrders() has failed: coinbase cancelOrders() has failed, check your arguments and parameters (api_manager.py:178)
Traceback (most recent call last):
  File "/Users/Manny/Python_Projects/BotTrader/Api_manager/api_manager.py", line 109, in ccxt_api_call
    response = await func(*args, **kwargs) if asyncio.iscoroutinefunction(func) else func(*args, **kwargs)
  File "/Users/Manny/opt/anaconda3/envs/TradeBot/lib/python3.10/site-packages/ccxt/coinbase.py", line 3209, in cancel_order
    orders = self.cancel_orders([id], symbol, params)
  File "/Users/Manny/opt/anaconda3/envs/TradeBot/lib/python3.10/site-packages/ccxt/coinbase.py", line 3246, in cancel_orders
    raise BadRequest(self.id + ' cancelOrders() has failed, check your arguments and parameters')
ccxt.base.errors.BadRequest: coinbase cancelOrders() has failed, check your arguments and parameters
2025-06-08 01:31:02,399 - shared_logger - INFO - üü° No OHLCV data for OCEAN-USD (market inactivity) (coinbase_api.py:399)
2025-06-08 01:31:02,939 - shared_logger - WARNING - ‚ö†Ô∏è Coinbase returned 400 for OCEAN-USD. Possibly no trade history or invalid request. (coinbase_api.py:423)
2025-06-08 01:31:05,385 - shared_logger - WARNING - ‚ö†Ô∏è Coinbase returned 400 for WCFG-USD. Possibly no trade history or invalid request. (coinbase_api.py:423)
2025-06-08 01:31:08,059 - shared_logger - WARNING - ‚ö†Ô∏è Coinbase returned 400 for WAXL-USD. Possibly no trade history or invalid request. (coinbase_api.py:423)
2025-06-08 01:31:08,842 - shared_logger - WARNING - ‚ö†Ô∏è Coinbase returned 400 for AURORA-USD. Possibly no trade history or invalid request. (coinbase_api.py:423)
2025-06-08 01:31:10,936 - shared_logger - WARNING - ‚ö†Ô∏è Coinbase returned 400 for ME-USD. Possibly no trade history or invalid request. (coinbase_api.py:423)
2025-06-08 01:31:11,685 - shared_logger - WARNING - ‚ö†Ô∏è Coinbase returned 400 for MANTLE-USD. Possibly no trade history or invalid request. (coinbase_api.py:423)
2025-06-08 01:31:13,520 - shared_logger - INFO - üü° No OHLCV data for PAX-USD (market inactivity) (coinbase_api.py:399)
2025-06-08 01:31:13,997 - shared_logger - WARNING - ‚ö†Ô∏è Coinbase returned 400 for PAX-USD. Possibly no trade history or invalid request. (coinbase_api.py:423)
2025-06-08 01:31:16,167 - shared_logger - WARNING - ‚ö†Ô∏è Coinbase returned 400 for 00-USD. Possibly no trade history or invalid request. (coinbase_api.py:423)
2025-06-08 01:31:16,917 - shared_logger - WARNING - ‚ö†Ô∏è Coinbase returned 400 for ABT-USD. Possibly no trade history or invalid request. (coinbase_api.py:423)
2025-06-08 01:31:17,796 - shared_logger - WARNING - ‚ö†Ô∏è Coinbase returned 400 for ALT-USD. Possibly no trade history or invalid request. (coinbase_api.py:423)
2025-06-08 01:31:19,751 - shared_logger - WARNING - ‚ö†Ô∏è Coinbase returned 400 for LRDS-USD. Possibly no trade history or invalid request. (coinbase_api.py:423)
2025-06-08 01:31:20,964 - shared_logger - INFO - üü° No OHLCV data for KAVA-USD (market inactivity) (coinbase_api.py:399)
2025-06-08 01:31:21,337 - shared_logger - WARNING - ‚ö†Ô∏è Coinbase returned 400 for KAVA-USD. Possibly no trade history or invalid request. (coinbase_api.py:423)
2025-06-08 01:31:22,073 - shared_logger - WARNING - ‚ö†Ô∏è Coinbase returned 400 for CVX-USD. Possibly no trade history or invalid request. (coinbase_api.py:423)
2025-06-08 01:31:29,519 - shared_logger - INFO - No ticker data for symbol: CELO/USD (ticker_manager.py:427)
2025-06-08 01:31:31,086 - shared_logger - ERROR - Coinbase cancelOrders() has failed: coinbase cancelOrders() has failed, check your arguments and parameters (api_manager.py:178)
Traceback (most recent call last):
  File "/Users/Manny/Python_Projects/BotTrader/Api_manager/api_manager.py", line 109, in ccxt_api_call
    response = await func(*args, **kwargs) if asyncio.iscoroutinefunction(func) else func(*args, **kwargs)
  File "/Users/Manny/opt/anaconda3/envs/TradeBot/lib/python3.10/site-packages/ccxt/coinbase.py", line 3209, in cancel_order
    orders = self.cancel_orders([id], symbol, params)
  File "/Users/Manny/opt/anaconda3/envs/TradeBot/lib/python3.10/site-packages/ccxt/coinbase.py", line 3246, in cancel_orders
    raise BadRequest(self.id + ' cancelOrders() has failed, check your arguments and parameters')
ccxt.base.errors.BadRequest: coinbase cancelOrders() has failed, check your arguments and parameters
2025-06-08 01:31:31,602 - shared_logger - INFO - Starting to save shared data... (shared_data_manager.py:337)
2025-06-08 01:31:36,502 - shared_logger - WARNING - ‚ö†Ô∏è Coinbase returned 400 for BAND-USD. Possibly no trade history or invalid request. (coinbase_api.py:423)
2025-06-08 01:31:38,147 - shared_logger - INFO - üü° No OHLCV data for FOX-USD (market inactivity) (coinbase_api.py:399)
2025-06-08 01:31:38,480 - shared_logger - WARNING - ‚ö†Ô∏è Coinbase returned 400 for FOX-USD. Possibly no trade history or invalid request. (coinbase_api.py:423)
2025-06-08 01:31:39,915 - shared_logger - WARNING - ‚ö†Ô∏è Coinbase returned 400 for KAVA-USD. Possibly no trade history or invalid request. (coinbase_api.py:423)
2025-06-08 01:31:40,347 - shared_logger - INFO - üü° No OHLCV data for RBN-USD (market inactivity) (coinbase_api.py:399)
2025-06-08 01:31:40,704 - shared_logger - WARNING - ‚ö†Ô∏è Coinbase returned 400 for RBN-USD. Possibly no trade history or invalid request. (coinbase_api.py:423)
2025-06-08 01:31:42,502 - shared_logger - WARNING - ‚ö†Ô∏è Coinbase returned 400 for MATH-USD. Possibly no trade history or invalid request. (coinbase_api.py:423)
2025-06-08 01:31:43,276 - shared_logger - WARNING - ‚ö†Ô∏è Coinbase returned 400 for MANTLE-USD. Possibly no trade history or invalid request. (coinbase_api.py:423)
2025-06-08 01:31:44,201 - shared_logger - INFO - üü° No OHLCV data for OSMO-USD (market inactivity) (coinbase_api.py:399)
2025-06-08 01:31:44,553 - shared_logger - WARNING - ‚ö†Ô∏è Coinbase returned 400 for OSMO-USD. Possibly no trade history or invalid request. (coinbase_api.py:423)
2025-06-08 01:31:45,364 - shared_logger - WARNING - ‚ö†Ô∏è Coinbase returned 400 for ALCX-USD. Possibly no trade history or invalid request. (coinbase_api.py:423)
2025-06-08 01:31:46,541 - shared_logger - WARNING - ‚ö†Ô∏è Coinbase returned 400 for IOTX-USD. Possibly no trade history or invalid request. (coinbase_api.py:423)
2025-06-08 01:31:47,135 - shared_logger - INFO - üü° No OHLCV data for SKL-USD (market inactivity) (coinbase_api.py:399)
2025-06-08 01:31:47,513 - shared_logger - WARNING - ‚ö†Ô∏è Coinbase returned 400 for SKL-USD. Possibly no trade history or invalid request. (coinbase_api.py:423)
2025-06-08 01:31:48,022 - shared_logger - INFO - üü° No OHLCV data for ELA-USD (market inactivity) (coinbase_api.py:399)
2025-06-08 01:31:48,359 - shared_logger - WARNING - ‚ö†Ô∏è Coinbase returned 400 for ELA-USD. Possibly no trade history or invalid request. (coinbase_api.py:423)
2025-06-08 01:31:49,708 - shared_logger - WARNING - ‚ö†Ô∏è Coinbase returned 400 for SEAM-USD. Possibly no trade history or invalid request. (coinbase_api.py:423)
2025-06-08 01:31:50,444 - shared_logger - WARNING - ‚ö†Ô∏è Coinbase returned 400 for CLV-USD. Possibly no trade history or invalid request. (coinbase_api.py:423)
2025-06-08 01:31:50,868 - shared_logger - INFO - üü° No OHLCV data for RLC-USD (market inactivity) (coinbase_api.py:399)
2025-06-08 01:31:51,221 - shared_logger - WARNING - ‚ö†Ô∏è Coinbase returned 400 for RLC-USD. Possibly no trade history or invalid request. (coinbase_api.py:423)
2025-06-08 01:31:52,010 - shared_logger - INFO - üü° No OHLCV data for SHPING-USD (market inactivity) (coinbase_api.py:399)
2025-06-08 01:31:52,364 - shared_logger - WARNING - ‚ö†Ô∏è Coinbase returned 400 for SHPING-USD. Possibly no trade history or invalid request. (coinbase_api.py:423)
2025-06-08 01:31:53,132 - shared_logger - WARNING - ‚ö†Ô∏è Coinbase returned 400 for WCFG-USD. Possibly no trade history or invalid request. (coinbase_api.py:423)
2025-06-08 01:31:54,938 - shared_logger - WARNING - ‚ö†Ô∏è Coinbase returned 400 for DEXT-USD. Possibly no trade history or invalid request. (coinbase_api.py:423)
2025-06-08 01:31:55,351 - shared_logger - INFO - üü° No OHLCV data for PNG-USD (market inactivity) (coinbase_api.py:399)
2025-06-08 01:31:55,716 - shared_logger - WARNING - ‚ö†Ô∏è Coinbase returned 400 for PNG-USD. Possibly no trade history or invalid request. (coinbase_api.py:423)
2025-06-08 01:31:56,102 - shared_logger - WARNING - ‚ö†Ô∏è Coinbase returned 403 for MLN-USD. Possibly no trade history or invalid request. (coinbase_api.py:423)
2025-06-08 01:31:56,451 - shared_logger - WARNING - ‚ö†Ô∏è Coinbase returned 403 for MLN-USD. Possibly no trade history or invalid request. (coinbase_api.py:423)
2025-06-08 01:31:56,849 - shared_logger - WARNING - ‚ö†Ô∏è Coinbase returned 403 for ALT-USD. Possibly no trade history or invalid request. (coinbase_api.py:423)
2025-06-08 01:31:57,198 - shared_logger - WARNING - ‚ö†Ô∏è Coinbase returned 403 for ALT-USD. Possibly no trade history or invalid request. (coinbase_api.py:423)
2025-06-08 01:31:58,071 - shared_logger - WARNING - ‚ö†Ô∏è Coinbase returned 403 for INJ-USD. Possibly no trade history or invalid request. (coinbase_api.py:423)
2025-06-08 01:31:58,350 - shared_logger - ERROR - Unexpected error: coinbase GET https://api.coinbase.com/api/v3/brokerage/market/products?paginate=true&limit=1000 403 Forbidden Too many errors (api_manager.py:194)
Traceback (most recent call last):
  File "/Users/Manny/opt/anaconda3/envs/TradeBot/lib/python3.10/site-packages/ccxt/base/exchange.py", line 582, in fetch
    response.raise_for_status()
  File "/Users/Manny/opt/anaconda3/envs/TradeBot/lib/python3.10/site-packages/requests/models.py", line 1024, in raise_for_status
    raise HTTPError(http_error_msg, response=self)
requests.exceptions.HTTPError: 403 Client Error: Forbidden for url: https://api.coinbase.com/api/v3/brokerage/market/products?paginate=true&limit=1000

During handling of the above exception, another exception occurred:

Traceback (most recent call last):
  File "/Users/Manny/Python_Projects/BotTrader/Api_manager/api_manager.py", line 109, in ccxt_api_call
    response = await func(*args, **kwargs) if asyncio.iscoroutinefunction(func) else func(*args, **kwargs)
  File "/Users/Manny/opt/anaconda3/envs/TradeBot/lib/python3.10/site-packages/ccxt/coinbase.py", line 1271, in fetch_markets
    return self.fetch_markets_v3(params)
  File "/Users/Manny/opt/anaconda3/envs/TradeBot/lib/python3.10/site-packages/ccxt/coinbase.py", line 1350, in fetch_markets_v3
    spotUnresolvedPromises.append(self.v3PublicGetBrokerageMarketProducts(params))
  File "/Users/Manny/opt/anaconda3/envs/TradeBot/lib/python3.10/site-packages/ccxt/base/types.py", line 35, in unbound_method
    return _self.request(self.path, self.api, self.method, params, config=self.config)
  File "/Users/Manny/opt/anaconda3/envs/TradeBot/lib/python3.10/site-packages/ccxt/base/exchange.py", line 4491, in request
    return self.fetch2(path, api, method, params, headers, body, config)
  File "/Users/Manny/opt/anaconda3/envs/TradeBot/lib/python3.10/site-packages/ccxt/base/exchange.py", line 4485, in fetch2
    raise e
  File "/Users/Manny/opt/anaconda3/envs/TradeBot/lib/python3.10/site-packages/ccxt/base/exchange.py", line 4476, in fetch2
    return self.fetch(request['url'], request['method'], request['headers'], request['body'])
  File "/Users/Manny/opt/anaconda3/envs/TradeBot/lib/python3.10/site-packages/ccxt/base/exchange.py", line 600, in fetch
    self.handle_http_status_code(http_status_code, http_status_text, url, method, http_response)
  File "/Users/Manny/opt/anaconda3/envs/TradeBot/lib/python3.10/site-packages/ccxt/base/exchange.py", line 1718, in handle_http_status_code
    raise ErrorClass(self.id + ' ' + method + ' ' + url + ' ' + codeAsString + ' ' + reason + ' ' + body)
ccxt.base.errors.ExchangeNotAvailable: coinbase GET https://api.coinbase.com/api/v3/brokerage/market/products?paginate=true&limit=1000 403 Forbidden Too many errors
2025-06-08 01:31:58,356 - shared_logger - ERROR - ‚ùå Error in update_ticker_cache: coinbase GET https://api.coinbase.com/api/v3/brokerage/market/products?paginate=true&limit=1000 403 Forbidden Too many errors (ticker_manager.py:128)
Traceback (most recent call last):
  File "/Users/Manny/opt/anaconda3/envs/TradeBot/lib/python3.10/site-packages/ccxt/base/exchange.py", line 582, in fetch
    response.raise_for_status()
  File "/Users/Manny/opt/anaconda3/envs/TradeBot/lib/python3.10/site-packages/requests/models.py", line 1024, in raise_for_status
    raise HTTPError(http_error_msg, response=self)
requests.exceptions.HTTPError: 403 Client Error: Forbidden for url: https://api.coinbase.com/api/v3/brokerage/market/products?paginate=true&limit=1000

During handling of the above exception, another exception occurred:

Traceback (most recent call last):
  File "/Users/Manny/Python_Projects/BotTrader/MarketDataManager/ticker_manager.py", line 90, in update_ticker_cache
    market_data, non_zero_balances = await asyncio.gather(market_data_task, balances_task)
  File "/Users/Manny/Python_Projects/BotTrader/Api_manager/api_manager.py", line 109, in ccxt_api_call
    response = await func(*args, **kwargs) if asyncio.iscoroutinefunction(func) else func(*args, **kwargs)
  File "/Users/Manny/opt/anaconda3/envs/TradeBot/lib/python3.10/site-packages/ccxt/coinbase.py", line 1271, in fetch_markets
    return self.fetch_markets_v3(params)
  File "/Users/Manny/opt/anaconda3/envs/TradeBot/lib/python3.10/site-packages/ccxt/coinbase.py", line 1350, in fetch_markets_v3
    spotUnresolvedPromises.append(self.v3PublicGetBrokerageMarketProducts(params))
  File "/Users/Manny/opt/anaconda3/envs/TradeBot/lib/python3.10/site-packages/ccxt/base/types.py", line 35, in unbound_method
    return _self.request(self.path, self.api, self.method, params, config=self.config)
  File "/Users/Manny/opt/anaconda3/envs/TradeBot/lib/python3.10/site-packages/ccxt/base/exchange.py", line 4491, in request
    return self.fetch2(path, api, method, params, headers, body, config)
  File "/Users/Manny/opt/anaconda3/envs/TradeBot/lib/python3.10/site-packages/ccxt/base/exchange.py", line 4485, in fetch2
    raise e
  File "/Users/Manny/opt/anaconda3/envs/TradeBot/lib/python3.10/site-packages/ccxt/base/exchange.py", line 4476, in fetch2
    return self.fetch(request['url'], request['method'], request['headers'], request['body'])
  File "/Users/Manny/opt/anaconda3/envs/TradeBot/lib/python3.10/site-packages/ccxt/base/exchange.py", line 600, in fetch
    self.handle_http_status_code(http_status_code, http_status_text, url, method, http_response)
  File "/Users/Manny/opt/anaconda3/envs/TradeBot/lib/python3.10/site-packages/ccxt/base/exchange.py", line 1718, in handle_http_status_code
    raise ErrorClass(self.id + ' ' + method + ' ' + url + ' ' + codeAsString + ' ' + reason + ' ' + body)
ccxt.base.errors.ExchangeNotAvailable: coinbase GET https://api.coinbase.com/api/v3/brokerage/market/products?paginate=true&limit=1000 403 Forbidden Too many errors
2025-06-08 01:31:58,545 - shared_logger - WARNING - ‚ö†Ô∏è Coinbase returned 403 for INJ-USD. Possibly no trade history or invalid request. (coinbase_api.py:423)
